[0.168s] DEBUG:colcon:Command line arguments: ['/usr/bin/colcon', 'build']
[0.169s] DEBUG:colcon:Parsed command line arguments: Namespace(log_base=None, log_level=None, verb_name='build', build_base='build', install_base='install', merge_install=False, symlink_install=False, test_result_base=None, continue_on_error=False, executor='parallel', parallel_workers=8, event_handlers=None, ignore_user_meta=False, metas=['./colcon.meta'], base_paths=['.'], packages_ignore=None, packages_ignore_regex=None, paths=None, packages_up_to=None, packages_up_to_regex=None, packages_above=None, packages_above_and_dependencies=None, packages_above_depth=None, packages_select_by_dep=None, packages_skip_by_dep=None, packages_skip_up_to=None, packages_select_build_failed=False, packages_skip_build_finished=False, packages_select_test_failures=False, packages_skip_test_passed=False, packages_select=None, packages_skip=None, packages_select_regex=None, packages_skip_regex=None, packages_start=None, packages_end=None, allow_overriding=[], cmake_args=None, cmake_target=None, cmake_target_skip_unavailable=False, cmake_clean_cache=False, cmake_clean_first=False, cmake_force_configure=False, ament_cmake_args=None, catkin_cmake_args=None, catkin_skip_building_tests=False, verb_parser=<colcon_defaults.argument_parser.defaults.DefaultArgumentsDecorator object at 0xffff9474bbc0>, verb_extension=<colcon_core.verb.build.BuildVerb object at 0xffff949286b0>, main=<bound method BuildVerb.main of <colcon_core.verb.build.BuildVerb object at 0xffff949286b0>>)
[0.234s] Level 1:colcon.colcon_core.package_discovery:discover_packages(colcon_meta) check parameters
[0.235s] Level 1:colcon.colcon_core.package_discovery:discover_packages(recursive) check parameters
[0.235s] Level 1:colcon.colcon_core.package_discovery:discover_packages(ignore) check parameters
[0.235s] Level 1:colcon.colcon_core.package_discovery:discover_packages(path) check parameters
[0.235s] Level 1:colcon.colcon_core.package_discovery:discover_packages(colcon_meta) discover
[0.235s] Level 1:colcon.colcon_core.package_discovery:discover_packages(recursive) discover
[0.235s] INFO:colcon.colcon_core.package_discovery:Crawling recursively for packages in '/root/Synthetic_data_collection/isaac_lab_data_collection'
[0.235s] Level 1:colcon.colcon_core.package_identification:_identify(.) by extensions ['ignore', 'ignore_ament_install']
[0.235s] Level 1:colcon.colcon_core.package_identification:_identify(.) by extension 'ignore'
[0.235s] Level 1:colcon.colcon_core.package_identification:_identify(.) by extension 'ignore_ament_install'
[0.235s] Level 1:colcon.colcon_core.package_identification:_identify(.) by extensions ['colcon_pkg']
[0.235s] Level 1:colcon.colcon_core.package_identification:_identify(.) by extension 'colcon_pkg'
[0.235s] Level 1:colcon.colcon_core.package_identification:_identify(.) by extensions ['colcon_meta']
[0.236s] Level 1:colcon.colcon_core.package_identification:_identify(.) by extension 'colcon_meta'
[0.236s] Level 1:colcon.colcon_core.package_identification:_identify(.) by extensions ['ros']
[0.236s] Level 1:colcon.colcon_core.package_identification:_identify(.) by extension 'ros'
[0.279s] Level 1:colcon.colcon_core.package_identification:_identify(.) by extensions ['cmake', 'python']
[0.279s] Level 1:colcon.colcon_core.package_identification:_identify(.) by extension 'cmake'
[0.279s] Level 1:colcon.colcon_core.package_identification:_identify(.) by extension 'python'
[0.279s] Level 1:colcon.colcon_core.package_identification:_identify(.) by extensions ['python_setup_py']
[0.279s] Level 1:colcon.colcon_core.package_identification:_identify(.) by extension 'python_setup_py'
[0.279s] Level 1:colcon.colcon_core.package_identification:_identify(build) by extensions ['ignore', 'ignore_ament_install']
[0.280s] Level 1:colcon.colcon_core.package_identification:_identify(build) by extension 'ignore'
[0.280s] Level 1:colcon.colcon_core.package_identification:_identify(build) ignored
[0.280s] Level 1:colcon.colcon_core.package_identification:_identify(install) by extensions ['ignore', 'ignore_ament_install']
[0.280s] Level 1:colcon.colcon_core.package_identification:_identify(install) by extension 'ignore'
[0.280s] Level 1:colcon.colcon_core.package_identification:_identify(install) ignored
[0.280s] Level 1:colcon.colcon_core.package_identification:_identify(log) by extensions ['ignore', 'ignore_ament_install']
[0.280s] Level 1:colcon.colcon_core.package_identification:_identify(log) by extension 'ignore'
[0.280s] Level 1:colcon.colcon_core.package_identification:_identify(log) ignored
[0.280s] Level 1:colcon.colcon_core.package_identification:_identify(src) by extensions ['ignore', 'ignore_ament_install']
[0.281s] Level 1:colcon.colcon_core.package_identification:_identify(src) by extension 'ignore'
[0.281s] Level 1:colcon.colcon_core.package_identification:_identify(src) by extension 'ignore_ament_install'
[0.281s] Level 1:colcon.colcon_core.package_identification:_identify(src) by extensions ['colcon_pkg']
[0.281s] Level 1:colcon.colcon_core.package_identification:_identify(src) by extension 'colcon_pkg'
[0.281s] Level 1:colcon.colcon_core.package_identification:_identify(src) by extensions ['colcon_meta']
[0.281s] Level 1:colcon.colcon_core.package_identification:_identify(src) by extension 'colcon_meta'
[0.281s] Level 1:colcon.colcon_core.package_identification:_identify(src) by extensions ['ros']
[0.281s] Level 1:colcon.colcon_core.package_identification:_identify(src) by extension 'ros'
[0.281s] Level 1:colcon.colcon_core.package_identification:_identify(src) by extensions ['cmake', 'python']
[0.281s] Level 1:colcon.colcon_core.package_identification:_identify(src) by extension 'cmake'
[0.281s] Level 1:colcon.colcon_core.package_identification:_identify(src) by extension 'python'
[0.281s] Level 1:colcon.colcon_core.package_identification:_identify(src) by extensions ['python_setup_py']
[0.281s] Level 1:colcon.colcon_core.package_identification:_identify(src) by extension 'python_setup_py'
[0.281s] Level 1:colcon.colcon_core.package_identification:_identify(src/dynamic_biped) by extensions ['ignore', 'ignore_ament_install']
[0.282s] Level 1:colcon.colcon_core.package_identification:_identify(src/dynamic_biped) by extension 'ignore'
[0.282s] Level 1:colcon.colcon_core.package_identification:_identify(src/dynamic_biped) by extension 'ignore_ament_install'
[0.282s] Level 1:colcon.colcon_core.package_identification:_identify(src/dynamic_biped) by extensions ['colcon_pkg']
[0.282s] Level 1:colcon.colcon_core.package_identification:_identify(src/dynamic_biped) by extension 'colcon_pkg'
[0.282s] Level 1:colcon.colcon_core.package_identification:_identify(src/dynamic_biped) by extensions ['colcon_meta']
[0.282s] Level 1:colcon.colcon_core.package_identification:_identify(src/dynamic_biped) by extension 'colcon_meta'
[0.282s] Level 1:colcon.colcon_core.package_identification:_identify(src/dynamic_biped) by extensions ['ros']
[0.282s] Level 1:colcon.colcon_core.package_identification:_identify(src/dynamic_biped) by extension 'ros'
[0.289s] DEBUG:colcon.colcon_core.package_identification:Package 'src/dynamic_biped' with type 'ros.ament_cmake' and name 'dynamic_biped'
[0.289s] Level 1:colcon.colcon_core.package_identification:_identify(src/my_robot_description) by extensions ['ignore', 'ignore_ament_install']
[0.289s] Level 1:colcon.colcon_core.package_identification:_identify(src/my_robot_description) by extension 'ignore'
[0.289s] Level 1:colcon.colcon_core.package_identification:_identify(src/my_robot_description) by extension 'ignore_ament_install'
[0.289s] Level 1:colcon.colcon_core.package_identification:_identify(src/my_robot_description) by extensions ['colcon_pkg']
[0.289s] Level 1:colcon.colcon_core.package_identification:_identify(src/my_robot_description) by extension 'colcon_pkg'
[0.289s] Level 1:colcon.colcon_core.package_identification:_identify(src/my_robot_description) by extensions ['colcon_meta']
[0.289s] Level 1:colcon.colcon_core.package_identification:_identify(src/my_robot_description) by extension 'colcon_meta'
[0.289s] Level 1:colcon.colcon_core.package_identification:_identify(src/my_robot_description) by extensions ['ros']
[0.290s] Level 1:colcon.colcon_core.package_identification:_identify(src/my_robot_description) by extension 'ros'
[0.290s] DEBUG:colcon.colcon_core.package_identification:Package 'src/my_robot_description' with type 'ros.ament_cmake' and name 'my_robot_description'
[0.291s] Level 1:colcon.colcon_core.package_identification:_identify(src/servo_angle_publisher) by extensions ['ignore', 'ignore_ament_install']
[0.291s] Level 1:colcon.colcon_core.package_identification:_identify(src/servo_angle_publisher) by extension 'ignore'
[0.291s] Level 1:colcon.colcon_core.package_identification:_identify(src/servo_angle_publisher) by extension 'ignore_ament_install'
[0.291s] Level 1:colcon.colcon_core.package_identification:_identify(src/servo_angle_publisher) by extensions ['colcon_pkg']
[0.291s] Level 1:colcon.colcon_core.package_identification:_identify(src/servo_angle_publisher) by extension 'colcon_pkg'
[0.291s] Level 1:colcon.colcon_core.package_identification:_identify(src/servo_angle_publisher) by extensions ['colcon_meta']
[0.291s] Level 1:colcon.colcon_core.package_identification:_identify(src/servo_angle_publisher) by extension 'colcon_meta'
[0.291s] Level 1:colcon.colcon_core.package_identification:_identify(src/servo_angle_publisher) by extensions ['ros']
[0.291s] Level 1:colcon.colcon_core.package_identification:_identify(src/servo_angle_publisher) by extension 'ros'
[0.292s] DEBUG:colcon.colcon_core.package_identification:Package 'src/servo_angle_publisher' with type 'ros.ament_python' and name 'servo_angle_publisher'
[0.292s] Level 1:colcon.colcon_core.package_discovery:discover_packages(recursive) using defaults
[0.292s] Level 1:colcon.colcon_core.package_discovery:discover_packages(ignore) discover
[0.292s] Level 1:colcon.colcon_core.package_discovery:discover_packages(ignore) using defaults
[0.292s] Level 1:colcon.colcon_core.package_discovery:discover_packages(path) discover
[0.292s] Level 1:colcon.colcon_core.package_discovery:discover_packages(path) using defaults
[0.321s] Level 1:colcon.colcon_core.package_discovery:discover_packages(prefix_path) check parameters
[0.321s] Level 1:colcon.colcon_core.package_discovery:discover_packages(prefix_path) discover
[0.324s] DEBUG:colcon.colcon_installed_package_information.package_discovery:Found 3 installed packages in /root/Synthetic_data_collection/isaac_lab_data_collection/install
[0.326s] DEBUG:colcon.colcon_installed_package_information.package_discovery:Found 285 installed packages in /opt/ros/jazzy
[0.327s] Level 1:colcon.colcon_core.package_discovery:discover_packages(prefix_path) using defaults
[0.394s] Level 5:colcon.colcon_core.verb:set package 'dynamic_biped' build argument 'cmake_args' from command line to 'None'
[0.394s] Level 5:colcon.colcon_core.verb:set package 'dynamic_biped' build argument 'cmake_target' from command line to 'None'
[0.394s] Level 5:colcon.colcon_core.verb:set package 'dynamic_biped' build argument 'cmake_target_skip_unavailable' from command line to 'False'
[0.395s] Level 5:colcon.colcon_core.verb:set package 'dynamic_biped' build argument 'cmake_clean_cache' from command line to 'False'
[0.395s] Level 5:colcon.colcon_core.verb:set package 'dynamic_biped' build argument 'cmake_clean_first' from command line to 'False'
[0.395s] Level 5:colcon.colcon_core.verb:set package 'dynamic_biped' build argument 'cmake_force_configure' from command line to 'False'
[0.395s] Level 5:colcon.colcon_core.verb:set package 'dynamic_biped' build argument 'ament_cmake_args' from command line to 'None'
[0.395s] Level 5:colcon.colcon_core.verb:set package 'dynamic_biped' build argument 'catkin_cmake_args' from command line to 'None'
[0.395s] Level 5:colcon.colcon_core.verb:set package 'dynamic_biped' build argument 'catkin_skip_building_tests' from command line to 'False'
[0.395s] DEBUG:colcon.colcon_core.verb:Building package 'dynamic_biped' with the following arguments: {'ament_cmake_args': None, 'build_base': '/root/Synthetic_data_collection/isaac_lab_data_collection/build/dynamic_biped', 'catkin_cmake_args': None, 'catkin_skip_building_tests': False, 'cmake_args': None, 'cmake_clean_cache': False, 'cmake_clean_first': False, 'cmake_force_configure': False, 'cmake_target': None, 'cmake_target_skip_unavailable': False, 'install_base': '/root/Synthetic_data_collection/isaac_lab_data_collection/install/dynamic_biped', 'merge_install': False, 'path': '/root/Synthetic_data_collection/isaac_lab_data_collection/src/dynamic_biped', 'symlink_install': False, 'test_result_base': None}
[0.395s] Level 5:colcon.colcon_core.verb:set package 'my_robot_description' build argument 'cmake_args' from command line to 'None'
[0.395s] Level 5:colcon.colcon_core.verb:set package 'my_robot_description' build argument 'cmake_target' from command line to 'None'
[0.395s] Level 5:colcon.colcon_core.verb:set package 'my_robot_description' build argument 'cmake_target_skip_unavailable' from command line to 'False'
[0.395s] Level 5:colcon.colcon_core.verb:set package 'my_robot_description' build argument 'cmake_clean_cache' from command line to 'False'
[0.395s] Level 5:colcon.colcon_core.verb:set package 'my_robot_description' build argument 'cmake_clean_first' from command line to 'False'
[0.395s] Level 5:colcon.colcon_core.verb:set package 'my_robot_description' build argument 'cmake_force_configure' from command line to 'False'
[0.395s] Level 5:colcon.colcon_core.verb:set package 'my_robot_description' build argument 'ament_cmake_args' from command line to 'None'
[0.395s] Level 5:colcon.colcon_core.verb:set package 'my_robot_description' build argument 'catkin_cmake_args' from command line to 'None'
[0.395s] Level 5:colcon.colcon_core.verb:set package 'my_robot_description' build argument 'catkin_skip_building_tests' from command line to 'False'
[0.395s] DEBUG:colcon.colcon_core.verb:Building package 'my_robot_description' with the following arguments: {'ament_cmake_args': None, 'build_base': '/root/Synthetic_data_collection/isaac_lab_data_collection/build/my_robot_description', 'catkin_cmake_args': None, 'catkin_skip_building_tests': False, 'cmake_args': None, 'cmake_clean_cache': False, 'cmake_clean_first': False, 'cmake_force_configure': False, 'cmake_target': None, 'cmake_target_skip_unavailable': False, 'install_base': '/root/Synthetic_data_collection/isaac_lab_data_collection/install/my_robot_description', 'merge_install': False, 'path': '/root/Synthetic_data_collection/isaac_lab_data_collection/src/my_robot_description', 'symlink_install': False, 'test_result_base': None}
[0.396s] Level 5:colcon.colcon_core.verb:set package 'servo_angle_publisher' build argument 'cmake_args' from command line to 'None'
[0.396s] Level 5:colcon.colcon_core.verb:set package 'servo_angle_publisher' build argument 'cmake_target' from command line to 'None'
[0.396s] Level 5:colcon.colcon_core.verb:set package 'servo_angle_publisher' build argument 'cmake_target_skip_unavailable' from command line to 'False'
[0.396s] Level 5:colcon.colcon_core.verb:set package 'servo_angle_publisher' build argument 'cmake_clean_cache' from command line to 'False'
[0.396s] Level 5:colcon.colcon_core.verb:set package 'servo_angle_publisher' build argument 'cmake_clean_first' from command line to 'False'
[0.396s] Level 5:colcon.colcon_core.verb:set package 'servo_angle_publisher' build argument 'cmake_force_configure' from command line to 'False'
[0.396s] Level 5:colcon.colcon_core.verb:set package 'servo_angle_publisher' build argument 'ament_cmake_args' from command line to 'None'
[0.396s] Level 5:colcon.colcon_core.verb:set package 'servo_angle_publisher' build argument 'catkin_cmake_args' from command line to 'None'
[0.396s] Level 5:colcon.colcon_core.verb:set package 'servo_angle_publisher' build argument 'catkin_skip_building_tests' from command line to 'False'
[0.396s] DEBUG:colcon.colcon_core.verb:Building package 'servo_angle_publisher' with the following arguments: {'ament_cmake_args': None, 'build_base': '/root/Synthetic_data_collection/isaac_lab_data_collection/build/servo_angle_publisher', 'catkin_cmake_args': None, 'catkin_skip_building_tests': False, 'cmake_args': None, 'cmake_clean_cache': False, 'cmake_clean_first': False, 'cmake_force_configure': False, 'cmake_target': None, 'cmake_target_skip_unavailable': False, 'install_base': '/root/Synthetic_data_collection/isaac_lab_data_collection/install/servo_angle_publisher', 'merge_install': False, 'path': '/root/Synthetic_data_collection/isaac_lab_data_collection/src/servo_angle_publisher', 'symlink_install': False, 'test_result_base': None}
[0.396s] INFO:colcon.colcon_core.executor:Executing jobs using 'parallel' executor
[0.398s] DEBUG:colcon.colcon_parallel_executor.executor.parallel:run_until_complete
[0.399s] INFO:colcon.colcon_ros.task.ament_cmake.build:Building ROS package in '/root/Synthetic_data_collection/isaac_lab_data_collection/src/dynamic_biped' with build type 'ament_cmake'
[0.399s] INFO:colcon.colcon_cmake.task.cmake.build:Building CMake package in '/root/Synthetic_data_collection/isaac_lab_data_collection/src/dynamic_biped'
[0.402s] INFO:colcon.colcon_core.plugin_system:Skipping extension 'colcon_core.shell.bat': Not used on non-Windows systems
[0.402s] INFO:colcon.colcon_core.shell:Skip shell extension 'powershell' for command environment: Not usable outside of PowerShell
[0.402s] DEBUG:colcon.colcon_core.shell:Skip shell extension 'dsv' for command environment
[0.408s] INFO:colcon.colcon_ros.task.ament_cmake.build:Building ROS package in '/root/Synthetic_data_collection/isaac_lab_data_collection/src/my_robot_description' with build type 'ament_cmake'
[0.408s] INFO:colcon.colcon_cmake.task.cmake.build:Building CMake package in '/root/Synthetic_data_collection/isaac_lab_data_collection/src/my_robot_description'
[0.409s] INFO:colcon.colcon_core.shell:Skip shell extension 'powershell' for command environment: Not usable outside of PowerShell
[0.409s] DEBUG:colcon.colcon_core.shell:Skip shell extension 'dsv' for command environment
[0.414s] INFO:colcon.colcon_ros.task.ament_python.build:Building ROS package in '/root/Synthetic_data_collection/isaac_lab_data_collection/src/servo_angle_publisher' with build type 'ament_python'
[0.414s] Level 1:colcon.colcon_core.shell:create_environment_hook('servo_angle_publisher', 'ament_prefix_path')
[0.414s] INFO:colcon.colcon_core.shell:Creating environment hook '/root/Synthetic_data_collection/isaac_lab_data_collection/install/servo_angle_publisher/share/servo_angle_publisher/hook/ament_prefix_path.ps1'
[0.415s] INFO:colcon.colcon_core.shell:Creating environment descriptor '/root/Synthetic_data_collection/isaac_lab_data_collection/install/servo_angle_publisher/share/servo_angle_publisher/hook/ament_prefix_path.dsv'
[0.416s] INFO:colcon.colcon_core.shell:Creating environment hook '/root/Synthetic_data_collection/isaac_lab_data_collection/install/servo_angle_publisher/share/servo_angle_publisher/hook/ament_prefix_path.sh'
[0.417s] INFO:colcon.colcon_core.shell:Skip shell extension 'powershell' for command environment: Not usable outside of PowerShell
[0.417s] DEBUG:colcon.colcon_core.shell:Skip shell extension 'dsv' for command environment
[0.428s] DEBUG:colcon.colcon_core.event_handler.log_command:Invoking command in '/root/Synthetic_data_collection/isaac_lab_data_collection/build/dynamic_biped': CMAKE_PREFIX_PATH=${CMAKE_PREFIX_PATH}:/root/Synthetic_data_collection/isaac_lab_data_collection/install/servo_angle_publisher:/opt/ros/jazzy CONDA_PROMPT_MODIFIER=(exo_suit_jazzy_v2_2) /usr/bin/cmake --build /root/Synthetic_data_collection/isaac_lab_data_collection/build/dynamic_biped -- -j8 -l8
[0.433s] DEBUG:colcon.colcon_core.event_handler.log_command:Invoking command in '/root/Synthetic_data_collection/isaac_lab_data_collection/build/my_robot_description': CMAKE_PREFIX_PATH=${CMAKE_PREFIX_PATH}:/root/Synthetic_data_collection/isaac_lab_data_collection/install/servo_angle_publisher:/opt/ros/jazzy CONDA_PROMPT_MODIFIER=(exo_suit_jazzy_v2_2) /usr/bin/cmake --build /root/Synthetic_data_collection/isaac_lab_data_collection/build/my_robot_description -- -j8 -l8
[0.876s] INFO:colcon.colcon_core.task.python.build:Building Python package in '/root/Synthetic_data_collection/isaac_lab_data_collection/src/servo_angle_publisher'
[0.877s] INFO:colcon.colcon_core.shell:Skip shell extension 'powershell' for command environment: Not usable outside of PowerShell
[0.877s] DEBUG:colcon.colcon_core.shell:Skip shell extension 'dsv' for command environment
[0.883s] DEBUG:colcon.colcon_core.event_handler.log_command:Invoked command in '/root/Synthetic_data_collection/isaac_lab_data_collection/build/my_robot_description' returned '0': CMAKE_PREFIX_PATH=${CMAKE_PREFIX_PATH}:/root/Synthetic_data_collection/isaac_lab_data_collection/install/servo_angle_publisher:/opt/ros/jazzy CONDA_PROMPT_MODIFIER=(exo_suit_jazzy_v2_2) /usr/bin/cmake --build /root/Synthetic_data_collection/isaac_lab_data_collection/build/my_robot_description -- -j8 -l8
[0.898s] DEBUG:colcon.colcon_core.event_handler.log_command:Invoking command in '/root/Synthetic_data_collection/isaac_lab_data_collection/build/my_robot_description': CMAKE_PREFIX_PATH=${CMAKE_PREFIX_PATH}:/root/Synthetic_data_collection/isaac_lab_data_collection/install/servo_angle_publisher:/opt/ros/jazzy CONDA_PROMPT_MODIFIER=(exo_suit_jazzy_v2_2) /usr/bin/cmake --install /root/Synthetic_data_collection/isaac_lab_data_collection/build/my_robot_description
[0.959s] Level 1:colcon.colcon_core.environment:create_environment_scripts_only(my_robot_description)
[0.977s] Level 1:colcon.colcon_core.environment:checking '/root/Synthetic_data_collection/isaac_lab_data_collection/install/my_robot_description' for CMake module files
[0.980s] Level 1:colcon.colcon_core.environment:checking '/root/Synthetic_data_collection/isaac_lab_data_collection/install/my_robot_description' for CMake config files
[0.984s] Level 1:colcon.colcon_core.shell:create_environment_hook('my_robot_description', 'cmake_prefix_path')
[0.984s] INFO:colcon.colcon_core.shell:Creating environment hook '/root/Synthetic_data_collection/isaac_lab_data_collection/install/my_robot_description/share/my_robot_description/hook/cmake_prefix_path.ps1'
[0.986s] INFO:colcon.colcon_core.shell:Creating environment descriptor '/root/Synthetic_data_collection/isaac_lab_data_collection/install/my_robot_description/share/my_robot_description/hook/cmake_prefix_path.dsv'
[0.987s] INFO:colcon.colcon_core.shell:Creating environment hook '/root/Synthetic_data_collection/isaac_lab_data_collection/install/my_robot_description/share/my_robot_description/hook/cmake_prefix_path.sh'
[0.989s] Level 1:colcon.colcon_core.environment:checking '/root/Synthetic_data_collection/isaac_lab_data_collection/install/my_robot_description/bin'
[0.989s] Level 1:colcon.colcon_core.environment:checking '/root/Synthetic_data_collection/isaac_lab_data_collection/install/my_robot_description/lib/pkgconfig/my_robot_description.pc'
[0.990s] Level 1:colcon.colcon_core.environment:checking '/root/Synthetic_data_collection/isaac_lab_data_collection/install/my_robot_description/lib/python3.12/site-packages'
[0.990s] Level 1:colcon.colcon_core.environment:checking '/root/Synthetic_data_collection/isaac_lab_data_collection/install/my_robot_description/bin'
[0.991s] INFO:colcon.colcon_core.shell:Creating package script '/root/Synthetic_data_collection/isaac_lab_data_collection/install/my_robot_description/share/my_robot_description/package.ps1'
[0.993s] INFO:colcon.colcon_core.shell:Creating package descriptor '/root/Synthetic_data_collection/isaac_lab_data_collection/install/my_robot_description/share/my_robot_description/package.dsv'
[0.994s] INFO:colcon.colcon_core.shell:Creating package script '/root/Synthetic_data_collection/isaac_lab_data_collection/install/my_robot_description/share/my_robot_description/package.sh'
[0.996s] INFO:colcon.colcon_core.shell:Creating package script '/root/Synthetic_data_collection/isaac_lab_data_collection/install/my_robot_description/share/my_robot_description/package.bash'
[0.998s] INFO:colcon.colcon_core.shell:Creating package script '/root/Synthetic_data_collection/isaac_lab_data_collection/install/my_robot_description/share/my_robot_description/package.zsh'
[0.999s] DEBUG:colcon.colcon_core.event_handler.log_command:Invoked command in '/root/Synthetic_data_collection/isaac_lab_data_collection/build/my_robot_description' returned '0': CMAKE_PREFIX_PATH=${CMAKE_PREFIX_PATH}:/root/Synthetic_data_collection/isaac_lab_data_collection/install/servo_angle_publisher:/opt/ros/jazzy CONDA_PROMPT_MODIFIER=(exo_suit_jazzy_v2_2) /usr/bin/cmake --install /root/Synthetic_data_collection/isaac_lab_data_collection/build/my_robot_description
[1.000s] Level 1:colcon.colcon_core.environment:create_file_with_runtime_dependencies(/root/Synthetic_data_collection/isaac_lab_data_collection/install/my_robot_description/share/colcon-core/packages/my_robot_description)
[1.001s] Level 1:colcon.colcon_core.environment:create_environment_scripts_only(my_robot_description)
[1.002s] Level 1:colcon.colcon_core.environment:checking '/root/Synthetic_data_collection/isaac_lab_data_collection/install/my_robot_description' for CMake module files
[1.003s] Level 1:colcon.colcon_core.environment:checking '/root/Synthetic_data_collection/isaac_lab_data_collection/install/my_robot_description' for CMake config files
[1.003s] Level 1:colcon.colcon_core.shell:create_environment_hook('my_robot_description', 'cmake_prefix_path')
[1.003s] INFO:colcon.colcon_core.shell:Creating environment hook '/root/Synthetic_data_collection/isaac_lab_data_collection/install/my_robot_description/share/my_robot_description/hook/cmake_prefix_path.ps1'
[1.004s] INFO:colcon.colcon_core.shell:Creating environment descriptor '/root/Synthetic_data_collection/isaac_lab_data_collection/install/my_robot_description/share/my_robot_description/hook/cmake_prefix_path.dsv'
[1.005s] INFO:colcon.colcon_core.shell:Creating environment hook '/root/Synthetic_data_collection/isaac_lab_data_collection/install/my_robot_description/share/my_robot_description/hook/cmake_prefix_path.sh'
[1.006s] Level 1:colcon.colcon_core.environment:checking '/root/Synthetic_data_collection/isaac_lab_data_collection/install/my_robot_description/bin'
[1.006s] Level 1:colcon.colcon_core.environment:checking '/root/Synthetic_data_collection/isaac_lab_data_collection/install/my_robot_description/lib/pkgconfig/my_robot_description.pc'
[1.006s] Level 1:colcon.colcon_core.environment:checking '/root/Synthetic_data_collection/isaac_lab_data_collection/install/my_robot_description/lib/python3.12/site-packages'
[1.007s] Level 1:colcon.colcon_core.environment:checking '/root/Synthetic_data_collection/isaac_lab_data_collection/install/my_robot_description/bin'
[1.007s] INFO:colcon.colcon_core.shell:Creating package script '/root/Synthetic_data_collection/isaac_lab_data_collection/install/my_robot_description/share/my_robot_description/package.ps1'
[1.008s] INFO:colcon.colcon_core.shell:Creating package descriptor '/root/Synthetic_data_collection/isaac_lab_data_collection/install/my_robot_description/share/my_robot_description/package.dsv'
[1.008s] INFO:colcon.colcon_core.shell:Creating package script '/root/Synthetic_data_collection/isaac_lab_data_collection/install/my_robot_description/share/my_robot_description/package.sh'
[1.009s] INFO:colcon.colcon_core.shell:Creating package script '/root/Synthetic_data_collection/isaac_lab_data_collection/install/my_robot_description/share/my_robot_description/package.bash'
[1.010s] INFO:colcon.colcon_core.shell:Creating package script '/root/Synthetic_data_collection/isaac_lab_data_collection/install/my_robot_description/share/my_robot_description/package.zsh'
[1.010s] Level 1:colcon.colcon_core.environment:create_file_with_runtime_dependencies(/root/Synthetic_data_collection/isaac_lab_data_collection/install/my_robot_description/share/colcon-core/packages/my_robot_description)
[1.361s] DEBUG:colcon.colcon_core.event_handler.log_command:Invoked command in '/root/Synthetic_data_collection/isaac_lab_data_collection/build/dynamic_biped' returned '0': CMAKE_PREFIX_PATH=${CMAKE_PREFIX_PATH}:/root/Synthetic_data_collection/isaac_lab_data_collection/install/servo_angle_publisher:/opt/ros/jazzy CONDA_PROMPT_MODIFIER=(exo_suit_jazzy_v2_2) /usr/bin/cmake --build /root/Synthetic_data_collection/isaac_lab_data_collection/build/dynamic_biped -- -j8 -l8
[1.363s] DEBUG:colcon.colcon_core.event_handler.log_command:Invoking command in '/root/Synthetic_data_collection/isaac_lab_data_collection/build/dynamic_biped': CMAKE_PREFIX_PATH=${CMAKE_PREFIX_PATH}:/root/Synthetic_data_collection/isaac_lab_data_collection/install/servo_angle_publisher:/opt/ros/jazzy CONDA_PROMPT_MODIFIER=(exo_suit_jazzy_v2_2) /usr/bin/cmake --install /root/Synthetic_data_collection/isaac_lab_data_collection/build/dynamic_biped
[1.635s] Level 1:colcon.colcon_core.environment:create_environment_scripts_only(dynamic_biped)
[1.635s] Level 1:colcon.colcon_core.environment:checking '/root/Synthetic_data_collection/isaac_lab_data_collection/install/dynamic_biped' for CMake module files
[1.636s] DEBUG:colcon.colcon_core.event_handler.log_command:Invoked command in '/root/Synthetic_data_collection/isaac_lab_data_collection/build/dynamic_biped' returned '0': CMAKE_PREFIX_PATH=${CMAKE_PREFIX_PATH}:/root/Synthetic_data_collection/isaac_lab_data_collection/install/servo_angle_publisher:/opt/ros/jazzy CONDA_PROMPT_MODIFIER=(exo_suit_jazzy_v2_2) /usr/bin/cmake --install /root/Synthetic_data_collection/isaac_lab_data_collection/build/dynamic_biped
[1.637s] Level 1:colcon.colcon_core.environment:checking '/root/Synthetic_data_collection/isaac_lab_data_collection/install/dynamic_biped' for CMake config files
[1.643s] Level 1:colcon.colcon_core.shell:create_environment_hook('dynamic_biped', 'cmake_prefix_path')
[1.644s] INFO:colcon.colcon_core.shell:Creating environment hook '/root/Synthetic_data_collection/isaac_lab_data_collection/install/dynamic_biped/share/dynamic_biped/hook/cmake_prefix_path.ps1'
[1.645s] INFO:colcon.colcon_core.shell:Creating environment descriptor '/root/Synthetic_data_collection/isaac_lab_data_collection/install/dynamic_biped/share/dynamic_biped/hook/cmake_prefix_path.dsv'
[1.645s] INFO:colcon.colcon_core.shell:Creating environment hook '/root/Synthetic_data_collection/isaac_lab_data_collection/install/dynamic_biped/share/dynamic_biped/hook/cmake_prefix_path.sh'
[1.647s] Level 1:colcon.colcon_core.environment:checking '/root/Synthetic_data_collection/isaac_lab_data_collection/install/dynamic_biped/lib'
[1.647s] Level 1:colcon.colcon_core.shell:create_environment_hook('dynamic_biped', 'ld_library_path_lib')
[1.647s] INFO:colcon.colcon_core.shell:Creating environment hook '/root/Synthetic_data_collection/isaac_lab_data_collection/install/dynamic_biped/share/dynamic_biped/hook/ld_library_path_lib.ps1'
[1.648s] INFO:colcon.colcon_core.shell:Creating environment descriptor '/root/Synthetic_data_collection/isaac_lab_data_collection/install/dynamic_biped/share/dynamic_biped/hook/ld_library_path_lib.dsv'
[1.649s] INFO:colcon.colcon_core.shell:Creating environment hook '/root/Synthetic_data_collection/isaac_lab_data_collection/install/dynamic_biped/share/dynamic_biped/hook/ld_library_path_lib.sh'
[1.649s] Level 1:colcon.colcon_core.environment:checking '/root/Synthetic_data_collection/isaac_lab_data_collection/install/dynamic_biped/bin'
[1.650s] Level 1:colcon.colcon_core.environment:checking '/root/Synthetic_data_collection/isaac_lab_data_collection/install/dynamic_biped/lib/pkgconfig/dynamic_biped.pc'
[1.650s] Level 1:colcon.colcon_core.environment:checking '/root/Synthetic_data_collection/isaac_lab_data_collection/install/dynamic_biped/lib/python3.12/site-packages'
[1.650s] Level 1:colcon.colcon_core.shell:create_environment_hook('dynamic_biped', 'pythonpath')
[1.651s] INFO:colcon.colcon_core.shell:Creating environment hook '/root/Synthetic_data_collection/isaac_lab_data_collection/install/dynamic_biped/share/dynamic_biped/hook/pythonpath.ps1'
[1.651s] INFO:colcon.colcon_core.shell:Creating environment descriptor '/root/Synthetic_data_collection/isaac_lab_data_collection/install/dynamic_biped/share/dynamic_biped/hook/pythonpath.dsv'
[1.652s] INFO:colcon.colcon_core.shell:Creating environment hook '/root/Synthetic_data_collection/isaac_lab_data_collection/install/dynamic_biped/share/dynamic_biped/hook/pythonpath.sh'
[1.653s] Level 1:colcon.colcon_core.environment:checking '/root/Synthetic_data_collection/isaac_lab_data_collection/install/dynamic_biped/bin'
[1.654s] INFO:colcon.colcon_core.shell:Creating package script '/root/Synthetic_data_collection/isaac_lab_data_collection/install/dynamic_biped/share/dynamic_biped/package.ps1'
[1.655s] INFO:colcon.colcon_core.shell:Creating package descriptor '/root/Synthetic_data_collection/isaac_lab_data_collection/install/dynamic_biped/share/dynamic_biped/package.dsv'
[1.656s] INFO:colcon.colcon_core.shell:Creating package script '/root/Synthetic_data_collection/isaac_lab_data_collection/install/dynamic_biped/share/dynamic_biped/package.sh'
[1.657s] INFO:colcon.colcon_core.shell:Creating package script '/root/Synthetic_data_collection/isaac_lab_data_collection/install/dynamic_biped/share/dynamic_biped/package.bash'
[1.657s] INFO:colcon.colcon_core.shell:Creating package script '/root/Synthetic_data_collection/isaac_lab_data_collection/install/dynamic_biped/share/dynamic_biped/package.zsh'
[1.658s] Level 1:colcon.colcon_core.environment:create_file_with_runtime_dependencies(/root/Synthetic_data_collection/isaac_lab_data_collection/install/dynamic_biped/share/colcon-core/packages/dynamic_biped)
[1.659s] Level 1:colcon.colcon_core.environment:create_environment_scripts_only(dynamic_biped)
[1.659s] Level 1:colcon.colcon_core.environment:checking '/root/Synthetic_data_collection/isaac_lab_data_collection/install/dynamic_biped' for CMake module files
[1.660s] Level 1:colcon.colcon_core.environment:checking '/root/Synthetic_data_collection/isaac_lab_data_collection/install/dynamic_biped' for CMake config files
[1.667s] Level 1:colcon.colcon_core.shell:create_environment_hook('dynamic_biped', 'cmake_prefix_path')
[1.667s] INFO:colcon.colcon_core.shell:Creating environment hook '/root/Synthetic_data_collection/isaac_lab_data_collection/install/dynamic_biped/share/dynamic_biped/hook/cmake_prefix_path.ps1'
[1.669s] INFO:colcon.colcon_core.shell:Creating environment descriptor '/root/Synthetic_data_collection/isaac_lab_data_collection/install/dynamic_biped/share/dynamic_biped/hook/cmake_prefix_path.dsv'
[1.670s] INFO:colcon.colcon_core.shell:Creating environment hook '/root/Synthetic_data_collection/isaac_lab_data_collection/install/dynamic_biped/share/dynamic_biped/hook/cmake_prefix_path.sh'
[1.670s] Level 1:colcon.colcon_core.environment:checking '/root/Synthetic_data_collection/isaac_lab_data_collection/install/dynamic_biped/lib'
[1.671s] Level 1:colcon.colcon_core.shell:create_environment_hook('dynamic_biped', 'ld_library_path_lib')
[1.671s] INFO:colcon.colcon_core.shell:Creating environment hook '/root/Synthetic_data_collection/isaac_lab_data_collection/install/dynamic_biped/share/dynamic_biped/hook/ld_library_path_lib.ps1'
[1.671s] INFO:colcon.colcon_core.shell:Creating environment descriptor '/root/Synthetic_data_collection/isaac_lab_data_collection/install/dynamic_biped/share/dynamic_biped/hook/ld_library_path_lib.dsv'
[1.672s] INFO:colcon.colcon_core.shell:Creating environment hook '/root/Synthetic_data_collection/isaac_lab_data_collection/install/dynamic_biped/share/dynamic_biped/hook/ld_library_path_lib.sh'
[1.672s] Level 1:colcon.colcon_core.environment:checking '/root/Synthetic_data_collection/isaac_lab_data_collection/install/dynamic_biped/bin'
[1.673s] Level 1:colcon.colcon_core.environment:checking '/root/Synthetic_data_collection/isaac_lab_data_collection/install/dynamic_biped/lib/pkgconfig/dynamic_biped.pc'
[1.673s] Level 1:colcon.colcon_core.environment:checking '/root/Synthetic_data_collection/isaac_lab_data_collection/install/dynamic_biped/lib/python3.12/site-packages'
[1.673s] Level 1:colcon.colcon_core.shell:create_environment_hook('dynamic_biped', 'pythonpath')
[1.673s] INFO:colcon.colcon_core.shell:Creating environment hook '/root/Synthetic_data_collection/isaac_lab_data_collection/install/dynamic_biped/share/dynamic_biped/hook/pythonpath.ps1'
[1.674s] INFO:colcon.colcon_core.shell:Creating environment descriptor '/root/Synthetic_data_collection/isaac_lab_data_collection/install/dynamic_biped/share/dynamic_biped/hook/pythonpath.dsv'
[1.674s] INFO:colcon.colcon_core.shell:Creating environment hook '/root/Synthetic_data_collection/isaac_lab_data_collection/install/dynamic_biped/share/dynamic_biped/hook/pythonpath.sh'
[1.675s] Level 1:colcon.colcon_core.environment:checking '/root/Synthetic_data_collection/isaac_lab_data_collection/install/dynamic_biped/bin'
[1.676s] INFO:colcon.colcon_core.shell:Creating package script '/root/Synthetic_data_collection/isaac_lab_data_collection/install/dynamic_biped/share/dynamic_biped/package.ps1'
[1.677s] INFO:colcon.colcon_core.shell:Creating package descriptor '/root/Synthetic_data_collection/isaac_lab_data_collection/install/dynamic_biped/share/dynamic_biped/package.dsv'
[1.678s] INFO:colcon.colcon_core.shell:Creating package script '/root/Synthetic_data_collection/isaac_lab_data_collection/install/dynamic_biped/share/dynamic_biped/package.sh'
[1.678s] INFO:colcon.colcon_core.shell:Creating package script '/root/Synthetic_data_collection/isaac_lab_data_collection/install/dynamic_biped/share/dynamic_biped/package.bash'
[1.679s] INFO:colcon.colcon_core.shell:Creating package script '/root/Synthetic_data_collection/isaac_lab_data_collection/install/dynamic_biped/share/dynamic_biped/package.zsh'
[1.679s] Level 1:colcon.colcon_core.environment:create_file_with_runtime_dependencies(/root/Synthetic_data_collection/isaac_lab_data_collection/install/dynamic_biped/share/colcon-core/packages/dynamic_biped)
[1.720s] DEBUG:colcon.colcon_core.event_handler.log_command:Invoking command in '/root/Synthetic_data_collection/isaac_lab_data_collection/src/servo_angle_publisher': CONDA_PROMPT_MODIFIER=(exo_suit_jazzy_v2_2) PYTHONPATH=/root/Synthetic_data_collection/isaac_lab_data_collection/build/servo_angle_publisher/prefix_override:/usr/lib/python3/dist-packages/colcon_core/task/python/colcon_distutils_commands:/root/Synthetic_data_collection/isaac_lab_data_collection/install/servo_angle_publisher/lib/python3.12/site-packages:${PYTHONPATH} /usr/bin/python3 -W ignore:setup.py install is deprecated -W ignore:easy_install command is deprecated setup.py egg_info --egg-base ../../build/servo_angle_publisher build --build-base /root/Synthetic_data_collection/isaac_lab_data_collection/build/servo_angle_publisher/build install --record /root/Synthetic_data_collection/isaac_lab_data_collection/build/servo_angle_publisher/install.log --single-version-externally-managed install_data
[2.608s] Level 1:colcon.colcon_core.environment:checking '/root/Synthetic_data_collection/isaac_lab_data_collection/install/servo_angle_publisher' for CMake module files
[2.609s] DEBUG:colcon.colcon_core.event_handler.log_command:Invoked command in '/root/Synthetic_data_collection/isaac_lab_data_collection/src/servo_angle_publisher' returned '0': CONDA_PROMPT_MODIFIER=(exo_suit_jazzy_v2_2) PYTHONPATH=/root/Synthetic_data_collection/isaac_lab_data_collection/build/servo_angle_publisher/prefix_override:/usr/lib/python3/dist-packages/colcon_core/task/python/colcon_distutils_commands:/root/Synthetic_data_collection/isaac_lab_data_collection/install/servo_angle_publisher/lib/python3.12/site-packages:${PYTHONPATH} /usr/bin/python3 -W ignore:setup.py install is deprecated -W ignore:easy_install command is deprecated setup.py egg_info --egg-base ../../build/servo_angle_publisher build --build-base /root/Synthetic_data_collection/isaac_lab_data_collection/build/servo_angle_publisher/build install --record /root/Synthetic_data_collection/isaac_lab_data_collection/build/servo_angle_publisher/install.log --single-version-externally-managed install_data
[2.609s] Level 1:colcon.colcon_core.environment:checking '/root/Synthetic_data_collection/isaac_lab_data_collection/install/servo_angle_publisher' for CMake config files
[2.610s] Level 1:colcon.colcon_core.environment:checking '/root/Synthetic_data_collection/isaac_lab_data_collection/install/servo_angle_publisher/lib'
[2.610s] Level 1:colcon.colcon_core.environment:checking '/root/Synthetic_data_collection/isaac_lab_data_collection/install/servo_angle_publisher/bin'
[2.611s] Level 1:colcon.colcon_core.environment:checking '/root/Synthetic_data_collection/isaac_lab_data_collection/install/servo_angle_publisher/lib/pkgconfig/servo_angle_publisher.pc'
[2.611s] Level 1:colcon.colcon_core.environment:checking '/root/Synthetic_data_collection/isaac_lab_data_collection/install/servo_angle_publisher/lib/python3.12/site-packages'
[2.611s] Level 1:colcon.colcon_core.shell:create_environment_hook('servo_angle_publisher', 'pythonpath')
[2.612s] INFO:colcon.colcon_core.shell:Creating environment hook '/root/Synthetic_data_collection/isaac_lab_data_collection/install/servo_angle_publisher/share/servo_angle_publisher/hook/pythonpath.ps1'
[2.612s] INFO:colcon.colcon_core.shell:Creating environment descriptor '/root/Synthetic_data_collection/isaac_lab_data_collection/install/servo_angle_publisher/share/servo_angle_publisher/hook/pythonpath.dsv'
[2.613s] INFO:colcon.colcon_core.shell:Creating environment hook '/root/Synthetic_data_collection/isaac_lab_data_collection/install/servo_angle_publisher/share/servo_angle_publisher/hook/pythonpath.sh'
[2.614s] Level 1:colcon.colcon_core.environment:checking '/root/Synthetic_data_collection/isaac_lab_data_collection/install/servo_angle_publisher/bin'
[2.614s] Level 1:colcon.colcon_core.environment:create_environment_scripts_only(servo_angle_publisher)
[2.615s] INFO:colcon.colcon_core.shell:Creating package script '/root/Synthetic_data_collection/isaac_lab_data_collection/install/servo_angle_publisher/share/servo_angle_publisher/package.ps1'
[2.615s] INFO:colcon.colcon_core.shell:Creating package descriptor '/root/Synthetic_data_collection/isaac_lab_data_collection/install/servo_angle_publisher/share/servo_angle_publisher/package.dsv'
[2.616s] INFO:colcon.colcon_core.shell:Creating package script '/root/Synthetic_data_collection/isaac_lab_data_collection/install/servo_angle_publisher/share/servo_angle_publisher/package.sh'
[2.617s] INFO:colcon.colcon_core.shell:Creating package script '/root/Synthetic_data_collection/isaac_lab_data_collection/install/servo_angle_publisher/share/servo_angle_publisher/package.bash'
[2.617s] INFO:colcon.colcon_core.shell:Creating package script '/root/Synthetic_data_collection/isaac_lab_data_collection/install/servo_angle_publisher/share/servo_angle_publisher/package.zsh'
[2.617s] Level 1:colcon.colcon_core.environment:create_file_with_runtime_dependencies(/root/Synthetic_data_collection/isaac_lab_data_collection/install/servo_angle_publisher/share/colcon-core/packages/servo_angle_publisher)
[2.618s] DEBUG:colcon.colcon_parallel_executor.executor.parallel:closing loop
[2.618s] DEBUG:colcon.colcon_parallel_executor.executor.parallel:loop closed
[2.618s] DEBUG:colcon.colcon_parallel_executor.executor.parallel:run_until_complete finished with '0'
[2.618s] DEBUG:colcon.colcon_core.event_reactor:joining thread
[2.629s] INFO:colcon.colcon_core.plugin_system:Skipping extension 'colcon_notification.desktop_notification.notify_send': Could not find 'notify-send'
[2.630s] INFO:colcon.colcon_core.plugin_system:Skipping extension 'colcon_notification.desktop_notification.terminal_notifier': Not used on non-Darwin systems
[2.630s] INFO:colcon.colcon_core.plugin_system:Skipping extension 'colcon_notification.desktop_notification.win32': Not used on non-Windows systems
[2.630s] INFO:colcon.colcon_notification.desktop_notification:Sending desktop notification using 'notify2'
[2.630s] DEBUG:colcon.colcon_notification.desktop_notification.notify2:Failed to initialize notify2: org.freedesktop.DBus.Error.NotSupported: Unable to autolaunch a dbus-daemon without a $DISPLAY for X11
[2.630s] DEBUG:colcon.colcon_core.event_reactor:joined thread
[2.630s] INFO:colcon.colcon_core.shell:Creating prefix script '/root/Synthetic_data_collection/isaac_lab_data_collection/install/local_setup.ps1'
[2.632s] INFO:colcon.colcon_core.shell:Creating prefix util module '/root/Synthetic_data_collection/isaac_lab_data_collection/install/_local_setup_util_ps1.py'
[2.633s] INFO:colcon.colcon_core.shell:Creating prefix chain script '/root/Synthetic_data_collection/isaac_lab_data_collection/install/setup.ps1'
[2.635s] INFO:colcon.colcon_core.shell:Creating prefix script '/root/Synthetic_data_collection/isaac_lab_data_collection/install/local_setup.sh'
[2.636s] INFO:colcon.colcon_core.shell:Creating prefix util module '/root/Synthetic_data_collection/isaac_lab_data_collection/install/_local_setup_util_sh.py'
[2.636s] INFO:colcon.colcon_core.shell:Creating prefix chain script '/root/Synthetic_data_collection/isaac_lab_data_collection/install/setup.sh'
[2.638s] INFO:colcon.colcon_core.shell:Creating prefix script '/root/Synthetic_data_collection/isaac_lab_data_collection/install/local_setup.bash'
[2.638s] INFO:colcon.colcon_core.shell:Creating prefix chain script '/root/Synthetic_data_collection/isaac_lab_data_collection/install/setup.bash'
[2.640s] INFO:colcon.colcon_core.shell:Creating prefix script '/root/Synthetic_data_collection/isaac_lab_data_collection/install/local_setup.zsh'
[2.640s] INFO:colcon.colcon_core.shell:Creating prefix chain script '/root/Synthetic_data_collection/isaac_lab_data_collection/install/setup.zsh'
