running egg_info
creating build/servo_angle_publisher/servo_angle_publisher.egg-info
writing build/servo_angle_publisher/servo_angle_publisher.egg-info/PKG-INFO
writing dependency_links to build/servo_angle_publisher/servo_angle_publisher.egg-info/dependency_links.txt
writing entry points to build/servo_angle_publisher/servo_angle_publisher.egg-info/entry_points.txt
writing requirements to build/servo_angle_publisher/servo_angle_publisher.egg-info/requires.txt
writing top-level names to build/servo_angle_publisher/servo_angle_publisher.egg-info/top_level.txt
writing manifest file 'build/servo_angle_publisher/servo_angle_publisher.egg-info/SOURCES.txt'
reading manifest file 'build/servo_angle_publisher/servo_angle_publisher.egg-info/SOURCES.txt'
writing manifest file 'build/servo_angle_publisher/servo_angle_publisher.egg-info/SOURCES.txt'
running build
running build_py
creating /root/Synthetic_data_collection/isaac_lab_data_collection/src/servo_angle_publisher/build/servo_angle_publisher/build
creating /root/Synthetic_data_collection/isaac_lab_data_collection/src/servo_angle_publisher/build/servo_angle_publisher/build/lib
creating /root/Synthetic_data_collection/isaac_lab_data_collection/src/servo_angle_publisher/build/servo_angle_publisher/build/lib/servo_angle_publisher
copying servo_angle_publisher/__init__.py -> /root/Synthetic_data_collection/isaac_lab_data_collection/src/servo_angle_publisher/build/servo_angle_publisher/build/lib/servo_angle_publisher
copying servo_angle_publisher/node.py -> /root/Synthetic_data_collection/isaac_lab_data_collection/src/servo_angle_publisher/build/servo_angle_publisher/build/lib/servo_angle_publisher
running install
running install_lib
creating /root/Synthetic_data_collection/isaac_lab_data_collection/src/servo_angle_publisher/install/servo_angle_publisher/lib/python3.12/site-packages/servo_angle_publisher
copying /root/Synthetic_data_collection/isaac_lab_data_collection/src/servo_angle_publisher/build/servo_angle_publisher/build/lib/servo_angle_publisher/__init__.py -> /root/Synthetic_data_collection/isaac_lab_data_collection/src/servo_angle_publisher/install/servo_angle_publisher/lib/python3.12/site-packages/servo_angle_publisher
copying /root/Synthetic_data_collection/isaac_lab_data_collection/src/servo_angle_publisher/build/servo_angle_publisher/build/lib/servo_angle_publisher/node.py -> /root/Synthetic_data_collection/isaac_lab_data_collection/src/servo_angle_publisher/install/servo_angle_publisher/lib/python3.12/site-packages/servo_angle_publisher
byte-compiling /root/Synthetic_data_collection/isaac_lab_data_collection/src/servo_angle_publisher/install/servo_angle_publisher/lib/python3.12/site-packages/servo_angle_publisher/__init__.py to __init__.cpython-312.pyc
byte-compiling /root/Synthetic_data_collection/isaac_lab_data_collection/src/servo_angle_publisher/install/servo_angle_publisher/lib/python3.12/site-packages/servo_angle_publisher/node.py to node.cpython-312.pyc
running install_data
creating /root/Synthetic_data_collection/isaac_lab_data_collection/src/servo_angle_publisher/install/servo_angle_publisher/share/ament_index
creating /root/Synthetic_data_collection/isaac_lab_data_collection/src/servo_angle_publisher/install/servo_angle_publisher/share/ament_index/resource_index
creating /root/Synthetic_data_collection/isaac_lab_data_collection/src/servo_angle_publisher/install/servo_angle_publisher/share/ament_index/resource_index/packages
copying resource/servo_angle_publisher -> /root/Synthetic_data_collection/isaac_lab_data_collection/src/servo_angle_publisher/install/servo_angle_publisher/share/ament_index/resource_index/packages
copying package.xml -> /root/Synthetic_data_collection/isaac_lab_data_collection/src/servo_angle_publisher/install/servo_angle_publisher/share/servo_angle_publisher
creating /root/Synthetic_data_collection/isaac_lab_data_collection/src/servo_angle_publisher/install/servo_angle_publisher/share/servo_angle_publisher/launch
copying launch/servo_angle.launch.py -> /root/Synthetic_data_collection/isaac_lab_data_collection/src/servo_angle_publisher/install/servo_angle_publisher/share/servo_angle_publisher/launch
running install_egg_info
Copying build/servo_angle_publisher/servo_angle_publisher.egg-info to /root/Synthetic_data_collection/isaac_lab_data_collection/src/servo_angle_publisher/install/servo_angle_publisher/lib/python3.12/site-packages/servo_angle_publisher-0.0.1-py3.12.egg-info
running install_scripts
Installing servo_angle_node script to /root/Synthetic_data_collection/isaac_lab_data_collection/src/servo_angle_publisher/install/servo_angle_publisher/lib/servo_angle_publisher
writing list of installed files to '/root/Synthetic_data_collection/isaac_lab_data_collection/src/servo_angle_publisher/build/servo_angle_publisher/install.log'
