[0.043s] Invoking command in '/root/Synthetic_data_collection/isaac_lab_data_collection/build/my_robot_description': CMAKE_PREFIX_PATH=${CMAKE_PREFIX_PATH}:/opt/ros/jazzy CONDA_PROMPT_MODIFIER=(exo_suit_jazzy_v2_2) /usr/bin/cmake --build /root/Synthetic_data_collection/isaac_lab_data_collection/build/my_robot_description -- -j8 -l8
[0.593s] Invoked command in '/root/Synthetic_data_collection/isaac_lab_data_collection/build/my_robot_description' returned '0': CMAKE_PREFIX_PATH=${CMAKE_PREFIX_PATH}:/opt/ros/jazzy CONDA_PROMPT_MODIFIER=(exo_suit_jazzy_v2_2) /usr/bin/cmake --build /root/Synthetic_data_collection/isaac_lab_data_collection/build/my_robot_description -- -j8 -l8
[0.631s] Invoking command in '/root/Synthetic_data_collection/isaac_lab_data_collection/build/my_robot_description': CMAKE_PREFIX_PATH=${CMAKE_PREFIX_PATH}:/opt/ros/jazzy CONDA_PROMPT_MODIFIER=(exo_suit_jazzy_v2_2) /usr/bin/cmake --install /root/Synthetic_data_collection/isaac_lab_data_collection/build/my_robot_description
[0.664s] -- Install configuration: ""
[0.669s] -- Execute custom install script
[0.676s] -- Up-to-date symlink: /root/Synthetic_data_collection/isaac_lab_data_collection/install/my_robot_description/share/my_robot_description/urdf/biped_s40.urdf
[0.687s] -- Up-to-date symlink: /root/Synthetic_data_collection/isaac_lab_data_collection/install/my_robot_description/share/my_robot_description/meshes/biped_s40_meshes/base_link.STL
[0.688s] -- Up-to-date symlink: /root/Synthetic_data_collection/isaac_lab_data_collection/install/my_robot_description/share/my_robot_description/meshes/biped_s40_meshes/camera.STL
[0.688s] -- Up-to-date symlink: /root/Synthetic_data_collection/isaac_lab_data_collection/install/my_robot_description/share/my_robot_description/meshes/biped_s40_meshes/camera_base.STL
[0.689s] -- Up-to-date symlink: /root/Synthetic_data_collection/isaac_lab_data_collection/install/my_robot_description/share/my_robot_description/meshes/biped_s40_meshes/head_pitch.STL
[0.689s] -- Up-to-date symlink: /root/Synthetic_data_collection/isaac_lab_data_collection/install/my_robot_description/share/my_robot_description/meshes/biped_s40_meshes/head_yaw.STL
[0.690s] -- Up-to-date symlink: /root/Synthetic_data_collection/isaac_lab_data_collection/install/my_robot_description/share/my_robot_description/meshes/biped_s40_meshes/l_arm_pitch.STL
[0.691s] -- Up-to-date symlink: /root/Synthetic_data_collection/isaac_lab_data_collection/install/my_robot_description/share/my_robot_description/meshes/biped_s40_meshes/l_arm_roll.STL
[0.691s] -- Up-to-date symlink: /root/Synthetic_data_collection/isaac_lab_data_collection/install/my_robot_description/share/my_robot_description/meshes/biped_s40_meshes/l_arm_yaw.STL
[0.692s] -- Up-to-date symlink: /root/Synthetic_data_collection/isaac_lab_data_collection/install/my_robot_description/share/my_robot_description/meshes/biped_s40_meshes/l_foot_pitch.STL
[0.693s] -- Up-to-date symlink: /root/Synthetic_data_collection/isaac_lab_data_collection/install/my_robot_description/share/my_robot_description/meshes/biped_s40_meshes/l_foot_roll.STL
[0.694s] -- Up-to-date symlink: /root/Synthetic_data_collection/isaac_lab_data_collection/install/my_robot_description/share/my_robot_description/meshes/biped_s40_meshes/l_forearm.STL
[0.695s] -- Up-to-date symlink: /root/Synthetic_data_collection/isaac_lab_data_collection/install/my_robot_description/share/my_robot_description/meshes/biped_s40_meshes/l_hand_pitch.STL
[0.696s] -- Up-to-date symlink: /root/Synthetic_data_collection/isaac_lab_data_collection/install/my_robot_description/share/my_robot_description/meshes/biped_s40_meshes/l_hand_roll.STL
[0.697s] -- Up-to-date symlink: /root/Synthetic_data_collection/isaac_lab_data_collection/install/my_robot_description/share/my_robot_description/meshes/biped_s40_meshes/l_hand_yaw.STL
[0.698s] -- Up-to-date symlink: /root/Synthetic_data_collection/isaac_lab_data_collection/install/my_robot_description/share/my_robot_description/meshes/biped_s40_meshes/l_knee.STL
[0.698s] -- Up-to-date symlink: /root/Synthetic_data_collection/isaac_lab_data_collection/install/my_robot_description/share/my_robot_description/meshes/biped_s40_meshes/l_l_bar.STL
[0.699s] -- Up-to-date symlink: /root/Synthetic_data_collection/isaac_lab_data_collection/install/my_robot_description/share/my_robot_description/meshes/biped_s40_meshes/l_l_tendon.STL
[0.700s] -- Up-to-date symlink: /root/Synthetic_data_collection/isaac_lab_data_collection/install/my_robot_description/share/my_robot_description/meshes/biped_s40_meshes/l_leg_pitch.STL
[0.700s] -- Up-to-date symlink: /root/Synthetic_data_collection/isaac_lab_data_collection/install/my_robot_description/share/my_robot_description/meshes/biped_s40_meshes/l_leg_roll.STL
[0.701s] -- Up-to-date symlink: /root/Synthetic_data_collection/isaac_lab_data_collection/install/my_robot_description/share/my_robot_description/meshes/biped_s40_meshes/l_leg_yaw.STL
[0.701s] -- Up-to-date symlink: /root/Synthetic_data_collection/isaac_lab_data_collection/install/my_robot_description/share/my_robot_description/meshes/biped_s40_meshes/l_r_bar.STL
[0.702s] -- Up-to-date symlink: /root/Synthetic_data_collection/isaac_lab_data_collection/install/my_robot_description/share/my_robot_description/meshes/biped_s40_meshes/l_r_tendon.STL
[0.704s] -- Up-to-date symlink: /root/Synthetic_data_collection/isaac_lab_data_collection/install/my_robot_description/share/my_robot_description/meshes/biped_s40_meshes/r_arm_pitch.STL
[0.706s] -- Up-to-date symlink: /root/Synthetic_data_collection/isaac_lab_data_collection/install/my_robot_description/share/my_robot_description/meshes/biped_s40_meshes/r_arm_roll.STL
[0.707s] -- Up-to-date symlink: /root/Synthetic_data_collection/isaac_lab_data_collection/install/my_robot_description/share/my_robot_description/meshes/biped_s40_meshes/r_arm_yaw.STL
[0.710s] -- Up-to-date symlink: /root/Synthetic_data_collection/isaac_lab_data_collection/install/my_robot_description/share/my_robot_description/meshes/biped_s40_meshes/r_foot_pitch.STL
[0.710s] -- Up-to-date symlink: /root/Synthetic_data_collection/isaac_lab_data_collection/install/my_robot_description/share/my_robot_description/meshes/biped_s40_meshes/r_foot_roll.STL
[0.712s] -- Up-to-date symlink: /root/Synthetic_data_collection/isaac_lab_data_collection/install/my_robot_description/share/my_robot_description/meshes/biped_s40_meshes/r_forearm.STL
[0.713s] -- Up-to-date symlink: /root/Synthetic_data_collection/isaac_lab_data_collection/install/my_robot_description/share/my_robot_description/meshes/biped_s40_meshes/r_hand_pitch.STL
[0.715s] -- Up-to-date symlink: /root/Synthetic_data_collection/isaac_lab_data_collection/install/my_robot_description/share/my_robot_description/meshes/biped_s40_meshes/r_hand_roll.STL
[0.716s] -- Up-to-date symlink: /root/Synthetic_data_collection/isaac_lab_data_collection/install/my_robot_description/share/my_robot_description/meshes/biped_s40_meshes/r_hand_yaw.STL
[0.716s] -- Up-to-date symlink: /root/Synthetic_data_collection/isaac_lab_data_collection/install/my_robot_description/share/my_robot_description/meshes/biped_s40_meshes/r_knee.STL
[0.719s] -- Up-to-date symlink: /root/Synthetic_data_collection/isaac_lab_data_collection/install/my_robot_description/share/my_robot_description/meshes/biped_s40_meshes/r_l_bar.STL
[0.721s] -- Up-to-date symlink: /root/Synthetic_data_collection/isaac_lab_data_collection/install/my_robot_description/share/my_robot_description/meshes/biped_s40_meshes/r_l_tendon.STL
[0.721s] -- Up-to-date symlink: /root/Synthetic_data_collection/isaac_lab_data_collection/install/my_robot_description/share/my_robot_description/meshes/biped_s40_meshes/r_leg_pitch.STL
[0.721s] -- Up-to-date symlink: /root/Synthetic_data_collection/isaac_lab_data_collection/install/my_robot_description/share/my_robot_description/meshes/biped_s40_meshes/r_leg_roll.STL
[0.723s] -- Up-to-date symlink: /root/Synthetic_data_collection/isaac_lab_data_collection/install/my_robot_description/share/my_robot_description/meshes/biped_s40_meshes/r_leg_yaw.STL
[0.724s] -- Up-to-date symlink: /root/Synthetic_data_collection/isaac_lab_data_collection/install/my_robot_description/share/my_robot_description/meshes/biped_s40_meshes/r_r_bar.STL
[0.725s] -- Up-to-date symlink: /root/Synthetic_data_collection/isaac_lab_data_collection/install/my_robot_description/share/my_robot_description/meshes/biped_s40_meshes/r_r_tendon.STL
[0.727s] -- Up-to-date symlink: /root/Synthetic_data_collection/isaac_lab_data_collection/install/my_robot_description/share/my_robot_description/meshes/biped_s45_meshes/2f85/2f85.xml
[0.728s] -- Up-to-date symlink: /root/Synthetic_data_collection/isaac_lab_data_collection/install/my_robot_description/share/my_robot_description/meshes/biped_s45_meshes/2f85/base.stl
[0.729s] -- Up-to-date symlink: /root/Synthetic_data_collection/isaac_lab_data_collection/install/my_robot_description/share/my_robot_description/meshes/biped_s45_meshes/2f85/base_mount.stl
[0.730s] -- Up-to-date symlink: /root/Synthetic_data_collection/isaac_lab_data_collection/install/my_robot_description/share/my_robot_description/meshes/biped_s45_meshes/2f85/coupler.stl
[0.731s] -- Up-to-date symlink: /root/Synthetic_data_collection/isaac_lab_data_collection/install/my_robot_description/share/my_robot_description/meshes/biped_s45_meshes/2f85/driver.stl
[0.733s] -- Up-to-date symlink: /root/Synthetic_data_collection/isaac_lab_data_collection/install/my_robot_description/share/my_robot_description/meshes/biped_s45_meshes/2f85/follower.stl
[0.735s] -- Up-to-date symlink: /root/Synthetic_data_collection/isaac_lab_data_collection/install/my_robot_description/share/my_robot_description/meshes/biped_s45_meshes/2f85/inner_finger_coarse_new.STL
[0.736s] -- Up-to-date symlink: /root/Synthetic_data_collection/isaac_lab_data_collection/install/my_robot_description/share/my_robot_description/meshes/biped_s45_meshes/2f85/inner_finger_fine_new.STL
[0.738s] -- Up-to-date symlink: /root/Synthetic_data_collection/isaac_lab_data_collection/install/my_robot_description/share/my_robot_description/meshes/biped_s45_meshes/2f85/inner_knuckle_coarse_new.STL
[0.741s] -- Up-to-date symlink: /root/Synthetic_data_collection/isaac_lab_data_collection/install/my_robot_description/share/my_robot_description/meshes/biped_s45_meshes/2f85/inner_knuckle_fine_new.STL
[0.743s] -- Up-to-date symlink: /root/Synthetic_data_collection/isaac_lab_data_collection/install/my_robot_description/share/my_robot_description/meshes/biped_s45_meshes/2f85/outer_finger_coarse_new.STL
[0.744s] -- Up-to-date symlink: /root/Synthetic_data_collection/isaac_lab_data_collection/install/my_robot_description/share/my_robot_description/meshes/biped_s45_meshes/2f85/outer_finger_fine_new.STL
[0.746s] -- Up-to-date symlink: /root/Synthetic_data_collection/isaac_lab_data_collection/install/my_robot_description/share/my_robot_description/meshes/biped_s45_meshes/2f85/outer_knuckle_coarse_new.STL
[0.747s] -- Up-to-date symlink: /root/Synthetic_data_collection/isaac_lab_data_collection/install/my_robot_description/share/my_robot_description/meshes/biped_s45_meshes/2f85/outer_knuckle_fine_new.STL
[0.749s] -- Up-to-date symlink: /root/Synthetic_data_collection/isaac_lab_data_collection/install/my_robot_description/share/my_robot_description/meshes/biped_s45_meshes/2f85/pad.stl
[0.749s] -- Up-to-date symlink: /root/Synthetic_data_collection/isaac_lab_data_collection/install/my_robot_description/share/my_robot_description/meshes/biped_s45_meshes/2f85/robotiq_85.xml
[0.751s] -- Up-to-date symlink: /root/Synthetic_data_collection/isaac_lab_data_collection/install/my_robot_description/share/my_robot_description/meshes/biped_s45_meshes/2f85/robotiq_85_base_link_coarse_new.STL
[0.753s] -- Up-to-date symlink: /root/Synthetic_data_collection/isaac_lab_data_collection/install/my_robot_description/share/my_robot_description/meshes/biped_s45_meshes/2f85/robotiq_85_base_link_fine_new.STL
[0.754s] -- Up-to-date symlink: /root/Synthetic_data_collection/isaac_lab_data_collection/install/my_robot_description/share/my_robot_description/meshes/biped_s45_meshes/2f85/silicone_pad.stl
[0.755s] -- Up-to-date symlink: /root/Synthetic_data_collection/isaac_lab_data_collection/install/my_robot_description/share/my_robot_description/meshes/biped_s45_meshes/2f85/spring_link.stl
[0.756s] -- Up-to-date symlink: /root/Synthetic_data_collection/isaac_lab_data_collection/install/my_robot_description/share/my_robot_description/meshes/biped_s45_meshes/D405.stl
[0.758s] -- Up-to-date symlink: /root/Synthetic_data_collection/isaac_lab_data_collection/install/my_robot_description/share/my_robot_description/meshes/biped_s45_meshes/camera.STL
[0.759s] -- Up-to-date symlink: /root/Synthetic_data_collection/isaac_lab_data_collection/install/my_robot_description/share/my_robot_description/meshes/biped_s45_meshes/camera_base.STL
[0.760s] -- Up-to-date symlink: /root/Synthetic_data_collection/isaac_lab_data_collection/install/my_robot_description/share/my_robot_description/meshes/biped_s45_meshes/head_pitch.STL
[0.761s] -- Up-to-date symlink: /root/Synthetic_data_collection/isaac_lab_data_collection/install/my_robot_description/share/my_robot_description/meshes/biped_s45_meshes/head_yaw.STL
[0.763s] -- Up-to-date symlink: /root/Synthetic_data_collection/isaac_lab_data_collection/install/my_robot_description/share/my_robot_description/meshes/biped_s45_meshes/l_arm_foream.STL
[0.764s] -- Up-to-date symlink: /root/Synthetic_data_collection/isaac_lab_data_collection/install/my_robot_description/share/my_robot_description/meshes/biped_s45_meshes/l_arm_pitch.STL
[0.765s] -- Up-to-date symlink: /root/Synthetic_data_collection/isaac_lab_data_collection/install/my_robot_description/share/my_robot_description/meshes/biped_s45_meshes/l_arm_roll.STL
[0.766s] -- Up-to-date symlink: /root/Synthetic_data_collection/isaac_lab_data_collection/install/my_robot_description/share/my_robot_description/meshes/biped_s45_meshes/l_arm_yaw.STL
[0.768s] -- Up-to-date symlink: /root/Synthetic_data_collection/isaac_lab_data_collection/install/my_robot_description/share/my_robot_description/meshes/biped_s45_meshes/l_foot_pitch.STL
[0.769s] -- Up-to-date symlink: /root/Synthetic_data_collection/isaac_lab_data_collection/install/my_robot_description/share/my_robot_description/meshes/biped_s45_meshes/l_foot_roll.STL
[0.771s] -- Up-to-date symlink: /root/Synthetic_data_collection/isaac_lab_data_collection/install/my_robot_description/share/my_robot_description/meshes/biped_s45_meshes/l_forearm.STL
[0.771s] -- Up-to-date symlink: /root/Synthetic_data_collection/isaac_lab_data_collection/install/my_robot_description/share/my_robot_description/meshes/biped_s45_meshes/l_hand_pitch.STL
[0.773s] -- Up-to-date symlink: /root/Synthetic_data_collection/isaac_lab_data_collection/install/my_robot_description/share/my_robot_description/meshes/biped_s45_meshes/l_hand_roll.STL
[0.773s] -- Up-to-date symlink: /root/Synthetic_data_collection/isaac_lab_data_collection/install/my_robot_description/share/my_robot_description/meshes/biped_s45_meshes/l_hand_yaw.STL
[0.774s] -- Up-to-date symlink: /root/Synthetic_data_collection/isaac_lab_data_collection/install/my_robot_description/share/my_robot_description/meshes/biped_s45_meshes/l_knee.STL
[0.775s] -- Up-to-date symlink: /root/Synthetic_data_collection/isaac_lab_data_collection/install/my_robot_description/share/my_robot_description/meshes/biped_s45_meshes/l_knee_bar.STL
[0.775s] -- Up-to-date symlink: /root/Synthetic_data_collection/isaac_lab_data_collection/install/my_robot_description/share/my_robot_description/meshes/biped_s45_meshes/l_knee_tendon.STL
[0.776s] -- Up-to-date symlink: /root/Synthetic_data_collection/isaac_lab_data_collection/install/my_robot_description/share/my_robot_description/meshes/biped_s45_meshes/l_l_bar.STL
[0.777s] -- Up-to-date symlink: /root/Synthetic_data_collection/isaac_lab_data_collection/install/my_robot_description/share/my_robot_description/meshes/biped_s45_meshes/l_l_tendon.STL
[0.778s] -- Up-to-date symlink: /root/Synthetic_data_collection/isaac_lab_data_collection/install/my_robot_description/share/my_robot_description/meshes/biped_s45_meshes/l_leg_pitch.STL
[0.779s] -- Up-to-date symlink: /root/Synthetic_data_collection/isaac_lab_data_collection/install/my_robot_description/share/my_robot_description/meshes/biped_s45_meshes/l_leg_roll.STL
[0.780s] -- Up-to-date symlink: /root/Synthetic_data_collection/isaac_lab_data_collection/install/my_robot_description/share/my_robot_description/meshes/biped_s45_meshes/l_leg_yaw.STL
[0.781s] -- Up-to-date symlink: /root/Synthetic_data_collection/isaac_lab_data_collection/install/my_robot_description/share/my_robot_description/meshes/biped_s45_meshes/l_r_bar.STL
[0.781s] -- Up-to-date symlink: /root/Synthetic_data_collection/isaac_lab_data_collection/install/my_robot_description/share/my_robot_description/meshes/biped_s45_meshes/l_r_tendon.STL
[0.782s] -- Up-to-date symlink: /root/Synthetic_data_collection/isaac_lab_data_collection/install/my_robot_description/share/my_robot_description/meshes/biped_s45_meshes/r_arm_pitch.STL
[0.783s] -- Up-to-date symlink: /root/Synthetic_data_collection/isaac_lab_data_collection/install/my_robot_description/share/my_robot_description/meshes/biped_s45_meshes/r_arm_roll.STL
[0.784s] -- Up-to-date symlink: /root/Synthetic_data_collection/isaac_lab_data_collection/install/my_robot_description/share/my_robot_description/meshes/biped_s45_meshes/r_arm_yaw.STL
[0.785s] -- Up-to-date symlink: /root/Synthetic_data_collection/isaac_lab_data_collection/install/my_robot_description/share/my_robot_description/meshes/biped_s45_meshes/r_foot_pitch.STL
[0.786s] -- Up-to-date symlink: /root/Synthetic_data_collection/isaac_lab_data_collection/install/my_robot_description/share/my_robot_description/meshes/biped_s45_meshes/r_foot_roll.STL
[0.787s] -- Up-to-date symlink: /root/Synthetic_data_collection/isaac_lab_data_collection/install/my_robot_description/share/my_robot_description/meshes/biped_s45_meshes/r_foream.STL
[0.788s] -- Up-to-date symlink: /root/Synthetic_data_collection/isaac_lab_data_collection/install/my_robot_description/share/my_robot_description/meshes/biped_s45_meshes/r_forearm.STL
[0.789s] -- Up-to-date symlink: /root/Synthetic_data_collection/isaac_lab_data_collection/install/my_robot_description/share/my_robot_description/meshes/biped_s45_meshes/r_hand_pitch.STL
[0.791s] -- Up-to-date symlink: /root/Synthetic_data_collection/isaac_lab_data_collection/install/my_robot_description/share/my_robot_description/meshes/biped_s45_meshes/r_hand_roll.STL
[0.792s] -- Up-to-date symlink: /root/Synthetic_data_collection/isaac_lab_data_collection/install/my_robot_description/share/my_robot_description/meshes/biped_s45_meshes/r_hand_yaw.STL
[0.794s] -- Up-to-date symlink: /root/Synthetic_data_collection/isaac_lab_data_collection/install/my_robot_description/share/my_robot_description/meshes/biped_s45_meshes/r_knee.STL
[0.795s] -- Up-to-date symlink: /root/Synthetic_data_collection/isaac_lab_data_collection/install/my_robot_description/share/my_robot_description/meshes/biped_s45_meshes/r_knee_bar.STL
[0.799s] -- Up-to-date symlink: /root/Synthetic_data_collection/isaac_lab_data_collection/install/my_robot_description/share/my_robot_description/meshes/biped_s45_meshes/r_knee_tendon.STL
[0.802s] -- Up-to-date symlink: /root/Synthetic_data_collection/isaac_lab_data_collection/install/my_robot_description/share/my_robot_description/meshes/biped_s45_meshes/r_l_bar.STL
[0.805s] -- Up-to-date symlink: /root/Synthetic_data_collection/isaac_lab_data_collection/install/my_robot_description/share/my_robot_description/meshes/biped_s45_meshes/r_l_tendon.STL
[0.810s] -- Up-to-date symlink: /root/Synthetic_data_collection/isaac_lab_data_collection/install/my_robot_description/share/my_robot_description/meshes/biped_s45_meshes/r_leg_pitch.STL
[0.812s] -- Up-to-date symlink: /root/Synthetic_data_collection/isaac_lab_data_collection/install/my_robot_description/share/my_robot_description/meshes/biped_s45_meshes/r_leg_roll.STL
[0.816s] -- Up-to-date symlink: /root/Synthetic_data_collection/isaac_lab_data_collection/install/my_robot_description/share/my_robot_description/meshes/biped_s45_meshes/r_leg_yaw.STL
[0.818s] -- Up-to-date symlink: /root/Synthetic_data_collection/isaac_lab_data_collection/install/my_robot_description/share/my_robot_description/meshes/biped_s45_meshes/r_r_bar.STL
[0.819s] -- Up-to-date symlink: /root/Synthetic_data_collection/isaac_lab_data_collection/install/my_robot_description/share/my_robot_description/meshes/biped_s45_meshes/r_r_tendon.STL
[0.821s] -- Up-to-date symlink: /root/Synthetic_data_collection/isaac_lab_data_collection/install/my_robot_description/share/my_robot_description/meshes/biped_s45_meshes/radar.STL
[0.822s] -- Up-to-date symlink: /root/Synthetic_data_collection/isaac_lab_data_collection/install/my_robot_description/share/my_robot_description/meshes/biped_s45_meshes/torso.STL
[0.825s] -- Up-to-date symlink: /root/Synthetic_data_collection/isaac_lab_data_collection/install/my_robot_description/share/my_robot_description/launch/display_launch.py
[0.826s] -- Up-to-date symlink: /root/Synthetic_data_collection/isaac_lab_data_collection/install/my_robot_description/share/my_robot_description/launch/s40_display_launch.py
[0.830s] -- Up-to-date symlink: /root/Synthetic_data_collection/isaac_lab_data_collection/install/my_robot_description/share/my_robot_description/config/joint_names_biped_s45.yaml
[0.835s] -- Up-to-date symlink: /root/Synthetic_data_collection/isaac_lab_data_collection/install/my_robot_description/share/ament_index/resource_index/package_run_dependencies/my_robot_description
[0.837s] -- Up-to-date symlink: /root/Synthetic_data_collection/isaac_lab_data_collection/install/my_robot_description/share/ament_index/resource_index/parent_prefix_path/my_robot_description
[0.842s] -- Up-to-date symlink: /root/Synthetic_data_collection/isaac_lab_data_collection/install/my_robot_description/share/my_robot_description/environment/ament_prefix_path.sh
[0.844s] -- Up-to-date symlink: /root/Synthetic_data_collection/isaac_lab_data_collection/install/my_robot_description/share/my_robot_description/environment/ament_prefix_path.dsv
[0.845s] -- Up-to-date symlink: /root/Synthetic_data_collection/isaac_lab_data_collection/install/my_robot_description/share/my_robot_description/environment/path.sh
[0.846s] -- Up-to-date symlink: /root/Synthetic_data_collection/isaac_lab_data_collection/install/my_robot_description/share/my_robot_description/environment/path.dsv
[0.848s] -- Up-to-date symlink: /root/Synthetic_data_collection/isaac_lab_data_collection/install/my_robot_description/share/my_robot_description/local_setup.bash
[0.849s] -- Up-to-date symlink: /root/Synthetic_data_collection/isaac_lab_data_collection/install/my_robot_description/share/my_robot_description/local_setup.sh
[0.851s] -- Up-to-date symlink: /root/Synthetic_data_collection/isaac_lab_data_collection/install/my_robot_description/share/my_robot_description/local_setup.zsh
[0.853s] -- Up-to-date symlink: /root/Synthetic_data_collection/isaac_lab_data_collection/install/my_robot_description/share/my_robot_description/local_setup.dsv
[0.854s] -- Symlinking: /root/Synthetic_data_collection/isaac_lab_data_collection/install/my_robot_description/share/my_robot_description/package.dsv
[0.892s] -- Up-to-date symlink: /root/Synthetic_data_collection/isaac_lab_data_collection/install/my_robot_description/share/ament_index/resource_index/packages/my_robot_description
[0.894s] -- Up-to-date symlink: /root/Synthetic_data_collection/isaac_lab_data_collection/install/my_robot_description/share/my_robot_description/cmake/my_robot_descriptionConfig.cmake
[0.895s] -- Up-to-date symlink: /root/Synthetic_data_collection/isaac_lab_data_collection/install/my_robot_description/share/my_robot_description/cmake/my_robot_descriptionConfig-version.cmake
[0.896s] -- Up-to-date symlink: /root/Synthetic_data_collection/isaac_lab_data_collection/install/my_robot_description/share/my_robot_description/package.xml
[0.904s] Invoked command in '/root/Synthetic_data_collection/isaac_lab_data_collection/build/my_robot_description' returned '0': CMAKE_PREFIX_PATH=${CMAKE_PREFIX_PATH}:/opt/ros/jazzy CONDA_PROMPT_MODIFIER=(exo_suit_jazzy_v2_2) /usr/bin/cmake --install /root/Synthetic_data_collection/isaac_lab_data_collection/build/my_robot_description
