[1.436s] Invoking command in '/root/Synthetic_data_collection/isaac_lab_data_collection/build/servo_angle_publisher': CONDA_PROMPT_MODIFIER=(exo_suit_jazzy_v2_3) PYTHONPATH=/root/Synthetic_data_collection/isaac_lab_data_collection/build/servo_angle_publisher/prefix_override:/usr/lib/python3/dist-packages/colcon_core/task/python/colcon_distutils_commands:/root/Synthetic_data_collection/isaac_lab_data_collection/install/servo_angle_publisher/lib/python3.12/site-packages:${PYTHONPATH} /usr/bin/python3 -W ignore:setup.py install is deprecated -W ignore:easy_install command is deprecated setup.py develop --uninstall --editable --build-directory /root/Synthetic_data_collection/isaac_lab_data_collection/build/servo_angle_publisher/build
[1.875s] running develop
[2.121s] Removing /root/Synthetic_data_collection/isaac_lab_data_collection/install/servo_angle_publisher/lib/python3.12/site-packages/servo-angle-publisher.egg-link (link to .)
[2.247s] Invoked command in '/root/Synthetic_data_collection/isaac_lab_data_collection/build/servo_angle_publisher' returned '0': CONDA_PROMPT_MODIFIER=(exo_suit_jazzy_v2_3) PYTHONPATH=/root/Synthetic_data_collection/isaac_lab_data_collection/build/servo_angle_publisher/prefix_override:/usr/lib/python3/dist-packages/colcon_core/task/python/colcon_distutils_commands:/root/Synthetic_data_collection/isaac_lab_data_collection/install/servo_angle_publisher/lib/python3.12/site-packages:${PYTHONPATH} /usr/bin/python3 -W ignore:setup.py install is deprecated -W ignore:easy_install command is deprecated setup.py develop --uninstall --editable --build-directory /root/Synthetic_data_collection/isaac_lab_data_collection/build/servo_angle_publisher/build
[2.250s] Invoking command in '/root/Synthetic_data_collection/isaac_lab_data_collection/src/servo_angle_publisher': CONDA_PROMPT_MODIFIER=(exo_suit_jazzy_v2_3) PYTHONPATH=/root/Synthetic_data_collection/isaac_lab_data_collection/build/servo_angle_publisher/prefix_override:/usr/lib/python3/dist-packages/colcon_core/task/python/colcon_distutils_commands:/root/Synthetic_data_collection/isaac_lab_data_collection/install/servo_angle_publisher/lib/python3.12/site-packages:${PYTHONPATH} /usr/bin/python3 -W ignore:setup.py install is deprecated -W ignore:easy_install command is deprecated setup.py egg_info --egg-base ../../build/servo_angle_publisher build --build-base /root/Synthetic_data_collection/isaac_lab_data_collection/build/servo_angle_publisher/build install --record /root/Synthetic_data_collection/isaac_lab_data_collection/build/servo_angle_publisher/install.log --single-version-externally-managed install_data --force
[2.627s] running egg_info
[2.650s] writing ../../build/servo_angle_publisher/servo_angle_publisher.egg-info/PKG-INFO
[2.650s] writing dependency_links to ../../build/servo_angle_publisher/servo_angle_publisher.egg-info/dependency_links.txt
[2.651s] writing entry points to ../../build/servo_angle_publisher/servo_angle_publisher.egg-info/entry_points.txt
[2.651s] writing requirements to ../../build/servo_angle_publisher/servo_angle_publisher.egg-info/requires.txt
[2.652s] writing top-level names to ../../build/servo_angle_publisher/servo_angle_publisher.egg-info/top_level.txt
[2.699s] reading manifest file '../../build/servo_angle_publisher/servo_angle_publisher.egg-info/SOURCES.txt'
[2.701s] writing manifest file '../../build/servo_angle_publisher/servo_angle_publisher.egg-info/SOURCES.txt'
[2.701s] running build
[2.702s] running build_py
[2.702s] copying servo_angle_publisher/joint_state_merger.py -> /root/Synthetic_data_collection/isaac_lab_data_collection/build/servo_angle_publisher/build/lib/servo_angle_publisher
[2.703s] running install
[2.712s] running install_lib
[2.736s] creating /root/Synthetic_data_collection/isaac_lab_data_collection/install/servo_angle_publisher/lib/python3.12/site-packages/servo_angle_publisher
[2.737s] copying /root/Synthetic_data_collection/isaac_lab_data_collection/build/servo_angle_publisher/build/lib/servo_angle_publisher/joint_state_merger.py -> /root/Synthetic_data_collection/isaac_lab_data_collection/install/servo_angle_publisher/lib/python3.12/site-packages/servo_angle_publisher
[2.737s] copying /root/Synthetic_data_collection/isaac_lab_data_collection/build/servo_angle_publisher/build/lib/servo_angle_publisher/__init__.py -> /root/Synthetic_data_collection/isaac_lab_data_collection/install/servo_angle_publisher/lib/python3.12/site-packages/servo_angle_publisher
[2.738s] copying /root/Synthetic_data_collection/isaac_lab_data_collection/build/servo_angle_publisher/build/lib/servo_angle_publisher/node.py -> /root/Synthetic_data_collection/isaac_lab_data_collection/install/servo_angle_publisher/lib/python3.12/site-packages/servo_angle_publisher
[2.738s] copying /root/Synthetic_data_collection/isaac_lab_data_collection/build/servo_angle_publisher/build/lib/servo_angle_publisher/node_rad.py -> /root/Synthetic_data_collection/isaac_lab_data_collection/install/servo_angle_publisher/lib/python3.12/site-packages/servo_angle_publisher
[2.740s] byte-compiling /root/Synthetic_data_collection/isaac_lab_data_collection/install/servo_angle_publisher/lib/python3.12/site-packages/servo_angle_publisher/joint_state_merger.py to joint_state_merger.cpython-312.pyc
[2.743s] byte-compiling /root/Synthetic_data_collection/isaac_lab_data_collection/install/servo_angle_publisher/lib/python3.12/site-packages/servo_angle_publisher/__init__.py to __init__.cpython-312.pyc
[2.744s] byte-compiling /root/Synthetic_data_collection/isaac_lab_data_collection/install/servo_angle_publisher/lib/python3.12/site-packages/servo_angle_publisher/node.py to node.cpython-312.pyc
[2.747s] byte-compiling /root/Synthetic_data_collection/isaac_lab_data_collection/install/servo_angle_publisher/lib/python3.12/site-packages/servo_angle_publisher/node_rad.py to node_rad.cpython-312.pyc
[2.750s] running install_data
[2.750s] copying resource/servo_angle_publisher -> /root/Synthetic_data_collection/isaac_lab_data_collection/install/servo_angle_publisher/share/ament_index/resource_index/packages
[2.751s] copying package.xml -> /root/Synthetic_data_collection/isaac_lab_data_collection/install/servo_angle_publisher/share/servo_angle_publisher
[2.751s] copying launch/servo_fullbody.launch.py -> /root/Synthetic_data_collection/isaac_lab_data_collection/install/servo_angle_publisher/share/servo_angle_publisher/launch
[2.752s] copying launch/rad_servo_angle.launch.py -> /root/Synthetic_data_collection/isaac_lab_data_collection/install/servo_angle_publisher/share/servo_angle_publisher/launch
[2.752s] copying launch/servo_angle.launch.py -> /root/Synthetic_data_collection/isaac_lab_data_collection/install/servo_angle_publisher/share/servo_angle_publisher/launch
[2.753s] copying config/fullbody_defaults.yaml -> /root/Synthetic_data_collection/isaac_lab_data_collection/install/servo_angle_publisher/share/servo_angle_publisher/config
[2.753s] running install_egg_info
[2.779s] Copying ../../build/servo_angle_publisher/servo_angle_publisher.egg-info to /root/Synthetic_data_collection/isaac_lab_data_collection/install/servo_angle_publisher/lib/python3.12/site-packages/servo_angle_publisher-0.0.1-py3.12.egg-info
[2.781s] running install_scripts
[2.967s] Installing joint_state_merger script to /root/Synthetic_data_collection/isaac_lab_data_collection/install/servo_angle_publisher/lib/servo_angle_publisher
[2.968s] Installing servo_angle_node script to /root/Synthetic_data_collection/isaac_lab_data_collection/install/servo_angle_publisher/lib/servo_angle_publisher
[2.968s] Installing servo_angle_node_rad script to /root/Synthetic_data_collection/isaac_lab_data_collection/install/servo_angle_publisher/lib/servo_angle_publisher
[2.969s] writing list of installed files to '/root/Synthetic_data_collection/isaac_lab_data_collection/build/servo_angle_publisher/install.log'
[3.087s] Invoked command in '/root/Synthetic_data_collection/isaac_lab_data_collection/src/servo_angle_publisher' returned '0': CONDA_PROMPT_MODIFIER=(exo_suit_jazzy_v2_3) PYTHONPATH=/root/Synthetic_data_collection/isaac_lab_data_collection/build/servo_angle_publisher/prefix_override:/usr/lib/python3/dist-packages/colcon_core/task/python/colcon_distutils_commands:/root/Synthetic_data_collection/isaac_lab_data_collection/install/servo_angle_publisher/lib/python3.12/site-packages:${PYTHONPATH} /usr/bin/python3 -W ignore:setup.py install is deprecated -W ignore:easy_install command is deprecated setup.py egg_info --egg-base ../../build/servo_angle_publisher build --build-base /root/Synthetic_data_collection/isaac_lab_data_collection/build/servo_angle_publisher/build install --record /root/Synthetic_data_collection/isaac_lab_data_collection/build/servo_angle_publisher/install.log --single-version-externally-managed install_data --force
