[0.052s] Invoking command in '/root/Synthetic_data_collection/isaac_lab_data_collection/build/dynamic_biped': CMAKE_PREFIX_PATH=${CMAKE_PREFIX_PATH}:/root/Synthetic_data_collection/isaac_lab_data_collection/install/servo_angle_publisher:/opt/ros/jazzy CONDA_PROMPT_MODIFIER=(exo_suit_jazzy_v2_2) /usr/bin/cmake /root/Synthetic_data_collection/isaac_lab_data_collection/src/dynamic_biped -DCMAKE_INSTALL_PREFIX=/root/Synthetic_data_collection/isaac_lab_data_collection/install/dynamic_biped
[0.125s] -- Found ament_cmake: 2.5.4 (/opt/ros/jazzy/share/ament_cmake/cmake)
[0.196s] -- Found Python3: /opt/conda/envs/exo_suit_jazzy_v2_2/bin/python3 (found version "3.12.12") found components: Interpreter 
[0.418s] -- Override CMake install command with custom implementation using symlinks instead of copying resources
[0.460s] -- Found rosidl_default_generators: 1.6.0 (/opt/ros/jazzy/share/rosidl_default_generators/cmake)
[0.473s] -- Using all available rosidl_typesupport_c: rosidl_typesupport_fastrtps_c;rosidl_typesupport_introspection_c
[0.547s] -- Using all available rosidl_typesupport_cpp: rosidl_typesupport_fastrtps_cpp;rosidl_typesupport_introspection_cpp
[0.598s] -- Found rosidl_adapter: 4.6.6 (/opt/ros/jazzy/share/rosidl_adapter/cmake)
[0.602s] -- Found std_msgs: 5.3.6 (/opt/ros/jazzy/share/std_msgs/cmake)
[0.650s] -- Found geometry_msgs: 5.3.6 (/opt/ros/jazzy/share/geometry_msgs/cmake)
[1.691s] -- Found ament_cmake_ros: 0.12.0 (/opt/ros/jazzy/share/ament_cmake_ros/cmake)
[1.987s] -- Using all available rosidl_typesupport_c: rosidl_typesupport_fastrtps_c;rosidl_typesupport_introspection_c
[2.390s] -- Using all available rosidl_typesupport_cpp: rosidl_typesupport_fastrtps_cpp;rosidl_typesupport_introspection_cpp
[2.394s] -- Found python_cmake_module: 0.11.1 (/opt/ros/jazzy/share/python_cmake_module/cmake)
[3.033s] -- Found Python3: /opt/conda/envs/exo_suit_jazzy_v2_2/bin/python3 (found version "3.12.12") found components: Interpreter Development NumPy Development.Module Development.Embed 
[3.120s] -- Configuring done (3.0s)
[3.287s] -- Generating done (0.1s)
[3.314s] -- Build files have been written to: /root/Synthetic_data_collection/isaac_lab_data_collection/build/dynamic_biped
[3.335s] Invoked command in '/root/Synthetic_data_collection/isaac_lab_data_collection/build/dynamic_biped' returned '0': CMAKE_PREFIX_PATH=${CMAKE_PREFIX_PATH}:/root/Synthetic_data_collection/isaac_lab_data_collection/install/servo_angle_publisher:/opt/ros/jazzy CONDA_PROMPT_MODIFIER=(exo_suit_jazzy_v2_2) /usr/bin/cmake /root/Synthetic_data_collection/isaac_lab_data_collection/src/dynamic_biped -DCMAKE_INSTALL_PREFIX=/root/Synthetic_data_collection/isaac_lab_data_collection/install/dynamic_biped
[3.337s] Invoking command in '/root/Synthetic_data_collection/isaac_lab_data_collection/build/dynamic_biped': CMAKE_PREFIX_PATH=${CMAKE_PREFIX_PATH}:/root/Synthetic_data_collection/isaac_lab_data_collection/install/servo_angle_publisher:/opt/ros/jazzy CONDA_PROMPT_MODIFIER=(exo_suit_jazzy_v2_2) /usr/bin/cmake --build /root/Synthetic_data_collection/isaac_lab_data_collection/build/dynamic_biped -- -j8 -l8
[3.507s] [  0%] Built target dynamic_biped__rosidl_generator_type_description
[3.557s] [  0%] Built target ament_cmake_python_symlink_dynamic_biped
[3.598s] [  0%] Built target dynamic_biped__cpp
[3.657s] [ 28%] Built target dynamic_biped__rosidl_generator_c
[3.771s] [ 43%] Built target dynamic_biped__rosidl_typesupport_introspection_c
[3.772s] [ 50%] Built target dynamic_biped__rosidl_typesupport_cpp
[3.774s] [ 58%] Built target dynamic_biped__rosidl_typesupport_introspection_cpp
[3.786s] [ 68%] Built target dynamic_biped__rosidl_typesupport_c
[3.821s] [ 86%] Built target dynamic_biped__rosidl_typesupport_fastrtps_cpp
[3.821s] [ 87%] Built target dynamic_biped__rosidl_typesupport_fastrtps_c
[3.891s] [ 87%] Built target dynamic_biped
[3.974s] [ 87%] Built target dynamic_biped__py
[4.049s] running egg_info
[4.072s] writing dynamic_biped.egg-info/PKG-INFO
[4.073s] writing dependency_links to dynamic_biped.egg-info/dependency_links.txt
[4.073s] writing top-level names to dynamic_biped.egg-info/top_level.txt
[4.096s] [ 97%] Built target dynamic_biped__rosidl_generator_py
[4.147s] reading manifest file 'dynamic_biped.egg-info/SOURCES.txt'
[4.149s] writing manifest file 'dynamic_biped.egg-info/SOURCES.txt'
[4.179s] [ 98%] Built target dynamic_biped_s__rosidl_typesupport_introspection_c
[4.200s] [100%] Built target dynamic_biped_s__rosidl_typesupport_fastrtps_c
[4.201s] [100%] Built target dynamic_biped_s__rosidl_typesupport_c
[4.252s] [100%] Built target ament_cmake_python_build_dynamic_biped_egg
[4.287s] Invoked command in '/root/Synthetic_data_collection/isaac_lab_data_collection/build/dynamic_biped' returned '0': CMAKE_PREFIX_PATH=${CMAKE_PREFIX_PATH}:/root/Synthetic_data_collection/isaac_lab_data_collection/install/servo_angle_publisher:/opt/ros/jazzy CONDA_PROMPT_MODIFIER=(exo_suit_jazzy_v2_2) /usr/bin/cmake --build /root/Synthetic_data_collection/isaac_lab_data_collection/build/dynamic_biped -- -j8 -l8
[4.289s] Invoking command in '/root/Synthetic_data_collection/isaac_lab_data_collection/build/dynamic_biped': CMAKE_PREFIX_PATH=${CMAKE_PREFIX_PATH}:/root/Synthetic_data_collection/isaac_lab_data_collection/install/servo_angle_publisher:/opt/ros/jazzy CONDA_PROMPT_MODIFIER=(exo_suit_jazzy_v2_2) /usr/bin/cmake --install /root/Synthetic_data_collection/isaac_lab_data_collection/build/dynamic_biped
[4.304s] -- Install configuration: ""
[4.305s] -- Execute custom install script
[4.306s] -- Up-to-date symlink: /root/Synthetic_data_collection/isaac_lab_data_collection/install/dynamic_biped/share/ament_index/resource_index/rosidl_interfaces/dynamic_biped
[4.306s] -- Up-to-date symlink: /root/Synthetic_data_collection/isaac_lab_data_collection/install/dynamic_biped/share/dynamic_biped/msg/ArmHandPose.json
[4.307s] -- Up-to-date symlink: /root/Synthetic_data_collection/isaac_lab_data_collection/install/dynamic_biped/share/dynamic_biped/msg/ECJointMotordata.json
[4.307s] -- Up-to-date symlink: /root/Synthetic_data_collection/isaac_lab_data_collection/install/dynamic_biped/share/dynamic_biped/msg/HandRotationEular.json
[4.308s] -- Up-to-date symlink: /root/Synthetic_data_collection/isaac_lab_data_collection/install/dynamic_biped/share/dynamic_biped/msg/HandRotation.json
[4.308s] -- Up-to-date symlink: /root/Synthetic_data_collection/isaac_lab_data_collection/install/dynamic_biped/share/dynamic_biped/msg/QuaternionArray.json
[4.309s] -- Up-to-date symlink: /root/Synthetic_data_collection/isaac_lab_data_collection/install/dynamic_biped/share/dynamic_biped/msg/RecordArmHandPose.json
[4.309s] -- Up-to-date symlink: /root/Synthetic_data_collection/isaac_lab_data_collection/install/dynamic_biped/share/dynamic_biped/msg/RobotArmInfo.json
[4.310s] -- Up-to-date symlink: /root/Synthetic_data_collection/isaac_lab_data_collection/install/dynamic_biped/share/dynamic_biped/msg/RobotArmQVVD.json
[4.310s] -- Up-to-date symlink: /root/Synthetic_data_collection/isaac_lab_data_collection/install/dynamic_biped/share/dynamic_biped/msg/RobotHandEff.json
[4.311s] -- Up-to-date symlink: /root/Synthetic_data_collection/isaac_lab_data_collection/install/dynamic_biped/share/dynamic_biped/msg/RobotHandPosition.json
[4.311s] -- Up-to-date symlink: /root/Synthetic_data_collection/isaac_lab_data_collection/install/dynamic_biped/share/dynamic_biped/msg/RobotHeadMotionData.json
[4.312s] -- Up-to-date symlink: /root/Synthetic_data_collection/isaac_lab_data_collection/install/dynamic_biped/share/dynamic_biped/msg/RobotPhase.json
[4.312s] -- Up-to-date symlink: /root/Synthetic_data_collection/isaac_lab_data_collection/install/dynamic_biped/share/dynamic_biped/msg/RobotQVTau.json
[4.313s] -- Up-to-date symlink: /root/Synthetic_data_collection/isaac_lab_data_collection/install/dynamic_biped/share/dynamic_biped/msg/RobotTorsoState.json
[4.313s] -- Up-to-date symlink: /root/Synthetic_data_collection/isaac_lab_data_collection/install/dynamic_biped/share/dynamic_biped/msg/WalkCommand.json
[4.313s] -- Up-to-date symlink: /root/Synthetic_data_collection/isaac_lab_data_collection/install/dynamic_biped/share/dynamic_biped/srv/ChangeAMBACCtrlMode.json
[4.314s] -- Up-to-date symlink: /root/Synthetic_data_collection/isaac_lab_data_collection/install/dynamic_biped/share/dynamic_biped/srv/ChangeArmCtrlMode.json
[4.315s] -- Up-to-date symlink: /root/Synthetic_data_collection/isaac_lab_data_collection/install/dynamic_biped/share/dynamic_biped/srv/ControlEndHand.json
[4.315s] -- Up-to-date symlink: /root/Synthetic_data_collection/isaac_lab_data_collection/install/dynamic_biped/share/dynamic_biped/srv/SrvChangeCtlMode.json
[4.316s] -- Up-to-date symlink: /root/Synthetic_data_collection/isaac_lab_data_collection/install/dynamic_biped/share/dynamic_biped/srv/SrvChangeJoller.json
[4.316s] -- Up-to-date symlink: /root/Synthetic_data_collection/isaac_lab_data_collection/install/dynamic_biped/share/dynamic_biped/srv/SrvChangePhases.json
[4.317s] -- Up-to-date symlink: /root/Synthetic_data_collection/isaac_lab_data_collection/install/dynamic_biped/share/dynamic_biped/srv/SrvClearPositionCMD.json
[4.317s] -- Up-to-date symlink: /root/Synthetic_data_collection/isaac_lab_data_collection/install/dynamic_biped/share/dynamic_biped/srv/SrvManiInst.json
[4.318s] -- Up-to-date symlink: /root/Synthetic_data_collection/isaac_lab_data_collection/install/dynamic_biped/include/dynamic_biped/dynamic_biped/msg/arm_hand_pose.h
[4.318s] -- Up-to-date symlink: /root/Synthetic_data_collection/isaac_lab_data_collection/install/dynamic_biped/include/dynamic_biped/dynamic_biped/msg/detail/arm_hand_pose__functions.h
[4.318s] -- Up-to-date symlink: /root/Synthetic_data_collection/isaac_lab_data_collection/install/dynamic_biped/include/dynamic_biped/dynamic_biped/msg/detail/arm_hand_pose__struct.h
[4.319s] -- Up-to-date symlink: /root/Synthetic_data_collection/isaac_lab_data_collection/install/dynamic_biped/include/dynamic_biped/dynamic_biped/msg/detail/arm_hand_pose__type_support.h
[4.319s] -- Up-to-date symlink: /root/Synthetic_data_collection/isaac_lab_data_collection/install/dynamic_biped/include/dynamic_biped/dynamic_biped/msg/detail/ec_joint_motordata__functions.h
[4.320s] -- Up-to-date symlink: /root/Synthetic_data_collection/isaac_lab_data_collection/install/dynamic_biped/include/dynamic_biped/dynamic_biped/msg/detail/ec_joint_motordata__struct.h
[4.320s] -- Up-to-date symlink: /root/Synthetic_data_collection/isaac_lab_data_collection/install/dynamic_biped/include/dynamic_biped/dynamic_biped/msg/detail/ec_joint_motordata__type_support.h
[4.321s] -- Up-to-date symlink: /root/Synthetic_data_collection/isaac_lab_data_collection/install/dynamic_biped/include/dynamic_biped/dynamic_biped/msg/detail/hand_rotation__functions.h
[4.321s] -- Up-to-date symlink: /root/Synthetic_data_collection/isaac_lab_data_collection/install/dynamic_biped/include/dynamic_biped/dynamic_biped/msg/detail/hand_rotation__struct.h
[4.322s] -- Up-to-date symlink: /root/Synthetic_data_collection/isaac_lab_data_collection/install/dynamic_biped/include/dynamic_biped/dynamic_biped/msg/detail/hand_rotation__type_support.h
[4.322s] -- Up-to-date symlink: /root/Synthetic_data_collection/isaac_lab_data_collection/install/dynamic_biped/include/dynamic_biped/dynamic_biped/msg/detail/hand_rotation_eular__functions.h
[4.323s] -- Up-to-date symlink: /root/Synthetic_data_collection/isaac_lab_data_collection/install/dynamic_biped/include/dynamic_biped/dynamic_biped/msg/detail/hand_rotation_eular__struct.h
[4.323s] -- Up-to-date symlink: /root/Synthetic_data_collection/isaac_lab_data_collection/install/dynamic_biped/include/dynamic_biped/dynamic_biped/msg/detail/hand_rotation_eular__type_support.h
[4.324s] -- Up-to-date symlink: /root/Synthetic_data_collection/isaac_lab_data_collection/install/dynamic_biped/include/dynamic_biped/dynamic_biped/msg/detail/quaternion_array__functions.h
[4.324s] -- Up-to-date symlink: /root/Synthetic_data_collection/isaac_lab_data_collection/install/dynamic_biped/include/dynamic_biped/dynamic_biped/msg/detail/quaternion_array__struct.h
[4.325s] -- Up-to-date symlink: /root/Synthetic_data_collection/isaac_lab_data_collection/install/dynamic_biped/include/dynamic_biped/dynamic_biped/msg/detail/quaternion_array__type_support.h
[4.325s] -- Up-to-date symlink: /root/Synthetic_data_collection/isaac_lab_data_collection/install/dynamic_biped/include/dynamic_biped/dynamic_biped/msg/detail/record_arm_hand_pose__functions.h
[4.326s] -- Up-to-date symlink: /root/Synthetic_data_collection/isaac_lab_data_collection/install/dynamic_biped/include/dynamic_biped/dynamic_biped/msg/detail/record_arm_hand_pose__struct.h
[4.327s] -- Up-to-date symlink: /root/Synthetic_data_collection/isaac_lab_data_collection/install/dynamic_biped/include/dynamic_biped/dynamic_biped/msg/detail/record_arm_hand_pose__type_support.h
[4.327s] -- Up-to-date symlink: /root/Synthetic_data_collection/isaac_lab_data_collection/install/dynamic_biped/include/dynamic_biped/dynamic_biped/msg/detail/robot_arm_info__functions.h
[4.328s] -- Up-to-date symlink: /root/Synthetic_data_collection/isaac_lab_data_collection/install/dynamic_biped/include/dynamic_biped/dynamic_biped/msg/detail/robot_arm_info__struct.h
[4.328s] -- Up-to-date symlink: /root/Synthetic_data_collection/isaac_lab_data_collection/install/dynamic_biped/include/dynamic_biped/dynamic_biped/msg/detail/robot_arm_info__type_support.h
[4.329s] -- Up-to-date symlink: /root/Synthetic_data_collection/isaac_lab_data_collection/install/dynamic_biped/include/dynamic_biped/dynamic_biped/msg/detail/robot_arm_qvvd__functions.h
[4.329s] -- Up-to-date symlink: /root/Synthetic_data_collection/isaac_lab_data_collection/install/dynamic_biped/include/dynamic_biped/dynamic_biped/msg/detail/robot_arm_qvvd__struct.h
[4.330s] -- Up-to-date symlink: /root/Synthetic_data_collection/isaac_lab_data_collection/install/dynamic_biped/include/dynamic_biped/dynamic_biped/msg/detail/robot_arm_qvvd__type_support.h
[4.331s] -- Up-to-date symlink: /root/Synthetic_data_collection/isaac_lab_data_collection/install/dynamic_biped/include/dynamic_biped/dynamic_biped/msg/detail/robot_hand_eff__functions.h
[4.331s] -- Up-to-date symlink: /root/Synthetic_data_collection/isaac_lab_data_collection/install/dynamic_biped/include/dynamic_biped/dynamic_biped/msg/detail/robot_hand_eff__struct.h
[4.332s] -- Up-to-date symlink: /root/Synthetic_data_collection/isaac_lab_data_collection/install/dynamic_biped/include/dynamic_biped/dynamic_biped/msg/detail/robot_hand_eff__type_support.h
[4.332s] -- Up-to-date symlink: /root/Synthetic_data_collection/isaac_lab_data_collection/install/dynamic_biped/include/dynamic_biped/dynamic_biped/msg/detail/robot_hand_position__functions.h
[4.332s] -- Up-to-date symlink: /root/Synthetic_data_collection/isaac_lab_data_collection/install/dynamic_biped/include/dynamic_biped/dynamic_biped/msg/detail/robot_hand_position__struct.h
[4.333s] -- Up-to-date symlink: /root/Synthetic_data_collection/isaac_lab_data_collection/install/dynamic_biped/include/dynamic_biped/dynamic_biped/msg/detail/robot_hand_position__type_support.h
[4.333s] -- Up-to-date symlink: /root/Synthetic_data_collection/isaac_lab_data_collection/install/dynamic_biped/include/dynamic_biped/dynamic_biped/msg/detail/robot_head_motion_data__functions.h
[4.334s] -- Up-to-date symlink: /root/Synthetic_data_collection/isaac_lab_data_collection/install/dynamic_biped/include/dynamic_biped/dynamic_biped/msg/detail/robot_head_motion_data__struct.h
[4.334s] -- Up-to-date symlink: /root/Synthetic_data_collection/isaac_lab_data_collection/install/dynamic_biped/include/dynamic_biped/dynamic_biped/msg/detail/robot_head_motion_data__type_support.h
[4.335s] -- Up-to-date symlink: /root/Synthetic_data_collection/isaac_lab_data_collection/install/dynamic_biped/include/dynamic_biped/dynamic_biped/msg/detail/robot_phase__functions.h
[4.336s] -- Up-to-date symlink: /root/Synthetic_data_collection/isaac_lab_data_collection/install/dynamic_biped/include/dynamic_biped/dynamic_biped/msg/detail/robot_phase__struct.h
[4.336s] -- Up-to-date symlink: /root/Synthetic_data_collection/isaac_lab_data_collection/install/dynamic_biped/include/dynamic_biped/dynamic_biped/msg/detail/robot_phase__type_support.h
[4.337s] -- Up-to-date symlink: /root/Synthetic_data_collection/isaac_lab_data_collection/install/dynamic_biped/include/dynamic_biped/dynamic_biped/msg/detail/robot_qv_tau__functions.h
[4.337s] -- Up-to-date symlink: /root/Synthetic_data_collection/isaac_lab_data_collection/install/dynamic_biped/include/dynamic_biped/dynamic_biped/msg/detail/robot_qv_tau__struct.h
[4.338s] -- Up-to-date symlink: /root/Synthetic_data_collection/isaac_lab_data_collection/install/dynamic_biped/include/dynamic_biped/dynamic_biped/msg/detail/robot_qv_tau__type_support.h
[4.338s] -- Up-to-date symlink: /root/Synthetic_data_collection/isaac_lab_data_collection/install/dynamic_biped/include/dynamic_biped/dynamic_biped/msg/detail/robot_torso_state__functions.h
[4.339s] -- Up-to-date symlink: /root/Synthetic_data_collection/isaac_lab_data_collection/install/dynamic_biped/include/dynamic_biped/dynamic_biped/msg/detail/robot_torso_state__struct.h
[4.339s] -- Up-to-date symlink: /root/Synthetic_data_collection/isaac_lab_data_collection/install/dynamic_biped/include/dynamic_biped/dynamic_biped/msg/detail/robot_torso_state__type_support.h
[4.340s] -- Up-to-date symlink: /root/Synthetic_data_collection/isaac_lab_data_collection/install/dynamic_biped/include/dynamic_biped/dynamic_biped/msg/detail/walk_command__functions.h
[4.341s] -- Up-to-date symlink: /root/Synthetic_data_collection/isaac_lab_data_collection/install/dynamic_biped/include/dynamic_biped/dynamic_biped/msg/detail/walk_command__struct.h
[4.341s] -- Up-to-date symlink: /root/Synthetic_data_collection/isaac_lab_data_collection/install/dynamic_biped/include/dynamic_biped/dynamic_biped/msg/detail/walk_command__type_support.h
[4.342s] -- Up-to-date symlink: /root/Synthetic_data_collection/isaac_lab_data_collection/install/dynamic_biped/include/dynamic_biped/dynamic_biped/msg/ec_joint_motordata.h
[4.342s] -- Up-to-date symlink: /root/Synthetic_data_collection/isaac_lab_data_collection/install/dynamic_biped/include/dynamic_biped/dynamic_biped/msg/hand_rotation.h
[4.343s] -- Up-to-date symlink: /root/Synthetic_data_collection/isaac_lab_data_collection/install/dynamic_biped/include/dynamic_biped/dynamic_biped/msg/hand_rotation_eular.h
[4.343s] -- Up-to-date symlink: /root/Synthetic_data_collection/isaac_lab_data_collection/install/dynamic_biped/include/dynamic_biped/dynamic_biped/msg/quaternion_array.h
[4.344s] -- Up-to-date symlink: /root/Synthetic_data_collection/isaac_lab_data_collection/install/dynamic_biped/include/dynamic_biped/dynamic_biped/msg/record_arm_hand_pose.h
[4.344s] -- Up-to-date symlink: /root/Synthetic_data_collection/isaac_lab_data_collection/install/dynamic_biped/include/dynamic_biped/dynamic_biped/msg/robot_arm_info.h
[4.345s] -- Up-to-date symlink: /root/Synthetic_data_collection/isaac_lab_data_collection/install/dynamic_biped/include/dynamic_biped/dynamic_biped/msg/robot_arm_qvvd.h
[4.345s] -- Up-to-date symlink: /root/Synthetic_data_collection/isaac_lab_data_collection/install/dynamic_biped/include/dynamic_biped/dynamic_biped/msg/robot_hand_eff.h
[4.346s] -- Up-to-date symlink: /root/Synthetic_data_collection/isaac_lab_data_collection/install/dynamic_biped/include/dynamic_biped/dynamic_biped/msg/robot_hand_position.h
[4.346s] -- Up-to-date symlink: /root/Synthetic_data_collection/isaac_lab_data_collection/install/dynamic_biped/include/dynamic_biped/dynamic_biped/msg/robot_head_motion_data.h
[4.347s] -- Up-to-date symlink: /root/Synthetic_data_collection/isaac_lab_data_collection/install/dynamic_biped/include/dynamic_biped/dynamic_biped/msg/robot_phase.h
[4.347s] -- Up-to-date symlink: /root/Synthetic_data_collection/isaac_lab_data_collection/install/dynamic_biped/include/dynamic_biped/dynamic_biped/msg/robot_qv_tau.h
[4.348s] -- Up-to-date symlink: /root/Synthetic_data_collection/isaac_lab_data_collection/install/dynamic_biped/include/dynamic_biped/dynamic_biped/msg/robot_torso_state.h
[4.348s] -- Up-to-date symlink: /root/Synthetic_data_collection/isaac_lab_data_collection/install/dynamic_biped/include/dynamic_biped/dynamic_biped/msg/rosidl_generator_c__visibility_control.h
[4.349s] -- Up-to-date symlink: /root/Synthetic_data_collection/isaac_lab_data_collection/install/dynamic_biped/include/dynamic_biped/dynamic_biped/msg/walk_command.h
[4.350s] -- Up-to-date symlink: /root/Synthetic_data_collection/isaac_lab_data_collection/install/dynamic_biped/include/dynamic_biped/dynamic_biped/srv/change_ambac_ctrl_mode.h
[4.350s] -- Up-to-date symlink: /root/Synthetic_data_collection/isaac_lab_data_collection/install/dynamic_biped/include/dynamic_biped/dynamic_biped/srv/change_arm_ctrl_mode.h
[4.351s] -- Up-to-date symlink: /root/Synthetic_data_collection/isaac_lab_data_collection/install/dynamic_biped/include/dynamic_biped/dynamic_biped/srv/control_end_hand.h
[4.351s] -- Up-to-date symlink: /root/Synthetic_data_collection/isaac_lab_data_collection/install/dynamic_biped/include/dynamic_biped/dynamic_biped/srv/detail/change_ambac_ctrl_mode__functions.h
[4.352s] -- Up-to-date symlink: /root/Synthetic_data_collection/isaac_lab_data_collection/install/dynamic_biped/include/dynamic_biped/dynamic_biped/srv/detail/change_ambac_ctrl_mode__struct.h
[4.352s] -- Up-to-date symlink: /root/Synthetic_data_collection/isaac_lab_data_collection/install/dynamic_biped/include/dynamic_biped/dynamic_biped/srv/detail/change_ambac_ctrl_mode__type_support.h
[4.353s] -- Up-to-date symlink: /root/Synthetic_data_collection/isaac_lab_data_collection/install/dynamic_biped/include/dynamic_biped/dynamic_biped/srv/detail/change_arm_ctrl_mode__functions.h
[4.353s] -- Up-to-date symlink: /root/Synthetic_data_collection/isaac_lab_data_collection/install/dynamic_biped/include/dynamic_biped/dynamic_biped/srv/detail/change_arm_ctrl_mode__struct.h
[4.354s] -- Up-to-date symlink: /root/Synthetic_data_collection/isaac_lab_data_collection/install/dynamic_biped/include/dynamic_biped/dynamic_biped/srv/detail/change_arm_ctrl_mode__type_support.h
[4.354s] -- Up-to-date symlink: /root/Synthetic_data_collection/isaac_lab_data_collection/install/dynamic_biped/include/dynamic_biped/dynamic_biped/srv/detail/control_end_hand__functions.h
[4.354s] -- Up-to-date symlink: /root/Synthetic_data_collection/isaac_lab_data_collection/install/dynamic_biped/include/dynamic_biped/dynamic_biped/srv/detail/control_end_hand__struct.h
[4.355s] -- Up-to-date symlink: /root/Synthetic_data_collection/isaac_lab_data_collection/install/dynamic_biped/include/dynamic_biped/dynamic_biped/srv/detail/control_end_hand__type_support.h
[4.355s] -- Up-to-date symlink: /root/Synthetic_data_collection/isaac_lab_data_collection/install/dynamic_biped/include/dynamic_biped/dynamic_biped/srv/detail/srv_change_ctl_mode__functions.h
[4.356s] -- Up-to-date symlink: /root/Synthetic_data_collection/isaac_lab_data_collection/install/dynamic_biped/include/dynamic_biped/dynamic_biped/srv/detail/srv_change_ctl_mode__struct.h
[4.356s] -- Up-to-date symlink: /root/Synthetic_data_collection/isaac_lab_data_collection/install/dynamic_biped/include/dynamic_biped/dynamic_biped/srv/detail/srv_change_ctl_mode__type_support.h
[4.357s] -- Up-to-date symlink: /root/Synthetic_data_collection/isaac_lab_data_collection/install/dynamic_biped/include/dynamic_biped/dynamic_biped/srv/detail/srv_change_joller__functions.h
[4.357s] -- Up-to-date symlink: /root/Synthetic_data_collection/isaac_lab_data_collection/install/dynamic_biped/include/dynamic_biped/dynamic_biped/srv/detail/srv_change_joller__struct.h
[4.358s] -- Up-to-date symlink: /root/Synthetic_data_collection/isaac_lab_data_collection/install/dynamic_biped/include/dynamic_biped/dynamic_biped/srv/detail/srv_change_joller__type_support.h
[4.358s] -- Up-to-date symlink: /root/Synthetic_data_collection/isaac_lab_data_collection/install/dynamic_biped/include/dynamic_biped/dynamic_biped/srv/detail/srv_change_phases__functions.h
[4.359s] -- Up-to-date symlink: /root/Synthetic_data_collection/isaac_lab_data_collection/install/dynamic_biped/include/dynamic_biped/dynamic_biped/srv/detail/srv_change_phases__struct.h
[4.359s] -- Up-to-date symlink: /root/Synthetic_data_collection/isaac_lab_data_collection/install/dynamic_biped/include/dynamic_biped/dynamic_biped/srv/detail/srv_change_phases__type_support.h
[4.359s] -- Up-to-date symlink: /root/Synthetic_data_collection/isaac_lab_data_collection/install/dynamic_biped/include/dynamic_biped/dynamic_biped/srv/detail/srv_clear_position_cmd__functions.h
[4.360s] -- Up-to-date symlink: /root/Synthetic_data_collection/isaac_lab_data_collection/install/dynamic_biped/include/dynamic_biped/dynamic_biped/srv/detail/srv_clear_position_cmd__struct.h
[4.360s] -- Up-to-date symlink: /root/Synthetic_data_collection/isaac_lab_data_collection/install/dynamic_biped/include/dynamic_biped/dynamic_biped/srv/detail/srv_clear_position_cmd__type_support.h
[4.361s] -- Up-to-date symlink: /root/Synthetic_data_collection/isaac_lab_data_collection/install/dynamic_biped/include/dynamic_biped/dynamic_biped/srv/detail/srv_mani_inst__functions.h
[4.361s] -- Up-to-date symlink: /root/Synthetic_data_collection/isaac_lab_data_collection/install/dynamic_biped/include/dynamic_biped/dynamic_biped/srv/detail/srv_mani_inst__struct.h
[4.362s] -- Up-to-date symlink: /root/Synthetic_data_collection/isaac_lab_data_collection/install/dynamic_biped/include/dynamic_biped/dynamic_biped/srv/detail/srv_mani_inst__type_support.h
[4.362s] -- Up-to-date symlink: /root/Synthetic_data_collection/isaac_lab_data_collection/install/dynamic_biped/include/dynamic_biped/dynamic_biped/srv/srv_change_ctl_mode.h
[4.363s] -- Up-to-date symlink: /root/Synthetic_data_collection/isaac_lab_data_collection/install/dynamic_biped/include/dynamic_biped/dynamic_biped/srv/srv_change_joller.h
[4.363s] -- Up-to-date symlink: /root/Synthetic_data_collection/isaac_lab_data_collection/install/dynamic_biped/include/dynamic_biped/dynamic_biped/srv/srv_change_phases.h
[4.363s] -- Up-to-date symlink: /root/Synthetic_data_collection/isaac_lab_data_collection/install/dynamic_biped/include/dynamic_biped/dynamic_biped/srv/srv_clear_position_cmd.h
[4.364s] -- Up-to-date symlink: /root/Synthetic_data_collection/isaac_lab_data_collection/install/dynamic_biped/include/dynamic_biped/dynamic_biped/srv/srv_mani_inst.h
[4.364s] -- Up-to-date symlink: /root/Synthetic_data_collection/isaac_lab_data_collection/install/dynamic_biped/share/dynamic_biped/environment/library_path.sh
[4.365s] -- Up-to-date symlink: /root/Synthetic_data_collection/isaac_lab_data_collection/install/dynamic_biped/share/dynamic_biped/environment/library_path.dsv
[4.365s] -- Up-to-date symlink: /root/Synthetic_data_collection/isaac_lab_data_collection/install/dynamic_biped/include/dynamic_biped/dynamic_biped/msg/detail/arm_hand_pose__rosidl_typesupport_fastrtps_c.h
[4.366s] -- Up-to-date symlink: /root/Synthetic_data_collection/isaac_lab_data_collection/install/dynamic_biped/include/dynamic_biped/dynamic_biped/msg/detail/ec_joint_motordata__rosidl_typesupport_fastrtps_c.h
[4.366s] -- Up-to-date symlink: /root/Synthetic_data_collection/isaac_lab_data_collection/install/dynamic_biped/include/dynamic_biped/dynamic_biped/msg/detail/hand_rotation__rosidl_typesupport_fastrtps_c.h
[4.367s] -- Up-to-date symlink: /root/Synthetic_data_collection/isaac_lab_data_collection/install/dynamic_biped/include/dynamic_biped/dynamic_biped/msg/detail/hand_rotation_eular__rosidl_typesupport_fastrtps_c.h
[4.367s] -- Up-to-date symlink: /root/Synthetic_data_collection/isaac_lab_data_collection/install/dynamic_biped/include/dynamic_biped/dynamic_biped/msg/detail/quaternion_array__rosidl_typesupport_fastrtps_c.h
[4.367s] -- Up-to-date symlink: /root/Synthetic_data_collection/isaac_lab_data_collection/install/dynamic_biped/include/dynamic_biped/dynamic_biped/msg/detail/record_arm_hand_pose__rosidl_typesupport_fastrtps_c.h
[4.368s] -- Up-to-date symlink: /root/Synthetic_data_collection/isaac_lab_data_collection/install/dynamic_biped/include/dynamic_biped/dynamic_biped/msg/detail/robot_arm_info__rosidl_typesupport_fastrtps_c.h
[4.368s] -- Up-to-date symlink: /root/Synthetic_data_collection/isaac_lab_data_collection/install/dynamic_biped/include/dynamic_biped/dynamic_biped/msg/detail/robot_arm_qvvd__rosidl_typesupport_fastrtps_c.h
[4.369s] -- Up-to-date symlink: /root/Synthetic_data_collection/isaac_lab_data_collection/install/dynamic_biped/include/dynamic_biped/dynamic_biped/msg/detail/robot_hand_eff__rosidl_typesupport_fastrtps_c.h
[4.369s] -- Up-to-date symlink: /root/Synthetic_data_collection/isaac_lab_data_collection/install/dynamic_biped/include/dynamic_biped/dynamic_biped/msg/detail/robot_hand_position__rosidl_typesupport_fastrtps_c.h
[4.370s] -- Up-to-date symlink: /root/Synthetic_data_collection/isaac_lab_data_collection/install/dynamic_biped/include/dynamic_biped/dynamic_biped/msg/detail/robot_head_motion_data__rosidl_typesupport_fastrtps_c.h
[4.370s] -- Up-to-date symlink: /root/Synthetic_data_collection/isaac_lab_data_collection/install/dynamic_biped/include/dynamic_biped/dynamic_biped/msg/detail/robot_phase__rosidl_typesupport_fastrtps_c.h
[4.371s] -- Up-to-date symlink: /root/Synthetic_data_collection/isaac_lab_data_collection/install/dynamic_biped/include/dynamic_biped/dynamic_biped/msg/detail/robot_qv_tau__rosidl_typesupport_fastrtps_c.h
[4.371s] -- Up-to-date symlink: /root/Synthetic_data_collection/isaac_lab_data_collection/install/dynamic_biped/include/dynamic_biped/dynamic_biped/msg/detail/robot_torso_state__rosidl_typesupport_fastrtps_c.h
[4.372s] -- Up-to-date symlink: /root/Synthetic_data_collection/isaac_lab_data_collection/install/dynamic_biped/include/dynamic_biped/dynamic_biped/msg/detail/walk_command__rosidl_typesupport_fastrtps_c.h
[4.372s] -- Up-to-date symlink: /root/Synthetic_data_collection/isaac_lab_data_collection/install/dynamic_biped/include/dynamic_biped/dynamic_biped/msg/rosidl_typesupport_fastrtps_c__visibility_control.h
[4.372s] -- Up-to-date symlink: /root/Synthetic_data_collection/isaac_lab_data_collection/install/dynamic_biped/include/dynamic_biped/dynamic_biped/srv/detail/change_ambac_ctrl_mode__rosidl_typesupport_fastrtps_c.h
[4.373s] -- Up-to-date symlink: /root/Synthetic_data_collection/isaac_lab_data_collection/install/dynamic_biped/include/dynamic_biped/dynamic_biped/srv/detail/change_arm_ctrl_mode__rosidl_typesupport_fastrtps_c.h
[4.373s] -- Up-to-date symlink: /root/Synthetic_data_collection/isaac_lab_data_collection/install/dynamic_biped/include/dynamic_biped/dynamic_biped/srv/detail/control_end_hand__rosidl_typesupport_fastrtps_c.h
[4.374s] -- Up-to-date symlink: /root/Synthetic_data_collection/isaac_lab_data_collection/install/dynamic_biped/include/dynamic_biped/dynamic_biped/srv/detail/srv_change_ctl_mode__rosidl_typesupport_fastrtps_c.h
[4.374s] -- Up-to-date symlink: /root/Synthetic_data_collection/isaac_lab_data_collection/install/dynamic_biped/include/dynamic_biped/dynamic_biped/srv/detail/srv_change_joller__rosidl_typesupport_fastrtps_c.h
[4.375s] -- Up-to-date symlink: /root/Synthetic_data_collection/isaac_lab_data_collection/install/dynamic_biped/include/dynamic_biped/dynamic_biped/srv/detail/srv_change_phases__rosidl_typesupport_fastrtps_c.h
[4.375s] -- Up-to-date symlink: /root/Synthetic_data_collection/isaac_lab_data_collection/install/dynamic_biped/include/dynamic_biped/dynamic_biped/srv/detail/srv_clear_position_cmd__rosidl_typesupport_fastrtps_c.h
[4.376s] -- Up-to-date symlink: /root/Synthetic_data_collection/isaac_lab_data_collection/install/dynamic_biped/include/dynamic_biped/dynamic_biped/srv/detail/srv_mani_inst__rosidl_typesupport_fastrtps_c.h
[4.376s] -- Up-to-date symlink: /root/Synthetic_data_collection/isaac_lab_data_collection/install/dynamic_biped/include/dynamic_biped/dynamic_biped/msg/detail/arm_hand_pose__rosidl_typesupport_introspection_c.h
[4.377s] -- Up-to-date symlink: /root/Synthetic_data_collection/isaac_lab_data_collection/install/dynamic_biped/include/dynamic_biped/dynamic_biped/msg/detail/ec_joint_motordata__rosidl_typesupport_introspection_c.h
[4.377s] -- Up-to-date symlink: /root/Synthetic_data_collection/isaac_lab_data_collection/install/dynamic_biped/include/dynamic_biped/dynamic_biped/msg/detail/hand_rotation__rosidl_typesupport_introspection_c.h
[4.377s] -- Up-to-date symlink: /root/Synthetic_data_collection/isaac_lab_data_collection/install/dynamic_biped/include/dynamic_biped/dynamic_biped/msg/detail/hand_rotation_eular__rosidl_typesupport_introspection_c.h
[4.378s] -- Up-to-date symlink: /root/Synthetic_data_collection/isaac_lab_data_collection/install/dynamic_biped/include/dynamic_biped/dynamic_biped/msg/detail/quaternion_array__rosidl_typesupport_introspection_c.h
[4.378s] -- Up-to-date symlink: /root/Synthetic_data_collection/isaac_lab_data_collection/install/dynamic_biped/include/dynamic_biped/dynamic_biped/msg/detail/record_arm_hand_pose__rosidl_typesupport_introspection_c.h
[4.379s] -- Up-to-date symlink: /root/Synthetic_data_collection/isaac_lab_data_collection/install/dynamic_biped/include/dynamic_biped/dynamic_biped/msg/detail/robot_arm_info__rosidl_typesupport_introspection_c.h
[4.379s] -- Up-to-date symlink: /root/Synthetic_data_collection/isaac_lab_data_collection/install/dynamic_biped/include/dynamic_biped/dynamic_biped/msg/detail/robot_arm_qvvd__rosidl_typesupport_introspection_c.h
[4.380s] -- Up-to-date symlink: /root/Synthetic_data_collection/isaac_lab_data_collection/install/dynamic_biped/include/dynamic_biped/dynamic_biped/msg/detail/robot_hand_eff__rosidl_typesupport_introspection_c.h
[4.380s] -- Up-to-date symlink: /root/Synthetic_data_collection/isaac_lab_data_collection/install/dynamic_biped/include/dynamic_biped/dynamic_biped/msg/detail/robot_hand_position__rosidl_typesupport_introspection_c.h
[4.381s] -- Up-to-date symlink: /root/Synthetic_data_collection/isaac_lab_data_collection/install/dynamic_biped/include/dynamic_biped/dynamic_biped/msg/detail/robot_head_motion_data__rosidl_typesupport_introspection_c.h
[4.381s] -- Up-to-date symlink: /root/Synthetic_data_collection/isaac_lab_data_collection/install/dynamic_biped/include/dynamic_biped/dynamic_biped/msg/detail/robot_phase__rosidl_typesupport_introspection_c.h
[4.382s] -- Up-to-date symlink: /root/Synthetic_data_collection/isaac_lab_data_collection/install/dynamic_biped/include/dynamic_biped/dynamic_biped/msg/detail/robot_qv_tau__rosidl_typesupport_introspection_c.h
[4.382s] -- Up-to-date symlink: /root/Synthetic_data_collection/isaac_lab_data_collection/install/dynamic_biped/include/dynamic_biped/dynamic_biped/msg/detail/robot_torso_state__rosidl_typesupport_introspection_c.h
[4.383s] -- Up-to-date symlink: /root/Synthetic_data_collection/isaac_lab_data_collection/install/dynamic_biped/include/dynamic_biped/dynamic_biped/msg/detail/walk_command__rosidl_typesupport_introspection_c.h
[4.384s] -- Up-to-date symlink: /root/Synthetic_data_collection/isaac_lab_data_collection/install/dynamic_biped/include/dynamic_biped/dynamic_biped/msg/rosidl_typesupport_introspection_c__visibility_control.h
[4.384s] -- Up-to-date symlink: /root/Synthetic_data_collection/isaac_lab_data_collection/install/dynamic_biped/include/dynamic_biped/dynamic_biped/srv/detail/change_ambac_ctrl_mode__rosidl_typesupport_introspection_c.h
[4.385s] -- Up-to-date symlink: /root/Synthetic_data_collection/isaac_lab_data_collection/install/dynamic_biped/include/dynamic_biped/dynamic_biped/srv/detail/change_arm_ctrl_mode__rosidl_typesupport_introspection_c.h
[4.385s] -- Up-to-date symlink: /root/Synthetic_data_collection/isaac_lab_data_collection/install/dynamic_biped/include/dynamic_biped/dynamic_biped/srv/detail/control_end_hand__rosidl_typesupport_introspection_c.h
[4.386s] -- Up-to-date symlink: /root/Synthetic_data_collection/isaac_lab_data_collection/install/dynamic_biped/include/dynamic_biped/dynamic_biped/srv/detail/srv_change_ctl_mode__rosidl_typesupport_introspection_c.h
[4.386s] -- Up-to-date symlink: /root/Synthetic_data_collection/isaac_lab_data_collection/install/dynamic_biped/include/dynamic_biped/dynamic_biped/srv/detail/srv_change_joller__rosidl_typesupport_introspection_c.h
[4.387s] -- Up-to-date symlink: /root/Synthetic_data_collection/isaac_lab_data_collection/install/dynamic_biped/include/dynamic_biped/dynamic_biped/srv/detail/srv_change_phases__rosidl_typesupport_introspection_c.h
[4.387s] -- Up-to-date symlink: /root/Synthetic_data_collection/isaac_lab_data_collection/install/dynamic_biped/include/dynamic_biped/dynamic_biped/srv/detail/srv_clear_position_cmd__rosidl_typesupport_introspection_c.h
[4.388s] -- Up-to-date symlink: /root/Synthetic_data_collection/isaac_lab_data_collection/install/dynamic_biped/include/dynamic_biped/dynamic_biped/srv/detail/srv_mani_inst__rosidl_typesupport_introspection_c.h
[4.388s] -- Up-to-date symlink: /root/Synthetic_data_collection/isaac_lab_data_collection/install/dynamic_biped/include/dynamic_biped/dynamic_biped/msg/arm_hand_pose.hpp
[4.389s] -- Up-to-date symlink: /root/Synthetic_data_collection/isaac_lab_data_collection/install/dynamic_biped/include/dynamic_biped/dynamic_biped/msg/detail/arm_hand_pose__builder.hpp
[4.389s] -- Up-to-date symlink: /root/Synthetic_data_collection/isaac_lab_data_collection/install/dynamic_biped/include/dynamic_biped/dynamic_biped/msg/detail/arm_hand_pose__struct.hpp
[4.390s] -- Up-to-date symlink: /root/Synthetic_data_collection/isaac_lab_data_collection/install/dynamic_biped/include/dynamic_biped/dynamic_biped/msg/detail/arm_hand_pose__traits.hpp
[4.390s] -- Up-to-date symlink: /root/Synthetic_data_collection/isaac_lab_data_collection/install/dynamic_biped/include/dynamic_biped/dynamic_biped/msg/detail/arm_hand_pose__type_support.hpp
[4.390s] -- Up-to-date symlink: /root/Synthetic_data_collection/isaac_lab_data_collection/install/dynamic_biped/include/dynamic_biped/dynamic_biped/msg/detail/ec_joint_motordata__builder.hpp
[4.390s] -- Up-to-date symlink: /root/Synthetic_data_collection/isaac_lab_data_collection/install/dynamic_biped/include/dynamic_biped/dynamic_biped/msg/detail/ec_joint_motordata__struct.hpp
[4.390s] -- Up-to-date symlink: /root/Synthetic_data_collection/isaac_lab_data_collection/install/dynamic_biped/include/dynamic_biped/dynamic_biped/msg/detail/ec_joint_motordata__traits.hpp
[4.390s] -- Up-to-date symlink: /root/Synthetic_data_collection/isaac_lab_data_collection/install/dynamic_biped/include/dynamic_biped/dynamic_biped/msg/detail/ec_joint_motordata__type_support.hpp
[4.390s] -- Up-to-date symlink: /root/Synthetic_data_collection/isaac_lab_data_collection/install/dynamic_biped/include/dynamic_biped/dynamic_biped/msg/detail/hand_rotation__builder.hpp
[4.390s] -- Up-to-date symlink: /root/Synthetic_data_collection/isaac_lab_data_collection/install/dynamic_biped/include/dynamic_biped/dynamic_biped/msg/detail/hand_rotation__struct.hpp
[4.391s] -- Up-to-date symlink: /root/Synthetic_data_collection/isaac_lab_data_collection/install/dynamic_biped/include/dynamic_biped/dynamic_biped/msg/detail/hand_rotation__traits.hpp
[4.391s] -- Up-to-date symlink: /root/Synthetic_data_collection/isaac_lab_data_collection/install/dynamic_biped/include/dynamic_biped/dynamic_biped/msg/detail/hand_rotation__type_support.hpp
[4.391s] -- Up-to-date symlink: /root/Synthetic_data_collection/isaac_lab_data_collection/install/dynamic_biped/include/dynamic_biped/dynamic_biped/msg/detail/hand_rotation_eular__builder.hpp
[4.391s] -- Up-to-date symlink: /root/Synthetic_data_collection/isaac_lab_data_collection/install/dynamic_biped/include/dynamic_biped/dynamic_biped/msg/detail/hand_rotation_eular__struct.hpp
[4.391s] -- Up-to-date symlink: /root/Synthetic_data_collection/isaac_lab_data_collection/install/dynamic_biped/include/dynamic_biped/dynamic_biped/msg/detail/hand_rotation_eular__traits.hpp
[4.391s] -- Up-to-date symlink: /root/Synthetic_data_collection/isaac_lab_data_collection/install/dynamic_biped/include/dynamic_biped/dynamic_biped/msg/detail/hand_rotation_eular__type_support.hpp
[4.391s] -- Up-to-date symlink: /root/Synthetic_data_collection/isaac_lab_data_collection/install/dynamic_biped/include/dynamic_biped/dynamic_biped/msg/detail/quaternion_array__builder.hpp
[4.391s] -- Up-to-date symlink: /root/Synthetic_data_collection/isaac_lab_data_collection/install/dynamic_biped/include/dynamic_biped/dynamic_biped/msg/detail/quaternion_array__struct.hpp
[4.391s] -- Up-to-date symlink: /root/Synthetic_data_collection/isaac_lab_data_collection/install/dynamic_biped/include/dynamic_biped/dynamic_biped/msg/detail/quaternion_array__traits.hpp
[4.391s] -- Up-to-date symlink: /root/Synthetic_data_collection/isaac_lab_data_collection/install/dynamic_biped/include/dynamic_biped/dynamic_biped/msg/detail/quaternion_array__type_support.hpp
[4.392s] -- Up-to-date symlink: /root/Synthetic_data_collection/isaac_lab_data_collection/install/dynamic_biped/include/dynamic_biped/dynamic_biped/msg/detail/record_arm_hand_pose__builder.hpp
[4.392s] -- Up-to-date symlink: /root/Synthetic_data_collection/isaac_lab_data_collection/install/dynamic_biped/include/dynamic_biped/dynamic_biped/msg/detail/record_arm_hand_pose__struct.hpp
[4.392s] -- Up-to-date symlink: /root/Synthetic_data_collection/isaac_lab_data_collection/install/dynamic_biped/include/dynamic_biped/dynamic_biped/msg/detail/record_arm_hand_pose__traits.hpp
[4.392s] -- Up-to-date symlink: /root/Synthetic_data_collection/isaac_lab_data_collection/install/dynamic_biped/include/dynamic_biped/dynamic_biped/msg/detail/record_arm_hand_pose__type_support.hpp
[4.392s] -- Up-to-date symlink: /root/Synthetic_data_collection/isaac_lab_data_collection/install/dynamic_biped/include/dynamic_biped/dynamic_biped/msg/detail/robot_arm_info__builder.hpp
[4.392s] -- Up-to-date symlink: /root/Synthetic_data_collection/isaac_lab_data_collection/install/dynamic_biped/include/dynamic_biped/dynamic_biped/msg/detail/robot_arm_info__struct.hpp
[4.392s] -- Up-to-date symlink: /root/Synthetic_data_collection/isaac_lab_data_collection/install/dynamic_biped/include/dynamic_biped/dynamic_biped/msg/detail/robot_arm_info__traits.hpp
[4.392s] -- Up-to-date symlink: /root/Synthetic_data_collection/isaac_lab_data_collection/install/dynamic_biped/include/dynamic_biped/dynamic_biped/msg/detail/robot_arm_info__type_support.hpp
[4.392s] -- Up-to-date symlink: /root/Synthetic_data_collection/isaac_lab_data_collection/install/dynamic_biped/include/dynamic_biped/dynamic_biped/msg/detail/robot_arm_qvvd__builder.hpp
[4.393s] -- Up-to-date symlink: /root/Synthetic_data_collection/isaac_lab_data_collection/install/dynamic_biped/include/dynamic_biped/dynamic_biped/msg/detail/robot_arm_qvvd__struct.hpp
[4.393s] -- Up-to-date symlink: /root/Synthetic_data_collection/isaac_lab_data_collection/install/dynamic_biped/include/dynamic_biped/dynamic_biped/msg/detail/robot_arm_qvvd__traits.hpp
[4.393s] -- Up-to-date symlink: /root/Synthetic_data_collection/isaac_lab_data_collection/install/dynamic_biped/include/dynamic_biped/dynamic_biped/msg/detail/robot_arm_qvvd__type_support.hpp
[4.393s] -- Up-to-date symlink: /root/Synthetic_data_collection/isaac_lab_data_collection/install/dynamic_biped/include/dynamic_biped/dynamic_biped/msg/detail/robot_hand_eff__builder.hpp
[4.393s] -- Up-to-date symlink: /root/Synthetic_data_collection/isaac_lab_data_collection/install/dynamic_biped/include/dynamic_biped/dynamic_biped/msg/detail/robot_hand_eff__struct.hpp
[4.393s] -- Up-to-date symlink: /root/Synthetic_data_collection/isaac_lab_data_collection/install/dynamic_biped/include/dynamic_biped/dynamic_biped/msg/detail/robot_hand_eff__traits.hpp
[4.393s] -- Up-to-date symlink: /root/Synthetic_data_collection/isaac_lab_data_collection/install/dynamic_biped/include/dynamic_biped/dynamic_biped/msg/detail/robot_hand_eff__type_support.hpp
[4.393s] -- Up-to-date symlink: /root/Synthetic_data_collection/isaac_lab_data_collection/install/dynamic_biped/include/dynamic_biped/dynamic_biped/msg/detail/robot_hand_position__builder.hpp
[4.393s] -- Up-to-date symlink: /root/Synthetic_data_collection/isaac_lab_data_collection/install/dynamic_biped/include/dynamic_biped/dynamic_biped/msg/detail/robot_hand_position__struct.hpp
[4.393s] -- Up-to-date symlink: /root/Synthetic_data_collection/isaac_lab_data_collection/install/dynamic_biped/include/dynamic_biped/dynamic_biped/msg/detail/robot_hand_position__traits.hpp
[4.394s] -- Up-to-date symlink: /root/Synthetic_data_collection/isaac_lab_data_collection/install/dynamic_biped/include/dynamic_biped/dynamic_biped/msg/detail/robot_hand_position__type_support.hpp
[4.394s] -- Up-to-date symlink: /root/Synthetic_data_collection/isaac_lab_data_collection/install/dynamic_biped/include/dynamic_biped/dynamic_biped/msg/detail/robot_head_motion_data__builder.hpp
[4.394s] -- Up-to-date symlink: /root/Synthetic_data_collection/isaac_lab_data_collection/install/dynamic_biped/include/dynamic_biped/dynamic_biped/msg/detail/robot_head_motion_data__struct.hpp
[4.394s] -- Up-to-date symlink: /root/Synthetic_data_collection/isaac_lab_data_collection/install/dynamic_biped/include/dynamic_biped/dynamic_biped/msg/detail/robot_head_motion_data__traits.hpp
[4.394s] -- Up-to-date symlink: /root/Synthetic_data_collection/isaac_lab_data_collection/install/dynamic_biped/include/dynamic_biped/dynamic_biped/msg/detail/robot_head_motion_data__type_support.hpp
[4.394s] -- Up-to-date symlink: /root/Synthetic_data_collection/isaac_lab_data_collection/install/dynamic_biped/include/dynamic_biped/dynamic_biped/msg/detail/robot_phase__builder.hpp
[4.394s] -- Up-to-date symlink: /root/Synthetic_data_collection/isaac_lab_data_collection/install/dynamic_biped/include/dynamic_biped/dynamic_biped/msg/detail/robot_phase__struct.hpp
[4.394s] -- Up-to-date symlink: /root/Synthetic_data_collection/isaac_lab_data_collection/install/dynamic_biped/include/dynamic_biped/dynamic_biped/msg/detail/robot_phase__traits.hpp
[4.394s] -- Up-to-date symlink: /root/Synthetic_data_collection/isaac_lab_data_collection/install/dynamic_biped/include/dynamic_biped/dynamic_biped/msg/detail/robot_phase__type_support.hpp
[4.395s] -- Up-to-date symlink: /root/Synthetic_data_collection/isaac_lab_data_collection/install/dynamic_biped/include/dynamic_biped/dynamic_biped/msg/detail/robot_qv_tau__builder.hpp
[4.395s] -- Up-to-date symlink: /root/Synthetic_data_collection/isaac_lab_data_collection/install/dynamic_biped/include/dynamic_biped/dynamic_biped/msg/detail/robot_qv_tau__struct.hpp
[4.395s] -- Up-to-date symlink: /root/Synthetic_data_collection/isaac_lab_data_collection/install/dynamic_biped/include/dynamic_biped/dynamic_biped/msg/detail/robot_qv_tau__traits.hpp
[4.395s] -- Up-to-date symlink: /root/Synthetic_data_collection/isaac_lab_data_collection/install/dynamic_biped/include/dynamic_biped/dynamic_biped/msg/detail/robot_qv_tau__type_support.hpp
[4.395s] -- Up-to-date symlink: /root/Synthetic_data_collection/isaac_lab_data_collection/install/dynamic_biped/include/dynamic_biped/dynamic_biped/msg/detail/robot_torso_state__builder.hpp
[4.395s] -- Up-to-date symlink: /root/Synthetic_data_collection/isaac_lab_data_collection/install/dynamic_biped/include/dynamic_biped/dynamic_biped/msg/detail/robot_torso_state__struct.hpp
[4.395s] -- Up-to-date symlink: /root/Synthetic_data_collection/isaac_lab_data_collection/install/dynamic_biped/include/dynamic_biped/dynamic_biped/msg/detail/robot_torso_state__traits.hpp
[4.395s] -- Up-to-date symlink: /root/Synthetic_data_collection/isaac_lab_data_collection/install/dynamic_biped/include/dynamic_biped/dynamic_biped/msg/detail/robot_torso_state__type_support.hpp
[4.395s] -- Up-to-date symlink: /root/Synthetic_data_collection/isaac_lab_data_collection/install/dynamic_biped/include/dynamic_biped/dynamic_biped/msg/detail/walk_command__builder.hpp
[4.395s] -- Up-to-date symlink: /root/Synthetic_data_collection/isaac_lab_data_collection/install/dynamic_biped/include/dynamic_biped/dynamic_biped/msg/detail/walk_command__struct.hpp
[4.396s] -- Up-to-date symlink: /root/Synthetic_data_collection/isaac_lab_data_collection/install/dynamic_biped/include/dynamic_biped/dynamic_biped/msg/detail/walk_command__traits.hpp
[4.396s] -- Up-to-date symlink: /root/Synthetic_data_collection/isaac_lab_data_collection/install/dynamic_biped/include/dynamic_biped/dynamic_biped/msg/detail/walk_command__type_support.hpp
[4.396s] -- Up-to-date symlink: /root/Synthetic_data_collection/isaac_lab_data_collection/install/dynamic_biped/include/dynamic_biped/dynamic_biped/msg/ec_joint_motordata.hpp
[4.396s] -- Up-to-date symlink: /root/Synthetic_data_collection/isaac_lab_data_collection/install/dynamic_biped/include/dynamic_biped/dynamic_biped/msg/hand_rotation.hpp
[4.396s] -- Up-to-date symlink: /root/Synthetic_data_collection/isaac_lab_data_collection/install/dynamic_biped/include/dynamic_biped/dynamic_biped/msg/hand_rotation_eular.hpp
[4.396s] -- Up-to-date symlink: /root/Synthetic_data_collection/isaac_lab_data_collection/install/dynamic_biped/include/dynamic_biped/dynamic_biped/msg/quaternion_array.hpp
[4.396s] -- Up-to-date symlink: /root/Synthetic_data_collection/isaac_lab_data_collection/install/dynamic_biped/include/dynamic_biped/dynamic_biped/msg/record_arm_hand_pose.hpp
[4.396s] -- Up-to-date symlink: /root/Synthetic_data_collection/isaac_lab_data_collection/install/dynamic_biped/include/dynamic_biped/dynamic_biped/msg/robot_arm_info.hpp
[4.396s] -- Up-to-date symlink: /root/Synthetic_data_collection/isaac_lab_data_collection/install/dynamic_biped/include/dynamic_biped/dynamic_biped/msg/robot_arm_qvvd.hpp
[4.397s] -- Up-to-date symlink: /root/Synthetic_data_collection/isaac_lab_data_collection/install/dynamic_biped/include/dynamic_biped/dynamic_biped/msg/robot_hand_eff.hpp
[4.397s] -- Up-to-date symlink: /root/Synthetic_data_collection/isaac_lab_data_collection/install/dynamic_biped/include/dynamic_biped/dynamic_biped/msg/robot_hand_position.hpp
[4.397s] -- Up-to-date symlink: /root/Synthetic_data_collection/isaac_lab_data_collection/install/dynamic_biped/include/dynamic_biped/dynamic_biped/msg/robot_head_motion_data.hpp
[4.397s] -- Up-to-date symlink: /root/Synthetic_data_collection/isaac_lab_data_collection/install/dynamic_biped/include/dynamic_biped/dynamic_biped/msg/robot_phase.hpp
[4.397s] -- Up-to-date symlink: /root/Synthetic_data_collection/isaac_lab_data_collection/install/dynamic_biped/include/dynamic_biped/dynamic_biped/msg/robot_qv_tau.hpp
[4.397s] -- Up-to-date symlink: /root/Synthetic_data_collection/isaac_lab_data_collection/install/dynamic_biped/include/dynamic_biped/dynamic_biped/msg/robot_torso_state.hpp
[4.397s] -- Up-to-date symlink: /root/Synthetic_data_collection/isaac_lab_data_collection/install/dynamic_biped/include/dynamic_biped/dynamic_biped/msg/rosidl_generator_cpp__visibility_control.hpp
[4.397s] -- Up-to-date symlink: /root/Synthetic_data_collection/isaac_lab_data_collection/install/dynamic_biped/include/dynamic_biped/dynamic_biped/msg/walk_command.hpp
[4.397s] -- Up-to-date symlink: /root/Synthetic_data_collection/isaac_lab_data_collection/install/dynamic_biped/include/dynamic_biped/dynamic_biped/srv/change_ambac_ctrl_mode.hpp
[4.397s] -- Up-to-date symlink: /root/Synthetic_data_collection/isaac_lab_data_collection/install/dynamic_biped/include/dynamic_biped/dynamic_biped/srv/change_arm_ctrl_mode.hpp
[4.398s] -- Up-to-date symlink: /root/Synthetic_data_collection/isaac_lab_data_collection/install/dynamic_biped/include/dynamic_biped/dynamic_biped/srv/control_end_hand.hpp
[4.398s] -- Up-to-date symlink: /root/Synthetic_data_collection/isaac_lab_data_collection/install/dynamic_biped/include/dynamic_biped/dynamic_biped/srv/detail/change_ambac_ctrl_mode__builder.hpp
[4.398s] -- Up-to-date symlink: /root/Synthetic_data_collection/isaac_lab_data_collection/install/dynamic_biped/include/dynamic_biped/dynamic_biped/srv/detail/change_ambac_ctrl_mode__struct.hpp
[4.398s] -- Up-to-date symlink: /root/Synthetic_data_collection/isaac_lab_data_collection/install/dynamic_biped/include/dynamic_biped/dynamic_biped/srv/detail/change_ambac_ctrl_mode__traits.hpp
[4.398s] -- Up-to-date symlink: /root/Synthetic_data_collection/isaac_lab_data_collection/install/dynamic_biped/include/dynamic_biped/dynamic_biped/srv/detail/change_ambac_ctrl_mode__type_support.hpp
[4.398s] -- Up-to-date symlink: /root/Synthetic_data_collection/isaac_lab_data_collection/install/dynamic_biped/include/dynamic_biped/dynamic_biped/srv/detail/change_arm_ctrl_mode__builder.hpp
[4.398s] -- Up-to-date symlink: /root/Synthetic_data_collection/isaac_lab_data_collection/install/dynamic_biped/include/dynamic_biped/dynamic_biped/srv/detail/change_arm_ctrl_mode__struct.hpp
[4.398s] -- Up-to-date symlink: /root/Synthetic_data_collection/isaac_lab_data_collection/install/dynamic_biped/include/dynamic_biped/dynamic_biped/srv/detail/change_arm_ctrl_mode__traits.hpp
[4.398s] -- Up-to-date symlink: /root/Synthetic_data_collection/isaac_lab_data_collection/install/dynamic_biped/include/dynamic_biped/dynamic_biped/srv/detail/change_arm_ctrl_mode__type_support.hpp
[4.399s] -- Up-to-date symlink: /root/Synthetic_data_collection/isaac_lab_data_collection/install/dynamic_biped/include/dynamic_biped/dynamic_biped/srv/detail/control_end_hand__builder.hpp
[4.399s] -- Up-to-date symlink: /root/Synthetic_data_collection/isaac_lab_data_collection/install/dynamic_biped/include/dynamic_biped/dynamic_biped/srv/detail/control_end_hand__struct.hpp
[4.399s] -- Up-to-date symlink: /root/Synthetic_data_collection/isaac_lab_data_collection/install/dynamic_biped/include/dynamic_biped/dynamic_biped/srv/detail/control_end_hand__traits.hpp
[4.399s] -- Up-to-date symlink: /root/Synthetic_data_collection/isaac_lab_data_collection/install/dynamic_biped/include/dynamic_biped/dynamic_biped/srv/detail/control_end_hand__type_support.hpp
[4.399s] -- Up-to-date symlink: /root/Synthetic_data_collection/isaac_lab_data_collection/install/dynamic_biped/include/dynamic_biped/dynamic_biped/srv/detail/srv_change_ctl_mode__builder.hpp
[4.399s] -- Up-to-date symlink: /root/Synthetic_data_collection/isaac_lab_data_collection/install/dynamic_biped/include/dynamic_biped/dynamic_biped/srv/detail/srv_change_ctl_mode__struct.hpp
[4.399s] -- Up-to-date symlink: /root/Synthetic_data_collection/isaac_lab_data_collection/install/dynamic_biped/include/dynamic_biped/dynamic_biped/srv/detail/srv_change_ctl_mode__traits.hpp
[4.399s] -- Up-to-date symlink: /root/Synthetic_data_collection/isaac_lab_data_collection/install/dynamic_biped/include/dynamic_biped/dynamic_biped/srv/detail/srv_change_ctl_mode__type_support.hpp
[4.399s] -- Up-to-date symlink: /root/Synthetic_data_collection/isaac_lab_data_collection/install/dynamic_biped/include/dynamic_biped/dynamic_biped/srv/detail/srv_change_joller__builder.hpp
[4.400s] -- Up-to-date symlink: /root/Synthetic_data_collection/isaac_lab_data_collection/install/dynamic_biped/include/dynamic_biped/dynamic_biped/srv/detail/srv_change_joller__struct.hpp
[4.400s] -- Up-to-date symlink: /root/Synthetic_data_collection/isaac_lab_data_collection/install/dynamic_biped/include/dynamic_biped/dynamic_biped/srv/detail/srv_change_joller__traits.hpp
[4.400s] -- Up-to-date symlink: /root/Synthetic_data_collection/isaac_lab_data_collection/install/dynamic_biped/include/dynamic_biped/dynamic_biped/srv/detail/srv_change_joller__type_support.hpp
[4.400s] -- Up-to-date symlink: /root/Synthetic_data_collection/isaac_lab_data_collection/install/dynamic_biped/include/dynamic_biped/dynamic_biped/srv/detail/srv_change_phases__builder.hpp
[4.400s] -- Up-to-date symlink: /root/Synthetic_data_collection/isaac_lab_data_collection/install/dynamic_biped/include/dynamic_biped/dynamic_biped/srv/detail/srv_change_phases__struct.hpp
[4.400s] -- Up-to-date symlink: /root/Synthetic_data_collection/isaac_lab_data_collection/install/dynamic_biped/include/dynamic_biped/dynamic_biped/srv/detail/srv_change_phases__traits.hpp
[4.400s] -- Up-to-date symlink: /root/Synthetic_data_collection/isaac_lab_data_collection/install/dynamic_biped/include/dynamic_biped/dynamic_biped/srv/detail/srv_change_phases__type_support.hpp
[4.400s] -- Up-to-date symlink: /root/Synthetic_data_collection/isaac_lab_data_collection/install/dynamic_biped/include/dynamic_biped/dynamic_biped/srv/detail/srv_clear_position_cmd__builder.hpp
[4.400s] -- Up-to-date symlink: /root/Synthetic_data_collection/isaac_lab_data_collection/install/dynamic_biped/include/dynamic_biped/dynamic_biped/srv/detail/srv_clear_position_cmd__struct.hpp
[4.400s] -- Up-to-date symlink: /root/Synthetic_data_collection/isaac_lab_data_collection/install/dynamic_biped/include/dynamic_biped/dynamic_biped/srv/detail/srv_clear_position_cmd__traits.hpp
[4.401s] -- Up-to-date symlink: /root/Synthetic_data_collection/isaac_lab_data_collection/install/dynamic_biped/include/dynamic_biped/dynamic_biped/srv/detail/srv_clear_position_cmd__type_support.hpp
[4.401s] -- Up-to-date symlink: /root/Synthetic_data_collection/isaac_lab_data_collection/install/dynamic_biped/include/dynamic_biped/dynamic_biped/srv/detail/srv_mani_inst__builder.hpp
[4.401s] -- Up-to-date symlink: /root/Synthetic_data_collection/isaac_lab_data_collection/install/dynamic_biped/include/dynamic_biped/dynamic_biped/srv/detail/srv_mani_inst__struct.hpp
[4.401s] -- Up-to-date symlink: /root/Synthetic_data_collection/isaac_lab_data_collection/install/dynamic_biped/include/dynamic_biped/dynamic_biped/srv/detail/srv_mani_inst__traits.hpp
[4.401s] -- Up-to-date symlink: /root/Synthetic_data_collection/isaac_lab_data_collection/install/dynamic_biped/include/dynamic_biped/dynamic_biped/srv/detail/srv_mani_inst__type_support.hpp
[4.401s] -- Up-to-date symlink: /root/Synthetic_data_collection/isaac_lab_data_collection/install/dynamic_biped/include/dynamic_biped/dynamic_biped/srv/srv_change_ctl_mode.hpp
[4.401s] -- Up-to-date symlink: /root/Synthetic_data_collection/isaac_lab_data_collection/install/dynamic_biped/include/dynamic_biped/dynamic_biped/srv/srv_change_joller.hpp
[4.401s] -- Up-to-date symlink: /root/Synthetic_data_collection/isaac_lab_data_collection/install/dynamic_biped/include/dynamic_biped/dynamic_biped/srv/srv_change_phases.hpp
[4.401s] -- Up-to-date symlink: /root/Synthetic_data_collection/isaac_lab_data_collection/install/dynamic_biped/include/dynamic_biped/dynamic_biped/srv/srv_clear_position_cmd.hpp
[4.402s] -- Up-to-date symlink: /root/Synthetic_data_collection/isaac_lab_data_collection/install/dynamic_biped/include/dynamic_biped/dynamic_biped/srv/srv_mani_inst.hpp
[4.402s] -- Up-to-date symlink: /root/Synthetic_data_collection/isaac_lab_data_collection/install/dynamic_biped/include/dynamic_biped/dynamic_biped/msg/detail/arm_hand_pose__rosidl_typesupport_fastrtps_cpp.hpp
[4.402s] -- Up-to-date symlink: /root/Synthetic_data_collection/isaac_lab_data_collection/install/dynamic_biped/include/dynamic_biped/dynamic_biped/msg/detail/ec_joint_motordata__rosidl_typesupport_fastrtps_cpp.hpp
[4.402s] -- Up-to-date symlink: /root/Synthetic_data_collection/isaac_lab_data_collection/install/dynamic_biped/include/dynamic_biped/dynamic_biped/msg/detail/hand_rotation__rosidl_typesupport_fastrtps_cpp.hpp
[4.402s] -- Up-to-date symlink: /root/Synthetic_data_collection/isaac_lab_data_collection/install/dynamic_biped/include/dynamic_biped/dynamic_biped/msg/detail/hand_rotation_eular__rosidl_typesupport_fastrtps_cpp.hpp
[4.402s] -- Up-to-date symlink: /root/Synthetic_data_collection/isaac_lab_data_collection/install/dynamic_biped/include/dynamic_biped/dynamic_biped/msg/detail/quaternion_array__rosidl_typesupport_fastrtps_cpp.hpp
[4.402s] -- Up-to-date symlink: /root/Synthetic_data_collection/isaac_lab_data_collection/install/dynamic_biped/include/dynamic_biped/dynamic_biped/msg/detail/record_arm_hand_pose__rosidl_typesupport_fastrtps_cpp.hpp
[4.402s] -- Up-to-date symlink: /root/Synthetic_data_collection/isaac_lab_data_collection/install/dynamic_biped/include/dynamic_biped/dynamic_biped/msg/detail/robot_arm_info__rosidl_typesupport_fastrtps_cpp.hpp
[4.402s] -- Up-to-date symlink: /root/Synthetic_data_collection/isaac_lab_data_collection/install/dynamic_biped/include/dynamic_biped/dynamic_biped/msg/detail/robot_arm_qvvd__rosidl_typesupport_fastrtps_cpp.hpp
[4.402s] -- Up-to-date symlink: /root/Synthetic_data_collection/isaac_lab_data_collection/install/dynamic_biped/include/dynamic_biped/dynamic_biped/msg/detail/robot_hand_eff__rosidl_typesupport_fastrtps_cpp.hpp
[4.403s] -- Up-to-date symlink: /root/Synthetic_data_collection/isaac_lab_data_collection/install/dynamic_biped/include/dynamic_biped/dynamic_biped/msg/detail/robot_hand_position__rosidl_typesupport_fastrtps_cpp.hpp
[4.403s] -- Up-to-date symlink: /root/Synthetic_data_collection/isaac_lab_data_collection/install/dynamic_biped/include/dynamic_biped/dynamic_biped/msg/detail/robot_head_motion_data__rosidl_typesupport_fastrtps_cpp.hpp
[4.403s] -- Up-to-date symlink: /root/Synthetic_data_collection/isaac_lab_data_collection/install/dynamic_biped/include/dynamic_biped/dynamic_biped/msg/detail/robot_phase__rosidl_typesupport_fastrtps_cpp.hpp
[4.403s] -- Up-to-date symlink: /root/Synthetic_data_collection/isaac_lab_data_collection/install/dynamic_biped/include/dynamic_biped/dynamic_biped/msg/detail/robot_qv_tau__rosidl_typesupport_fastrtps_cpp.hpp
[4.403s] -- Up-to-date symlink: /root/Synthetic_data_collection/isaac_lab_data_collection/install/dynamic_biped/include/dynamic_biped/dynamic_biped/msg/detail/robot_torso_state__rosidl_typesupport_fastrtps_cpp.hpp
[4.403s] -- Up-to-date symlink: /root/Synthetic_data_collection/isaac_lab_data_collection/install/dynamic_biped/include/dynamic_biped/dynamic_biped/msg/detail/walk_command__rosidl_typesupport_fastrtps_cpp.hpp
[4.403s] -- Up-to-date symlink: /root/Synthetic_data_collection/isaac_lab_data_collection/install/dynamic_biped/include/dynamic_biped/dynamic_biped/msg/rosidl_typesupport_fastrtps_cpp__visibility_control.h
[4.403s] -- Up-to-date symlink: /root/Synthetic_data_collection/isaac_lab_data_collection/install/dynamic_biped/include/dynamic_biped/dynamic_biped/srv/detail/change_ambac_ctrl_mode__rosidl_typesupport_fastrtps_cpp.hpp
[4.403s] -- Up-to-date symlink: /root/Synthetic_data_collection/isaac_lab_data_collection/install/dynamic_biped/include/dynamic_biped/dynamic_biped/srv/detail/change_arm_ctrl_mode__rosidl_typesupport_fastrtps_cpp.hpp
[4.404s] -- Up-to-date symlink: /root/Synthetic_data_collection/isaac_lab_data_collection/install/dynamic_biped/include/dynamic_biped/dynamic_biped/srv/detail/control_end_hand__rosidl_typesupport_fastrtps_cpp.hpp
[4.404s] -- Up-to-date symlink: /root/Synthetic_data_collection/isaac_lab_data_collection/install/dynamic_biped/include/dynamic_biped/dynamic_biped/srv/detail/srv_change_ctl_mode__rosidl_typesupport_fastrtps_cpp.hpp
[4.404s] -- Up-to-date symlink: /root/Synthetic_data_collection/isaac_lab_data_collection/install/dynamic_biped/include/dynamic_biped/dynamic_biped/srv/detail/srv_change_joller__rosidl_typesupport_fastrtps_cpp.hpp
[4.404s] -- Up-to-date symlink: /root/Synthetic_data_collection/isaac_lab_data_collection/install/dynamic_biped/include/dynamic_biped/dynamic_biped/srv/detail/srv_change_phases__rosidl_typesupport_fastrtps_cpp.hpp
[4.404s] -- Up-to-date symlink: /root/Synthetic_data_collection/isaac_lab_data_collection/install/dynamic_biped/include/dynamic_biped/dynamic_biped/srv/detail/srv_clear_position_cmd__rosidl_typesupport_fastrtps_cpp.hpp
[4.404s] -- Up-to-date symlink: /root/Synthetic_data_collection/isaac_lab_data_collection/install/dynamic_biped/include/dynamic_biped/dynamic_biped/srv/detail/srv_mani_inst__rosidl_typesupport_fastrtps_cpp.hpp
[4.404s] -- Up-to-date symlink: /root/Synthetic_data_collection/isaac_lab_data_collection/install/dynamic_biped/include/dynamic_biped/dynamic_biped/msg/detail/arm_hand_pose__rosidl_typesupport_introspection_cpp.hpp
[4.404s] -- Up-to-date symlink: /root/Synthetic_data_collection/isaac_lab_data_collection/install/dynamic_biped/include/dynamic_biped/dynamic_biped/msg/detail/ec_joint_motordata__rosidl_typesupport_introspection_cpp.hpp
[4.404s] -- Up-to-date symlink: /root/Synthetic_data_collection/isaac_lab_data_collection/install/dynamic_biped/include/dynamic_biped/dynamic_biped/msg/detail/hand_rotation__rosidl_typesupport_introspection_cpp.hpp
[4.405s] -- Up-to-date symlink: /root/Synthetic_data_collection/isaac_lab_data_collection/install/dynamic_biped/include/dynamic_biped/dynamic_biped/msg/detail/hand_rotation_eular__rosidl_typesupport_introspection_cpp.hpp
[4.405s] -- Up-to-date symlink: /root/Synthetic_data_collection/isaac_lab_data_collection/install/dynamic_biped/include/dynamic_biped/dynamic_biped/msg/detail/quaternion_array__rosidl_typesupport_introspection_cpp.hpp
[4.405s] -- Up-to-date symlink: /root/Synthetic_data_collection/isaac_lab_data_collection/install/dynamic_biped/include/dynamic_biped/dynamic_biped/msg/detail/record_arm_hand_pose__rosidl_typesupport_introspection_cpp.hpp
[4.405s] -- Up-to-date symlink: /root/Synthetic_data_collection/isaac_lab_data_collection/install/dynamic_biped/include/dynamic_biped/dynamic_biped/msg/detail/robot_arm_info__rosidl_typesupport_introspection_cpp.hpp
[4.405s] -- Up-to-date symlink: /root/Synthetic_data_collection/isaac_lab_data_collection/install/dynamic_biped/include/dynamic_biped/dynamic_biped/msg/detail/robot_arm_qvvd__rosidl_typesupport_introspection_cpp.hpp
[4.405s] -- Up-to-date symlink: /root/Synthetic_data_collection/isaac_lab_data_collection/install/dynamic_biped/include/dynamic_biped/dynamic_biped/msg/detail/robot_hand_eff__rosidl_typesupport_introspection_cpp.hpp
[4.405s] -- Up-to-date symlink: /root/Synthetic_data_collection/isaac_lab_data_collection/install/dynamic_biped/include/dynamic_biped/dynamic_biped/msg/detail/robot_hand_position__rosidl_typesupport_introspection_cpp.hpp
[4.405s] -- Up-to-date symlink: /root/Synthetic_data_collection/isaac_lab_data_collection/install/dynamic_biped/include/dynamic_biped/dynamic_biped/msg/detail/robot_head_motion_data__rosidl_typesupport_introspection_cpp.hpp
[4.405s] -- Up-to-date symlink: /root/Synthetic_data_collection/isaac_lab_data_collection/install/dynamic_biped/include/dynamic_biped/dynamic_biped/msg/detail/robot_phase__rosidl_typesupport_introspection_cpp.hpp
[4.406s] -- Up-to-date symlink: /root/Synthetic_data_collection/isaac_lab_data_collection/install/dynamic_biped/include/dynamic_biped/dynamic_biped/msg/detail/robot_qv_tau__rosidl_typesupport_introspection_cpp.hpp
[4.406s] -- Up-to-date symlink: /root/Synthetic_data_collection/isaac_lab_data_collection/install/dynamic_biped/include/dynamic_biped/dynamic_biped/msg/detail/robot_torso_state__rosidl_typesupport_introspection_cpp.hpp
[4.406s] -- Up-to-date symlink: /root/Synthetic_data_collection/isaac_lab_data_collection/install/dynamic_biped/include/dynamic_biped/dynamic_biped/msg/detail/walk_command__rosidl_typesupport_introspection_cpp.hpp
[4.406s] -- Up-to-date symlink: /root/Synthetic_data_collection/isaac_lab_data_collection/install/dynamic_biped/include/dynamic_biped/dynamic_biped/srv/detail/change_ambac_ctrl_mode__rosidl_typesupport_introspection_cpp.hpp
[4.406s] -- Up-to-date symlink: /root/Synthetic_data_collection/isaac_lab_data_collection/install/dynamic_biped/include/dynamic_biped/dynamic_biped/srv/detail/change_arm_ctrl_mode__rosidl_typesupport_introspection_cpp.hpp
[4.406s] -- Up-to-date symlink: /root/Synthetic_data_collection/isaac_lab_data_collection/install/dynamic_biped/include/dynamic_biped/dynamic_biped/srv/detail/control_end_hand__rosidl_typesupport_introspection_cpp.hpp
[4.406s] -- Up-to-date symlink: /root/Synthetic_data_collection/isaac_lab_data_collection/install/dynamic_biped/include/dynamic_biped/dynamic_biped/srv/detail/srv_change_ctl_mode__rosidl_typesupport_introspection_cpp.hpp
[4.406s] -- Up-to-date symlink: /root/Synthetic_data_collection/isaac_lab_data_collection/install/dynamic_biped/include/dynamic_biped/dynamic_biped/srv/detail/srv_change_joller__rosidl_typesupport_introspection_cpp.hpp
[4.406s] -- Up-to-date symlink: /root/Synthetic_data_collection/isaac_lab_data_collection/install/dynamic_biped/include/dynamic_biped/dynamic_biped/srv/detail/srv_change_phases__rosidl_typesupport_introspection_cpp.hpp
[4.406s] -- Up-to-date symlink: /root/Synthetic_data_collection/isaac_lab_data_collection/install/dynamic_biped/include/dynamic_biped/dynamic_biped/srv/detail/srv_clear_position_cmd__rosidl_typesupport_introspection_cpp.hpp
[4.407s] -- Up-to-date symlink: /root/Synthetic_data_collection/isaac_lab_data_collection/install/dynamic_biped/include/dynamic_biped/dynamic_biped/srv/detail/srv_mani_inst__rosidl_typesupport_introspection_cpp.hpp
[4.407s] -- Up-to-date symlink: /root/Synthetic_data_collection/isaac_lab_data_collection/install/dynamic_biped/share/dynamic_biped/environment/pythonpath.sh
[4.407s] -- Up-to-date symlink: /root/Synthetic_data_collection/isaac_lab_data_collection/install/dynamic_biped/share/dynamic_biped/environment/pythonpath.dsv
[4.407s] -- Up-to-date symlink: /root/Synthetic_data_collection/isaac_lab_data_collection/install/dynamic_biped/lib/python3.12/site-packages/dynamic_biped-0.0.1-py3.12.egg-info/PKG-INFO
[4.407s] -- Up-to-date symlink: /root/Synthetic_data_collection/isaac_lab_data_collection/install/dynamic_biped/lib/python3.12/site-packages/dynamic_biped-0.0.1-py3.12.egg-info/SOURCES.txt
[4.407s] -- Up-to-date symlink: /root/Synthetic_data_collection/isaac_lab_data_collection/install/dynamic_biped/lib/python3.12/site-packages/dynamic_biped-0.0.1-py3.12.egg-info/dependency_links.txt
[4.407s] -- Up-to-date symlink: /root/Synthetic_data_collection/isaac_lab_data_collection/install/dynamic_biped/lib/python3.12/site-packages/dynamic_biped-0.0.1-py3.12.egg-info/top_level.txt
[4.407s] -- Up-to-date symlink: /root/Synthetic_data_collection/isaac_lab_data_collection/install/dynamic_biped/lib/python3.12/site-packages/dynamic_biped/__init__.py
[4.407s] -- Up-to-date symlink: /root/Synthetic_data_collection/isaac_lab_data_collection/install/dynamic_biped/lib/python3.12/site-packages/dynamic_biped/_dynamic_biped_s.ep.rosidl_typesupport_c.c
[4.407s] -- Up-to-date symlink: /root/Synthetic_data_collection/isaac_lab_data_collection/install/dynamic_biped/lib/python3.12/site-packages/dynamic_biped/_dynamic_biped_s.ep.rosidl_typesupport_fastrtps_c.c
[4.407s] -- Up-to-date symlink: /root/Synthetic_data_collection/isaac_lab_data_collection/install/dynamic_biped/lib/python3.12/site-packages/dynamic_biped/_dynamic_biped_s.ep.rosidl_typesupport_introspection_c.c
[4.408s] -- Up-to-date symlink: /root/Synthetic_data_collection/isaac_lab_data_collection/install/dynamic_biped/lib/python3.12/site-packages/dynamic_biped/dynamic_biped_s__rosidl_typesupport_c.so
[4.408s] -- Up-to-date symlink: /root/Synthetic_data_collection/isaac_lab_data_collection/install/dynamic_biped/lib/python3.12/site-packages/dynamic_biped/dynamic_biped_s__rosidl_typesupport_fastrtps_c.so
[4.408s] -- Up-to-date symlink: /root/Synthetic_data_collection/isaac_lab_data_collection/install/dynamic_biped/lib/python3.12/site-packages/dynamic_biped/dynamic_biped_s__rosidl_typesupport_introspection_c.so
[4.408s] -- Up-to-date symlink: /root/Synthetic_data_collection/isaac_lab_data_collection/install/dynamic_biped/lib/python3.12/site-packages/dynamic_biped/msg/__init__.py
[4.408s] -- Up-to-date symlink: /root/Synthetic_data_collection/isaac_lab_data_collection/install/dynamic_biped/lib/python3.12/site-packages/dynamic_biped/msg/_arm_hand_pose.py
[4.408s] -- Up-to-date symlink: /root/Synthetic_data_collection/isaac_lab_data_collection/install/dynamic_biped/lib/python3.12/site-packages/dynamic_biped/msg/_arm_hand_pose_s.c
[4.408s] -- Up-to-date symlink: /root/Synthetic_data_collection/isaac_lab_data_collection/install/dynamic_biped/lib/python3.12/site-packages/dynamic_biped/msg/_ec_joint_motordata.py
[4.408s] -- Up-to-date symlink: /root/Synthetic_data_collection/isaac_lab_data_collection/install/dynamic_biped/lib/python3.12/site-packages/dynamic_biped/msg/_ec_joint_motordata_s.c
[4.408s] -- Up-to-date symlink: /root/Synthetic_data_collection/isaac_lab_data_collection/install/dynamic_biped/lib/python3.12/site-packages/dynamic_biped/msg/_hand_rotation.py
[4.408s] -- Up-to-date symlink: /root/Synthetic_data_collection/isaac_lab_data_collection/install/dynamic_biped/lib/python3.12/site-packages/dynamic_biped/msg/_hand_rotation_eular.py
[4.409s] -- Up-to-date symlink: /root/Synthetic_data_collection/isaac_lab_data_collection/install/dynamic_biped/lib/python3.12/site-packages/dynamic_biped/msg/_hand_rotation_eular_s.c
[4.409s] -- Up-to-date symlink: /root/Synthetic_data_collection/isaac_lab_data_collection/install/dynamic_biped/lib/python3.12/site-packages/dynamic_biped/msg/_hand_rotation_s.c
[4.409s] -- Up-to-date symlink: /root/Synthetic_data_collection/isaac_lab_data_collection/install/dynamic_biped/lib/python3.12/site-packages/dynamic_biped/msg/_quaternion_array.py
[4.409s] -- Up-to-date symlink: /root/Synthetic_data_collection/isaac_lab_data_collection/install/dynamic_biped/lib/python3.12/site-packages/dynamic_biped/msg/_quaternion_array_s.c
[4.409s] -- Up-to-date symlink: /root/Synthetic_data_collection/isaac_lab_data_collection/install/dynamic_biped/lib/python3.12/site-packages/dynamic_biped/msg/_record_arm_hand_pose.py
[4.409s] -- Up-to-date symlink: /root/Synthetic_data_collection/isaac_lab_data_collection/install/dynamic_biped/lib/python3.12/site-packages/dynamic_biped/msg/_record_arm_hand_pose_s.c
[4.409s] -- Up-to-date symlink: /root/Synthetic_data_collection/isaac_lab_data_collection/install/dynamic_biped/lib/python3.12/site-packages/dynamic_biped/msg/_robot_arm_info.py
[4.409s] -- Up-to-date symlink: /root/Synthetic_data_collection/isaac_lab_data_collection/install/dynamic_biped/lib/python3.12/site-packages/dynamic_biped/msg/_robot_arm_info_s.c
[4.409s] -- Up-to-date symlink: /root/Synthetic_data_collection/isaac_lab_data_collection/install/dynamic_biped/lib/python3.12/site-packages/dynamic_biped/msg/_robot_arm_qvvd.py
[4.409s] -- Up-to-date symlink: /root/Synthetic_data_collection/isaac_lab_data_collection/install/dynamic_biped/lib/python3.12/site-packages/dynamic_biped/msg/_robot_arm_qvvd_s.c
[4.409s] -- Up-to-date symlink: /root/Synthetic_data_collection/isaac_lab_data_collection/install/dynamic_biped/lib/python3.12/site-packages/dynamic_biped/msg/_robot_hand_eff.py
[4.410s] -- Up-to-date symlink: /root/Synthetic_data_collection/isaac_lab_data_collection/install/dynamic_biped/lib/python3.12/site-packages/dynamic_biped/msg/_robot_hand_eff_s.c
[4.410s] -- Up-to-date symlink: /root/Synthetic_data_collection/isaac_lab_data_collection/install/dynamic_biped/lib/python3.12/site-packages/dynamic_biped/msg/_robot_hand_position.py
[4.410s] -- Up-to-date symlink: /root/Synthetic_data_collection/isaac_lab_data_collection/install/dynamic_biped/lib/python3.12/site-packages/dynamic_biped/msg/_robot_hand_position_s.c
[4.410s] -- Up-to-date symlink: /root/Synthetic_data_collection/isaac_lab_data_collection/install/dynamic_biped/lib/python3.12/site-packages/dynamic_biped/msg/_robot_head_motion_data.py
[4.410s] -- Up-to-date symlink: /root/Synthetic_data_collection/isaac_lab_data_collection/install/dynamic_biped/lib/python3.12/site-packages/dynamic_biped/msg/_robot_head_motion_data_s.c
[4.410s] -- Up-to-date symlink: /root/Synthetic_data_collection/isaac_lab_data_collection/install/dynamic_biped/lib/python3.12/site-packages/dynamic_biped/msg/_robot_phase.py
[4.410s] -- Up-to-date symlink: /root/Synthetic_data_collection/isaac_lab_data_collection/install/dynamic_biped/lib/python3.12/site-packages/dynamic_biped/msg/_robot_phase_s.c
[4.410s] -- Up-to-date symlink: /root/Synthetic_data_collection/isaac_lab_data_collection/install/dynamic_biped/lib/python3.12/site-packages/dynamic_biped/msg/_robot_qv_tau.py
[4.410s] -- Up-to-date symlink: /root/Synthetic_data_collection/isaac_lab_data_collection/install/dynamic_biped/lib/python3.12/site-packages/dynamic_biped/msg/_robot_qv_tau_s.c
[4.410s] -- Up-to-date symlink: /root/Synthetic_data_collection/isaac_lab_data_collection/install/dynamic_biped/lib/python3.12/site-packages/dynamic_biped/msg/_robot_torso_state.py
[4.410s] -- Up-to-date symlink: /root/Synthetic_data_collection/isaac_lab_data_collection/install/dynamic_biped/lib/python3.12/site-packages/dynamic_biped/msg/_robot_torso_state_s.c
[4.411s] -- Up-to-date symlink: /root/Synthetic_data_collection/isaac_lab_data_collection/install/dynamic_biped/lib/python3.12/site-packages/dynamic_biped/msg/_walk_command.py
[4.411s] -- Up-to-date symlink: /root/Synthetic_data_collection/isaac_lab_data_collection/install/dynamic_biped/lib/python3.12/site-packages/dynamic_biped/msg/_walk_command_s.c
[4.411s] -- Up-to-date symlink: /root/Synthetic_data_collection/isaac_lab_data_collection/install/dynamic_biped/lib/python3.12/site-packages/dynamic_biped/srv/__init__.py
[4.411s] -- Up-to-date symlink: /root/Synthetic_data_collection/isaac_lab_data_collection/install/dynamic_biped/lib/python3.12/site-packages/dynamic_biped/srv/_change_ambac_ctrl_mode.py
[4.411s] -- Up-to-date symlink: /root/Synthetic_data_collection/isaac_lab_data_collection/install/dynamic_biped/lib/python3.12/site-packages/dynamic_biped/srv/_change_ambac_ctrl_mode_s.c
[4.411s] -- Up-to-date symlink: /root/Synthetic_data_collection/isaac_lab_data_collection/install/dynamic_biped/lib/python3.12/site-packages/dynamic_biped/srv/_change_arm_ctrl_mode.py
[4.411s] -- Up-to-date symlink: /root/Synthetic_data_collection/isaac_lab_data_collection/install/dynamic_biped/lib/python3.12/site-packages/dynamic_biped/srv/_change_arm_ctrl_mode_s.c
[4.411s] -- Up-to-date symlink: /root/Synthetic_data_collection/isaac_lab_data_collection/install/dynamic_biped/lib/python3.12/site-packages/dynamic_biped/srv/_control_end_hand.py
[4.411s] -- Up-to-date symlink: /root/Synthetic_data_collection/isaac_lab_data_collection/install/dynamic_biped/lib/python3.12/site-packages/dynamic_biped/srv/_control_end_hand_s.c
[4.411s] -- Up-to-date symlink: /root/Synthetic_data_collection/isaac_lab_data_collection/install/dynamic_biped/lib/python3.12/site-packages/dynamic_biped/srv/_srv_change_ctl_mode.py
[4.411s] -- Up-to-date symlink: /root/Synthetic_data_collection/isaac_lab_data_collection/install/dynamic_biped/lib/python3.12/site-packages/dynamic_biped/srv/_srv_change_ctl_mode_s.c
[4.412s] -- Up-to-date symlink: /root/Synthetic_data_collection/isaac_lab_data_collection/install/dynamic_biped/lib/python3.12/site-packages/dynamic_biped/srv/_srv_change_joller.py
[4.412s] -- Up-to-date symlink: /root/Synthetic_data_collection/isaac_lab_data_collection/install/dynamic_biped/lib/python3.12/site-packages/dynamic_biped/srv/_srv_change_joller_s.c
[4.412s] -- Up-to-date symlink: /root/Synthetic_data_collection/isaac_lab_data_collection/install/dynamic_biped/lib/python3.12/site-packages/dynamic_biped/srv/_srv_change_phases.py
[4.412s] -- Up-to-date symlink: /root/Synthetic_data_collection/isaac_lab_data_collection/install/dynamic_biped/lib/python3.12/site-packages/dynamic_biped/srv/_srv_change_phases_s.c
[4.412s] -- Up-to-date symlink: /root/Synthetic_data_collection/isaac_lab_data_collection/install/dynamic_biped/lib/python3.12/site-packages/dynamic_biped/srv/_srv_clear_position_cmd.py
[4.412s] -- Up-to-date symlink: /root/Synthetic_data_collection/isaac_lab_data_collection/install/dynamic_biped/lib/python3.12/site-packages/dynamic_biped/srv/_srv_clear_position_cmd_s.c
[4.412s] -- Up-to-date symlink: /root/Synthetic_data_collection/isaac_lab_data_collection/install/dynamic_biped/lib/python3.12/site-packages/dynamic_biped/srv/_srv_mani_inst.py
[4.412s] -- Up-to-date symlink: /root/Synthetic_data_collection/isaac_lab_data_collection/install/dynamic_biped/lib/python3.12/site-packages/dynamic_biped/srv/_srv_mani_inst_s.c
[4.412s] -- Up-to-date symlink: /root/Synthetic_data_collection/isaac_lab_data_collection/install/dynamic_biped/lib/python3.12/site-packages/dynamic_biped/dynamic_biped_s__rosidl_typesupport_fastrtps_c.so
[4.412s] -- Up-to-date symlink: /root/Synthetic_data_collection/isaac_lab_data_collection/install/dynamic_biped/lib/python3.12/site-packages/dynamic_biped/dynamic_biped_s__rosidl_typesupport_introspection_c.so
[4.412s] -- Up-to-date symlink: /root/Synthetic_data_collection/isaac_lab_data_collection/install/dynamic_biped/lib/python3.12/site-packages/dynamic_biped/dynamic_biped_s__rosidl_typesupport_c.so
[4.413s] -- Up-to-date symlink: /root/Synthetic_data_collection/isaac_lab_data_collection/install/dynamic_biped/share/dynamic_biped/msg/ArmHandPose.idl
[4.413s] -- Up-to-date symlink: /root/Synthetic_data_collection/isaac_lab_data_collection/install/dynamic_biped/share/dynamic_biped/msg/ECJointMotordata.idl
[4.413s] -- Up-to-date symlink: /root/Synthetic_data_collection/isaac_lab_data_collection/install/dynamic_biped/share/dynamic_biped/msg/HandRotationEular.idl
[4.413s] -- Up-to-date symlink: /root/Synthetic_data_collection/isaac_lab_data_collection/install/dynamic_biped/share/dynamic_biped/msg/HandRotation.idl
[4.413s] -- Up-to-date symlink: /root/Synthetic_data_collection/isaac_lab_data_collection/install/dynamic_biped/share/dynamic_biped/msg/QuaternionArray.idl
[4.413s] -- Up-to-date symlink: /root/Synthetic_data_collection/isaac_lab_data_collection/install/dynamic_biped/share/dynamic_biped/msg/RecordArmHandPose.idl
[4.413s] -- Up-to-date symlink: /root/Synthetic_data_collection/isaac_lab_data_collection/install/dynamic_biped/share/dynamic_biped/msg/RobotArmInfo.idl
[4.413s] -- Up-to-date symlink: /root/Synthetic_data_collection/isaac_lab_data_collection/install/dynamic_biped/share/dynamic_biped/msg/RobotArmQVVD.idl
[4.413s] -- Up-to-date symlink: /root/Synthetic_data_collection/isaac_lab_data_collection/install/dynamic_biped/share/dynamic_biped/msg/RobotHandEff.idl
[4.413s] -- Up-to-date symlink: /root/Synthetic_data_collection/isaac_lab_data_collection/install/dynamic_biped/share/dynamic_biped/msg/RobotHandPosition.idl
[4.414s] -- Up-to-date symlink: /root/Synthetic_data_collection/isaac_lab_data_collection/install/dynamic_biped/share/dynamic_biped/msg/RobotHeadMotionData.idl
[4.414s] -- Up-to-date symlink: /root/Synthetic_data_collection/isaac_lab_data_collection/install/dynamic_biped/share/dynamic_biped/msg/RobotPhase.idl
[4.414s] -- Up-to-date symlink: /root/Synthetic_data_collection/isaac_lab_data_collection/install/dynamic_biped/share/dynamic_biped/msg/RobotQVTau.idl
[4.414s] -- Up-to-date symlink: /root/Synthetic_data_collection/isaac_lab_data_collection/install/dynamic_biped/share/dynamic_biped/msg/RobotTorsoState.idl
[4.414s] -- Up-to-date symlink: /root/Synthetic_data_collection/isaac_lab_data_collection/install/dynamic_biped/share/dynamic_biped/msg/WalkCommand.idl
[4.414s] -- Up-to-date symlink: /root/Synthetic_data_collection/isaac_lab_data_collection/install/dynamic_biped/share/dynamic_biped/srv/ChangeAMBACCtrlMode.idl
[4.414s] -- Up-to-date symlink: /root/Synthetic_data_collection/isaac_lab_data_collection/install/dynamic_biped/share/dynamic_biped/srv/ChangeArmCtrlMode.idl
[4.414s] -- Up-to-date symlink: /root/Synthetic_data_collection/isaac_lab_data_collection/install/dynamic_biped/share/dynamic_biped/srv/ControlEndHand.idl
[4.414s] -- Up-to-date symlink: /root/Synthetic_data_collection/isaac_lab_data_collection/install/dynamic_biped/share/dynamic_biped/srv/SrvChangeCtlMode.idl
[4.415s] -- Up-to-date symlink: /root/Synthetic_data_collection/isaac_lab_data_collection/install/dynamic_biped/share/dynamic_biped/srv/SrvChangeJoller.idl
[4.415s] -- Up-to-date symlink: /root/Synthetic_data_collection/isaac_lab_data_collection/install/dynamic_biped/share/dynamic_biped/srv/SrvChangePhases.idl
[4.415s] -- Up-to-date symlink: /root/Synthetic_data_collection/isaac_lab_data_collection/install/dynamic_biped/share/dynamic_biped/srv/SrvClearPositionCMD.idl
[4.415s] -- Up-to-date symlink: /root/Synthetic_data_collection/isaac_lab_data_collection/install/dynamic_biped/share/dynamic_biped/srv/SrvManiInst.idl
[4.415s] -- Up-to-date symlink: /root/Synthetic_data_collection/isaac_lab_data_collection/install/dynamic_biped/share/dynamic_biped/msg/ArmHandPose.msg
[4.415s] -- Up-to-date symlink: /root/Synthetic_data_collection/isaac_lab_data_collection/install/dynamic_biped/share/dynamic_biped/msg/ECJointMotordata.msg
[4.415s] -- Up-to-date symlink: /root/Synthetic_data_collection/isaac_lab_data_collection/install/dynamic_biped/share/dynamic_biped/msg/HandRotationEular.msg
[4.415s] -- Up-to-date symlink: /root/Synthetic_data_collection/isaac_lab_data_collection/install/dynamic_biped/share/dynamic_biped/msg/HandRotation.msg
[4.415s] -- Up-to-date symlink: /root/Synthetic_data_collection/isaac_lab_data_collection/install/dynamic_biped/share/dynamic_biped/msg/QuaternionArray.msg
[4.415s] -- Up-to-date symlink: /root/Synthetic_data_collection/isaac_lab_data_collection/install/dynamic_biped/share/dynamic_biped/msg/RecordArmHandPose.msg
[4.415s] -- Up-to-date symlink: /root/Synthetic_data_collection/isaac_lab_data_collection/install/dynamic_biped/share/dynamic_biped/msg/RobotArmInfo.msg
[4.416s] -- Up-to-date symlink: /root/Synthetic_data_collection/isaac_lab_data_collection/install/dynamic_biped/share/dynamic_biped/msg/RobotArmQVVD.msg
[4.416s] -- Up-to-date symlink: /root/Synthetic_data_collection/isaac_lab_data_collection/install/dynamic_biped/share/dynamic_biped/msg/RobotHandEff.msg
[4.416s] -- Up-to-date symlink: /root/Synthetic_data_collection/isaac_lab_data_collection/install/dynamic_biped/share/dynamic_biped/msg/RobotHandPosition.msg
[4.416s] -- Up-to-date symlink: /root/Synthetic_data_collection/isaac_lab_data_collection/install/dynamic_biped/share/dynamic_biped/msg/RobotHeadMotionData.msg
[4.416s] -- Up-to-date symlink: /root/Synthetic_data_collection/isaac_lab_data_collection/install/dynamic_biped/share/dynamic_biped/msg/RobotPhase.msg
[4.416s] -- Up-to-date symlink: /root/Synthetic_data_collection/isaac_lab_data_collection/install/dynamic_biped/share/dynamic_biped/msg/RobotQVTau.msg
[4.416s] -- Up-to-date symlink: /root/Synthetic_data_collection/isaac_lab_data_collection/install/dynamic_biped/share/dynamic_biped/msg/RobotTorsoState.msg
[4.416s] -- Up-to-date symlink: /root/Synthetic_data_collection/isaac_lab_data_collection/install/dynamic_biped/share/dynamic_biped/msg/WalkCommand.msg
[4.416s] -- Up-to-date symlink: /root/Synthetic_data_collection/isaac_lab_data_collection/install/dynamic_biped/share/dynamic_biped/srv/ChangeAMBACCtrlMode.srv
[4.416s] -- Up-to-date symlink: /root/Synthetic_data_collection/isaac_lab_data_collection/install/dynamic_biped/share/dynamic_biped/srv/ChangeArmCtrlMode.srv
[4.416s] -- Up-to-date symlink: /root/Synthetic_data_collection/isaac_lab_data_collection/install/dynamic_biped/share/dynamic_biped/srv/ControlEndHand.srv
[4.417s] -- Up-to-date symlink: /root/Synthetic_data_collection/isaac_lab_data_collection/install/dynamic_biped/share/dynamic_biped/srv/SrvChangeCtlMode.srv
[4.417s] -- Up-to-date symlink: /root/Synthetic_data_collection/isaac_lab_data_collection/install/dynamic_biped/share/dynamic_biped/srv/SrvChangeJoller.srv
[4.417s] -- Up-to-date symlink: /root/Synthetic_data_collection/isaac_lab_data_collection/install/dynamic_biped/share/dynamic_biped/srv/SrvChangePhases.srv
[4.417s] -- Up-to-date symlink: /root/Synthetic_data_collection/isaac_lab_data_collection/install/dynamic_biped/share/dynamic_biped/srv/SrvClearPositionCMD.srv
[4.417s] -- Up-to-date symlink: /root/Synthetic_data_collection/isaac_lab_data_collection/install/dynamic_biped/share/dynamic_biped/srv/SrvManiInst.srv
[4.417s] -- Up-to-date symlink: /root/Synthetic_data_collection/isaac_lab_data_collection/install/dynamic_biped/share/ament_index/resource_index/package_run_dependencies/dynamic_biped
[4.417s] -- Up-to-date symlink: /root/Synthetic_data_collection/isaac_lab_data_collection/install/dynamic_biped/share/ament_index/resource_index/parent_prefix_path/dynamic_biped
[4.417s] -- Up-to-date symlink: /root/Synthetic_data_collection/isaac_lab_data_collection/install/dynamic_biped/share/dynamic_biped/environment/ament_prefix_path.sh
[4.417s] -- Up-to-date symlink: /root/Synthetic_data_collection/isaac_lab_data_collection/install/dynamic_biped/share/dynamic_biped/environment/ament_prefix_path.dsv
[4.417s] -- Up-to-date symlink: /root/Synthetic_data_collection/isaac_lab_data_collection/install/dynamic_biped/share/dynamic_biped/environment/path.sh
[4.417s] -- Up-to-date symlink: /root/Synthetic_data_collection/isaac_lab_data_collection/install/dynamic_biped/share/dynamic_biped/environment/path.dsv
[4.418s] -- Up-to-date symlink: /root/Synthetic_data_collection/isaac_lab_data_collection/install/dynamic_biped/share/dynamic_biped/local_setup.bash
[4.418s] -- Up-to-date symlink: /root/Synthetic_data_collection/isaac_lab_data_collection/install/dynamic_biped/share/dynamic_biped/local_setup.sh
[4.418s] -- Up-to-date symlink: /root/Synthetic_data_collection/isaac_lab_data_collection/install/dynamic_biped/share/dynamic_biped/local_setup.zsh
[4.418s] -- Up-to-date symlink: /root/Synthetic_data_collection/isaac_lab_data_collection/install/dynamic_biped/share/dynamic_biped/local_setup.dsv
[4.418s] -- Symlinking: /root/Synthetic_data_collection/isaac_lab_data_collection/install/dynamic_biped/share/dynamic_biped/package.dsv
[4.436s] -- Up-to-date symlink: /root/Synthetic_data_collection/isaac_lab_data_collection/install/dynamic_biped/share/ament_index/resource_index/packages/dynamic_biped
[4.436s] -- Up-to-date symlink: /root/Synthetic_data_collection/isaac_lab_data_collection/install/dynamic_biped/share/dynamic_biped/cmake/rosidl_cmake-extras.cmake
[4.436s] -- Up-to-date symlink: /root/Synthetic_data_collection/isaac_lab_data_collection/install/dynamic_biped/share/dynamic_biped/cmake/ament_cmake_export_dependencies-extras.cmake
[4.436s] -- Up-to-date symlink: /root/Synthetic_data_collection/isaac_lab_data_collection/install/dynamic_biped/share/dynamic_biped/cmake/ament_cmake_export_include_directories-extras.cmake
[4.437s] -- Up-to-date symlink: /root/Synthetic_data_collection/isaac_lab_data_collection/install/dynamic_biped/share/dynamic_biped/cmake/ament_cmake_export_libraries-extras.cmake
[4.437s] -- Up-to-date symlink: /root/Synthetic_data_collection/isaac_lab_data_collection/install/dynamic_biped/share/dynamic_biped/cmake/ament_cmake_export_targets-extras.cmake
[4.437s] -- Up-to-date symlink: /root/Synthetic_data_collection/isaac_lab_data_collection/install/dynamic_biped/share/dynamic_biped/cmake/rosidl_cmake_export_typesupport_targets-extras.cmake
[4.437s] -- Up-to-date symlink: /root/Synthetic_data_collection/isaac_lab_data_collection/install/dynamic_biped/share/dynamic_biped/cmake/rosidl_cmake_export_typesupport_libraries-extras.cmake
[4.438s] -- Up-to-date symlink: /root/Synthetic_data_collection/isaac_lab_data_collection/install/dynamic_biped/share/dynamic_biped/cmake/dynamic_bipedConfig.cmake
[4.438s] -- Up-to-date symlink: /root/Synthetic_data_collection/isaac_lab_data_collection/install/dynamic_biped/share/dynamic_biped/cmake/dynamic_bipedConfig-version.cmake
[4.438s] -- Up-to-date symlink: /root/Synthetic_data_collection/isaac_lab_data_collection/install/dynamic_biped/share/dynamic_biped/package.xml
[4.438s] -- Up-to-date: /root/Synthetic_data_collection/isaac_lab_data_collection/install/dynamic_biped/lib/libdynamic_biped__rosidl_generator_c.so
[4.439s] -- Up-to-date: /root/Synthetic_data_collection/isaac_lab_data_collection/install/dynamic_biped/lib/libdynamic_biped__rosidl_typesupport_fastrtps_c.so
[4.439s] -- Up-to-date: /root/Synthetic_data_collection/isaac_lab_data_collection/install/dynamic_biped/lib/libdynamic_biped__rosidl_typesupport_introspection_c.so
[4.440s] -- Up-to-date: /root/Synthetic_data_collection/isaac_lab_data_collection/install/dynamic_biped/lib/libdynamic_biped__rosidl_typesupport_c.so
[4.440s] -- Up-to-date: /root/Synthetic_data_collection/isaac_lab_data_collection/install/dynamic_biped/lib/libdynamic_biped__rosidl_typesupport_fastrtps_cpp.so
[4.441s] -- Up-to-date: /root/Synthetic_data_collection/isaac_lab_data_collection/install/dynamic_biped/lib/libdynamic_biped__rosidl_typesupport_introspection_cpp.so
[4.441s] -- Up-to-date: /root/Synthetic_data_collection/isaac_lab_data_collection/install/dynamic_biped/lib/libdynamic_biped__rosidl_typesupport_cpp.so
[4.531s] Listing '/root/Synthetic_data_collection/isaac_lab_data_collection/install/dynamic_biped/lib/python3.12/site-packages/dynamic_biped'...
[4.531s] Compiling '/root/Synthetic_data_collection/isaac_lab_data_collection/install/dynamic_biped/lib/python3.12/site-packages/dynamic_biped/__init__.py'...
[4.531s] Listing '/root/Synthetic_data_collection/isaac_lab_data_collection/install/dynamic_biped/lib/python3.12/site-packages/dynamic_biped/msg'...
[4.531s] Listing '/root/Synthetic_data_collection/isaac_lab_data_collection/install/dynamic_biped/lib/python3.12/site-packages/dynamic_biped/srv'...
[4.551s] -- Up-to-date: /root/Synthetic_data_collection/isaac_lab_data_collection/install/dynamic_biped/lib/libdynamic_biped__rosidl_generator_py.so
[4.552s] -- Up-to-date: /root/Synthetic_data_collection/isaac_lab_data_collection/install/dynamic_biped/share/dynamic_biped/cmake/export_dynamic_biped__rosidl_generator_cExport.cmake
[4.552s] -- Up-to-date: /root/Synthetic_data_collection/isaac_lab_data_collection/install/dynamic_biped/share/dynamic_biped/cmake/export_dynamic_biped__rosidl_generator_cExport-noconfig.cmake
[4.552s] -- Up-to-date: /root/Synthetic_data_collection/isaac_lab_data_collection/install/dynamic_biped/share/dynamic_biped/cmake/export_dynamic_biped__rosidl_typesupport_fastrtps_cExport.cmake
[4.552s] -- Up-to-date: /root/Synthetic_data_collection/isaac_lab_data_collection/install/dynamic_biped/share/dynamic_biped/cmake/export_dynamic_biped__rosidl_typesupport_fastrtps_cExport-noconfig.cmake
[4.552s] -- Up-to-date: /root/Synthetic_data_collection/isaac_lab_data_collection/install/dynamic_biped/share/dynamic_biped/cmake/dynamic_biped__rosidl_typesupport_introspection_cExport.cmake
[4.552s] -- Up-to-date: /root/Synthetic_data_collection/isaac_lab_data_collection/install/dynamic_biped/share/dynamic_biped/cmake/dynamic_biped__rosidl_typesupport_introspection_cExport-noconfig.cmake
[4.553s] -- Up-to-date: /root/Synthetic_data_collection/isaac_lab_data_collection/install/dynamic_biped/share/dynamic_biped/cmake/dynamic_biped__rosidl_typesupport_cExport.cmake
[4.553s] -- Up-to-date: /root/Synthetic_data_collection/isaac_lab_data_collection/install/dynamic_biped/share/dynamic_biped/cmake/dynamic_biped__rosidl_typesupport_cExport-noconfig.cmake
[4.553s] -- Up-to-date: /root/Synthetic_data_collection/isaac_lab_data_collection/install/dynamic_biped/share/dynamic_biped/cmake/export_dynamic_biped__rosidl_generator_cppExport.cmake
[4.553s] -- Up-to-date: /root/Synthetic_data_collection/isaac_lab_data_collection/install/dynamic_biped/share/dynamic_biped/cmake/export_dynamic_biped__rosidl_typesupport_fastrtps_cppExport.cmake
[4.553s] -- Up-to-date: /root/Synthetic_data_collection/isaac_lab_data_collection/install/dynamic_biped/share/dynamic_biped/cmake/export_dynamic_biped__rosidl_typesupport_fastrtps_cppExport-noconfig.cmake
[4.553s] -- Up-to-date: /root/Synthetic_data_collection/isaac_lab_data_collection/install/dynamic_biped/share/dynamic_biped/cmake/dynamic_biped__rosidl_typesupport_introspection_cppExport.cmake
[4.553s] -- Up-to-date: /root/Synthetic_data_collection/isaac_lab_data_collection/install/dynamic_biped/share/dynamic_biped/cmake/dynamic_biped__rosidl_typesupport_introspection_cppExport-noconfig.cmake
[4.553s] -- Up-to-date: /root/Synthetic_data_collection/isaac_lab_data_collection/install/dynamic_biped/share/dynamic_biped/cmake/dynamic_biped__rosidl_typesupport_cppExport.cmake
[4.553s] -- Up-to-date: /root/Synthetic_data_collection/isaac_lab_data_collection/install/dynamic_biped/share/dynamic_biped/cmake/dynamic_biped__rosidl_typesupport_cppExport-noconfig.cmake
[4.554s] -- Up-to-date: /root/Synthetic_data_collection/isaac_lab_data_collection/install/dynamic_biped/share/dynamic_biped/cmake/export_dynamic_biped__rosidl_generator_pyExport.cmake
[4.554s] -- Up-to-date: /root/Synthetic_data_collection/isaac_lab_data_collection/install/dynamic_biped/share/dynamic_biped/cmake/export_dynamic_biped__rosidl_generator_pyExport-noconfig.cmake
[4.559s] Invoked command in '/root/Synthetic_data_collection/isaac_lab_data_collection/build/dynamic_biped' returned '0': CMAKE_PREFIX_PATH=${CMAKE_PREFIX_PATH}:/root/Synthetic_data_collection/isaac_lab_data_collection/install/servo_angle_publisher:/opt/ros/jazzy CONDA_PROMPT_MODIFIER=(exo_suit_jazzy_v2_2) /usr/bin/cmake --install /root/Synthetic_data_collection/isaac_lab_data_collection/build/dynamic_biped
