[0.027s] Invoking command in '/root/Synthetic_data_collection/isaac_lab_data_collection/build/my_robot_description': CMAKE_PREFIX_PATH=${CMAKE_PREFIX_PATH}:/opt/ros/jazzy CONDA_PROMPT_MODIFIER=(exo_suit_jazzy_v2_3) /usr/bin/cmake --build /root/Synthetic_data_collection/isaac_lab_data_collection/build/my_robot_description -- -j8 -l8
[0.449s] Invoked command in '/root/Synthetic_data_collection/isaac_lab_data_collection/build/my_robot_description' returned '0': CMAKE_PREFIX_PATH=${CMAKE_PREFIX_PATH}:/opt/ros/jazzy CONDA_PROMPT_MODIFIER=(exo_suit_jazzy_v2_3) /usr/bin/cmake --build /root/Synthetic_data_collection/isaac_lab_data_collection/build/my_robot_description -- -j8 -l8
[0.481s] Invoking command in '/root/Synthetic_data_collection/isaac_lab_data_collection/build/my_robot_description': CMAKE_PREFIX_PATH=${CMAKE_PREFIX_PATH}:/opt/ros/jazzy CONDA_PROMPT_MODIFIER=(exo_suit_jazzy_v2_3) /usr/bin/cmake --install /root/Synthetic_data_collection/isaac_lab_data_collection/build/my_robot_description
[0.492s] -- Install configuration: ""
[0.493s] -- Up-to-date: /root/Synthetic_data_collection/isaac_lab_data_collection/install/my_robot_description/share/my_robot_description/urdf
[0.493s] -- Up-to-date: /root/Synthetic_data_collection/isaac_lab_data_collection/install/my_robot_description/share/my_robot_description/urdf/biped_s40.urdf
[0.494s] -- Up-to-date: /root/Synthetic_data_collection/isaac_lab_data_collection/install/my_robot_description/share/my_robot_description/meshes
[0.495s] -- Up-to-date: /root/Synthetic_data_collection/isaac_lab_data_collection/install/my_robot_description/share/my_robot_description/meshes/biped_s40_meshes
[0.495s] -- Up-to-date: /root/Synthetic_data_collection/isaac_lab_data_collection/install/my_robot_description/share/my_robot_description/meshes/biped_s40_meshes/l_hand_yaw.STL
[0.496s] -- Up-to-date: /root/Synthetic_data_collection/isaac_lab_data_collection/install/my_robot_description/share/my_robot_description/meshes/biped_s40_meshes/r_leg_roll.STL
[0.496s] -- Up-to-date: /root/Synthetic_data_collection/isaac_lab_data_collection/install/my_robot_description/share/my_robot_description/meshes/biped_s40_meshes/head_yaw.STL
[0.497s] -- Up-to-date: /root/Synthetic_data_collection/isaac_lab_data_collection/install/my_robot_description/share/my_robot_description/meshes/biped_s40_meshes/r_knee.STL
[0.498s] -- Up-to-date: /root/Synthetic_data_collection/isaac_lab_data_collection/install/my_robot_description/share/my_robot_description/meshes/biped_s40_meshes/l_leg_yaw.STL
[0.499s] -- Up-to-date: /root/Synthetic_data_collection/isaac_lab_data_collection/install/my_robot_description/share/my_robot_description/meshes/biped_s40_meshes/r_leg_yaw.STL
[0.500s] -- Up-to-date: /root/Synthetic_data_collection/isaac_lab_data_collection/install/my_robot_description/share/my_robot_description/meshes/biped_s40_meshes/l_r_tendon.STL
[0.501s] -- Up-to-date: /root/Synthetic_data_collection/isaac_lab_data_collection/install/my_robot_description/share/my_robot_description/meshes/biped_s40_meshes/l_hand_pitch.STL
[0.502s] -- Up-to-date: /root/Synthetic_data_collection/isaac_lab_data_collection/install/my_robot_description/share/my_robot_description/meshes/biped_s40_meshes/head_pitch.STL
[0.502s] -- Up-to-date: /root/Synthetic_data_collection/isaac_lab_data_collection/install/my_robot_description/share/my_robot_description/meshes/biped_s40_meshes/r_l_bar.STL
[0.503s] -- Up-to-date: /root/Synthetic_data_collection/isaac_lab_data_collection/install/my_robot_description/share/my_robot_description/meshes/biped_s40_meshes/l_foot_pitch.STL
[0.503s] -- Up-to-date: /root/Synthetic_data_collection/isaac_lab_data_collection/install/my_robot_description/share/my_robot_description/meshes/biped_s40_meshes/r_hand_yaw.STL
[0.504s] -- Up-to-date: /root/Synthetic_data_collection/isaac_lab_data_collection/install/my_robot_description/share/my_robot_description/meshes/biped_s40_meshes/l_foot_roll.STL
[0.504s] -- Up-to-date: /root/Synthetic_data_collection/isaac_lab_data_collection/install/my_robot_description/share/my_robot_description/meshes/biped_s40_meshes/camera.STL
[0.504s] -- Up-to-date: /root/Synthetic_data_collection/isaac_lab_data_collection/install/my_robot_description/share/my_robot_description/meshes/biped_s40_meshes/camera_base.STL
[0.505s] -- Up-to-date: /root/Synthetic_data_collection/isaac_lab_data_collection/install/my_robot_description/share/my_robot_description/meshes/biped_s40_meshes/l_l_tendon.STL
[0.505s] -- Up-to-date: /root/Synthetic_data_collection/isaac_lab_data_collection/install/my_robot_description/share/my_robot_description/meshes/biped_s40_meshes/l_arm_pitch.STL
[0.506s] -- Up-to-date: /root/Synthetic_data_collection/isaac_lab_data_collection/install/my_robot_description/share/my_robot_description/meshes/biped_s40_meshes/r_leg_pitch.STL
[0.506s] -- Up-to-date: /root/Synthetic_data_collection/isaac_lab_data_collection/install/my_robot_description/share/my_robot_description/meshes/biped_s40_meshes/r_foot_roll.STL
[0.507s] -- Up-to-date: /root/Synthetic_data_collection/isaac_lab_data_collection/install/my_robot_description/share/my_robot_description/meshes/biped_s40_meshes/r_r_tendon.STL
[0.507s] -- Up-to-date: /root/Synthetic_data_collection/isaac_lab_data_collection/install/my_robot_description/share/my_robot_description/meshes/biped_s40_meshes/r_r_bar.STL
[0.508s] -- Up-to-date: /root/Synthetic_data_collection/isaac_lab_data_collection/install/my_robot_description/share/my_robot_description/meshes/biped_s40_meshes/l_leg_pitch.STL
[0.508s] -- Up-to-date: /root/Synthetic_data_collection/isaac_lab_data_collection/install/my_robot_description/share/my_robot_description/meshes/biped_s40_meshes/l_l_bar.STL
[0.509s] -- Up-to-date: /root/Synthetic_data_collection/isaac_lab_data_collection/install/my_robot_description/share/my_robot_description/meshes/biped_s40_meshes/r_hand_pitch.STL
[0.509s] -- Up-to-date: /root/Synthetic_data_collection/isaac_lab_data_collection/install/my_robot_description/share/my_robot_description/meshes/biped_s40_meshes/r_arm_roll.STL
[0.509s] -- Up-to-date: /root/Synthetic_data_collection/isaac_lab_data_collection/install/my_robot_description/share/my_robot_description/meshes/biped_s40_meshes/l_hand_roll.STL
[0.510s] -- Up-to-date: /root/Synthetic_data_collection/isaac_lab_data_collection/install/my_robot_description/share/my_robot_description/meshes/biped_s40_meshes/l_knee.STL
[0.510s] -- Up-to-date: /root/Synthetic_data_collection/isaac_lab_data_collection/install/my_robot_description/share/my_robot_description/meshes/biped_s40_meshes/r_foot_pitch.STL
[0.511s] -- Up-to-date: /root/Synthetic_data_collection/isaac_lab_data_collection/install/my_robot_description/share/my_robot_description/meshes/biped_s40_meshes/l_arm_roll.STL
[0.511s] -- Up-to-date: /root/Synthetic_data_collection/isaac_lab_data_collection/install/my_robot_description/share/my_robot_description/meshes/biped_s40_meshes/l_forearm.STL
[0.512s] -- Up-to-date: /root/Synthetic_data_collection/isaac_lab_data_collection/install/my_robot_description/share/my_robot_description/meshes/biped_s40_meshes/r_hand_roll.STL
[0.512s] -- Up-to-date: /root/Synthetic_data_collection/isaac_lab_data_collection/install/my_robot_description/share/my_robot_description/meshes/biped_s40_meshes/base_link.STL
[0.512s] -- Up-to-date: /root/Synthetic_data_collection/isaac_lab_data_collection/install/my_robot_description/share/my_robot_description/meshes/biped_s40_meshes/r_forearm.STL
[0.513s] -- Up-to-date: /root/Synthetic_data_collection/isaac_lab_data_collection/install/my_robot_description/share/my_robot_description/meshes/biped_s40_meshes/r_arm_pitch.STL
[0.513s] -- Up-to-date: /root/Synthetic_data_collection/isaac_lab_data_collection/install/my_robot_description/share/my_robot_description/meshes/biped_s40_meshes/r_arm_yaw.STL
[0.514s] -- Up-to-date: /root/Synthetic_data_collection/isaac_lab_data_collection/install/my_robot_description/share/my_robot_description/meshes/biped_s40_meshes/l_arm_yaw.STL
[0.514s] -- Up-to-date: /root/Synthetic_data_collection/isaac_lab_data_collection/install/my_robot_description/share/my_robot_description/meshes/biped_s40_meshes/l_leg_roll.STL
[0.515s] -- Up-to-date: /root/Synthetic_data_collection/isaac_lab_data_collection/install/my_robot_description/share/my_robot_description/meshes/biped_s40_meshes/l_r_bar.STL
[0.515s] -- Up-to-date: /root/Synthetic_data_collection/isaac_lab_data_collection/install/my_robot_description/share/my_robot_description/meshes/biped_s40_meshes/r_l_tendon.STL
[0.516s] -- Up-to-date: /root/Synthetic_data_collection/isaac_lab_data_collection/install/my_robot_description/share/my_robot_description/launch
[0.516s] -- Up-to-date: /root/Synthetic_data_collection/isaac_lab_data_collection/install/my_robot_description/share/my_robot_description/launch/display_launch.py
[0.516s] -- Installing: /root/Synthetic_data_collection/isaac_lab_data_collection/install/my_robot_description/share/my_robot_description/launch/s40_display_launch.py
[0.517s] -- Up-to-date: /root/Synthetic_data_collection/isaac_lab_data_collection/install/my_robot_description/share/my_robot_description/config
[0.522s] -- Up-to-date: /root/Synthetic_data_collection/isaac_lab_data_collection/install/my_robot_description/share/my_robot_description/config/joint_names_biped_s45.yaml
[0.523s] -- Up-to-date: /root/Synthetic_data_collection/isaac_lab_data_collection/install/my_robot_description/share/ament_index/resource_index/package_run_dependencies/my_robot_description
[0.525s] -- Up-to-date: /root/Synthetic_data_collection/isaac_lab_data_collection/install/my_robot_description/share/ament_index/resource_index/parent_prefix_path/my_robot_description
[0.525s] -- Up-to-date: /root/Synthetic_data_collection/isaac_lab_data_collection/install/my_robot_description/share/my_robot_description/environment/ament_prefix_path.sh
[0.526s] -- Up-to-date: /root/Synthetic_data_collection/isaac_lab_data_collection/install/my_robot_description/share/my_robot_description/environment/ament_prefix_path.dsv
[0.527s] -- Up-to-date: /root/Synthetic_data_collection/isaac_lab_data_collection/install/my_robot_description/share/my_robot_description/environment/path.sh
[0.528s] -- Up-to-date: /root/Synthetic_data_collection/isaac_lab_data_collection/install/my_robot_description/share/my_robot_description/environment/path.dsv
[0.529s] -- Up-to-date: /root/Synthetic_data_collection/isaac_lab_data_collection/install/my_robot_description/share/my_robot_description/local_setup.bash
[0.530s] -- Up-to-date: /root/Synthetic_data_collection/isaac_lab_data_collection/install/my_robot_description/share/my_robot_description/local_setup.sh
[0.532s] -- Up-to-date: /root/Synthetic_data_collection/isaac_lab_data_collection/install/my_robot_description/share/my_robot_description/local_setup.zsh
[0.532s] -- Up-to-date: /root/Synthetic_data_collection/isaac_lab_data_collection/install/my_robot_description/share/my_robot_description/local_setup.dsv
[0.533s] -- Installing: /root/Synthetic_data_collection/isaac_lab_data_collection/install/my_robot_description/share/my_robot_description/package.dsv
[0.535s] -- Up-to-date: /root/Synthetic_data_collection/isaac_lab_data_collection/install/my_robot_description/share/ament_index/resource_index/packages/my_robot_description
[0.535s] -- Up-to-date: /root/Synthetic_data_collection/isaac_lab_data_collection/install/my_robot_description/share/my_robot_description/cmake/my_robot_descriptionConfig.cmake
[0.536s] -- Up-to-date: /root/Synthetic_data_collection/isaac_lab_data_collection/install/my_robot_description/share/my_robot_description/cmake/my_robot_descriptionConfig-version.cmake
[0.536s] -- Up-to-date: /root/Synthetic_data_collection/isaac_lab_data_collection/install/my_robot_description/share/my_robot_description/package.xml
[0.537s] Invoked command in '/root/Synthetic_data_collection/isaac_lab_data_collection/build/my_robot_description' returned '0': CMAKE_PREFIX_PATH=${CMAKE_PREFIX_PATH}:/opt/ros/jazzy CONDA_PROMPT_MODIFIER=(exo_suit_jazzy_v2_3) /usr/bin/cmake --install /root/Synthetic_data_collection/isaac_lab_data_collection/build/my_robot_description
