running develop
running egg_info
creating servo_angle_publisher.egg-info
writing servo_angle_publisher.egg-info/PKG-INFO
writing dependency_links to servo_angle_publisher.egg-info/dependency_links.txt
writing entry points to servo_angle_publisher.egg-info/entry_points.txt
writing requirements to servo_angle_publisher.egg-info/requires.txt
writing top-level names to servo_angle_publisher.egg-info/top_level.txt
writing manifest file 'servo_angle_publisher.egg-info/SOURCES.txt'
reading manifest file 'servo_angle_publisher.egg-info/SOURCES.txt'
writing manifest file 'servo_angle_publisher.egg-info/SOURCES.txt'
running build_ext
Creating /root/Synthetic_data_collection/isaac_lab_data_collection/install/servo_angle_publisher/lib/python3.12/site-packages/servo-angle-publisher.egg-link (link to .)
Installing servo_angle_node script to /root/Synthetic_data_collection/isaac_lab_data_collection/install/servo_angle_publisher/lib/servo_angle_publisher

Installed /root/Synthetic_data_collection/isaac_lab_data_collection/build/servo_angle_publisher
running symlink_data
creating /root/Synthetic_data_collection/isaac_lab_data_collection/install/servo_angle_publisher/share/ament_index
creating /root/Synthetic_data_collection/isaac_lab_data_collection/install/servo_angle_publisher/share/ament_index/resource_index
creating /root/Synthetic_data_collection/isaac_lab_data_collection/install/servo_angle_publisher/share/ament_index/resource_index/packages
symbolically linking /root/Synthetic_data_collection/isaac_lab_data_collection/build/servo_angle_publisher/resource/servo_angle_publisher -> /root/Synthetic_data_collection/isaac_lab_data_collection/install/servo_angle_publisher/share/ament_index/resource_index/packages
symbolically linking /root/Synthetic_data_collection/isaac_lab_data_collection/build/servo_angle_publisher/package.xml -> /root/Synthetic_data_collection/isaac_lab_data_collection/install/servo_angle_publisher/share/servo_angle_publisher
creating /root/Synthetic_data_collection/isaac_lab_data_collection/install/servo_angle_publisher/share/servo_angle_publisher/launch
symbolically linking /root/Synthetic_data_collection/isaac_lab_data_collection/build/servo_angle_publisher/launch/servo_angle.launch.py -> /root/Synthetic_data_collection/isaac_lab_data_collection/install/servo_angle_publisher/share/servo_angle_publisher/launch
