[0.176s] DEBUG:colcon:Command line arguments: ['/usr/bin/colcon', 'build']
[0.176s] DEBUG:colcon:Parsed command line arguments: Namespace(log_base=None, log_level=None, verb_name='build', build_base='build', install_base='install', merge_install=False, symlink_install=False, test_result_base=None, continue_on_error=False, executor='parallel', parallel_workers=8, event_handlers=None, ignore_user_meta=False, metas=['./colcon.meta'], base_paths=['.'], packages_ignore=None, packages_ignore_regex=None, paths=None, packages_up_to=None, packages_up_to_regex=None, packages_above=None, packages_above_and_dependencies=None, packages_above_depth=None, packages_select_by_dep=None, packages_skip_by_dep=None, packages_skip_up_to=None, packages_select_build_failed=False, packages_skip_build_finished=False, packages_select_test_failures=False, packages_skip_test_passed=False, packages_select=None, packages_skip=None, packages_select_regex=None, packages_skip_regex=None, packages_start=None, packages_end=None, allow_overriding=[], cmake_args=None, cmake_target=None, cmake_target_skip_unavailable=False, cmake_clean_cache=False, cmake_clean_first=False, cmake_force_configure=False, ament_cmake_args=None, catkin_cmake_args=None, catkin_skip_building_tests=False, verb_parser=<colcon_defaults.argument_parser.defaults.DefaultArgumentsDecorator object at 0xffff9f98fc50>, verb_extension=<colcon_core.verb.build.BuildVerb object at 0xffff9fb68290>, main=<bound method BuildVerb.main of <colcon_core.verb.build.BuildVerb object at 0xffff9fb68290>>)
[0.241s] Level 1:colcon.colcon_core.package_discovery:discover_packages(colcon_meta) check parameters
[0.242s] Level 1:colcon.colcon_core.package_discovery:discover_packages(recursive) check parameters
[0.242s] Level 1:colcon.colcon_core.package_discovery:discover_packages(ignore) check parameters
[0.242s] Level 1:colcon.colcon_core.package_discovery:discover_packages(path) check parameters
[0.242s] Level 1:colcon.colcon_core.package_discovery:discover_packages(colcon_meta) discover
[0.242s] Level 1:colcon.colcon_core.package_discovery:discover_packages(recursive) discover
[0.242s] INFO:colcon.colcon_core.package_discovery:Crawling recursively for packages in '/root/Synthetic_data_collection/isaac_lab_data_collection'
[0.242s] Level 1:colcon.colcon_core.package_identification:_identify(.) by extensions ['ignore', 'ignore_ament_install']
[0.242s] Level 1:colcon.colcon_core.package_identification:_identify(.) by extension 'ignore'
[0.242s] Level 1:colcon.colcon_core.package_identification:_identify(.) by extension 'ignore_ament_install'
[0.243s] Level 1:colcon.colcon_core.package_identification:_identify(.) by extensions ['colcon_pkg']
[0.243s] Level 1:colcon.colcon_core.package_identification:_identify(.) by extension 'colcon_pkg'
[0.243s] Level 1:colcon.colcon_core.package_identification:_identify(.) by extensions ['colcon_meta']
[0.243s] Level 1:colcon.colcon_core.package_identification:_identify(.) by extension 'colcon_meta'
[0.243s] Level 1:colcon.colcon_core.package_identification:_identify(.) by extensions ['ros']
[0.243s] Level 1:colcon.colcon_core.package_identification:_identify(.) by extension 'ros'
[0.286s] Level 1:colcon.colcon_core.package_identification:_identify(.) by extensions ['cmake', 'python']
[0.286s] Level 1:colcon.colcon_core.package_identification:_identify(.) by extension 'cmake'
[0.286s] Level 1:colcon.colcon_core.package_identification:_identify(.) by extension 'python'
[0.286s] Level 1:colcon.colcon_core.package_identification:_identify(.) by extensions ['python_setup_py']
[0.286s] Level 1:colcon.colcon_core.package_identification:_identify(.) by extension 'python_setup_py'
[0.286s] Level 1:colcon.colcon_core.package_identification:_identify(build) by extensions ['ignore', 'ignore_ament_install']
[0.286s] Level 1:colcon.colcon_core.package_identification:_identify(build) by extension 'ignore'
[0.287s] Level 1:colcon.colcon_core.package_identification:_identify(build) ignored
[0.287s] Level 1:colcon.colcon_core.package_identification:_identify(install) by extensions ['ignore', 'ignore_ament_install']
[0.287s] Level 1:colcon.colcon_core.package_identification:_identify(install) by extension 'ignore'
[0.287s] Level 1:colcon.colcon_core.package_identification:_identify(install) ignored
[0.287s] Level 1:colcon.colcon_core.package_identification:_identify(log) by extensions ['ignore', 'ignore_ament_install']
[0.287s] Level 1:colcon.colcon_core.package_identification:_identify(log) by extension 'ignore'
[0.287s] Level 1:colcon.colcon_core.package_identification:_identify(log) ignored
[0.287s] Level 1:colcon.colcon_core.package_identification:_identify(src) by extensions ['ignore', 'ignore_ament_install']
[0.288s] Level 1:colcon.colcon_core.package_identification:_identify(src) by extension 'ignore'
[0.288s] Level 1:colcon.colcon_core.package_identification:_identify(src) by extension 'ignore_ament_install'
[0.288s] Level 1:colcon.colcon_core.package_identification:_identify(src) by extensions ['colcon_pkg']
[0.288s] Level 1:colcon.colcon_core.package_identification:_identify(src) by extension 'colcon_pkg'
[0.288s] Level 1:colcon.colcon_core.package_identification:_identify(src) by extensions ['colcon_meta']
[0.288s] Level 1:colcon.colcon_core.package_identification:_identify(src) by extension 'colcon_meta'
[0.288s] Level 1:colcon.colcon_core.package_identification:_identify(src) by extensions ['ros']
[0.288s] Level 1:colcon.colcon_core.package_identification:_identify(src) by extension 'ros'
[0.288s] Level 1:colcon.colcon_core.package_identification:_identify(src) by extensions ['cmake', 'python']
[0.288s] Level 1:colcon.colcon_core.package_identification:_identify(src) by extension 'cmake'
[0.288s] Level 1:colcon.colcon_core.package_identification:_identify(src) by extension 'python'
[0.288s] Level 1:colcon.colcon_core.package_identification:_identify(src) by extensions ['python_setup_py']
[0.288s] Level 1:colcon.colcon_core.package_identification:_identify(src) by extension 'python_setup_py'
[0.288s] Level 1:colcon.colcon_core.package_identification:_identify(src/dynamic_biped) by extensions ['ignore', 'ignore_ament_install']
[0.288s] Level 1:colcon.colcon_core.package_identification:_identify(src/dynamic_biped) by extension 'ignore'
[0.289s] Level 1:colcon.colcon_core.package_identification:_identify(src/dynamic_biped) by extension 'ignore_ament_install'
[0.289s] Level 1:colcon.colcon_core.package_identification:_identify(src/dynamic_biped) by extensions ['colcon_pkg']
[0.289s] Level 1:colcon.colcon_core.package_identification:_identify(src/dynamic_biped) by extension 'colcon_pkg'
[0.289s] Level 1:colcon.colcon_core.package_identification:_identify(src/dynamic_biped) by extensions ['colcon_meta']
[0.289s] Level 1:colcon.colcon_core.package_identification:_identify(src/dynamic_biped) by extension 'colcon_meta'
[0.289s] Level 1:colcon.colcon_core.package_identification:_identify(src/dynamic_biped) by extensions ['ros']
[0.289s] Level 1:colcon.colcon_core.package_identification:_identify(src/dynamic_biped) by extension 'ros'
[0.297s] DEBUG:colcon.colcon_core.package_identification:Package 'src/dynamic_biped' with type 'ros.ament_cmake' and name 'dynamic_biped'
[0.297s] Level 1:colcon.colcon_core.package_identification:_identify(src/my_robot_description) by extensions ['ignore', 'ignore_ament_install']
[0.297s] Level 1:colcon.colcon_core.package_identification:_identify(src/my_robot_description) by extension 'ignore'
[0.297s] Level 1:colcon.colcon_core.package_identification:_identify(src/my_robot_description) by extension 'ignore_ament_install'
[0.297s] Level 1:colcon.colcon_core.package_identification:_identify(src/my_robot_description) by extensions ['colcon_pkg']
[0.298s] Level 1:colcon.colcon_core.package_identification:_identify(src/my_robot_description) by extension 'colcon_pkg'
[0.298s] Level 1:colcon.colcon_core.package_identification:_identify(src/my_robot_description) by extensions ['colcon_meta']
[0.298s] Level 1:colcon.colcon_core.package_identification:_identify(src/my_robot_description) by extension 'colcon_meta'
[0.298s] Level 1:colcon.colcon_core.package_identification:_identify(src/my_robot_description) by extensions ['ros']
[0.298s] Level 1:colcon.colcon_core.package_identification:_identify(src/my_robot_description) by extension 'ros'
[0.299s] DEBUG:colcon.colcon_core.package_identification:Package 'src/my_robot_description' with type 'ros.ament_cmake' and name 'my_robot_description'
[0.299s] Level 1:colcon.colcon_core.package_identification:_identify(src/servo_angle_publisher) by extensions ['ignore', 'ignore_ament_install']
[0.299s] Level 1:colcon.colcon_core.package_identification:_identify(src/servo_angle_publisher) by extension 'ignore'
[0.299s] Level 1:colcon.colcon_core.package_identification:_identify(src/servo_angle_publisher) by extension 'ignore_ament_install'
[0.299s] Level 1:colcon.colcon_core.package_identification:_identify(src/servo_angle_publisher) by extensions ['colcon_pkg']
[0.299s] Level 1:colcon.colcon_core.package_identification:_identify(src/servo_angle_publisher) by extension 'colcon_pkg'
[0.299s] Level 1:colcon.colcon_core.package_identification:_identify(src/servo_angle_publisher) by extensions ['colcon_meta']
[0.299s] Level 1:colcon.colcon_core.package_identification:_identify(src/servo_angle_publisher) by extension 'colcon_meta'
[0.299s] Level 1:colcon.colcon_core.package_identification:_identify(src/servo_angle_publisher) by extensions ['ros']
[0.299s] Level 1:colcon.colcon_core.package_identification:_identify(src/servo_angle_publisher) by extension 'ros'
[0.300s] DEBUG:colcon.colcon_core.package_identification:Package 'src/servo_angle_publisher' with type 'ros.ament_python' and name 'servo_angle_publisher'
[0.300s] Level 1:colcon.colcon_core.package_discovery:discover_packages(recursive) using defaults
[0.300s] Level 1:colcon.colcon_core.package_discovery:discover_packages(ignore) discover
[0.300s] Level 1:colcon.colcon_core.package_discovery:discover_packages(ignore) using defaults
[0.300s] Level 1:colcon.colcon_core.package_discovery:discover_packages(path) discover
[0.300s] Level 1:colcon.colcon_core.package_discovery:discover_packages(path) using defaults
[0.329s] Level 1:colcon.colcon_core.package_discovery:discover_packages(prefix_path) check parameters
[0.330s] Level 1:colcon.colcon_core.package_discovery:discover_packages(prefix_path) discover
[0.333s] DEBUG:colcon.colcon_installed_package_information.package_discovery:Found 3 installed packages in /root/Synthetic_data_collection/isaac_lab_data_collection/install
[0.335s] DEBUG:colcon.colcon_installed_package_information.package_discovery:Found 287 installed packages in /opt/ros/jazzy
[0.336s] Level 1:colcon.colcon_core.package_discovery:discover_packages(prefix_path) using defaults
[0.407s] Level 5:colcon.colcon_core.verb:set package 'dynamic_biped' build argument 'cmake_args' from command line to 'None'
[0.407s] Level 5:colcon.colcon_core.verb:set package 'dynamic_biped' build argument 'cmake_target' from command line to 'None'
[0.407s] Level 5:colcon.colcon_core.verb:set package 'dynamic_biped' build argument 'cmake_target_skip_unavailable' from command line to 'False'
[0.408s] Level 5:colcon.colcon_core.verb:set package 'dynamic_biped' build argument 'cmake_clean_cache' from command line to 'False'
[0.408s] Level 5:colcon.colcon_core.verb:set package 'dynamic_biped' build argument 'cmake_clean_first' from command line to 'False'
[0.408s] Level 5:colcon.colcon_core.verb:set package 'dynamic_biped' build argument 'cmake_force_configure' from command line to 'False'
[0.408s] Level 5:colcon.colcon_core.verb:set package 'dynamic_biped' build argument 'ament_cmake_args' from command line to 'None'
[0.408s] Level 5:colcon.colcon_core.verb:set package 'dynamic_biped' build argument 'catkin_cmake_args' from command line to 'None'
[0.408s] Level 5:colcon.colcon_core.verb:set package 'dynamic_biped' build argument 'catkin_skip_building_tests' from command line to 'False'
[0.408s] DEBUG:colcon.colcon_core.verb:Building package 'dynamic_biped' with the following arguments: {'ament_cmake_args': None, 'build_base': '/root/Synthetic_data_collection/isaac_lab_data_collection/build/dynamic_biped', 'catkin_cmake_args': None, 'catkin_skip_building_tests': False, 'cmake_args': None, 'cmake_clean_cache': False, 'cmake_clean_first': False, 'cmake_force_configure': False, 'cmake_target': None, 'cmake_target_skip_unavailable': False, 'install_base': '/root/Synthetic_data_collection/isaac_lab_data_collection/install/dynamic_biped', 'merge_install': False, 'path': '/root/Synthetic_data_collection/isaac_lab_data_collection/src/dynamic_biped', 'symlink_install': False, 'test_result_base': None}
[0.408s] Level 5:colcon.colcon_core.verb:set package 'my_robot_description' build argument 'cmake_args' from command line to 'None'
[0.408s] Level 5:colcon.colcon_core.verb:set package 'my_robot_description' build argument 'cmake_target' from command line to 'None'
[0.408s] Level 5:colcon.colcon_core.verb:set package 'my_robot_description' build argument 'cmake_target_skip_unavailable' from command line to 'False'
[0.408s] Level 5:colcon.colcon_core.verb:set package 'my_robot_description' build argument 'cmake_clean_cache' from command line to 'False'
[0.408s] Level 5:colcon.colcon_core.verb:set package 'my_robot_description' build argument 'cmake_clean_first' from command line to 'False'
[0.408s] Level 5:colcon.colcon_core.verb:set package 'my_robot_description' build argument 'cmake_force_configure' from command line to 'False'
[0.408s] Level 5:colcon.colcon_core.verb:set package 'my_robot_description' build argument 'ament_cmake_args' from command line to 'None'
[0.408s] Level 5:colcon.colcon_core.verb:set package 'my_robot_description' build argument 'catkin_cmake_args' from command line to 'None'
[0.408s] Level 5:colcon.colcon_core.verb:set package 'my_robot_description' build argument 'catkin_skip_building_tests' from command line to 'False'
[0.408s] DEBUG:colcon.colcon_core.verb:Building package 'my_robot_description' with the following arguments: {'ament_cmake_args': None, 'build_base': '/root/Synthetic_data_collection/isaac_lab_data_collection/build/my_robot_description', 'catkin_cmake_args': None, 'catkin_skip_building_tests': False, 'cmake_args': None, 'cmake_clean_cache': False, 'cmake_clean_first': False, 'cmake_force_configure': False, 'cmake_target': None, 'cmake_target_skip_unavailable': False, 'install_base': '/root/Synthetic_data_collection/isaac_lab_data_collection/install/my_robot_description', 'merge_install': False, 'path': '/root/Synthetic_data_collection/isaac_lab_data_collection/src/my_robot_description', 'symlink_install': False, 'test_result_base': None}
[0.409s] Level 5:colcon.colcon_core.verb:set package 'servo_angle_publisher' build argument 'cmake_args' from command line to 'None'
[0.409s] Level 5:colcon.colcon_core.verb:set package 'servo_angle_publisher' build argument 'cmake_target' from command line to 'None'
[0.409s] Level 5:colcon.colcon_core.verb:set package 'servo_angle_publisher' build argument 'cmake_target_skip_unavailable' from command line to 'False'
[0.409s] Level 5:colcon.colcon_core.verb:set package 'servo_angle_publisher' build argument 'cmake_clean_cache' from command line to 'False'
[0.409s] Level 5:colcon.colcon_core.verb:set package 'servo_angle_publisher' build argument 'cmake_clean_first' from command line to 'False'
[0.409s] Level 5:colcon.colcon_core.verb:set package 'servo_angle_publisher' build argument 'cmake_force_configure' from command line to 'False'
[0.409s] Level 5:colcon.colcon_core.verb:set package 'servo_angle_publisher' build argument 'ament_cmake_args' from command line to 'None'
[0.409s] Level 5:colcon.colcon_core.verb:set package 'servo_angle_publisher' build argument 'catkin_cmake_args' from command line to 'None'
[0.409s] Level 5:colcon.colcon_core.verb:set package 'servo_angle_publisher' build argument 'catkin_skip_building_tests' from command line to 'False'
[0.409s] DEBUG:colcon.colcon_core.verb:Building package 'servo_angle_publisher' with the following arguments: {'ament_cmake_args': None, 'build_base': '/root/Synthetic_data_collection/isaac_lab_data_collection/build/servo_angle_publisher', 'catkin_cmake_args': None, 'catkin_skip_building_tests': False, 'cmake_args': None, 'cmake_clean_cache': False, 'cmake_clean_first': False, 'cmake_force_configure': False, 'cmake_target': None, 'cmake_target_skip_unavailable': False, 'install_base': '/root/Synthetic_data_collection/isaac_lab_data_collection/install/servo_angle_publisher', 'merge_install': False, 'path': '/root/Synthetic_data_collection/isaac_lab_data_collection/src/servo_angle_publisher', 'symlink_install': False, 'test_result_base': None}
[0.409s] INFO:colcon.colcon_core.executor:Executing jobs using 'parallel' executor
[0.411s] DEBUG:colcon.colcon_parallel_executor.executor.parallel:run_until_complete
[0.412s] INFO:colcon.colcon_ros.task.ament_cmake.build:Building ROS package in '/root/Synthetic_data_collection/isaac_lab_data_collection/src/dynamic_biped' with build type 'ament_cmake'
[0.412s] INFO:colcon.colcon_cmake.task.cmake.build:Building CMake package in '/root/Synthetic_data_collection/isaac_lab_data_collection/src/dynamic_biped'
[0.416s] INFO:colcon.colcon_core.plugin_system:Skipping extension 'colcon_core.shell.bat': Not used on non-Windows systems
[0.416s] INFO:colcon.colcon_core.shell:Skip shell extension 'powershell' for command environment: Not usable outside of PowerShell
[0.416s] DEBUG:colcon.colcon_core.shell:Skip shell extension 'dsv' for command environment
[0.422s] INFO:colcon.colcon_ros.task.ament_cmake.build:Building ROS package in '/root/Synthetic_data_collection/isaac_lab_data_collection/src/my_robot_description' with build type 'ament_cmake'
[0.422s] INFO:colcon.colcon_cmake.task.cmake.build:Building CMake package in '/root/Synthetic_data_collection/isaac_lab_data_collection/src/my_robot_description'
[0.422s] INFO:colcon.colcon_core.shell:Skip shell extension 'powershell' for command environment: Not usable outside of PowerShell
[0.422s] DEBUG:colcon.colcon_core.shell:Skip shell extension 'dsv' for command environment
[0.428s] INFO:colcon.colcon_ros.task.ament_python.build:Building ROS package in '/root/Synthetic_data_collection/isaac_lab_data_collection/src/servo_angle_publisher' with build type 'ament_python'
[0.428s] Level 1:colcon.colcon_core.shell:create_environment_hook('servo_angle_publisher', 'ament_prefix_path')
[0.428s] INFO:colcon.colcon_core.shell:Creating environment hook '/root/Synthetic_data_collection/isaac_lab_data_collection/install/servo_angle_publisher/share/servo_angle_publisher/hook/ament_prefix_path.ps1'
[0.430s] INFO:colcon.colcon_core.shell:Creating environment descriptor '/root/Synthetic_data_collection/isaac_lab_data_collection/install/servo_angle_publisher/share/servo_angle_publisher/hook/ament_prefix_path.dsv'
[0.431s] INFO:colcon.colcon_core.shell:Creating environment hook '/root/Synthetic_data_collection/isaac_lab_data_collection/install/servo_angle_publisher/share/servo_angle_publisher/hook/ament_prefix_path.sh'
[0.432s] INFO:colcon.colcon_core.shell:Skip shell extension 'powershell' for command environment: Not usable outside of PowerShell
[0.432s] DEBUG:colcon.colcon_core.shell:Skip shell extension 'dsv' for command environment
[0.446s] DEBUG:colcon.colcon_core.event_handler.log_command:Invoking command in '/root/Synthetic_data_collection/isaac_lab_data_collection/build/dynamic_biped': CMAKE_PREFIX_PATH=${CMAKE_PREFIX_PATH}:/root/Synthetic_data_collection/isaac_lab_data_collection/install/servo_angle_publisher:/opt/ros/jazzy CONDA_PROMPT_MODIFIER=(exo_suit_jazzy_v2_3) /usr/bin/cmake --build /root/Synthetic_data_collection/isaac_lab_data_collection/build/dynamic_biped -- -j8 -l8
[0.452s] DEBUG:colcon.colcon_core.event_handler.log_command:Invoking command in '/root/Synthetic_data_collection/isaac_lab_data_collection/build/my_robot_description': CMAKE_PREFIX_PATH=${CMAKE_PREFIX_PATH}:/root/Synthetic_data_collection/isaac_lab_data_collection/install/servo_angle_publisher:/opt/ros/jazzy CONDA_PROMPT_MODIFIER=(exo_suit_jazzy_v2_3) /usr/bin/cmake --build /root/Synthetic_data_collection/isaac_lab_data_collection/build/my_robot_description -- -j8 -l8
[0.838s] INFO:colcon.colcon_core.task.python.build:Building Python package in '/root/Synthetic_data_collection/isaac_lab_data_collection/src/servo_angle_publisher'
[0.838s] INFO:colcon.colcon_core.shell:Skip shell extension 'powershell' for command environment: Not usable outside of PowerShell
[0.838s] DEBUG:colcon.colcon_core.shell:Skip shell extension 'dsv' for command environment
[0.845s] DEBUG:colcon.colcon_core.event_handler.log_command:Invoked command in '/root/Synthetic_data_collection/isaac_lab_data_collection/build/my_robot_description' returned '0': CMAKE_PREFIX_PATH=${CMAKE_PREFIX_PATH}:/root/Synthetic_data_collection/isaac_lab_data_collection/install/servo_angle_publisher:/opt/ros/jazzy CONDA_PROMPT_MODIFIER=(exo_suit_jazzy_v2_3) /usr/bin/cmake --build /root/Synthetic_data_collection/isaac_lab_data_collection/build/my_robot_description -- -j8 -l8
[0.861s] DEBUG:colcon.colcon_core.event_handler.log_command:Invoking command in '/root/Synthetic_data_collection/isaac_lab_data_collection/build/my_robot_description': CMAKE_PREFIX_PATH=${CMAKE_PREFIX_PATH}:/root/Synthetic_data_collection/isaac_lab_data_collection/install/servo_angle_publisher:/opt/ros/jazzy CONDA_PROMPT_MODIFIER=(exo_suit_jazzy_v2_3) /usr/bin/cmake --install /root/Synthetic_data_collection/isaac_lab_data_collection/build/my_robot_description
[0.897s] Level 1:colcon.colcon_core.environment:create_environment_scripts_only(my_robot_description)
[0.918s] DEBUG:colcon.colcon_core.event_handler.log_command:Invoked command in '/root/Synthetic_data_collection/isaac_lab_data_collection/build/my_robot_description' returned '0': CMAKE_PREFIX_PATH=${CMAKE_PREFIX_PATH}:/root/Synthetic_data_collection/isaac_lab_data_collection/install/servo_angle_publisher:/opt/ros/jazzy CONDA_PROMPT_MODIFIER=(exo_suit_jazzy_v2_3) /usr/bin/cmake --install /root/Synthetic_data_collection/isaac_lab_data_collection/build/my_robot_description
[0.923s] Level 1:colcon.colcon_core.environment:checking '/root/Synthetic_data_collection/isaac_lab_data_collection/install/my_robot_description' for CMake module files
[0.926s] Level 1:colcon.colcon_core.environment:checking '/root/Synthetic_data_collection/isaac_lab_data_collection/install/my_robot_description' for CMake config files
[0.928s] Level 1:colcon.colcon_core.shell:create_environment_hook('my_robot_description', 'cmake_prefix_path')
[0.929s] INFO:colcon.colcon_core.shell:Creating environment hook '/root/Synthetic_data_collection/isaac_lab_data_collection/install/my_robot_description/share/my_robot_description/hook/cmake_prefix_path.ps1'
[0.931s] INFO:colcon.colcon_core.shell:Creating environment descriptor '/root/Synthetic_data_collection/isaac_lab_data_collection/install/my_robot_description/share/my_robot_description/hook/cmake_prefix_path.dsv'
[0.934s] INFO:colcon.colcon_core.shell:Creating environment hook '/root/Synthetic_data_collection/isaac_lab_data_collection/install/my_robot_description/share/my_robot_description/hook/cmake_prefix_path.sh'
[0.937s] Level 1:colcon.colcon_core.environment:checking '/root/Synthetic_data_collection/isaac_lab_data_collection/install/my_robot_description/bin'
[0.938s] Level 1:colcon.colcon_core.environment:checking '/root/Synthetic_data_collection/isaac_lab_data_collection/install/my_robot_description/lib/pkgconfig/my_robot_description.pc'
[0.939s] Level 1:colcon.colcon_core.environment:checking '/root/Synthetic_data_collection/isaac_lab_data_collection/install/my_robot_description/lib/python3.12/site-packages'
[0.941s] Level 1:colcon.colcon_core.environment:checking '/root/Synthetic_data_collection/isaac_lab_data_collection/install/my_robot_description/bin'
[0.942s] INFO:colcon.colcon_core.shell:Creating package script '/root/Synthetic_data_collection/isaac_lab_data_collection/install/my_robot_description/share/my_robot_description/package.ps1'
[0.946s] INFO:colcon.colcon_core.shell:Creating package descriptor '/root/Synthetic_data_collection/isaac_lab_data_collection/install/my_robot_description/share/my_robot_description/package.dsv'
[0.949s] INFO:colcon.colcon_core.shell:Creating package script '/root/Synthetic_data_collection/isaac_lab_data_collection/install/my_robot_description/share/my_robot_description/package.sh'
[0.951s] INFO:colcon.colcon_core.shell:Creating package script '/root/Synthetic_data_collection/isaac_lab_data_collection/install/my_robot_description/share/my_robot_description/package.bash'
[0.953s] INFO:colcon.colcon_core.shell:Creating package script '/root/Synthetic_data_collection/isaac_lab_data_collection/install/my_robot_description/share/my_robot_description/package.zsh'
[0.954s] Level 1:colcon.colcon_core.environment:create_file_with_runtime_dependencies(/root/Synthetic_data_collection/isaac_lab_data_collection/install/my_robot_description/share/colcon-core/packages/my_robot_description)
[0.955s] Level 1:colcon.colcon_core.environment:create_environment_scripts_only(my_robot_description)
[0.956s] Level 1:colcon.colcon_core.environment:checking '/root/Synthetic_data_collection/isaac_lab_data_collection/install/my_robot_description' for CMake module files
[0.958s] Level 1:colcon.colcon_core.environment:checking '/root/Synthetic_data_collection/isaac_lab_data_collection/install/my_robot_description' for CMake config files
[0.959s] Level 1:colcon.colcon_core.shell:create_environment_hook('my_robot_description', 'cmake_prefix_path')
[0.960s] INFO:colcon.colcon_core.shell:Creating environment hook '/root/Synthetic_data_collection/isaac_lab_data_collection/install/my_robot_description/share/my_robot_description/hook/cmake_prefix_path.ps1'
[0.961s] INFO:colcon.colcon_core.shell:Creating environment descriptor '/root/Synthetic_data_collection/isaac_lab_data_collection/install/my_robot_description/share/my_robot_description/hook/cmake_prefix_path.dsv'
[0.961s] INFO:colcon.colcon_core.shell:Creating environment hook '/root/Synthetic_data_collection/isaac_lab_data_collection/install/my_robot_description/share/my_robot_description/hook/cmake_prefix_path.sh'
[0.962s] Level 1:colcon.colcon_core.environment:checking '/root/Synthetic_data_collection/isaac_lab_data_collection/install/my_robot_description/bin'
[0.963s] Level 1:colcon.colcon_core.environment:checking '/root/Synthetic_data_collection/isaac_lab_data_collection/install/my_robot_description/lib/pkgconfig/my_robot_description.pc'
[0.963s] Level 1:colcon.colcon_core.environment:checking '/root/Synthetic_data_collection/isaac_lab_data_collection/install/my_robot_description/lib/python3.12/site-packages'
[0.964s] Level 1:colcon.colcon_core.environment:checking '/root/Synthetic_data_collection/isaac_lab_data_collection/install/my_robot_description/bin'
[0.964s] INFO:colcon.colcon_core.shell:Creating package script '/root/Synthetic_data_collection/isaac_lab_data_collection/install/my_robot_description/share/my_robot_description/package.ps1'
[0.965s] INFO:colcon.colcon_core.shell:Creating package descriptor '/root/Synthetic_data_collection/isaac_lab_data_collection/install/my_robot_description/share/my_robot_description/package.dsv'
[0.966s] INFO:colcon.colcon_core.shell:Creating package script '/root/Synthetic_data_collection/isaac_lab_data_collection/install/my_robot_description/share/my_robot_description/package.sh'
[0.967s] INFO:colcon.colcon_core.shell:Creating package script '/root/Synthetic_data_collection/isaac_lab_data_collection/install/my_robot_description/share/my_robot_description/package.bash'
[0.967s] INFO:colcon.colcon_core.shell:Creating package script '/root/Synthetic_data_collection/isaac_lab_data_collection/install/my_robot_description/share/my_robot_description/package.zsh'
[0.968s] Level 1:colcon.colcon_core.environment:create_file_with_runtime_dependencies(/root/Synthetic_data_collection/isaac_lab_data_collection/install/my_robot_description/share/colcon-core/packages/my_robot_description)
[1.385s] DEBUG:colcon.colcon_core.event_handler.log_command:Invoked command in '/root/Synthetic_data_collection/isaac_lab_data_collection/build/dynamic_biped' returned '0': CMAKE_PREFIX_PATH=${CMAKE_PREFIX_PATH}:/root/Synthetic_data_collection/isaac_lab_data_collection/install/servo_angle_publisher:/opt/ros/jazzy CONDA_PROMPT_MODIFIER=(exo_suit_jazzy_v2_3) /usr/bin/cmake --build /root/Synthetic_data_collection/isaac_lab_data_collection/build/dynamic_biped -- -j8 -l8
[1.388s] DEBUG:colcon.colcon_core.event_handler.log_command:Invoking command in '/root/Synthetic_data_collection/isaac_lab_data_collection/build/dynamic_biped': CMAKE_PREFIX_PATH=${CMAKE_PREFIX_PATH}:/root/Synthetic_data_collection/isaac_lab_data_collection/install/servo_angle_publisher:/opt/ros/jazzy CONDA_PROMPT_MODIFIER=(exo_suit_jazzy_v2_3) /usr/bin/cmake --install /root/Synthetic_data_collection/isaac_lab_data_collection/build/dynamic_biped
[1.589s] Level 1:colcon.colcon_core.environment:create_environment_scripts_only(dynamic_biped)
[1.591s] Level 1:colcon.colcon_core.environment:checking '/root/Synthetic_data_collection/isaac_lab_data_collection/install/dynamic_biped' for CMake module files
[1.592s] DEBUG:colcon.colcon_core.event_handler.log_command:Invoked command in '/root/Synthetic_data_collection/isaac_lab_data_collection/build/dynamic_biped' returned '0': CMAKE_PREFIX_PATH=${CMAKE_PREFIX_PATH}:/root/Synthetic_data_collection/isaac_lab_data_collection/install/servo_angle_publisher:/opt/ros/jazzy CONDA_PROMPT_MODIFIER=(exo_suit_jazzy_v2_3) /usr/bin/cmake --install /root/Synthetic_data_collection/isaac_lab_data_collection/build/dynamic_biped
[1.596s] Level 1:colcon.colcon_core.environment:checking '/root/Synthetic_data_collection/isaac_lab_data_collection/install/dynamic_biped' for CMake config files
[1.599s] Level 1:colcon.colcon_core.shell:create_environment_hook('dynamic_biped', 'cmake_prefix_path')
[1.600s] INFO:colcon.colcon_core.shell:Creating environment hook '/root/Synthetic_data_collection/isaac_lab_data_collection/install/dynamic_biped/share/dynamic_biped/hook/cmake_prefix_path.ps1'
[1.602s] INFO:colcon.colcon_core.shell:Creating environment descriptor '/root/Synthetic_data_collection/isaac_lab_data_collection/install/dynamic_biped/share/dynamic_biped/hook/cmake_prefix_path.dsv'
[1.604s] INFO:colcon.colcon_core.shell:Creating environment hook '/root/Synthetic_data_collection/isaac_lab_data_collection/install/dynamic_biped/share/dynamic_biped/hook/cmake_prefix_path.sh'
[1.606s] Level 1:colcon.colcon_core.environment:checking '/root/Synthetic_data_collection/isaac_lab_data_collection/install/dynamic_biped/lib'
[1.607s] Level 1:colcon.colcon_core.shell:create_environment_hook('dynamic_biped', 'ld_library_path_lib')
[1.608s] INFO:colcon.colcon_core.shell:Creating environment hook '/root/Synthetic_data_collection/isaac_lab_data_collection/install/dynamic_biped/share/dynamic_biped/hook/ld_library_path_lib.ps1'
[1.609s] INFO:colcon.colcon_core.shell:Creating environment descriptor '/root/Synthetic_data_collection/isaac_lab_data_collection/install/dynamic_biped/share/dynamic_biped/hook/ld_library_path_lib.dsv'
[1.610s] INFO:colcon.colcon_core.shell:Creating environment hook '/root/Synthetic_data_collection/isaac_lab_data_collection/install/dynamic_biped/share/dynamic_biped/hook/ld_library_path_lib.sh'
[1.611s] Level 1:colcon.colcon_core.environment:checking '/root/Synthetic_data_collection/isaac_lab_data_collection/install/dynamic_biped/bin'
[1.612s] Level 1:colcon.colcon_core.environment:checking '/root/Synthetic_data_collection/isaac_lab_data_collection/install/dynamic_biped/lib/pkgconfig/dynamic_biped.pc'
[1.613s] Level 1:colcon.colcon_core.environment:checking '/root/Synthetic_data_collection/isaac_lab_data_collection/install/dynamic_biped/lib/python3.12/site-packages'
[1.613s] Level 1:colcon.colcon_core.shell:create_environment_hook('dynamic_biped', 'pythonpath')
[1.615s] INFO:colcon.colcon_core.shell:Creating environment hook '/root/Synthetic_data_collection/isaac_lab_data_collection/install/dynamic_biped/share/dynamic_biped/hook/pythonpath.ps1'
[1.617s] INFO:colcon.colcon_core.shell:Creating environment descriptor '/root/Synthetic_data_collection/isaac_lab_data_collection/install/dynamic_biped/share/dynamic_biped/hook/pythonpath.dsv'
[1.619s] INFO:colcon.colcon_core.shell:Creating environment hook '/root/Synthetic_data_collection/isaac_lab_data_collection/install/dynamic_biped/share/dynamic_biped/hook/pythonpath.sh'
[1.623s] Level 1:colcon.colcon_core.environment:checking '/root/Synthetic_data_collection/isaac_lab_data_collection/install/dynamic_biped/bin'
[1.626s] INFO:colcon.colcon_core.shell:Creating package script '/root/Synthetic_data_collection/isaac_lab_data_collection/install/dynamic_biped/share/dynamic_biped/package.ps1'
[1.629s] INFO:colcon.colcon_core.shell:Creating package descriptor '/root/Synthetic_data_collection/isaac_lab_data_collection/install/dynamic_biped/share/dynamic_biped/package.dsv'
[1.633s] INFO:colcon.colcon_core.shell:Creating package script '/root/Synthetic_data_collection/isaac_lab_data_collection/install/dynamic_biped/share/dynamic_biped/package.sh'
[1.635s] INFO:colcon.colcon_core.shell:Creating package script '/root/Synthetic_data_collection/isaac_lab_data_collection/install/dynamic_biped/share/dynamic_biped/package.bash'
[1.638s] INFO:colcon.colcon_core.shell:Creating package script '/root/Synthetic_data_collection/isaac_lab_data_collection/install/dynamic_biped/share/dynamic_biped/package.zsh'
[1.639s] Level 1:colcon.colcon_core.environment:create_file_with_runtime_dependencies(/root/Synthetic_data_collection/isaac_lab_data_collection/install/dynamic_biped/share/colcon-core/packages/dynamic_biped)
[1.642s] Level 1:colcon.colcon_core.environment:create_environment_scripts_only(dynamic_biped)
[1.643s] Level 1:colcon.colcon_core.environment:checking '/root/Synthetic_data_collection/isaac_lab_data_collection/install/dynamic_biped' for CMake module files
[1.644s] Level 1:colcon.colcon_core.environment:checking '/root/Synthetic_data_collection/isaac_lab_data_collection/install/dynamic_biped' for CMake config files
[1.646s] Level 1:colcon.colcon_core.shell:create_environment_hook('dynamic_biped', 'cmake_prefix_path')
[1.646s] INFO:colcon.colcon_core.shell:Creating environment hook '/root/Synthetic_data_collection/isaac_lab_data_collection/install/dynamic_biped/share/dynamic_biped/hook/cmake_prefix_path.ps1'
[1.647s] INFO:colcon.colcon_core.shell:Creating environment descriptor '/root/Synthetic_data_collection/isaac_lab_data_collection/install/dynamic_biped/share/dynamic_biped/hook/cmake_prefix_path.dsv'
[1.648s] INFO:colcon.colcon_core.shell:Creating environment hook '/root/Synthetic_data_collection/isaac_lab_data_collection/install/dynamic_biped/share/dynamic_biped/hook/cmake_prefix_path.sh'
[1.649s] Level 1:colcon.colcon_core.environment:checking '/root/Synthetic_data_collection/isaac_lab_data_collection/install/dynamic_biped/lib'
[1.650s] Level 1:colcon.colcon_core.shell:create_environment_hook('dynamic_biped', 'ld_library_path_lib')
[1.650s] INFO:colcon.colcon_core.shell:Creating environment hook '/root/Synthetic_data_collection/isaac_lab_data_collection/install/dynamic_biped/share/dynamic_biped/hook/ld_library_path_lib.ps1'
[1.651s] INFO:colcon.colcon_core.shell:Creating environment descriptor '/root/Synthetic_data_collection/isaac_lab_data_collection/install/dynamic_biped/share/dynamic_biped/hook/ld_library_path_lib.dsv'
[1.652s] INFO:colcon.colcon_core.shell:Creating environment hook '/root/Synthetic_data_collection/isaac_lab_data_collection/install/dynamic_biped/share/dynamic_biped/hook/ld_library_path_lib.sh'
[1.652s] Level 1:colcon.colcon_core.environment:checking '/root/Synthetic_data_collection/isaac_lab_data_collection/install/dynamic_biped/bin'
[1.653s] Level 1:colcon.colcon_core.environment:checking '/root/Synthetic_data_collection/isaac_lab_data_collection/install/dynamic_biped/lib/pkgconfig/dynamic_biped.pc'
[1.653s] Level 1:colcon.colcon_core.environment:checking '/root/Synthetic_data_collection/isaac_lab_data_collection/install/dynamic_biped/lib/python3.12/site-packages'
[1.653s] Level 1:colcon.colcon_core.shell:create_environment_hook('dynamic_biped', 'pythonpath')
[1.654s] INFO:colcon.colcon_core.shell:Creating environment hook '/root/Synthetic_data_collection/isaac_lab_data_collection/install/dynamic_biped/share/dynamic_biped/hook/pythonpath.ps1'
[1.655s] INFO:colcon.colcon_core.shell:Creating environment descriptor '/root/Synthetic_data_collection/isaac_lab_data_collection/install/dynamic_biped/share/dynamic_biped/hook/pythonpath.dsv'
[1.655s] INFO:colcon.colcon_core.shell:Creating environment hook '/root/Synthetic_data_collection/isaac_lab_data_collection/install/dynamic_biped/share/dynamic_biped/hook/pythonpath.sh'
[1.657s] Level 1:colcon.colcon_core.environment:checking '/root/Synthetic_data_collection/isaac_lab_data_collection/install/dynamic_biped/bin'
[1.658s] INFO:colcon.colcon_core.shell:Creating package script '/root/Synthetic_data_collection/isaac_lab_data_collection/install/dynamic_biped/share/dynamic_biped/package.ps1'
[1.659s] INFO:colcon.colcon_core.shell:Creating package descriptor '/root/Synthetic_data_collection/isaac_lab_data_collection/install/dynamic_biped/share/dynamic_biped/package.dsv'
[1.660s] INFO:colcon.colcon_core.shell:Creating package script '/root/Synthetic_data_collection/isaac_lab_data_collection/install/dynamic_biped/share/dynamic_biped/package.sh'
[1.661s] INFO:colcon.colcon_core.shell:Creating package script '/root/Synthetic_data_collection/isaac_lab_data_collection/install/dynamic_biped/share/dynamic_biped/package.bash'
[1.662s] INFO:colcon.colcon_core.shell:Creating package script '/root/Synthetic_data_collection/isaac_lab_data_collection/install/dynamic_biped/share/dynamic_biped/package.zsh'
[1.662s] Level 1:colcon.colcon_core.environment:create_file_with_runtime_dependencies(/root/Synthetic_data_collection/isaac_lab_data_collection/install/dynamic_biped/share/colcon-core/packages/dynamic_biped)
[1.778s] DEBUG:colcon.colcon_core.event_handler.log_command:Invoking command in '/root/Synthetic_data_collection/isaac_lab_data_collection/src/servo_angle_publisher': CONDA_PROMPT_MODIFIER=(exo_suit_jazzy_v2_3) PYTHONPATH=/root/Synthetic_data_collection/isaac_lab_data_collection/build/servo_angle_publisher/prefix_override:/usr/lib/python3/dist-packages/colcon_core/task/python/colcon_distutils_commands:/root/Synthetic_data_collection/isaac_lab_data_collection/install/servo_angle_publisher/lib/python3.12/site-packages:${PYTHONPATH} /usr/bin/python3 -W ignore:setup.py install is deprecated -W ignore:easy_install command is deprecated setup.py egg_info --egg-base ../../build/servo_angle_publisher build --build-base /root/Synthetic_data_collection/isaac_lab_data_collection/build/servo_angle_publisher/build install --record /root/Synthetic_data_collection/isaac_lab_data_collection/build/servo_angle_publisher/install.log --single-version-externally-managed install_data
[2.668s] Level 1:colcon.colcon_core.environment:checking '/root/Synthetic_data_collection/isaac_lab_data_collection/install/servo_angle_publisher' for CMake module files
[2.669s] DEBUG:colcon.colcon_core.event_handler.log_command:Invoked command in '/root/Synthetic_data_collection/isaac_lab_data_collection/src/servo_angle_publisher' returned '0': CONDA_PROMPT_MODIFIER=(exo_suit_jazzy_v2_3) PYTHONPATH=/root/Synthetic_data_collection/isaac_lab_data_collection/build/servo_angle_publisher/prefix_override:/usr/lib/python3/dist-packages/colcon_core/task/python/colcon_distutils_commands:/root/Synthetic_data_collection/isaac_lab_data_collection/install/servo_angle_publisher/lib/python3.12/site-packages:${PYTHONPATH} /usr/bin/python3 -W ignore:setup.py install is deprecated -W ignore:easy_install command is deprecated setup.py egg_info --egg-base ../../build/servo_angle_publisher build --build-base /root/Synthetic_data_collection/isaac_lab_data_collection/build/servo_angle_publisher/build install --record /root/Synthetic_data_collection/isaac_lab_data_collection/build/servo_angle_publisher/install.log --single-version-externally-managed install_data
[2.670s] Level 1:colcon.colcon_core.environment:checking '/root/Synthetic_data_collection/isaac_lab_data_collection/install/servo_angle_publisher' for CMake config files
[2.671s] Level 1:colcon.colcon_core.environment:checking '/root/Synthetic_data_collection/isaac_lab_data_collection/install/servo_angle_publisher/lib'
[2.671s] Level 1:colcon.colcon_core.environment:checking '/root/Synthetic_data_collection/isaac_lab_data_collection/install/servo_angle_publisher/bin'
[2.671s] Level 1:colcon.colcon_core.environment:checking '/root/Synthetic_data_collection/isaac_lab_data_collection/install/servo_angle_publisher/lib/pkgconfig/servo_angle_publisher.pc'
[2.672s] Level 1:colcon.colcon_core.environment:checking '/root/Synthetic_data_collection/isaac_lab_data_collection/install/servo_angle_publisher/lib/python3.12/site-packages'
[2.672s] Level 1:colcon.colcon_core.shell:create_environment_hook('servo_angle_publisher', 'pythonpath')
[2.672s] INFO:colcon.colcon_core.shell:Creating environment hook '/root/Synthetic_data_collection/isaac_lab_data_collection/install/servo_angle_publisher/share/servo_angle_publisher/hook/pythonpath.ps1'
[2.673s] INFO:colcon.colcon_core.shell:Creating environment descriptor '/root/Synthetic_data_collection/isaac_lab_data_collection/install/servo_angle_publisher/share/servo_angle_publisher/hook/pythonpath.dsv'
[2.674s] INFO:colcon.colcon_core.shell:Creating environment hook '/root/Synthetic_data_collection/isaac_lab_data_collection/install/servo_angle_publisher/share/servo_angle_publisher/hook/pythonpath.sh'
[2.675s] Level 1:colcon.colcon_core.environment:checking '/root/Synthetic_data_collection/isaac_lab_data_collection/install/servo_angle_publisher/bin'
[2.675s] Level 1:colcon.colcon_core.environment:create_environment_scripts_only(servo_angle_publisher)
[2.676s] INFO:colcon.colcon_core.shell:Creating package script '/root/Synthetic_data_collection/isaac_lab_data_collection/install/servo_angle_publisher/share/servo_angle_publisher/package.ps1'
[2.676s] INFO:colcon.colcon_core.shell:Creating package descriptor '/root/Synthetic_data_collection/isaac_lab_data_collection/install/servo_angle_publisher/share/servo_angle_publisher/package.dsv'
[2.677s] INFO:colcon.colcon_core.shell:Creating package script '/root/Synthetic_data_collection/isaac_lab_data_collection/install/servo_angle_publisher/share/servo_angle_publisher/package.sh'
[2.678s] INFO:colcon.colcon_core.shell:Creating package script '/root/Synthetic_data_collection/isaac_lab_data_collection/install/servo_angle_publisher/share/servo_angle_publisher/package.bash'
[2.678s] INFO:colcon.colcon_core.shell:Creating package script '/root/Synthetic_data_collection/isaac_lab_data_collection/install/servo_angle_publisher/share/servo_angle_publisher/package.zsh'
[2.679s] Level 1:colcon.colcon_core.environment:create_file_with_runtime_dependencies(/root/Synthetic_data_collection/isaac_lab_data_collection/install/servo_angle_publisher/share/colcon-core/packages/servo_angle_publisher)
[2.679s] DEBUG:colcon.colcon_parallel_executor.executor.parallel:closing loop
[2.680s] DEBUG:colcon.colcon_parallel_executor.executor.parallel:loop closed
[2.680s] DEBUG:colcon.colcon_parallel_executor.executor.parallel:run_until_complete finished with '0'
[2.680s] DEBUG:colcon.colcon_core.event_reactor:joining thread
[2.691s] INFO:colcon.colcon_core.plugin_system:Skipping extension 'colcon_notification.desktop_notification.notify_send': Could not find 'notify-send'
[2.691s] INFO:colcon.colcon_core.plugin_system:Skipping extension 'colcon_notification.desktop_notification.terminal_notifier': Not used on non-Darwin systems
[2.691s] INFO:colcon.colcon_core.plugin_system:Skipping extension 'colcon_notification.desktop_notification.win32': Not used on non-Windows systems
[2.691s] INFO:colcon.colcon_notification.desktop_notification:Sending desktop notification using 'notify2'
[2.692s] DEBUG:colcon.colcon_notification.desktop_notification.notify2:Failed to initialize notify2: org.freedesktop.DBus.Error.NotSupported: Unable to autolaunch a dbus-daemon without a $DISPLAY for X11
[2.692s] DEBUG:colcon.colcon_core.event_reactor:joined thread
[2.692s] INFO:colcon.colcon_core.shell:Creating prefix script '/root/Synthetic_data_collection/isaac_lab_data_collection/install/local_setup.ps1'
[2.694s] INFO:colcon.colcon_core.shell:Creating prefix util module '/root/Synthetic_data_collection/isaac_lab_data_collection/install/_local_setup_util_ps1.py'
[2.696s] INFO:colcon.colcon_core.shell:Creating prefix chain script '/root/Synthetic_data_collection/isaac_lab_data_collection/install/setup.ps1'
[2.697s] INFO:colcon.colcon_core.shell:Creating prefix script '/root/Synthetic_data_collection/isaac_lab_data_collection/install/local_setup.sh'
[2.698s] INFO:colcon.colcon_core.shell:Creating prefix util module '/root/Synthetic_data_collection/isaac_lab_data_collection/install/_local_setup_util_sh.py'
[2.699s] INFO:colcon.colcon_core.shell:Creating prefix chain script '/root/Synthetic_data_collection/isaac_lab_data_collection/install/setup.sh'
[2.700s] INFO:colcon.colcon_core.shell:Creating prefix script '/root/Synthetic_data_collection/isaac_lab_data_collection/install/local_setup.bash'
[2.701s] INFO:colcon.colcon_core.shell:Creating prefix chain script '/root/Synthetic_data_collection/isaac_lab_data_collection/install/setup.bash'
[2.702s] INFO:colcon.colcon_core.shell:Creating prefix script '/root/Synthetic_data_collection/isaac_lab_data_collection/install/local_setup.zsh'
[2.703s] INFO:colcon.colcon_core.shell:Creating prefix chain script '/root/Synthetic_data_collection/isaac_lab_data_collection/install/setup.zsh'
