[0.090s] Invoking command in '/root/Synthetic_data_collection/isaac_lab_data_collection/build/my_robot_description': CMAKE_PREFIX_PATH=${CMAKE_PREFIX_PATH}:/root/Synthetic_data_collection/isaac_lab_data_collection/install/servo_angle_publisher:/opt/ros/jazzy CONDA_PROMPT_MODIFIER=(exo_suit_jazzy_v2_3) /usr/bin/cmake --build /root/Synthetic_data_collection/isaac_lab_data_collection/build/my_robot_description -- -j8 -l8
[0.573s] Invoked command in '/root/Synthetic_data_collection/isaac_lab_data_collection/build/my_robot_description' returned '0': CMAKE_PREFIX_PATH=${CMAKE_PREFIX_PATH}:/root/Synthetic_data_collection/isaac_lab_data_collection/install/servo_angle_publisher:/opt/ros/jazzy CONDA_PROMPT_MODIFIER=(exo_suit_jazzy_v2_3) /usr/bin/cmake --build /root/Synthetic_data_collection/isaac_lab_data_collection/build/my_robot_description -- -j8 -l8
[0.604s] Invoking command in '/root/Synthetic_data_collection/isaac_lab_data_collection/build/my_robot_description': CMAKE_PREFIX_PATH=${CMAKE_PREFIX_PATH}:/root/Synthetic_data_collection/isaac_lab_data_collection/install/servo_angle_publisher:/opt/ros/jazzy CONDA_PROMPT_MODIFIER=(exo_suit_jazzy_v2_3) /usr/bin/cmake --install /root/Synthetic_data_collection/isaac_lab_data_collection/build/my_robot_description
[0.634s] -- Install configuration: ""
[0.635s] -- Up-to-date: /root/Synthetic_data_collection/isaac_lab_data_collection/install/my_robot_description/share/my_robot_description/urdf
[0.635s] -- Up-to-date: /root/Synthetic_data_collection/isaac_lab_data_collection/install/my_robot_description/share/my_robot_description/urdf/biped_s40.urdf
[0.636s] -- Up-to-date: /root/Synthetic_data_collection/isaac_lab_data_collection/install/my_robot_description/share/my_robot_description/meshes
[0.636s] -- Up-to-date: /root/Synthetic_data_collection/isaac_lab_data_collection/install/my_robot_description/share/my_robot_description/meshes/biped_s40_meshes
[0.637s] -- Up-to-date: /root/Synthetic_data_collection/isaac_lab_data_collection/install/my_robot_description/share/my_robot_description/meshes/biped_s40_meshes/l_hand_yaw.STL
[0.638s] -- Up-to-date: /root/Synthetic_data_collection/isaac_lab_data_collection/install/my_robot_description/share/my_robot_description/meshes/biped_s40_meshes/r_leg_roll.STL
[0.639s] -- Up-to-date: /root/Synthetic_data_collection/isaac_lab_data_collection/install/my_robot_description/share/my_robot_description/meshes/biped_s40_meshes/head_yaw.STL
[0.640s] -- Up-to-date: /root/Synthetic_data_collection/isaac_lab_data_collection/install/my_robot_description/share/my_robot_description/meshes/biped_s40_meshes/r_knee.STL
[0.640s] -- Up-to-date: /root/Synthetic_data_collection/isaac_lab_data_collection/install/my_robot_description/share/my_robot_description/meshes/biped_s40_meshes/l_leg_yaw.STL
[0.641s] -- Up-to-date: /root/Synthetic_data_collection/isaac_lab_data_collection/install/my_robot_description/share/my_robot_description/meshes/biped_s40_meshes/r_leg_yaw.STL
[0.642s] -- Up-to-date: /root/Synthetic_data_collection/isaac_lab_data_collection/install/my_robot_description/share/my_robot_description/meshes/biped_s40_meshes/l_r_tendon.STL
[0.642s] -- Up-to-date: /root/Synthetic_data_collection/isaac_lab_data_collection/install/my_robot_description/share/my_robot_description/meshes/biped_s40_meshes/l_hand_pitch.STL
[0.643s] -- Up-to-date: /root/Synthetic_data_collection/isaac_lab_data_collection/install/my_robot_description/share/my_robot_description/meshes/biped_s40_meshes/head_pitch.STL
[0.644s] -- Up-to-date: /root/Synthetic_data_collection/isaac_lab_data_collection/install/my_robot_description/share/my_robot_description/meshes/biped_s40_meshes/r_l_bar.STL
[0.645s] -- Up-to-date: /root/Synthetic_data_collection/isaac_lab_data_collection/install/my_robot_description/share/my_robot_description/meshes/biped_s40_meshes/l_foot_pitch.STL
[0.645s] -- Up-to-date: /root/Synthetic_data_collection/isaac_lab_data_collection/install/my_robot_description/share/my_robot_description/meshes/biped_s40_meshes/r_hand_yaw.STL
[0.646s] -- Up-to-date: /root/Synthetic_data_collection/isaac_lab_data_collection/install/my_robot_description/share/my_robot_description/meshes/biped_s40_meshes/l_foot_roll.STL
[0.647s] -- Up-to-date: /root/Synthetic_data_collection/isaac_lab_data_collection/install/my_robot_description/share/my_robot_description/meshes/biped_s40_meshes/camera.STL
[0.648s] -- Up-to-date: /root/Synthetic_data_collection/isaac_lab_data_collection/install/my_robot_description/share/my_robot_description/meshes/biped_s40_meshes/camera_base.STL
[0.648s] -- Up-to-date: /root/Synthetic_data_collection/isaac_lab_data_collection/install/my_robot_description/share/my_robot_description/meshes/biped_s40_meshes/l_l_tendon.STL
[0.649s] -- Up-to-date: /root/Synthetic_data_collection/isaac_lab_data_collection/install/my_robot_description/share/my_robot_description/meshes/biped_s40_meshes/l_arm_pitch.STL
[0.650s] -- Up-to-date: /root/Synthetic_data_collection/isaac_lab_data_collection/install/my_robot_description/share/my_robot_description/meshes/biped_s40_meshes/r_leg_pitch.STL
[0.650s] -- Up-to-date: /root/Synthetic_data_collection/isaac_lab_data_collection/install/my_robot_description/share/my_robot_description/meshes/biped_s40_meshes/r_foot_roll.STL
[0.651s] -- Up-to-date: /root/Synthetic_data_collection/isaac_lab_data_collection/install/my_robot_description/share/my_robot_description/meshes/biped_s40_meshes/r_r_tendon.STL
[0.651s] -- Up-to-date: /root/Synthetic_data_collection/isaac_lab_data_collection/install/my_robot_description/share/my_robot_description/meshes/biped_s40_meshes/r_r_bar.STL
[0.652s] -- Up-to-date: /root/Synthetic_data_collection/isaac_lab_data_collection/install/my_robot_description/share/my_robot_description/meshes/biped_s40_meshes/l_leg_pitch.STL
[0.653s] -- Up-to-date: /root/Synthetic_data_collection/isaac_lab_data_collection/install/my_robot_description/share/my_robot_description/meshes/biped_s40_meshes/l_l_bar.STL
[0.654s] -- Up-to-date: /root/Synthetic_data_collection/isaac_lab_data_collection/install/my_robot_description/share/my_robot_description/meshes/biped_s40_meshes/r_hand_pitch.STL
[0.655s] -- Up-to-date: /root/Synthetic_data_collection/isaac_lab_data_collection/install/my_robot_description/share/my_robot_description/meshes/biped_s40_meshes/r_arm_roll.STL
[0.655s] -- Up-to-date: /root/Synthetic_data_collection/isaac_lab_data_collection/install/my_robot_description/share/my_robot_description/meshes/biped_s40_meshes/l_hand_roll.STL
[0.656s] -- Up-to-date: /root/Synthetic_data_collection/isaac_lab_data_collection/install/my_robot_description/share/my_robot_description/meshes/biped_s40_meshes/l_knee.STL
[0.657s] -- Up-to-date: /root/Synthetic_data_collection/isaac_lab_data_collection/install/my_robot_description/share/my_robot_description/meshes/biped_s40_meshes/r_foot_pitch.STL
[0.660s] -- Up-to-date: /root/Synthetic_data_collection/isaac_lab_data_collection/install/my_robot_description/share/my_robot_description/meshes/biped_s40_meshes/l_arm_roll.STL
[0.661s] -- Up-to-date: /root/Synthetic_data_collection/isaac_lab_data_collection/install/my_robot_description/share/my_robot_description/meshes/biped_s40_meshes/l_forearm.STL
[0.662s] -- Up-to-date: /root/Synthetic_data_collection/isaac_lab_data_collection/install/my_robot_description/share/my_robot_description/meshes/biped_s40_meshes/r_hand_roll.STL
[0.663s] -- Up-to-date: /root/Synthetic_data_collection/isaac_lab_data_collection/install/my_robot_description/share/my_robot_description/meshes/biped_s40_meshes/base_link.STL
[0.664s] -- Up-to-date: /root/Synthetic_data_collection/isaac_lab_data_collection/install/my_robot_description/share/my_robot_description/meshes/biped_s40_meshes/r_forearm.STL
[0.665s] -- Up-to-date: /root/Synthetic_data_collection/isaac_lab_data_collection/install/my_robot_description/share/my_robot_description/meshes/biped_s40_meshes/r_arm_pitch.STL
[0.666s] -- Up-to-date: /root/Synthetic_data_collection/isaac_lab_data_collection/install/my_robot_description/share/my_robot_description/meshes/biped_s40_meshes/r_arm_yaw.STL
[0.667s] -- Up-to-date: /root/Synthetic_data_collection/isaac_lab_data_collection/install/my_robot_description/share/my_robot_description/meshes/biped_s40_meshes/l_arm_yaw.STL
[0.668s] -- Up-to-date: /root/Synthetic_data_collection/isaac_lab_data_collection/install/my_robot_description/share/my_robot_description/meshes/biped_s40_meshes/l_leg_roll.STL
[0.669s] -- Up-to-date: /root/Synthetic_data_collection/isaac_lab_data_collection/install/my_robot_description/share/my_robot_description/meshes/biped_s40_meshes/l_r_bar.STL
[0.670s] -- Up-to-date: /root/Synthetic_data_collection/isaac_lab_data_collection/install/my_robot_description/share/my_robot_description/meshes/biped_s40_meshes/r_l_tendon.STL
[0.671s] -- Up-to-date: /root/Synthetic_data_collection/isaac_lab_data_collection/install/my_robot_description/share/my_robot_description/launch
[0.671s] -- Up-to-date: /root/Synthetic_data_collection/isaac_lab_data_collection/install/my_robot_description/share/my_robot_description/launch/display_launch.py
[0.672s] -- Up-to-date: /root/Synthetic_data_collection/isaac_lab_data_collection/install/my_robot_description/share/my_robot_description/launch/s40_display_launch.py
[0.673s] -- Up-to-date: /root/Synthetic_data_collection/isaac_lab_data_collection/install/my_robot_description/share/my_robot_description/config
[0.673s] -- Up-to-date: /root/Synthetic_data_collection/isaac_lab_data_collection/install/my_robot_description/share/my_robot_description/config/joint_names_biped_s45.yaml
[0.674s] -- Up-to-date: /root/Synthetic_data_collection/isaac_lab_data_collection/install/my_robot_description/share/ament_index/resource_index/package_run_dependencies/my_robot_description
[0.674s] -- Up-to-date: /root/Synthetic_data_collection/isaac_lab_data_collection/install/my_robot_description/share/ament_index/resource_index/parent_prefix_path/my_robot_description
[0.676s] -- Up-to-date: /root/Synthetic_data_collection/isaac_lab_data_collection/install/my_robot_description/share/my_robot_description/environment/ament_prefix_path.sh
[0.676s] -- Up-to-date: /root/Synthetic_data_collection/isaac_lab_data_collection/install/my_robot_description/share/my_robot_description/environment/ament_prefix_path.dsv
[0.677s] -- Up-to-date: /root/Synthetic_data_collection/isaac_lab_data_collection/install/my_robot_description/share/my_robot_description/environment/path.sh
[0.678s] -- Up-to-date: /root/Synthetic_data_collection/isaac_lab_data_collection/install/my_robot_description/share/my_robot_description/environment/path.dsv
[0.680s] -- Up-to-date: /root/Synthetic_data_collection/isaac_lab_data_collection/install/my_robot_description/share/my_robot_description/local_setup.bash
[0.681s] -- Up-to-date: /root/Synthetic_data_collection/isaac_lab_data_collection/install/my_robot_description/share/my_robot_description/local_setup.sh
[0.683s] -- Up-to-date: /root/Synthetic_data_collection/isaac_lab_data_collection/install/my_robot_description/share/my_robot_description/local_setup.zsh
[0.683s] -- Up-to-date: /root/Synthetic_data_collection/isaac_lab_data_collection/install/my_robot_description/share/my_robot_description/local_setup.dsv
[0.684s] -- Installing: /root/Synthetic_data_collection/isaac_lab_data_collection/install/my_robot_description/share/my_robot_description/package.dsv
[0.685s] -- Up-to-date: /root/Synthetic_data_collection/isaac_lab_data_collection/install/my_robot_description/share/ament_index/resource_index/packages/my_robot_description
[0.686s] -- Up-to-date: /root/Synthetic_data_collection/isaac_lab_data_collection/install/my_robot_description/share/my_robot_description/cmake/my_robot_descriptionConfig.cmake
[0.687s] -- Up-to-date: /root/Synthetic_data_collection/isaac_lab_data_collection/install/my_robot_description/share/my_robot_description/cmake/my_robot_descriptionConfig-version.cmake
[0.688s] -- Up-to-date: /root/Synthetic_data_collection/isaac_lab_data_collection/install/my_robot_description/share/my_robot_description/package.xml
[0.688s] Invoked command in '/root/Synthetic_data_collection/isaac_lab_data_collection/build/my_robot_description' returned '0': CMAKE_PREFIX_PATH=${CMAKE_PREFIX_PATH}:/root/Synthetic_data_collection/isaac_lab_data_collection/install/servo_angle_publisher:/opt/ros/jazzy CONDA_PROMPT_MODIFIER=(exo_suit_jazzy_v2_3) /usr/bin/cmake --install /root/Synthetic_data_collection/isaac_lab_data_collection/build/my_robot_description
