[0.165s] DEBUG:colcon:Command line arguments: ['/usr/bin/colcon', 'build']
[0.166s] DEBUG:colcon:Parsed command line arguments: Namespace(log_base=None, log_level=None, verb_name='build', build_base='build', install_base='install', merge_install=False, symlink_install=False, test_result_base=None, continue_on_error=False, executor='parallel', parallel_workers=8, event_handlers=None, ignore_user_meta=False, metas=['./colcon.meta'], base_paths=['.'], packages_ignore=None, packages_ignore_regex=None, paths=None, packages_up_to=None, packages_up_to_regex=None, packages_above=None, packages_above_and_dependencies=None, packages_above_depth=None, packages_select_by_dep=None, packages_skip_by_dep=None, packages_skip_up_to=None, packages_select_build_failed=False, packages_skip_build_finished=False, packages_select_test_failures=False, packages_skip_test_passed=False, packages_select=None, packages_skip=None, packages_select_regex=None, packages_skip_regex=None, packages_start=None, packages_end=None, allow_overriding=[], cmake_args=None, cmake_target=None, cmake_target_skip_unavailable=False, cmake_clean_cache=False, cmake_clean_first=False, cmake_force_configure=False, ament_cmake_args=None, catkin_cmake_args=None, catkin_skip_building_tests=False, verb_parser=<colcon_defaults.argument_parser.defaults.DefaultArgumentsDecorator object at 0xffff867fbb60>, verb_extension=<colcon_core.verb.build.BuildVerb object at 0xffff869d8230>, main=<bound method BuildVerb.main of <colcon_core.verb.build.BuildVerb object at 0xffff869d8230>>)
[0.232s] Level 1:colcon.colcon_core.package_discovery:discover_packages(colcon_meta) check parameters
[0.232s] Level 1:colcon.colcon_core.package_discovery:discover_packages(recursive) check parameters
[0.232s] Level 1:colcon.colcon_core.package_discovery:discover_packages(ignore) check parameters
[0.232s] Level 1:colcon.colcon_core.package_discovery:discover_packages(path) check parameters
[0.232s] Level 1:colcon.colcon_core.package_discovery:discover_packages(colcon_meta) discover
[0.232s] Level 1:colcon.colcon_core.package_discovery:discover_packages(recursive) discover
[0.232s] INFO:colcon.colcon_core.package_discovery:Crawling recursively for packages in '/root/Synthetic_data_collection/isaac_lab_data_collection/src/servo_angle_publisher'
[0.233s] Level 1:colcon.colcon_core.package_identification:_identify(.) by extensions ['ignore', 'ignore_ament_install']
[0.233s] Level 1:colcon.colcon_core.package_identification:_identify(.) by extension 'ignore'
[0.233s] Level 1:colcon.colcon_core.package_identification:_identify(.) by extension 'ignore_ament_install'
[0.233s] Level 1:colcon.colcon_core.package_identification:_identify(.) by extensions ['colcon_pkg']
[0.233s] Level 1:colcon.colcon_core.package_identification:_identify(.) by extension 'colcon_pkg'
[0.233s] Level 1:colcon.colcon_core.package_identification:_identify(.) by extensions ['colcon_meta']
[0.233s] Level 1:colcon.colcon_core.package_identification:_identify(.) by extension 'colcon_meta'
[0.233s] Level 1:colcon.colcon_core.package_identification:_identify(.) by extensions ['ros']
[0.233s] Level 1:colcon.colcon_core.package_identification:_identify(.) by extension 'ros'
[0.282s] DEBUG:colcon.colcon_core.package_identification:Package '.' with type 'ros.ament_python' and name 'servo_angle_publisher'
[0.283s] Level 1:colcon.colcon_core.package_discovery:discover_packages(recursive) using defaults
[0.283s] Level 1:colcon.colcon_core.package_discovery:discover_packages(ignore) discover
[0.283s] Level 1:colcon.colcon_core.package_discovery:discover_packages(ignore) using defaults
[0.283s] Level 1:colcon.colcon_core.package_discovery:discover_packages(path) discover
[0.283s] Level 1:colcon.colcon_core.package_discovery:discover_packages(path) using defaults
[0.311s] Level 1:colcon.colcon_core.package_discovery:discover_packages(prefix_path) check parameters
[0.311s] Level 1:colcon.colcon_core.package_discovery:discover_packages(prefix_path) discover
[0.315s] DEBUG:colcon.colcon_installed_package_information.package_discovery:Found 3 installed packages in /root/Synthetic_data_collection/isaac_lab_data_collection/install
[0.317s] DEBUG:colcon.colcon_installed_package_information.package_discovery:Found 285 installed packages in /opt/ros/jazzy
[0.318s] Level 1:colcon.colcon_core.package_discovery:discover_packages(prefix_path) using defaults
[0.386s] Level 5:colcon.colcon_core.verb:set package 'servo_angle_publisher' build argument 'cmake_args' from command line to 'None'
[0.386s] Level 5:colcon.colcon_core.verb:set package 'servo_angle_publisher' build argument 'cmake_target' from command line to 'None'
[0.386s] Level 5:colcon.colcon_core.verb:set package 'servo_angle_publisher' build argument 'cmake_target_skip_unavailable' from command line to 'False'
[0.387s] Level 5:colcon.colcon_core.verb:set package 'servo_angle_publisher' build argument 'cmake_clean_cache' from command line to 'False'
[0.387s] Level 5:colcon.colcon_core.verb:set package 'servo_angle_publisher' build argument 'cmake_clean_first' from command line to 'False'
[0.387s] Level 5:colcon.colcon_core.verb:set package 'servo_angle_publisher' build argument 'cmake_force_configure' from command line to 'False'
[0.387s] Level 5:colcon.colcon_core.verb:set package 'servo_angle_publisher' build argument 'ament_cmake_args' from command line to 'None'
[0.387s] Level 5:colcon.colcon_core.verb:set package 'servo_angle_publisher' build argument 'catkin_cmake_args' from command line to 'None'
[0.387s] Level 5:colcon.colcon_core.verb:set package 'servo_angle_publisher' build argument 'catkin_skip_building_tests' from command line to 'False'
[0.387s] DEBUG:colcon.colcon_core.verb:Building package 'servo_angle_publisher' with the following arguments: {'ament_cmake_args': None, 'build_base': '/root/Synthetic_data_collection/isaac_lab_data_collection/src/servo_angle_publisher/build/servo_angle_publisher', 'catkin_cmake_args': None, 'catkin_skip_building_tests': False, 'cmake_args': None, 'cmake_clean_cache': False, 'cmake_clean_first': False, 'cmake_force_configure': False, 'cmake_target': None, 'cmake_target_skip_unavailable': False, 'install_base': '/root/Synthetic_data_collection/isaac_lab_data_collection/src/servo_angle_publisher/install/servo_angle_publisher', 'merge_install': False, 'path': '/root/Synthetic_data_collection/isaac_lab_data_collection/src/servo_angle_publisher', 'symlink_install': False, 'test_result_base': None}
[0.387s] INFO:colcon.colcon_core.executor:Executing jobs using 'parallel' executor
[0.389s] DEBUG:colcon.colcon_parallel_executor.executor.parallel:run_until_complete
[0.389s] INFO:colcon.colcon_ros.task.ament_python.build:Building ROS package in '/root/Synthetic_data_collection/isaac_lab_data_collection/src/servo_angle_publisher' with build type 'ament_python'
[0.390s] Level 1:colcon.colcon_core.shell:create_environment_hook('servo_angle_publisher', 'ament_prefix_path')
[0.393s] INFO:colcon.colcon_core.plugin_system:Skipping extension 'colcon_core.shell.bat': Not used on non-Windows systems
[0.394s] INFO:colcon.colcon_core.shell:Creating environment hook '/root/Synthetic_data_collection/isaac_lab_data_collection/src/servo_angle_publisher/install/servo_angle_publisher/share/servo_angle_publisher/hook/ament_prefix_path.ps1'
[0.395s] INFO:colcon.colcon_core.shell:Creating environment descriptor '/root/Synthetic_data_collection/isaac_lab_data_collection/src/servo_angle_publisher/install/servo_angle_publisher/share/servo_angle_publisher/hook/ament_prefix_path.dsv'
[0.396s] INFO:colcon.colcon_core.shell:Creating environment hook '/root/Synthetic_data_collection/isaac_lab_data_collection/src/servo_angle_publisher/install/servo_angle_publisher/share/servo_angle_publisher/hook/ament_prefix_path.sh'
[0.396s] INFO:colcon.colcon_core.shell:Skip shell extension 'powershell' for command environment: Not usable outside of PowerShell
[0.397s] DEBUG:colcon.colcon_core.shell:Skip shell extension 'dsv' for command environment
[0.894s] INFO:colcon.colcon_core.task.python.build:Building Python package in '/root/Synthetic_data_collection/isaac_lab_data_collection/src/servo_angle_publisher'
[0.895s] INFO:colcon.colcon_core.shell:Skip shell extension 'powershell' for command environment: Not usable outside of PowerShell
[0.895s] DEBUG:colcon.colcon_core.shell:Skip shell extension 'dsv' for command environment
[1.764s] DEBUG:colcon.colcon_core.event_handler.log_command:Invoking command in '/root/Synthetic_data_collection/isaac_lab_data_collection/src/servo_angle_publisher': CONDA_PROMPT_MODIFIER=(exo_suit_jazzy_v2_3) PYTHONPATH=/root/Synthetic_data_collection/isaac_lab_data_collection/src/servo_angle_publisher/build/servo_angle_publisher/prefix_override:/usr/lib/python3/dist-packages/colcon_core/task/python/colcon_distutils_commands:/root/Synthetic_data_collection/isaac_lab_data_collection/src/servo_angle_publisher/install/servo_angle_publisher/lib/python3.12/site-packages:${PYTHONPATH} /usr/bin/python3 -W ignore:setup.py install is deprecated -W ignore:easy_install command is deprecated setup.py egg_info --egg-base build/servo_angle_publisher build --build-base /root/Synthetic_data_collection/isaac_lab_data_collection/src/servo_angle_publisher/build/servo_angle_publisher/build install --record /root/Synthetic_data_collection/isaac_lab_data_collection/src/servo_angle_publisher/build/servo_angle_publisher/install.log --single-version-externally-managed install_data
[2.566s] DEBUG:colcon.colcon_core.event_handler.log_command:Invoked command in '/root/Synthetic_data_collection/isaac_lab_data_collection/src/servo_angle_publisher' returned '0': CONDA_PROMPT_MODIFIER=(exo_suit_jazzy_v2_3) PYTHONPATH=/root/Synthetic_data_collection/isaac_lab_data_collection/src/servo_angle_publisher/build/servo_angle_publisher/prefix_override:/usr/lib/python3/dist-packages/colcon_core/task/python/colcon_distutils_commands:/root/Synthetic_data_collection/isaac_lab_data_collection/src/servo_angle_publisher/install/servo_angle_publisher/lib/python3.12/site-packages:${PYTHONPATH} /usr/bin/python3 -W ignore:setup.py install is deprecated -W ignore:easy_install command is deprecated setup.py egg_info --egg-base build/servo_angle_publisher build --build-base /root/Synthetic_data_collection/isaac_lab_data_collection/src/servo_angle_publisher/build/servo_angle_publisher/build install --record /root/Synthetic_data_collection/isaac_lab_data_collection/src/servo_angle_publisher/build/servo_angle_publisher/install.log --single-version-externally-managed install_data
[2.569s] Level 1:colcon.colcon_core.environment:checking '/root/Synthetic_data_collection/isaac_lab_data_collection/src/servo_angle_publisher/install/servo_angle_publisher' for CMake module files
[2.585s] Level 1:colcon.colcon_core.environment:checking '/root/Synthetic_data_collection/isaac_lab_data_collection/src/servo_angle_publisher/install/servo_angle_publisher' for CMake config files
[2.586s] Level 1:colcon.colcon_core.environment:checking '/root/Synthetic_data_collection/isaac_lab_data_collection/src/servo_angle_publisher/install/servo_angle_publisher/lib'
[2.586s] Level 1:colcon.colcon_core.environment:checking '/root/Synthetic_data_collection/isaac_lab_data_collection/src/servo_angle_publisher/install/servo_angle_publisher/bin'
[2.587s] Level 1:colcon.colcon_core.environment:checking '/root/Synthetic_data_collection/isaac_lab_data_collection/src/servo_angle_publisher/install/servo_angle_publisher/lib/pkgconfig/servo_angle_publisher.pc'
[2.587s] Level 1:colcon.colcon_core.environment:checking '/root/Synthetic_data_collection/isaac_lab_data_collection/src/servo_angle_publisher/install/servo_angle_publisher/lib/python3.12/site-packages'
[2.587s] Level 1:colcon.colcon_core.shell:create_environment_hook('servo_angle_publisher', 'pythonpath')
[2.587s] INFO:colcon.colcon_core.shell:Creating environment hook '/root/Synthetic_data_collection/isaac_lab_data_collection/src/servo_angle_publisher/install/servo_angle_publisher/share/servo_angle_publisher/hook/pythonpath.ps1'
[2.588s] INFO:colcon.colcon_core.shell:Creating environment descriptor '/root/Synthetic_data_collection/isaac_lab_data_collection/src/servo_angle_publisher/install/servo_angle_publisher/share/servo_angle_publisher/hook/pythonpath.dsv'
[2.589s] INFO:colcon.colcon_core.shell:Creating environment hook '/root/Synthetic_data_collection/isaac_lab_data_collection/src/servo_angle_publisher/install/servo_angle_publisher/share/servo_angle_publisher/hook/pythonpath.sh'
[2.589s] Level 1:colcon.colcon_core.environment:checking '/root/Synthetic_data_collection/isaac_lab_data_collection/src/servo_angle_publisher/install/servo_angle_publisher/bin'
[2.590s] Level 1:colcon.colcon_core.environment:create_environment_scripts_only(servo_angle_publisher)
[2.590s] INFO:colcon.colcon_core.shell:Creating package script '/root/Synthetic_data_collection/isaac_lab_data_collection/src/servo_angle_publisher/install/servo_angle_publisher/share/servo_angle_publisher/package.ps1'
[2.591s] INFO:colcon.colcon_core.shell:Creating package descriptor '/root/Synthetic_data_collection/isaac_lab_data_collection/src/servo_angle_publisher/install/servo_angle_publisher/share/servo_angle_publisher/package.dsv'
[2.591s] INFO:colcon.colcon_core.shell:Creating package script '/root/Synthetic_data_collection/isaac_lab_data_collection/src/servo_angle_publisher/install/servo_angle_publisher/share/servo_angle_publisher/package.sh'
[2.592s] INFO:colcon.colcon_core.shell:Creating package script '/root/Synthetic_data_collection/isaac_lab_data_collection/src/servo_angle_publisher/install/servo_angle_publisher/share/servo_angle_publisher/package.bash'
[2.593s] INFO:colcon.colcon_core.shell:Creating package script '/root/Synthetic_data_collection/isaac_lab_data_collection/src/servo_angle_publisher/install/servo_angle_publisher/share/servo_angle_publisher/package.zsh'
[2.594s] Level 1:colcon.colcon_core.environment:create_file_with_runtime_dependencies(/root/Synthetic_data_collection/isaac_lab_data_collection/src/servo_angle_publisher/install/servo_angle_publisher/share/colcon-core/packages/servo_angle_publisher)
[2.595s] DEBUG:colcon.colcon_parallel_executor.executor.parallel:closing loop
[2.595s] DEBUG:colcon.colcon_parallel_executor.executor.parallel:loop closed
[2.595s] DEBUG:colcon.colcon_parallel_executor.executor.parallel:run_until_complete finished with '0'
[2.595s] DEBUG:colcon.colcon_core.event_reactor:joining thread
[2.604s] INFO:colcon.colcon_core.plugin_system:Skipping extension 'colcon_notification.desktop_notification.notify_send': Could not find 'notify-send'
[2.604s] INFO:colcon.colcon_core.plugin_system:Skipping extension 'colcon_notification.desktop_notification.terminal_notifier': Not used on non-Darwin systems
[2.604s] INFO:colcon.colcon_core.plugin_system:Skipping extension 'colcon_notification.desktop_notification.win32': Not used on non-Windows systems
[2.604s] INFO:colcon.colcon_notification.desktop_notification:Sending desktop notification using 'notify2'
[2.604s] DEBUG:colcon.colcon_notification.desktop_notification.notify2:Failed to initialize notify2: org.freedesktop.DBus.Error.NotSupported: Unable to autolaunch a dbus-daemon without a $DISPLAY for X11
[2.605s] DEBUG:colcon.colcon_core.event_reactor:joined thread
[2.605s] INFO:colcon.colcon_core.shell:Creating prefix script '/root/Synthetic_data_collection/isaac_lab_data_collection/src/servo_angle_publisher/install/local_setup.ps1'
[2.606s] INFO:colcon.colcon_core.shell:Creating prefix util module '/root/Synthetic_data_collection/isaac_lab_data_collection/src/servo_angle_publisher/install/_local_setup_util_ps1.py'
[2.608s] INFO:colcon.colcon_core.shell:Creating prefix chain script '/root/Synthetic_data_collection/isaac_lab_data_collection/src/servo_angle_publisher/install/setup.ps1'
[2.609s] INFO:colcon.colcon_core.shell:Creating prefix script '/root/Synthetic_data_collection/isaac_lab_data_collection/src/servo_angle_publisher/install/local_setup.sh'
[2.610s] INFO:colcon.colcon_core.shell:Creating prefix util module '/root/Synthetic_data_collection/isaac_lab_data_collection/src/servo_angle_publisher/install/_local_setup_util_sh.py'
[2.610s] INFO:colcon.colcon_core.shell:Creating prefix chain script '/root/Synthetic_data_collection/isaac_lab_data_collection/src/servo_angle_publisher/install/setup.sh'
[2.612s] INFO:colcon.colcon_core.shell:Creating prefix script '/root/Synthetic_data_collection/isaac_lab_data_collection/src/servo_angle_publisher/install/local_setup.bash'
[2.612s] INFO:colcon.colcon_core.shell:Creating prefix chain script '/root/Synthetic_data_collection/isaac_lab_data_collection/src/servo_angle_publisher/install/setup.bash'
[2.613s] INFO:colcon.colcon_core.shell:Creating prefix script '/root/Synthetic_data_collection/isaac_lab_data_collection/src/servo_angle_publisher/install/local_setup.zsh'
[2.614s] INFO:colcon.colcon_core.shell:Creating prefix chain script '/root/Synthetic_data_collection/isaac_lab_data_collection/src/servo_angle_publisher/install/setup.zsh'
