[1.337s] Invoking command in '/root/Synthetic_data_collection/isaac_lab_data_collection/build/servo_angle_publisher': CONDA_PROMPT_MODIFIER=(exo_suit_jazzy_v2_2) PYTHONPATH=/root/Synthetic_data_collection/isaac_lab_data_collection/build/servo_angle_publisher/prefix_override:/usr/lib/python3/dist-packages/colcon_core/task/python/colcon_distutils_commands:/root/Synthetic_data_collection/isaac_lab_data_collection/install/servo_angle_publisher/lib/python3.12/site-packages:${PYTHONPATH} /usr/bin/python3 -W ignore:setup.py install is deprecated -W ignore:easy_install command is deprecated setup.py develop --editable --build-directory /root/Synthetic_data_collection/isaac_lab_data_collection/build/servo_angle_publisher/build --no-deps symlink_data
[1.809s] running develop
[2.071s] running egg_info
[2.072s] creating servo_angle_publisher.egg-info
[2.095s] writing servo_angle_publisher.egg-info/PKG-INFO
[2.096s] writing dependency_links to servo_angle_publisher.egg-info/dependency_links.txt
[2.097s] writing entry points to servo_angle_publisher.egg-info/entry_points.txt
[2.097s] writing requirements to servo_angle_publisher.egg-info/requires.txt
[2.098s] writing top-level names to servo_angle_publisher.egg-info/top_level.txt
[2.098s] writing manifest file 'servo_angle_publisher.egg-info/SOURCES.txt'
[2.150s] reading manifest file 'servo_angle_publisher.egg-info/SOURCES.txt'
[2.151s] writing manifest file 'servo_angle_publisher.egg-info/SOURCES.txt'
[2.180s] running build_ext
[2.212s] Creating /root/Synthetic_data_collection/isaac_lab_data_collection/install/servo_angle_publisher/lib/python3.12/site-packages/servo-angle-publisher.egg-link (link to .)
[2.214s] Installing servo_angle_node script to /root/Synthetic_data_collection/isaac_lab_data_collection/install/servo_angle_publisher/lib/servo_angle_publisher
[2.215s] 
[2.215s] Installed /root/Synthetic_data_collection/isaac_lab_data_collection/build/servo_angle_publisher
[2.216s] running symlink_data
[2.217s] creating /root/Synthetic_data_collection/isaac_lab_data_collection/install/servo_angle_publisher/share/ament_index
[2.217s] creating /root/Synthetic_data_collection/isaac_lab_data_collection/install/servo_angle_publisher/share/ament_index/resource_index
[2.218s] creating /root/Synthetic_data_collection/isaac_lab_data_collection/install/servo_angle_publisher/share/ament_index/resource_index/packages
[2.218s] symbolically linking /root/Synthetic_data_collection/isaac_lab_data_collection/build/servo_angle_publisher/resource/servo_angle_publisher -> /root/Synthetic_data_collection/isaac_lab_data_collection/install/servo_angle_publisher/share/ament_index/resource_index/packages
[2.219s] symbolically linking /root/Synthetic_data_collection/isaac_lab_data_collection/build/servo_angle_publisher/package.xml -> /root/Synthetic_data_collection/isaac_lab_data_collection/install/servo_angle_publisher/share/servo_angle_publisher
[2.219s] creating /root/Synthetic_data_collection/isaac_lab_data_collection/install/servo_angle_publisher/share/servo_angle_publisher/launch
[2.219s] symbolically linking /root/Synthetic_data_collection/isaac_lab_data_collection/build/servo_angle_publisher/launch/servo_angle.launch.py -> /root/Synthetic_data_collection/isaac_lab_data_collection/install/servo_angle_publisher/share/servo_angle_publisher/launch
[2.389s] Invoked command in '/root/Synthetic_data_collection/isaac_lab_data_collection/build/servo_angle_publisher' returned '0': CONDA_PROMPT_MODIFIER=(exo_suit_jazzy_v2_2) PYTHONPATH=/root/Synthetic_data_collection/isaac_lab_data_collection/build/servo_angle_publisher/prefix_override:/usr/lib/python3/dist-packages/colcon_core/task/python/colcon_distutils_commands:/root/Synthetic_data_collection/isaac_lab_data_collection/install/servo_angle_publisher/lib/python3.12/site-packages:${PYTHONPATH} /usr/bin/python3 -W ignore:setup.py install is deprecated -W ignore:easy_install command is deprecated setup.py develop --editable --build-directory /root/Synthetic_data_collection/isaac_lab_data_collection/build/servo_angle_publisher/build --no-deps symlink_data
