Symlinking /home/ExoSuit/real_robot_data_collection/devel/include/dynamic_biped/srvChangePhasesRequest.h
Symlinking /home/ExoSuit/real_robot_data_collection/devel/include/dynamic_biped/srvClearPositionCMDResponse.h
Symlinking /home/ExoSuit/real_robot_data_collection/devel/include/dynamic_biped/ECJointMotordata.h
Symlinking /home/ExoSuit/real_robot_data_collection/devel/include/dynamic_biped/srvClearPositionCMDRequest.h
Symlinking /home/ExoSuit/real_robot_data_collection/devel/include/dynamic_biped/controlEndHand.h
Symlinking /home/ExoSuit/real_robot_data_collection/devel/include/dynamic_biped/controlEndHandResponse.h
Symlinking /home/ExoSuit/real_robot_data_collection/devel/include/dynamic_biped/srvManiInstResponse.h
Symlinking /home/ExoSuit/real_robot_data_collection/devel/include/dynamic_biped/robotTorsoState.h
Symlinking /home/ExoSuit/real_robot_data_collection/devel/include/dynamic_biped/robotPhase.h
Symlinking /home/ExoSuit/real_robot_data_collection/devel/include/dynamic_biped/changeArmCtrlMode.h
Symlinking /home/ExoSuit/real_robot_data_collection/devel/include/dynamic_biped/robotArmQVVD.h
Symlinking /home/ExoSuit/real_robot_data_collection/devel/include/dynamic_biped/srvChangeJoller.h
Symlinking /home/ExoSuit/real_robot_data_collection/devel/include/dynamic_biped/recordArmHandPose.h
Symlinking /home/ExoSuit/real_robot_data_collection/devel/include/dynamic_biped/robot_hand_eff.h
Symlinking /home/ExoSuit/real_robot_data_collection/devel/include/dynamic_biped/changeArmCtrlModeRequest.h
Symlinking /home/ExoSuit/real_robot_data_collection/devel/include/dynamic_biped/handRotationEular.h
Symlinking /home/ExoSuit/real_robot_data_collection/devel/include/dynamic_biped/robotArmInfo.h
Symlinking /home/ExoSuit/real_robot_data_collection/devel/include/dynamic_biped/walkCommand.h
Symlinking /home/ExoSuit/real_robot_data_collection/devel/include/dynamic_biped/srvchangeCtlModeResponse.h
Symlinking /home/ExoSuit/real_robot_data_collection/devel/include/dynamic_biped/armHandPose.h
Symlinking /home/ExoSuit/real_robot_data_collection/devel/include/dynamic_biped/handRotation.h
Symlinking /home/ExoSuit/real_robot_data_collection/devel/include/dynamic_biped/changeAMBACCtrlMode.h
Symlinking /home/ExoSuit/real_robot_data_collection/devel/include/dynamic_biped/srvChangePhases.h
Symlinking /home/ExoSuit/real_robot_data_collection/devel/include/dynamic_biped/changeArmCtrlModeResponse.h
Symlinking /home/ExoSuit/real_robot_data_collection/devel/include/dynamic_biped/robotHandPosition.h
Symlinking /home/ExoSuit/real_robot_data_collection/devel/include/dynamic_biped/srvClearPositionCMD.h
Symlinking /home/ExoSuit/real_robot_data_collection/devel/include/dynamic_biped/srvManiInst.h
Symlinking /home/ExoSuit/real_robot_data_collection/devel/include/dynamic_biped/changeAMBACCtrlModeResponse.h
Symlinking /home/ExoSuit/real_robot_data_collection/devel/include/dynamic_biped/srvChangePhasesResponse.h
Symlinking /home/ExoSuit/real_robot_data_collection/devel/include/dynamic_biped/srvchangeCtlModeRequest.h
Symlinking /home/ExoSuit/real_robot_data_collection/devel/include/dynamic_biped/changeAMBACCtrlModeRequest.h
Symlinking /home/ExoSuit/real_robot_data_collection/devel/include/dynamic_biped/srvChangeJollerResponse.h
Symlinking /home/ExoSuit/real_robot_data_collection/devel/include/dynamic_biped/QuaternionArray.h
Symlinking /home/ExoSuit/real_robot_data_collection/devel/include/dynamic_biped/robotQVTau.h
Symlinking /home/ExoSuit/real_robot_data_collection/devel/include/dynamic_biped/controlEndHandRequest.h
Symlinking /home/ExoSuit/real_robot_data_collection/devel/include/dynamic_biped/srvManiInstRequest.h
Symlinking /home/ExoSuit/real_robot_data_collection/devel/include/dynamic_biped/srvChangeJollerRequest.h
Symlinking /home/ExoSuit/real_robot_data_collection/devel/include/dynamic_biped/robotHeadMotionData.h
Symlinking /home/ExoSuit/real_robot_data_collection/devel/include/dynamic_biped/srvchangeCtlMode.h
Symlinking /home/ExoSuit/real_robot_data_collection/devel/share/dynamic_biped/cmake/dynamic_biped-msg-paths.cmake
Symlinking /home/ExoSuit/real_robot_data_collection/devel/share/dynamic_biped/cmake/dynamic_bipedConfig.cmake
Symlinking /home/ExoSuit/real_robot_data_collection/devel/share/dynamic_biped/cmake/dynamic_bipedConfig-version.cmake
Symlinking /home/ExoSuit/real_robot_data_collection/devel/share/dynamic_biped/cmake/dynamic_biped-msg-extras.cmake
Symlinking /home/ExoSuit/real_robot_data_collection/devel/share/common-lisp/ros/dynamic_biped/msg/robotPhase.lisp
Symlinking /home/ExoSuit/real_robot_data_collection/devel/share/common-lisp/ros/dynamic_biped/msg/_package_robotHeadMotionData.lisp
Symlinking /home/ExoSuit/real_robot_data_collection/devel/share/common-lisp/ros/dynamic_biped/msg/ECJointMotordata.lisp
Symlinking /home/ExoSuit/real_robot_data_collection/devel/share/common-lisp/ros/dynamic_biped/msg/_package_robot_hand_eff.lisp
Symlinking /home/ExoSuit/real_robot_data_collection/devel/share/common-lisp/ros/dynamic_biped/msg/recordArmHandPose.lisp
Symlinking /home/ExoSuit/real_robot_data_collection/devel/share/common-lisp/ros/dynamic_biped/msg/_package_recordArmHandPose.lisp
Symlinking /home/ExoSuit/real_robot_data_collection/devel/share/common-lisp/ros/dynamic_biped/msg/_package_robotArmQVVD.lisp
Symlinking /home/ExoSuit/real_robot_data_collection/devel/share/common-lisp/ros/dynamic_biped/msg/_package_robotQVTau.lisp
Symlinking /home/ExoSuit/real_robot_data_collection/devel/share/common-lisp/ros/dynamic_biped/msg/handRotation.lisp
Symlinking /home/ExoSuit/real_robot_data_collection/devel/share/common-lisp/ros/dynamic_biped/msg/robotQVTau.lisp
Symlinking /home/ExoSuit/real_robot_data_collection/devel/share/common-lisp/ros/dynamic_biped/msg/_package_robotTorsoState.lisp
Symlinking /home/ExoSuit/real_robot_data_collection/devel/share/common-lisp/ros/dynamic_biped/msg/_package_handRotation.lisp
Symlinking /home/ExoSuit/real_robot_data_collection/devel/share/common-lisp/ros/dynamic_biped/msg/robotHeadMotionData.lisp
Symlinking /home/ExoSuit/real_robot_data_collection/devel/share/common-lisp/ros/dynamic_biped/msg/_package_robotHandPosition.lisp
Symlinking /home/ExoSuit/real_robot_data_collection/devel/share/common-lisp/ros/dynamic_biped/msg/_package.lisp
Symlinking /home/ExoSuit/real_robot_data_collection/devel/share/common-lisp/ros/dynamic_biped/msg/walkCommand.lisp
Symlinking /home/ExoSuit/real_robot_data_collection/devel/share/common-lisp/ros/dynamic_biped/msg/handRotationEular.lisp
Symlinking /home/ExoSuit/real_robot_data_collection/devel/share/common-lisp/ros/dynamic_biped/msg/robotArmQVVD.lisp
Symlinking /home/ExoSuit/real_robot_data_collection/devel/share/common-lisp/ros/dynamic_biped/msg/_package_walkCommand.lisp
Symlinking /home/ExoSuit/real_robot_data_collection/devel/share/common-lisp/ros/dynamic_biped/msg/_package_robotArmInfo.lisp
Symlinking /home/ExoSuit/real_robot_data_collection/devel/share/common-lisp/ros/dynamic_biped/msg/dynamic_biped-msg.asd
Symlinking /home/ExoSuit/real_robot_data_collection/devel/share/common-lisp/ros/dynamic_biped/msg/_package_handRotationEular.lisp
Symlinking /home/ExoSuit/real_robot_data_collection/devel/share/common-lisp/ros/dynamic_biped/msg/QuaternionArray.lisp
Symlinking /home/ExoSuit/real_robot_data_collection/devel/share/common-lisp/ros/dynamic_biped/msg/robotHandPosition.lisp
Symlinking /home/ExoSuit/real_robot_data_collection/devel/share/common-lisp/ros/dynamic_biped/msg/_package_armHandPose.lisp
Symlinking /home/ExoSuit/real_robot_data_collection/devel/share/common-lisp/ros/dynamic_biped/msg/armHandPose.lisp
Symlinking /home/ExoSuit/real_robot_data_collection/devel/share/common-lisp/ros/dynamic_biped/msg/robotTorsoState.lisp
Symlinking /home/ExoSuit/real_robot_data_collection/devel/share/common-lisp/ros/dynamic_biped/msg/_package_QuaternionArray.lisp
Symlinking /home/ExoSuit/real_robot_data_collection/devel/share/common-lisp/ros/dynamic_biped/msg/robotArmInfo.lisp
Symlinking /home/ExoSuit/real_robot_data_collection/devel/share/common-lisp/ros/dynamic_biped/msg/_package_ECJointMotordata.lisp
Symlinking /home/ExoSuit/real_robot_data_collection/devel/share/common-lisp/ros/dynamic_biped/msg/robot_hand_eff.lisp
Symlinking /home/ExoSuit/real_robot_data_collection/devel/share/common-lisp/ros/dynamic_biped/msg/_package_robotPhase.lisp
Symlinking /home/ExoSuit/real_robot_data_collection/devel/share/common-lisp/ros/dynamic_biped/srv/_package_srvChangeJoller.lisp
Symlinking /home/ExoSuit/real_robot_data_collection/devel/share/common-lisp/ros/dynamic_biped/srv/changeArmCtrlMode.lisp
Symlinking /home/ExoSuit/real_robot_data_collection/devel/share/common-lisp/ros/dynamic_biped/srv/dynamic_biped-srv.asd
Symlinking /home/ExoSuit/real_robot_data_collection/devel/share/common-lisp/ros/dynamic_biped/srv/changeAMBACCtrlMode.lisp
Symlinking /home/ExoSuit/real_robot_data_collection/devel/share/common-lisp/ros/dynamic_biped/srv/controlEndHand.lisp
Symlinking /home/ExoSuit/real_robot_data_collection/devel/share/common-lisp/ros/dynamic_biped/srv/_package_srvchangeCtlMode.lisp
Symlinking /home/ExoSuit/real_robot_data_collection/devel/share/common-lisp/ros/dynamic_biped/srv/srvManiInst.lisp
Symlinking /home/ExoSuit/real_robot_data_collection/devel/share/common-lisp/ros/dynamic_biped/srv/_package.lisp
Symlinking /home/ExoSuit/real_robot_data_collection/devel/share/common-lisp/ros/dynamic_biped/srv/srvClearPositionCMD.lisp
Symlinking /home/ExoSuit/real_robot_data_collection/devel/share/common-lisp/ros/dynamic_biped/srv/_package_changeAMBACCtrlMode.lisp
Symlinking /home/ExoSuit/real_robot_data_collection/devel/share/common-lisp/ros/dynamic_biped/srv/_package_srvChangePhases.lisp
Symlinking /home/ExoSuit/real_robot_data_collection/devel/share/common-lisp/ros/dynamic_biped/srv/_package_srvClearPositionCMD.lisp
Symlinking /home/ExoSuit/real_robot_data_collection/devel/share/common-lisp/ros/dynamic_biped/srv/srvChangeJoller.lisp
Symlinking /home/ExoSuit/real_robot_data_collection/devel/share/common-lisp/ros/dynamic_biped/srv/_package_changeArmCtrlMode.lisp
Symlinking /home/ExoSuit/real_robot_data_collection/devel/share/common-lisp/ros/dynamic_biped/srv/_package_srvManiInst.lisp
Symlinking /home/ExoSuit/real_robot_data_collection/devel/share/common-lisp/ros/dynamic_biped/srv/srvchangeCtlMode.lisp
Symlinking /home/ExoSuit/real_robot_data_collection/devel/share/common-lisp/ros/dynamic_biped/srv/srvChangePhases.lisp
Symlinking /home/ExoSuit/real_robot_data_collection/devel/share/common-lisp/ros/dynamic_biped/srv/_package_controlEndHand.lisp
Symlinking /home/ExoSuit/real_robot_data_collection/devel/share/gennodejs/ros/dynamic_biped/_index.js
Symlinking /home/ExoSuit/real_robot_data_collection/devel/share/gennodejs/ros/dynamic_biped/msg/robotHeadMotionData.js
Symlinking /home/ExoSuit/real_robot_data_collection/devel/share/gennodejs/ros/dynamic_biped/msg/robotPhase.js
Symlinking /home/ExoSuit/real_robot_data_collection/devel/share/gennodejs/ros/dynamic_biped/msg/recordArmHandPose.js
Symlinking /home/ExoSuit/real_robot_data_collection/devel/share/gennodejs/ros/dynamic_biped/msg/QuaternionArray.js
Symlinking /home/ExoSuit/real_robot_data_collection/devel/share/gennodejs/ros/dynamic_biped/msg/_index.js
Symlinking /home/ExoSuit/real_robot_data_collection/devel/share/gennodejs/ros/dynamic_biped/msg/handRotation.js
Symlinking /home/ExoSuit/real_robot_data_collection/devel/share/gennodejs/ros/dynamic_biped/msg/robotTorsoState.js
Symlinking /home/ExoSuit/real_robot_data_collection/devel/share/gennodejs/ros/dynamic_biped/msg/robotHandPosition.js
Symlinking /home/ExoSuit/real_robot_data_collection/devel/share/gennodejs/ros/dynamic_biped/msg/walkCommand.js
Symlinking /home/ExoSuit/real_robot_data_collection/devel/share/gennodejs/ros/dynamic_biped/msg/robotArmQVVD.js
Symlinking /home/ExoSuit/real_robot_data_collection/devel/share/gennodejs/ros/dynamic_biped/msg/robotArmInfo.js
Symlinking /home/ExoSuit/real_robot_data_collection/devel/share/gennodejs/ros/dynamic_biped/msg/ECJointMotordata.js
Symlinking /home/ExoSuit/real_robot_data_collection/devel/share/gennodejs/ros/dynamic_biped/msg/handRotationEular.js
Symlinking /home/ExoSuit/real_robot_data_collection/devel/share/gennodejs/ros/dynamic_biped/msg/armHandPose.js
Symlinking /home/ExoSuit/real_robot_data_collection/devel/share/gennodejs/ros/dynamic_biped/msg/robot_hand_eff.js
Symlinking /home/ExoSuit/real_robot_data_collection/devel/share/gennodejs/ros/dynamic_biped/msg/robotQVTau.js
Symlinking /home/ExoSuit/real_robot_data_collection/devel/share/gennodejs/ros/dynamic_biped/srv/changeArmCtrlMode.js
Symlinking /home/ExoSuit/real_robot_data_collection/devel/share/gennodejs/ros/dynamic_biped/srv/_index.js
Symlinking /home/ExoSuit/real_robot_data_collection/devel/share/gennodejs/ros/dynamic_biped/srv/srvchangeCtlMode.js
Symlinking /home/ExoSuit/real_robot_data_collection/devel/share/gennodejs/ros/dynamic_biped/srv/srvManiInst.js
Symlinking /home/ExoSuit/real_robot_data_collection/devel/share/gennodejs/ros/dynamic_biped/srv/srvClearPositionCMD.js
Symlinking /home/ExoSuit/real_robot_data_collection/devel/share/gennodejs/ros/dynamic_biped/srv/srvChangePhases.js
Symlinking /home/ExoSuit/real_robot_data_collection/devel/share/gennodejs/ros/dynamic_biped/srv/controlEndHand.js
Symlinking /home/ExoSuit/real_robot_data_collection/devel/share/gennodejs/ros/dynamic_biped/srv/srvChangeJoller.js
Symlinking /home/ExoSuit/real_robot_data_collection/devel/share/gennodejs/ros/dynamic_biped/srv/changeAMBACCtrlMode.js
Symlinking /home/ExoSuit/real_robot_data_collection/devel/share/roseus/ros/dynamic_biped/manifest.l
Symlinking /home/ExoSuit/real_robot_data_collection/devel/share/roseus/ros/dynamic_biped/msg/recordArmHandPose.l
Symlinking /home/ExoSuit/real_robot_data_collection/devel/share/roseus/ros/dynamic_biped/msg/robotHeadMotionData.l
Symlinking /home/ExoSuit/real_robot_data_collection/devel/share/roseus/ros/dynamic_biped/msg/armHandPose.l
Symlinking /home/ExoSuit/real_robot_data_collection/devel/share/roseus/ros/dynamic_biped/msg/ECJointMotordata.l
Symlinking /home/ExoSuit/real_robot_data_collection/devel/share/roseus/ros/dynamic_biped/msg/robotTorsoState.l
Symlinking /home/ExoSuit/real_robot_data_collection/devel/share/roseus/ros/dynamic_biped/msg/QuaternionArray.l
Symlinking /home/ExoSuit/real_robot_data_collection/devel/share/roseus/ros/dynamic_biped/msg/robotQVTau.l
Symlinking /home/ExoSuit/real_robot_data_collection/devel/share/roseus/ros/dynamic_biped/msg/robotArmQVVD.l
Symlinking /home/ExoSuit/real_robot_data_collection/devel/share/roseus/ros/dynamic_biped/msg/handRotationEular.l
Symlinking /home/ExoSuit/real_robot_data_collection/devel/share/roseus/ros/dynamic_biped/msg/handRotation.l
Symlinking /home/ExoSuit/real_robot_data_collection/devel/share/roseus/ros/dynamic_biped/msg/robotHandPosition.l
Symlinking /home/ExoSuit/real_robot_data_collection/devel/share/roseus/ros/dynamic_biped/msg/walkCommand.l
Symlinking /home/ExoSuit/real_robot_data_collection/devel/share/roseus/ros/dynamic_biped/msg/robot_hand_eff.l
Symlinking /home/ExoSuit/real_robot_data_collection/devel/share/roseus/ros/dynamic_biped/msg/robotPhase.l
Symlinking /home/ExoSuit/real_robot_data_collection/devel/share/roseus/ros/dynamic_biped/msg/robotArmInfo.l
Symlinking /home/ExoSuit/real_robot_data_collection/devel/share/roseus/ros/dynamic_biped/srv/changeArmCtrlMode.l
Symlinking /home/ExoSuit/real_robot_data_collection/devel/share/roseus/ros/dynamic_biped/srv/srvChangePhases.l
Symlinking /home/ExoSuit/real_robot_data_collection/devel/share/roseus/ros/dynamic_biped/srv/srvClearPositionCMD.l
Symlinking /home/ExoSuit/real_robot_data_collection/devel/share/roseus/ros/dynamic_biped/srv/srvManiInst.l
Symlinking /home/ExoSuit/real_robot_data_collection/devel/share/roseus/ros/dynamic_biped/srv/srvChangeJoller.l
Symlinking /home/ExoSuit/real_robot_data_collection/devel/share/roseus/ros/dynamic_biped/srv/changeAMBACCtrlMode.l
Symlinking /home/ExoSuit/real_robot_data_collection/devel/share/roseus/ros/dynamic_biped/srv/controlEndHand.l
Symlinking /home/ExoSuit/real_robot_data_collection/devel/share/roseus/ros/dynamic_biped/srv/srvchangeCtlMode.l
Symlinking /home/ExoSuit/real_robot_data_collection/devel/lib/dynamic_biped/arm_move_X.py
Symlinking /home/ExoSuit/real_robot_data_collection/devel/lib/pkgconfig/dynamic_biped.pc
Symlinking /home/ExoSuit/real_robot_data_collection/devel/lib/python3/dist-packages/dynamic_biped/__init__.py
Symlinking /home/ExoSuit/real_robot_data_collection/devel/lib/python3/dist-packages/dynamic_biped/msg/_recordArmHandPose.py
Symlinking /home/ExoSuit/real_robot_data_collection/devel/lib/python3/dist-packages/dynamic_biped/msg/_robotArmQVVD.py
Symlinking /home/ExoSuit/real_robot_data_collection/devel/lib/python3/dist-packages/dynamic_biped/msg/_handRotation.py
Symlinking /home/ExoSuit/real_robot_data_collection/devel/lib/python3/dist-packages/dynamic_biped/msg/_robotArmInfo.py
Symlinking /home/ExoSuit/real_robot_data_collection/devel/lib/python3/dist-packages/dynamic_biped/msg/_QuaternionArray.py
Symlinking /home/ExoSuit/real_robot_data_collection/devel/lib/python3/dist-packages/dynamic_biped/msg/_robotQVTau.py
Symlinking /home/ExoSuit/real_robot_data_collection/devel/lib/python3/dist-packages/dynamic_biped/msg/_handRotationEular.py
Symlinking /home/ExoSuit/real_robot_data_collection/devel/lib/python3/dist-packages/dynamic_biped/msg/_ECJointMotordata.py
Symlinking /home/ExoSuit/real_robot_data_collection/devel/lib/python3/dist-packages/dynamic_biped/msg/_robotHeadMotionData.py
Symlinking /home/ExoSuit/real_robot_data_collection/devel/lib/python3/dist-packages/dynamic_biped/msg/__init__.py
Symlinking /home/ExoSuit/real_robot_data_collection/devel/lib/python3/dist-packages/dynamic_biped/msg/_walkCommand.py
Symlinking /home/ExoSuit/real_robot_data_collection/devel/lib/python3/dist-packages/dynamic_biped/msg/_robotHandPosition.py
Symlinking /home/ExoSuit/real_robot_data_collection/devel/lib/python3/dist-packages/dynamic_biped/msg/_robot_hand_eff.py
Symlinking /home/ExoSuit/real_robot_data_collection/devel/lib/python3/dist-packages/dynamic_biped/msg/_armHandPose.py
Symlinking /home/ExoSuit/real_robot_data_collection/devel/lib/python3/dist-packages/dynamic_biped/msg/_robotTorsoState.py
Symlinking /home/ExoSuit/real_robot_data_collection/devel/lib/python3/dist-packages/dynamic_biped/msg/_robotPhase.py
Symlinking /home/ExoSuit/real_robot_data_collection/devel/lib/python3/dist-packages/dynamic_biped/srv/_srvchangeCtlMode.py
Symlinking /home/ExoSuit/real_robot_data_collection/devel/lib/python3/dist-packages/dynamic_biped/srv/_srvManiInst.py
Symlinking /home/ExoSuit/real_robot_data_collection/devel/lib/python3/dist-packages/dynamic_biped/srv/_changeArmCtrlMode.py
Symlinking /home/ExoSuit/real_robot_data_collection/devel/lib/python3/dist-packages/dynamic_biped/srv/_srvChangeJoller.py
Symlinking /home/ExoSuit/real_robot_data_collection/devel/lib/python3/dist-packages/dynamic_biped/srv/_srvChangePhases.py
Symlinking /home/ExoSuit/real_robot_data_collection/devel/lib/python3/dist-packages/dynamic_biped/srv/_srvClearPositionCMD.py
Symlinking /home/ExoSuit/real_robot_data_collection/devel/lib/python3/dist-packages/dynamic_biped/srv/__init__.py
Symlinking /home/ExoSuit/real_robot_data_collection/devel/lib/python3/dist-packages/dynamic_biped/srv/_changeAMBACCtrlMode.py
Symlinking /home/ExoSuit/real_robot_data_collection/devel/lib/python3/dist-packages/dynamic_biped/srv/_controlEndHand.py
