[0.046s] Invoking command in '/root/Synthetic_data_collection/isaac_lab_data_collection/build/my_robot_description': CMAKE_PREFIX_PATH=/opt/ros/jazzy:${CMAKE_PREFIX_PATH} /usr/bin/cmake --build /root/Synthetic_data_collection/isaac_lab_data_collection/build/my_robot_description -- -j8 -l8
[0.363s] Invoked command in '/root/Synthetic_data_collection/isaac_lab_data_collection/build/my_robot_description' returned '0': CMAKE_PREFIX_PATH=/opt/ros/jazzy:${CMAKE_PREFIX_PATH} /usr/bin/cmake --build /root/Synthetic_data_collection/isaac_lab_data_collection/build/my_robot_description -- -j8 -l8
[0.400s] Invoking command in '/root/Synthetic_data_collection/isaac_lab_data_collection/build/my_robot_description': CMAKE_PREFIX_PATH=/opt/ros/jazzy:${CMAKE_PREFIX_PATH} /usr/bin/cmake --install /root/Synthetic_data_collection/isaac_lab_data_collection/build/my_robot_description
[0.437s] -- Install configuration: ""
[0.445s] -- Up-to-date: /root/Synthetic_data_collection/isaac_lab_data_collection/install/my_robot_description/share/my_robot_description/urdf
[0.446s] -- Installing: /root/Synthetic_data_collection/isaac_lab_data_collection/install/my_robot_description/share/my_robot_description/urdf/biped_s40_primitives.urdf
[0.447s] -- Up-to-date: /root/Synthetic_data_collection/isaac_lab_data_collection/install/my_robot_description/share/my_robot_description/urdf/biped_s40.urdf
[0.447s] -- Up-to-date: /root/Synthetic_data_collection/isaac_lab_data_collection/install/my_robot_description/share/my_robot_description/meshes
[0.448s] -- Up-to-date: /root/Synthetic_data_collection/isaac_lab_data_collection/install/my_robot_description/share/my_robot_description/meshes/l_hand_yaw.STL
[0.448s] -- Up-to-date: /root/Synthetic_data_collection/isaac_lab_data_collection/install/my_robot_description/share/my_robot_description/meshes/r_leg_roll.STL
[0.449s] -- Up-to-date: /root/Synthetic_data_collection/isaac_lab_data_collection/install/my_robot_description/share/my_robot_description/meshes/head_yaw.STL
[0.449s] -- Up-to-date: /root/Synthetic_data_collection/isaac_lab_data_collection/install/my_robot_description/share/my_robot_description/meshes/r_knee.STL
[0.449s] -- Up-to-date: /root/Synthetic_data_collection/isaac_lab_data_collection/install/my_robot_description/share/my_robot_description/meshes/l_leg_yaw.STL
[0.450s] -- Up-to-date: /root/Synthetic_data_collection/isaac_lab_data_collection/install/my_robot_description/share/my_robot_description/meshes/r_leg_yaw.STL
[0.450s] -- Up-to-date: /root/Synthetic_data_collection/isaac_lab_data_collection/install/my_robot_description/share/my_robot_description/meshes/l_r_tendon.STL
[0.451s] -- Up-to-date: /root/Synthetic_data_collection/isaac_lab_data_collection/install/my_robot_description/share/my_robot_description/meshes/l_hand_pitch.STL
[0.452s] -- Up-to-date: /root/Synthetic_data_collection/isaac_lab_data_collection/install/my_robot_description/share/my_robot_description/meshes/head_pitch.STL
[0.453s] -- Up-to-date: /root/Synthetic_data_collection/isaac_lab_data_collection/install/my_robot_description/share/my_robot_description/meshes/r_l_bar.STL
[0.453s] -- Up-to-date: /root/Synthetic_data_collection/isaac_lab_data_collection/install/my_robot_description/share/my_robot_description/meshes/l_foot_pitch.STL
[0.454s] -- Up-to-date: /root/Synthetic_data_collection/isaac_lab_data_collection/install/my_robot_description/share/my_robot_description/meshes/r_hand_yaw.STL
[0.454s] -- Up-to-date: /root/Synthetic_data_collection/isaac_lab_data_collection/install/my_robot_description/share/my_robot_description/meshes/l_foot_roll.STL
[0.455s] -- Up-to-date: /root/Synthetic_data_collection/isaac_lab_data_collection/install/my_robot_description/share/my_robot_description/meshes/camera.STL
[0.455s] -- Up-to-date: /root/Synthetic_data_collection/isaac_lab_data_collection/install/my_robot_description/share/my_robot_description/meshes/camera_base.STL
[0.456s] -- Up-to-date: /root/Synthetic_data_collection/isaac_lab_data_collection/install/my_robot_description/share/my_robot_description/meshes/l_l_tendon.STL
[0.456s] -- Up-to-date: /root/Synthetic_data_collection/isaac_lab_data_collection/install/my_robot_description/share/my_robot_description/meshes/l_arm_pitch.STL
[0.456s] -- Up-to-date: /root/Synthetic_data_collection/isaac_lab_data_collection/install/my_robot_description/share/my_robot_description/meshes/r_leg_pitch.STL
[0.457s] -- Up-to-date: /root/Synthetic_data_collection/isaac_lab_data_collection/install/my_robot_description/share/my_robot_description/meshes/r_foot_roll.STL
[0.457s] -- Up-to-date: /root/Synthetic_data_collection/isaac_lab_data_collection/install/my_robot_description/share/my_robot_description/meshes/r_r_tendon.STL
[0.458s] -- Up-to-date: /root/Synthetic_data_collection/isaac_lab_data_collection/install/my_robot_description/share/my_robot_description/meshes/r_r_bar.STL
[0.458s] -- Up-to-date: /root/Synthetic_data_collection/isaac_lab_data_collection/install/my_robot_description/share/my_robot_description/meshes/l_leg_pitch.STL
[0.459s] -- Up-to-date: /root/Synthetic_data_collection/isaac_lab_data_collection/install/my_robot_description/share/my_robot_description/meshes/l_l_bar.STL
[0.459s] -- Up-to-date: /root/Synthetic_data_collection/isaac_lab_data_collection/install/my_robot_description/share/my_robot_description/meshes/r_hand_pitch.STL
[0.460s] -- Up-to-date: /root/Synthetic_data_collection/isaac_lab_data_collection/install/my_robot_description/share/my_robot_description/meshes/r_arm_roll.STL
[0.460s] -- Up-to-date: /root/Synthetic_data_collection/isaac_lab_data_collection/install/my_robot_description/share/my_robot_description/meshes/l_hand_roll.STL
[0.460s] -- Up-to-date: /root/Synthetic_data_collection/isaac_lab_data_collection/install/my_robot_description/share/my_robot_description/meshes/l_knee.STL
[0.461s] -- Up-to-date: /root/Synthetic_data_collection/isaac_lab_data_collection/install/my_robot_description/share/my_robot_description/meshes/r_foot_pitch.STL
[0.461s] -- Up-to-date: /root/Synthetic_data_collection/isaac_lab_data_collection/install/my_robot_description/share/my_robot_description/meshes/l_arm_roll.STL
[0.462s] -- Up-to-date: /root/Synthetic_data_collection/isaac_lab_data_collection/install/my_robot_description/share/my_robot_description/meshes/l_forearm.STL
[0.462s] -- Up-to-date: /root/Synthetic_data_collection/isaac_lab_data_collection/install/my_robot_description/share/my_robot_description/meshes/r_hand_roll.STL
[0.463s] -- Up-to-date: /root/Synthetic_data_collection/isaac_lab_data_collection/install/my_robot_description/share/my_robot_description/meshes/base_link.STL
[0.463s] -- Up-to-date: /root/Synthetic_data_collection/isaac_lab_data_collection/install/my_robot_description/share/my_robot_description/meshes/r_forearm.STL
[0.463s] -- Up-to-date: /root/Synthetic_data_collection/isaac_lab_data_collection/install/my_robot_description/share/my_robot_description/meshes/r_arm_pitch.STL
[0.464s] -- Up-to-date: /root/Synthetic_data_collection/isaac_lab_data_collection/install/my_robot_description/share/my_robot_description/meshes/r_arm_yaw.STL
[0.464s] -- Up-to-date: /root/Synthetic_data_collection/isaac_lab_data_collection/install/my_robot_description/share/my_robot_description/meshes/l_arm_yaw.STL
[0.465s] -- Up-to-date: /root/Synthetic_data_collection/isaac_lab_data_collection/install/my_robot_description/share/my_robot_description/meshes/l_leg_roll.STL
[0.465s] -- Up-to-date: /root/Synthetic_data_collection/isaac_lab_data_collection/install/my_robot_description/share/my_robot_description/meshes/l_r_bar.STL
[0.466s] -- Up-to-date: /root/Synthetic_data_collection/isaac_lab_data_collection/install/my_robot_description/share/my_robot_description/meshes/r_l_tendon.STL
[0.466s] -- Up-to-date: /root/Synthetic_data_collection/isaac_lab_data_collection/install/my_robot_description/share/my_robot_description/launch
[0.467s] -- Installing: /root/Synthetic_data_collection/isaac_lab_data_collection/install/my_robot_description/share/my_robot_description/launch/display_launch.py
[0.467s] -- Up-to-date: /root/Synthetic_data_collection/isaac_lab_data_collection/install/my_robot_description/share/ament_index/resource_index/package_run_dependencies/my_robot_description
[0.467s] -- Up-to-date: /root/Synthetic_data_collection/isaac_lab_data_collection/install/my_robot_description/share/ament_index/resource_index/parent_prefix_path/my_robot_description
[0.468s] -- Up-to-date: /root/Synthetic_data_collection/isaac_lab_data_collection/install/my_robot_description/share/my_robot_description/environment/ament_prefix_path.sh
[0.468s] -- Up-to-date: /root/Synthetic_data_collection/isaac_lab_data_collection/install/my_robot_description/share/my_robot_description/environment/ament_prefix_path.dsv
[0.470s] -- Up-to-date: /root/Synthetic_data_collection/isaac_lab_data_collection/install/my_robot_description/share/my_robot_description/environment/path.sh
[0.470s] -- Up-to-date: /root/Synthetic_data_collection/isaac_lab_data_collection/install/my_robot_description/share/my_robot_description/environment/path.dsv
[0.471s] -- Up-to-date: /root/Synthetic_data_collection/isaac_lab_data_collection/install/my_robot_description/share/my_robot_description/local_setup.bash
[0.471s] -- Up-to-date: /root/Synthetic_data_collection/isaac_lab_data_collection/install/my_robot_description/share/my_robot_description/local_setup.sh
[0.471s] -- Up-to-date: /root/Synthetic_data_collection/isaac_lab_data_collection/install/my_robot_description/share/my_robot_description/local_setup.zsh
[0.472s] -- Up-to-date: /root/Synthetic_data_collection/isaac_lab_data_collection/install/my_robot_description/share/my_robot_description/local_setup.dsv
[0.473s] -- Installing: /root/Synthetic_data_collection/isaac_lab_data_collection/install/my_robot_description/share/my_robot_description/package.dsv
[0.473s] -- Up-to-date: /root/Synthetic_data_collection/isaac_lab_data_collection/install/my_robot_description/share/ament_index/resource_index/packages/my_robot_description
[0.474s] -- Up-to-date: /root/Synthetic_data_collection/isaac_lab_data_collection/install/my_robot_description/share/my_robot_description/cmake/my_robot_descriptionConfig.cmake
[0.474s] -- Up-to-date: /root/Synthetic_data_collection/isaac_lab_data_collection/install/my_robot_description/share/my_robot_description/cmake/my_robot_descriptionConfig-version.cmake
[0.474s] -- Up-to-date: /root/Synthetic_data_collection/isaac_lab_data_collection/install/my_robot_description/share/my_robot_description/package.xml
[0.475s] Invoked command in '/root/Synthetic_data_collection/isaac_lab_data_collection/build/my_robot_description' returned '0': CMAKE_PREFIX_PATH=/opt/ros/jazzy:${CMAKE_PREFIX_PATH} /usr/bin/cmake --install /root/Synthetic_data_collection/isaac_lab_data_collection/build/my_robot_description
