[1.375s] Invoking command in '/root/Synthetic_data_collection/isaac_lab_data_collection/build/servo_angle_publisher': CONDA_PROMPT_MODIFIER=(exo_suit_jazzy_v2_3) PYTHONPATH=/root/Synthetic_data_collection/isaac_lab_data_collection/build/servo_angle_publisher/prefix_override:/usr/lib/python3/dist-packages/colcon_core/task/python/colcon_distutils_commands:/root/Synthetic_data_collection/isaac_lab_data_collection/install/servo_angle_publisher/lib/python3.12/site-packages:${PYTHONPATH} /usr/bin/python3 -W ignore:setup.py install is deprecated -W ignore:easy_install command is deprecated setup.py develop --editable --build-directory /root/Synthetic_data_collection/isaac_lab_data_collection/build/servo_angle_publisher/build --no-deps symlink_data --force
[1.825s] running develop
[2.070s] running egg_info
[2.093s] writing servo_angle_publisher.egg-info/PKG-INFO
[2.094s] writing dependency_links to servo_angle_publisher.egg-info/dependency_links.txt
[2.094s] writing entry points to servo_angle_publisher.egg-info/entry_points.txt
[2.095s] writing requirements to servo_angle_publisher.egg-info/requires.txt
[2.095s] writing top-level names to servo_angle_publisher.egg-info/top_level.txt
[2.147s] reading manifest file 'servo_angle_publisher.egg-info/SOURCES.txt'
[2.148s] writing manifest file 'servo_angle_publisher.egg-info/SOURCES.txt'
[2.175s] running build_ext
[2.176s] Creating /root/Synthetic_data_collection/isaac_lab_data_collection/install/servo_angle_publisher/lib/python3.12/site-packages/servo-angle-publisher.egg-link (link to .)
[2.177s] Installing joint_state_merger script to /root/Synthetic_data_collection/isaac_lab_data_collection/install/servo_angle_publisher/lib/servo_angle_publisher
[2.178s] Installing servo_angle_node script to /root/Synthetic_data_collection/isaac_lab_data_collection/install/servo_angle_publisher/lib/servo_angle_publisher
[2.178s] Installing servo_angle_node_rad script to /root/Synthetic_data_collection/isaac_lab_data_collection/install/servo_angle_publisher/lib/servo_angle_publisher
[2.178s] 
[2.179s] Installed /root/Synthetic_data_collection/isaac_lab_data_collection/build/servo_angle_publisher
[2.179s] running symlink_data
[2.179s] symbolically linking /root/Synthetic_data_collection/isaac_lab_data_collection/build/servo_angle_publisher/resource/servo_angle_publisher -> /root/Synthetic_data_collection/isaac_lab_data_collection/install/servo_angle_publisher/share/ament_index/resource_index/packages
[2.179s] symbolically linking /root/Synthetic_data_collection/isaac_lab_data_collection/build/servo_angle_publisher/package.xml -> /root/Synthetic_data_collection/isaac_lab_data_collection/install/servo_angle_publisher/share/servo_angle_publisher
[2.179s] symbolically linking /root/Synthetic_data_collection/isaac_lab_data_collection/build/servo_angle_publisher/launch/servo_fullbody.launch.py -> /root/Synthetic_data_collection/isaac_lab_data_collection/install/servo_angle_publisher/share/servo_angle_publisher/launch
[2.180s] symbolically linking /root/Synthetic_data_collection/isaac_lab_data_collection/build/servo_angle_publisher/launch/rad_servo_angle.launch.py -> /root/Synthetic_data_collection/isaac_lab_data_collection/install/servo_angle_publisher/share/servo_angle_publisher/launch
[2.180s] symbolically linking /root/Synthetic_data_collection/isaac_lab_data_collection/build/servo_angle_publisher/launch/servo_angle.launch.py -> /root/Synthetic_data_collection/isaac_lab_data_collection/install/servo_angle_publisher/share/servo_angle_publisher/launch
[2.180s] symbolically linking /root/Synthetic_data_collection/isaac_lab_data_collection/build/servo_angle_publisher/config/fullbody_defaults.yaml -> /root/Synthetic_data_collection/isaac_lab_data_collection/install/servo_angle_publisher/share/servo_angle_publisher/config
[2.318s] Invoked command in '/root/Synthetic_data_collection/isaac_lab_data_collection/build/servo_angle_publisher' returned '0': CONDA_PROMPT_MODIFIER=(exo_suit_jazzy_v2_3) PYTHONPATH=/root/Synthetic_data_collection/isaac_lab_data_collection/build/servo_angle_publisher/prefix_override:/usr/lib/python3/dist-packages/colcon_core/task/python/colcon_distutils_commands:/root/Synthetic_data_collection/isaac_lab_data_collection/install/servo_angle_publisher/lib/python3.12/site-packages:${PYTHONPATH} /usr/bin/python3 -W ignore:setup.py install is deprecated -W ignore:easy_install command is deprecated setup.py develop --editable --build-directory /root/Synthetic_data_collection/isaac_lab_data_collection/build/servo_angle_publisher/build --no-deps symlink_data --force
