[0.159s] DEBUG:colcon:Command line arguments: ['/usr/bin/colcon', 'build', '--symlink-install']
[0.159s] DEBUG:colcon:Parsed command line arguments: Namespace(log_base=None, log_level=None, verb_name='build', build_base='build', install_base='install', merge_install=False, symlink_install=True, test_result_base=None, continue_on_error=False, executor='parallel', parallel_workers=8, event_handlers=None, ignore_user_meta=False, metas=['./colcon.meta'], base_paths=['.'], packages_ignore=None, packages_ignore_regex=None, paths=None, packages_up_to=None, packages_up_to_regex=None, packages_above=None, packages_above_and_dependencies=None, packages_above_depth=None, packages_select_by_dep=None, packages_skip_by_dep=None, packages_skip_up_to=None, packages_select_build_failed=False, packages_skip_build_finished=False, packages_select_test_failures=False, packages_skip_test_passed=False, packages_select=None, packages_skip=None, packages_select_regex=None, packages_skip_regex=None, packages_start=None, packages_end=None, allow_overriding=[], cmake_args=None, cmake_target=None, cmake_target_skip_unavailable=False, cmake_clean_cache=False, cmake_clean_first=False, cmake_force_configure=False, ament_cmake_args=None, catkin_cmake_args=None, catkin_skip_building_tests=False, verb_parser=<colcon_defaults.argument_parser.defaults.DefaultArgumentsDecorator object at 0xffffbc0998b0>, verb_extension=<colcon_core.verb.build.BuildVerb object at 0xffffbc255d30>, main=<bound method BuildVerb.main of <colcon_core.verb.build.BuildVerb object at 0xffffbc255d30>>)
[0.223s] Level 1:colcon.colcon_core.package_discovery:discover_packages(colcon_meta) check parameters
[0.223s] Level 1:colcon.colcon_core.package_discovery:discover_packages(recursive) check parameters
[0.223s] Level 1:colcon.colcon_core.package_discovery:discover_packages(ignore) check parameters
[0.223s] Level 1:colcon.colcon_core.package_discovery:discover_packages(path) check parameters
[0.223s] Level 1:colcon.colcon_core.package_discovery:discover_packages(colcon_meta) discover
[0.224s] Level 1:colcon.colcon_core.package_discovery:discover_packages(recursive) discover
[0.224s] INFO:colcon.colcon_core.package_discovery:Crawling recursively for packages in '/root/Synthetic_data_collection/isaac_lab_data_collection'
[0.224s] Level 1:colcon.colcon_core.package_identification:_identify(.) by extensions ['ignore', 'ignore_ament_install']
[0.224s] Level 1:colcon.colcon_core.package_identification:_identify(.) by extension 'ignore'
[0.224s] Level 1:colcon.colcon_core.package_identification:_identify(.) by extension 'ignore_ament_install'
[0.224s] Level 1:colcon.colcon_core.package_identification:_identify(.) by extensions ['colcon_pkg']
[0.224s] Level 1:colcon.colcon_core.package_identification:_identify(.) by extension 'colcon_pkg'
[0.224s] Level 1:colcon.colcon_core.package_identification:_identify(.) by extensions ['colcon_meta']
[0.224s] Level 1:colcon.colcon_core.package_identification:_identify(.) by extension 'colcon_meta'
[0.224s] Level 1:colcon.colcon_core.package_identification:_identify(.) by extensions ['ros']
[0.224s] Level 1:colcon.colcon_core.package_identification:_identify(.) by extension 'ros'
[0.267s] Level 1:colcon.colcon_core.package_identification:_identify(.) by extensions ['cmake', 'python']
[0.267s] Level 1:colcon.colcon_core.package_identification:_identify(.) by extension 'cmake'
[0.267s] Level 1:colcon.colcon_core.package_identification:_identify(.) by extension 'python'
[0.267s] Level 1:colcon.colcon_core.package_identification:_identify(.) by extensions ['python_setup_py']
[0.267s] Level 1:colcon.colcon_core.package_identification:_identify(.) by extension 'python_setup_py'
[0.267s] Level 1:colcon.colcon_core.package_identification:_identify(build) by extensions ['ignore', 'ignore_ament_install']
[0.267s] Level 1:colcon.colcon_core.package_identification:_identify(build) by extension 'ignore'
[0.267s] Level 1:colcon.colcon_core.package_identification:_identify(build) ignored
[0.268s] Level 1:colcon.colcon_core.package_identification:_identify(install) by extensions ['ignore', 'ignore_ament_install']
[0.268s] Level 1:colcon.colcon_core.package_identification:_identify(install) by extension 'ignore'
[0.268s] Level 1:colcon.colcon_core.package_identification:_identify(install) ignored
[0.268s] Level 1:colcon.colcon_core.package_identification:_identify(log) by extensions ['ignore', 'ignore_ament_install']
[0.268s] Level 1:colcon.colcon_core.package_identification:_identify(log) by extension 'ignore'
[0.268s] Level 1:colcon.colcon_core.package_identification:_identify(log) ignored
[0.268s] Level 1:colcon.colcon_core.package_identification:_identify(src) by extensions ['ignore', 'ignore_ament_install']
[0.268s] Level 1:colcon.colcon_core.package_identification:_identify(src) by extension 'ignore'
[0.268s] Level 1:colcon.colcon_core.package_identification:_identify(src) by extension 'ignore_ament_install'
[0.269s] Level 1:colcon.colcon_core.package_identification:_identify(src) by extensions ['colcon_pkg']
[0.269s] Level 1:colcon.colcon_core.package_identification:_identify(src) by extension 'colcon_pkg'
[0.269s] Level 1:colcon.colcon_core.package_identification:_identify(src) by extensions ['colcon_meta']
[0.269s] Level 1:colcon.colcon_core.package_identification:_identify(src) by extension 'colcon_meta'
[0.269s] Level 1:colcon.colcon_core.package_identification:_identify(src) by extensions ['ros']
[0.269s] Level 1:colcon.colcon_core.package_identification:_identify(src) by extension 'ros'
[0.269s] Level 1:colcon.colcon_core.package_identification:_identify(src) by extensions ['cmake', 'python']
[0.269s] Level 1:colcon.colcon_core.package_identification:_identify(src) by extension 'cmake'
[0.269s] Level 1:colcon.colcon_core.package_identification:_identify(src) by extension 'python'
[0.269s] Level 1:colcon.colcon_core.package_identification:_identify(src) by extensions ['python_setup_py']
[0.269s] Level 1:colcon.colcon_core.package_identification:_identify(src) by extension 'python_setup_py'
[0.269s] Level 1:colcon.colcon_core.package_identification:_identify(src/data_bag_recorder) by extensions ['ignore', 'ignore_ament_install']
[0.269s] Level 1:colcon.colcon_core.package_identification:_identify(src/data_bag_recorder) by extension 'ignore'
[0.269s] Level 1:colcon.colcon_core.package_identification:_identify(src/data_bag_recorder) by extension 'ignore_ament_install'
[0.269s] Level 1:colcon.colcon_core.package_identification:_identify(src/data_bag_recorder) by extensions ['colcon_pkg']
[0.269s] Level 1:colcon.colcon_core.package_identification:_identify(src/data_bag_recorder) by extension 'colcon_pkg'
[0.269s] Level 1:colcon.colcon_core.package_identification:_identify(src/data_bag_recorder) by extensions ['colcon_meta']
[0.270s] Level 1:colcon.colcon_core.package_identification:_identify(src/data_bag_recorder) by extension 'colcon_meta'
[0.270s] Level 1:colcon.colcon_core.package_identification:_identify(src/data_bag_recorder) by extensions ['ros']
[0.270s] Level 1:colcon.colcon_core.package_identification:_identify(src/data_bag_recorder) by extension 'ros'
[0.270s] Level 1:colcon.colcon_core.package_identification:_identify(src/data_bag_recorder) by extensions ['cmake', 'python']
[0.270s] Level 1:colcon.colcon_core.package_identification:_identify(src/data_bag_recorder) by extension 'cmake'
[0.270s] Level 1:colcon.colcon_core.package_identification:_identify(src/data_bag_recorder) by extension 'python'
[0.270s] Level 1:colcon.colcon_core.package_identification:_identify(src/data_bag_recorder) by extensions ['python_setup_py']
[0.270s] Level 1:colcon.colcon_core.package_identification:_identify(src/data_bag_recorder) by extension 'python_setup_py'
[0.270s] Level 1:colcon.colcon_core.package_identification:_identify(src/dynamic_biped) by extensions ['ignore', 'ignore_ament_install']
[0.270s] Level 1:colcon.colcon_core.package_identification:_identify(src/dynamic_biped) by extension 'ignore'
[0.270s] Level 1:colcon.colcon_core.package_identification:_identify(src/dynamic_biped) by extension 'ignore_ament_install'
[0.270s] Level 1:colcon.colcon_core.package_identification:_identify(src/dynamic_biped) by extensions ['colcon_pkg']
[0.270s] Level 1:colcon.colcon_core.package_identification:_identify(src/dynamic_biped) by extension 'colcon_pkg'
[0.270s] Level 1:colcon.colcon_core.package_identification:_identify(src/dynamic_biped) by extensions ['colcon_meta']
[0.270s] Level 1:colcon.colcon_core.package_identification:_identify(src/dynamic_biped) by extension 'colcon_meta'
[0.270s] Level 1:colcon.colcon_core.package_identification:_identify(src/dynamic_biped) by extensions ['ros']
[0.270s] Level 1:colcon.colcon_core.package_identification:_identify(src/dynamic_biped) by extension 'ros'
[0.277s] DEBUG:colcon.colcon_core.package_identification:Package 'src/dynamic_biped' with type 'ros.ament_cmake' and name 'dynamic_biped'
[0.277s] Level 1:colcon.colcon_core.package_identification:_identify(src/grip_state_publisher) by extensions ['ignore', 'ignore_ament_install']
[0.277s] Level 1:colcon.colcon_core.package_identification:_identify(src/grip_state_publisher) by extension 'ignore'
[0.277s] Level 1:colcon.colcon_core.package_identification:_identify(src/grip_state_publisher) by extension 'ignore_ament_install'
[0.277s] Level 1:colcon.colcon_core.package_identification:_identify(src/grip_state_publisher) by extensions ['colcon_pkg']
[0.278s] Level 1:colcon.colcon_core.package_identification:_identify(src/grip_state_publisher) by extension 'colcon_pkg'
[0.278s] Level 1:colcon.colcon_core.package_identification:_identify(src/grip_state_publisher) by extensions ['colcon_meta']
[0.278s] Level 1:colcon.colcon_core.package_identification:_identify(src/grip_state_publisher) by extension 'colcon_meta'
[0.278s] Level 1:colcon.colcon_core.package_identification:_identify(src/grip_state_publisher) by extensions ['ros']
[0.278s] Level 1:colcon.colcon_core.package_identification:_identify(src/grip_state_publisher) by extension 'ros'
[0.278s] Level 1:colcon.colcon_core.package_identification:_identify(src/grip_state_publisher) by extensions ['cmake', 'python']
[0.278s] Level 1:colcon.colcon_core.package_identification:_identify(src/grip_state_publisher) by extension 'cmake'
[0.278s] Level 1:colcon.colcon_core.package_identification:_identify(src/grip_state_publisher) by extension 'python'
[0.278s] Level 1:colcon.colcon_core.package_identification:_identify(src/grip_state_publisher) by extensions ['python_setup_py']
[0.278s] Level 1:colcon.colcon_core.package_identification:_identify(src/grip_state_publisher) by extension 'python_setup_py'
[0.278s] Level 1:colcon.colcon_core.package_identification:_identify(src/my_robot_description) by extensions ['ignore', 'ignore_ament_install']
[0.278s] Level 1:colcon.colcon_core.package_identification:_identify(src/my_robot_description) by extension 'ignore'
[0.278s] Level 1:colcon.colcon_core.package_identification:_identify(src/my_robot_description) by extension 'ignore_ament_install'
[0.278s] Level 1:colcon.colcon_core.package_identification:_identify(src/my_robot_description) by extensions ['colcon_pkg']
[0.278s] Level 1:colcon.colcon_core.package_identification:_identify(src/my_robot_description) by extension 'colcon_pkg'
[0.278s] Level 1:colcon.colcon_core.package_identification:_identify(src/my_robot_description) by extensions ['colcon_meta']
[0.278s] Level 1:colcon.colcon_core.package_identification:_identify(src/my_robot_description) by extension 'colcon_meta'
[0.279s] Level 1:colcon.colcon_core.package_identification:_identify(src/my_robot_description) by extensions ['ros']
[0.279s] Level 1:colcon.colcon_core.package_identification:_identify(src/my_robot_description) by extension 'ros'
[0.279s] DEBUG:colcon.colcon_core.package_identification:Package 'src/my_robot_description' with type 'ros.ament_cmake' and name 'my_robot_description'
[0.279s] Level 1:colcon.colcon_core.package_identification:_identify(src/servo_angle_publisher) by extensions ['ignore', 'ignore_ament_install']
[0.280s] Level 1:colcon.colcon_core.package_identification:_identify(src/servo_angle_publisher) by extension 'ignore'
[0.280s] Level 1:colcon.colcon_core.package_identification:_identify(src/servo_angle_publisher) by extension 'ignore_ament_install'
[0.280s] Level 1:colcon.colcon_core.package_identification:_identify(src/servo_angle_publisher) by extensions ['colcon_pkg']
[0.280s] Level 1:colcon.colcon_core.package_identification:_identify(src/servo_angle_publisher) by extension 'colcon_pkg'
[0.280s] Level 1:colcon.colcon_core.package_identification:_identify(src/servo_angle_publisher) by extensions ['colcon_meta']
[0.280s] Level 1:colcon.colcon_core.package_identification:_identify(src/servo_angle_publisher) by extension 'colcon_meta'
[0.280s] Level 1:colcon.colcon_core.package_identification:_identify(src/servo_angle_publisher) by extensions ['ros']
[0.280s] Level 1:colcon.colcon_core.package_identification:_identify(src/servo_angle_publisher) by extension 'ros'
[0.281s] DEBUG:colcon.colcon_core.package_identification:Package 'src/servo_angle_publisher' with type 'ros.ament_python' and name 'servo_angle_publisher'
[0.281s] Level 1:colcon.colcon_core.package_discovery:discover_packages(recursive) using defaults
[0.281s] Level 1:colcon.colcon_core.package_discovery:discover_packages(ignore) discover
[0.281s] Level 1:colcon.colcon_core.package_discovery:discover_packages(ignore) using defaults
[0.281s] Level 1:colcon.colcon_core.package_discovery:discover_packages(path) discover
[0.281s] Level 1:colcon.colcon_core.package_discovery:discover_packages(path) using defaults
[0.309s] Level 1:colcon.colcon_core.package_discovery:discover_packages(prefix_path) check parameters
[0.309s] Level 1:colcon.colcon_core.package_discovery:discover_packages(prefix_path) discover
[0.312s] DEBUG:colcon.colcon_installed_package_information.package_discovery:Found 3 installed packages in /root/Synthetic_data_collection/isaac_lab_data_collection/install
[0.314s] DEBUG:colcon.colcon_installed_package_information.package_discovery:Found 288 installed packages in /opt/ros/jazzy
[0.315s] Level 1:colcon.colcon_core.package_discovery:discover_packages(prefix_path) using defaults
[0.513s] Level 5:colcon.colcon_core.verb:set package 'dynamic_biped' build argument 'cmake_args' from command line to 'None'
[0.513s] Level 5:colcon.colcon_core.verb:set package 'dynamic_biped' build argument 'cmake_target' from command line to 'None'
[0.513s] Level 5:colcon.colcon_core.verb:set package 'dynamic_biped' build argument 'cmake_target_skip_unavailable' from command line to 'False'
[0.513s] Level 5:colcon.colcon_core.verb:set package 'dynamic_biped' build argument 'cmake_clean_cache' from command line to 'False'
[0.513s] Level 5:colcon.colcon_core.verb:set package 'dynamic_biped' build argument 'cmake_clean_first' from command line to 'False'
[0.514s] Level 5:colcon.colcon_core.verb:set package 'dynamic_biped' build argument 'cmake_force_configure' from command line to 'False'
[0.514s] Level 5:colcon.colcon_core.verb:set package 'dynamic_biped' build argument 'ament_cmake_args' from command line to 'None'
[0.514s] Level 5:colcon.colcon_core.verb:set package 'dynamic_biped' build argument 'catkin_cmake_args' from command line to 'None'
[0.514s] Level 5:colcon.colcon_core.verb:set package 'dynamic_biped' build argument 'catkin_skip_building_tests' from command line to 'False'
[0.514s] DEBUG:colcon.colcon_core.verb:Building package 'dynamic_biped' with the following arguments: {'ament_cmake_args': None, 'build_base': '/root/Synthetic_data_collection/isaac_lab_data_collection/build/dynamic_biped', 'catkin_cmake_args': None, 'catkin_skip_building_tests': False, 'cmake_args': None, 'cmake_clean_cache': False, 'cmake_clean_first': False, 'cmake_force_configure': False, 'cmake_target': None, 'cmake_target_skip_unavailable': False, 'install_base': '/root/Synthetic_data_collection/isaac_lab_data_collection/install/dynamic_biped', 'merge_install': False, 'path': '/root/Synthetic_data_collection/isaac_lab_data_collection/src/dynamic_biped', 'symlink_install': True, 'test_result_base': None}
[0.516s] Level 5:colcon.colcon_core.verb:set package 'my_robot_description' build argument 'cmake_args' from command line to 'None'
[0.516s] Level 5:colcon.colcon_core.verb:set package 'my_robot_description' build argument 'cmake_target' from command line to 'None'
[0.516s] Level 5:colcon.colcon_core.verb:set package 'my_robot_description' build argument 'cmake_target_skip_unavailable' from command line to 'False'
[0.516s] Level 5:colcon.colcon_core.verb:set package 'my_robot_description' build argument 'cmake_clean_cache' from command line to 'False'
[0.516s] Level 5:colcon.colcon_core.verb:set package 'my_robot_description' build argument 'cmake_clean_first' from command line to 'False'
[0.516s] Level 5:colcon.colcon_core.verb:set package 'my_robot_description' build argument 'cmake_force_configure' from command line to 'False'
[0.516s] Level 5:colcon.colcon_core.verb:set package 'my_robot_description' build argument 'ament_cmake_args' from command line to 'None'
[0.517s] Level 5:colcon.colcon_core.verb:set package 'my_robot_description' build argument 'catkin_cmake_args' from command line to 'None'
[0.517s] Level 5:colcon.colcon_core.verb:set package 'my_robot_description' build argument 'catkin_skip_building_tests' from command line to 'False'
[0.517s] DEBUG:colcon.colcon_core.verb:Building package 'my_robot_description' with the following arguments: {'ament_cmake_args': None, 'build_base': '/root/Synthetic_data_collection/isaac_lab_data_collection/build/my_robot_description', 'catkin_cmake_args': None, 'catkin_skip_building_tests': False, 'cmake_args': None, 'cmake_clean_cache': False, 'cmake_clean_first': False, 'cmake_force_configure': False, 'cmake_target': None, 'cmake_target_skip_unavailable': False, 'install_base': '/root/Synthetic_data_collection/isaac_lab_data_collection/install/my_robot_description', 'merge_install': False, 'path': '/root/Synthetic_data_collection/isaac_lab_data_collection/src/my_robot_description', 'symlink_install': True, 'test_result_base': None}
[0.518s] Level 5:colcon.colcon_core.verb:set package 'servo_angle_publisher' build argument 'cmake_args' from command line to 'None'
[0.518s] Level 5:colcon.colcon_core.verb:set package 'servo_angle_publisher' build argument 'cmake_target' from command line to 'None'
[0.518s] Level 5:colcon.colcon_core.verb:set package 'servo_angle_publisher' build argument 'cmake_target_skip_unavailable' from command line to 'False'
[0.519s] Level 5:colcon.colcon_core.verb:set package 'servo_angle_publisher' build argument 'cmake_clean_cache' from command line to 'False'
[0.519s] Level 5:colcon.colcon_core.verb:set package 'servo_angle_publisher' build argument 'cmake_clean_first' from command line to 'False'
[0.519s] Level 5:colcon.colcon_core.verb:set package 'servo_angle_publisher' build argument 'cmake_force_configure' from command line to 'False'
[0.519s] Level 5:colcon.colcon_core.verb:set package 'servo_angle_publisher' build argument 'ament_cmake_args' from command line to 'None'
[0.519s] Level 5:colcon.colcon_core.verb:set package 'servo_angle_publisher' build argument 'catkin_cmake_args' from command line to 'None'
[0.519s] Level 5:colcon.colcon_core.verb:set package 'servo_angle_publisher' build argument 'catkin_skip_building_tests' from command line to 'False'
[0.519s] DEBUG:colcon.colcon_core.verb:Building package 'servo_angle_publisher' with the following arguments: {'ament_cmake_args': None, 'build_base': '/root/Synthetic_data_collection/isaac_lab_data_collection/build/servo_angle_publisher', 'catkin_cmake_args': None, 'catkin_skip_building_tests': False, 'cmake_args': None, 'cmake_clean_cache': False, 'cmake_clean_first': False, 'cmake_force_configure': False, 'cmake_target': None, 'cmake_target_skip_unavailable': False, 'install_base': '/root/Synthetic_data_collection/isaac_lab_data_collection/install/servo_angle_publisher', 'merge_install': False, 'path': '/root/Synthetic_data_collection/isaac_lab_data_collection/src/servo_angle_publisher', 'symlink_install': True, 'test_result_base': None}
[0.520s] INFO:colcon.colcon_core.executor:Executing jobs using 'parallel' executor
[0.524s] DEBUG:colcon.colcon_parallel_executor.executor.parallel:run_until_complete
[0.525s] INFO:colcon.colcon_ros.task.ament_cmake.build:Building ROS package in '/root/Synthetic_data_collection/isaac_lab_data_collection/src/dynamic_biped' with build type 'ament_cmake'
[0.526s] INFO:colcon.colcon_cmake.task.cmake.build:Building CMake package in '/root/Synthetic_data_collection/isaac_lab_data_collection/src/dynamic_biped'
[0.539s] INFO:colcon.colcon_core.plugin_system:Skipping extension 'colcon_core.shell.bat': Not used on non-Windows systems
[0.539s] INFO:colcon.colcon_core.shell:Skip shell extension 'powershell' for command environment: Not usable outside of PowerShell
[0.540s] DEBUG:colcon.colcon_core.shell:Skip shell extension 'dsv' for command environment
[0.546s] INFO:colcon.colcon_ros.task.ament_cmake.build:Building ROS package in '/root/Synthetic_data_collection/isaac_lab_data_collection/src/my_robot_description' with build type 'ament_cmake'
[0.546s] INFO:colcon.colcon_cmake.task.cmake.build:Building CMake package in '/root/Synthetic_data_collection/isaac_lab_data_collection/src/my_robot_description'
[0.546s] INFO:colcon.colcon_core.shell:Skip shell extension 'powershell' for command environment: Not usable outside of PowerShell
[0.546s] DEBUG:colcon.colcon_core.shell:Skip shell extension 'dsv' for command environment
[0.551s] INFO:colcon.colcon_ros.task.ament_python.build:Building ROS package in '/root/Synthetic_data_collection/isaac_lab_data_collection/src/servo_angle_publisher' with build type 'ament_python'
[0.552s] Level 1:colcon.colcon_core.shell:create_environment_hook('servo_angle_publisher', 'ament_prefix_path')
[0.552s] INFO:colcon.colcon_core.shell:Creating environment hook '/root/Synthetic_data_collection/isaac_lab_data_collection/install/servo_angle_publisher/share/servo_angle_publisher/hook/ament_prefix_path.ps1'
[0.553s] INFO:colcon.colcon_core.shell:Creating environment descriptor '/root/Synthetic_data_collection/isaac_lab_data_collection/install/servo_angle_publisher/share/servo_angle_publisher/hook/ament_prefix_path.dsv'
[0.554s] INFO:colcon.colcon_core.shell:Creating environment hook '/root/Synthetic_data_collection/isaac_lab_data_collection/install/servo_angle_publisher/share/servo_angle_publisher/hook/ament_prefix_path.sh'
[0.555s] INFO:colcon.colcon_core.shell:Skip shell extension 'powershell' for command environment: Not usable outside of PowerShell
[0.555s] DEBUG:colcon.colcon_core.shell:Skip shell extension 'dsv' for command environment
[0.569s] DEBUG:colcon.colcon_core.event_handler.log_command:Invoking command in '/root/Synthetic_data_collection/isaac_lab_data_collection/build/dynamic_biped': CMAKE_PREFIX_PATH=${CMAKE_PREFIX_PATH}:/root/Synthetic_data_collection/isaac_lab_data_collection/install/servo_angle_publisher:/opt/ros/jazzy CONDA_PROMPT_MODIFIER=(exo_suit_jazzy_v2) /usr/bin/cmake --build /root/Synthetic_data_collection/isaac_lab_data_collection/build/dynamic_biped -- -j8 -l8
[0.579s] DEBUG:colcon.colcon_core.event_handler.log_command:Invoking command in '/root/Synthetic_data_collection/isaac_lab_data_collection/build/my_robot_description': CMAKE_PREFIX_PATH=${CMAKE_PREFIX_PATH}:/root/Synthetic_data_collection/isaac_lab_data_collection/install/servo_angle_publisher:/opt/ros/jazzy CONDA_PROMPT_MODIFIER=(exo_suit_jazzy_v2) /usr/bin/cmake --build /root/Synthetic_data_collection/isaac_lab_data_collection/build/my_robot_description -- -j8 -l8
[1.009s] INFO:colcon.colcon_core.task.python.build:Building Python package in '/root/Synthetic_data_collection/isaac_lab_data_collection/src/servo_angle_publisher'
[1.010s] INFO:colcon.colcon_core.shell:Skip shell extension 'powershell' for command environment: Not usable outside of PowerShell
[1.010s] DEBUG:colcon.colcon_core.shell:Skip shell extension 'dsv' for command environment
[1.016s] DEBUG:colcon.colcon_core.event_handler.log_command:Invoked command in '/root/Synthetic_data_collection/isaac_lab_data_collection/build/my_robot_description' returned '0': CMAKE_PREFIX_PATH=${CMAKE_PREFIX_PATH}:/root/Synthetic_data_collection/isaac_lab_data_collection/install/servo_angle_publisher:/opt/ros/jazzy CONDA_PROMPT_MODIFIER=(exo_suit_jazzy_v2) /usr/bin/cmake --build /root/Synthetic_data_collection/isaac_lab_data_collection/build/my_robot_description -- -j8 -l8
[1.033s] DEBUG:colcon.colcon_core.event_handler.log_command:Invoking command in '/root/Synthetic_data_collection/isaac_lab_data_collection/build/my_robot_description': CMAKE_PREFIX_PATH=${CMAKE_PREFIX_PATH}:/root/Synthetic_data_collection/isaac_lab_data_collection/install/servo_angle_publisher:/opt/ros/jazzy CONDA_PROMPT_MODIFIER=(exo_suit_jazzy_v2) /usr/bin/cmake --install /root/Synthetic_data_collection/isaac_lab_data_collection/build/my_robot_description
[1.114s] Level 1:colcon.colcon_core.environment:create_environment_scripts_only(my_robot_description)
[1.121s] DEBUG:colcon.colcon_core.event_handler.log_command:Invoked command in '/root/Synthetic_data_collection/isaac_lab_data_collection/build/my_robot_description' returned '0': CMAKE_PREFIX_PATH=${CMAKE_PREFIX_PATH}:/root/Synthetic_data_collection/isaac_lab_data_collection/install/servo_angle_publisher:/opt/ros/jazzy CONDA_PROMPT_MODIFIER=(exo_suit_jazzy_v2) /usr/bin/cmake --install /root/Synthetic_data_collection/isaac_lab_data_collection/build/my_robot_description
[1.130s] Level 1:colcon.colcon_core.environment:checking '/root/Synthetic_data_collection/isaac_lab_data_collection/install/my_robot_description' for CMake module files
[1.133s] Level 1:colcon.colcon_core.environment:checking '/root/Synthetic_data_collection/isaac_lab_data_collection/install/my_robot_description' for CMake config files
[1.135s] Level 1:colcon.colcon_core.shell:create_environment_hook('my_robot_description', 'cmake_prefix_path')
[1.136s] INFO:colcon.colcon_core.shell:Creating environment hook '/root/Synthetic_data_collection/isaac_lab_data_collection/install/my_robot_description/share/my_robot_description/hook/cmake_prefix_path.ps1'
[1.138s] INFO:colcon.colcon_core.shell:Creating environment descriptor '/root/Synthetic_data_collection/isaac_lab_data_collection/install/my_robot_description/share/my_robot_description/hook/cmake_prefix_path.dsv'
[1.140s] INFO:colcon.colcon_core.shell:Creating environment hook '/root/Synthetic_data_collection/isaac_lab_data_collection/install/my_robot_description/share/my_robot_description/hook/cmake_prefix_path.sh'
[1.143s] Level 1:colcon.colcon_core.environment:checking '/root/Synthetic_data_collection/isaac_lab_data_collection/install/my_robot_description/bin'
[1.143s] Level 1:colcon.colcon_core.environment:checking '/root/Synthetic_data_collection/isaac_lab_data_collection/install/my_robot_description/lib/pkgconfig/my_robot_description.pc'
[1.144s] Level 1:colcon.colcon_core.environment:checking '/root/Synthetic_data_collection/isaac_lab_data_collection/install/my_robot_description/lib/python3.12/site-packages'
[1.146s] Level 1:colcon.colcon_core.environment:checking '/root/Synthetic_data_collection/isaac_lab_data_collection/install/my_robot_description/bin'
[1.148s] INFO:colcon.colcon_core.shell:Creating package script '/root/Synthetic_data_collection/isaac_lab_data_collection/install/my_robot_description/share/my_robot_description/package.ps1'
[1.151s] INFO:colcon.colcon_core.shell:Creating package descriptor '/root/Synthetic_data_collection/isaac_lab_data_collection/install/my_robot_description/share/my_robot_description/package.dsv'
[1.153s] INFO:colcon.colcon_core.shell:Creating package script '/root/Synthetic_data_collection/isaac_lab_data_collection/install/my_robot_description/share/my_robot_description/package.sh'
[1.156s] INFO:colcon.colcon_core.shell:Creating package script '/root/Synthetic_data_collection/isaac_lab_data_collection/install/my_robot_description/share/my_robot_description/package.bash'
[1.159s] INFO:colcon.colcon_core.shell:Creating package script '/root/Synthetic_data_collection/isaac_lab_data_collection/install/my_robot_description/share/my_robot_description/package.zsh'
[1.162s] Level 1:colcon.colcon_core.environment:create_file_with_runtime_dependencies(/root/Synthetic_data_collection/isaac_lab_data_collection/install/my_robot_description/share/colcon-core/packages/my_robot_description)
[1.165s] Level 1:colcon.colcon_core.environment:create_environment_scripts_only(my_robot_description)
[1.165s] Level 1:colcon.colcon_core.environment:checking '/root/Synthetic_data_collection/isaac_lab_data_collection/install/my_robot_description' for CMake module files
[1.166s] Level 1:colcon.colcon_core.environment:checking '/root/Synthetic_data_collection/isaac_lab_data_collection/install/my_robot_description' for CMake config files
[1.166s] Level 1:colcon.colcon_core.shell:create_environment_hook('my_robot_description', 'cmake_prefix_path')
[1.167s] INFO:colcon.colcon_core.shell:Creating environment hook '/root/Synthetic_data_collection/isaac_lab_data_collection/install/my_robot_description/share/my_robot_description/hook/cmake_prefix_path.ps1'
[1.168s] INFO:colcon.colcon_core.shell:Creating environment descriptor '/root/Synthetic_data_collection/isaac_lab_data_collection/install/my_robot_description/share/my_robot_description/hook/cmake_prefix_path.dsv'
[1.168s] INFO:colcon.colcon_core.shell:Creating environment hook '/root/Synthetic_data_collection/isaac_lab_data_collection/install/my_robot_description/share/my_robot_description/hook/cmake_prefix_path.sh'
[1.169s] Level 1:colcon.colcon_core.environment:checking '/root/Synthetic_data_collection/isaac_lab_data_collection/install/my_robot_description/bin'
[1.169s] Level 1:colcon.colcon_core.environment:checking '/root/Synthetic_data_collection/isaac_lab_data_collection/install/my_robot_description/lib/pkgconfig/my_robot_description.pc'
[1.170s] Level 1:colcon.colcon_core.environment:checking '/root/Synthetic_data_collection/isaac_lab_data_collection/install/my_robot_description/lib/python3.12/site-packages'
[1.170s] Level 1:colcon.colcon_core.environment:checking '/root/Synthetic_data_collection/isaac_lab_data_collection/install/my_robot_description/bin'
[1.171s] INFO:colcon.colcon_core.shell:Creating package script '/root/Synthetic_data_collection/isaac_lab_data_collection/install/my_robot_description/share/my_robot_description/package.ps1'
[1.172s] INFO:colcon.colcon_core.shell:Creating package descriptor '/root/Synthetic_data_collection/isaac_lab_data_collection/install/my_robot_description/share/my_robot_description/package.dsv'
[1.172s] INFO:colcon.colcon_core.shell:Creating package script '/root/Synthetic_data_collection/isaac_lab_data_collection/install/my_robot_description/share/my_robot_description/package.sh'
[1.173s] INFO:colcon.colcon_core.shell:Creating package script '/root/Synthetic_data_collection/isaac_lab_data_collection/install/my_robot_description/share/my_robot_description/package.bash'
[1.174s] INFO:colcon.colcon_core.shell:Creating package script '/root/Synthetic_data_collection/isaac_lab_data_collection/install/my_robot_description/share/my_robot_description/package.zsh'
[1.174s] Level 1:colcon.colcon_core.environment:create_file_with_runtime_dependencies(/root/Synthetic_data_collection/isaac_lab_data_collection/install/my_robot_description/share/colcon-core/packages/my_robot_description)
[1.592s] DEBUG:colcon.colcon_core.event_handler.log_command:Invoked command in '/root/Synthetic_data_collection/isaac_lab_data_collection/build/dynamic_biped' returned '0': CMAKE_PREFIX_PATH=${CMAKE_PREFIX_PATH}:/root/Synthetic_data_collection/isaac_lab_data_collection/install/servo_angle_publisher:/opt/ros/jazzy CONDA_PROMPT_MODIFIER=(exo_suit_jazzy_v2) /usr/bin/cmake --build /root/Synthetic_data_collection/isaac_lab_data_collection/build/dynamic_biped -- -j8 -l8
[1.595s] DEBUG:colcon.colcon_core.event_handler.log_command:Invoking command in '/root/Synthetic_data_collection/isaac_lab_data_collection/build/dynamic_biped': CMAKE_PREFIX_PATH=${CMAKE_PREFIX_PATH}:/root/Synthetic_data_collection/isaac_lab_data_collection/install/servo_angle_publisher:/opt/ros/jazzy CONDA_PROMPT_MODIFIER=(exo_suit_jazzy_v2) /usr/bin/cmake --install /root/Synthetic_data_collection/isaac_lab_data_collection/build/dynamic_biped
[1.868s] Level 1:colcon.colcon_core.environment:create_environment_scripts_only(dynamic_biped)
[1.869s] Level 1:colcon.colcon_core.environment:checking '/root/Synthetic_data_collection/isaac_lab_data_collection/install/dynamic_biped' for CMake module files
[1.870s] DEBUG:colcon.colcon_core.event_handler.log_command:Invoked command in '/root/Synthetic_data_collection/isaac_lab_data_collection/build/dynamic_biped' returned '0': CMAKE_PREFIX_PATH=${CMAKE_PREFIX_PATH}:/root/Synthetic_data_collection/isaac_lab_data_collection/install/servo_angle_publisher:/opt/ros/jazzy CONDA_PROMPT_MODIFIER=(exo_suit_jazzy_v2) /usr/bin/cmake --install /root/Synthetic_data_collection/isaac_lab_data_collection/build/dynamic_biped
[1.871s] Level 1:colcon.colcon_core.environment:checking '/root/Synthetic_data_collection/isaac_lab_data_collection/install/dynamic_biped' for CMake config files
[1.877s] Level 1:colcon.colcon_core.shell:create_environment_hook('dynamic_biped', 'cmake_prefix_path')
[1.878s] INFO:colcon.colcon_core.shell:Creating environment hook '/root/Synthetic_data_collection/isaac_lab_data_collection/install/dynamic_biped/share/dynamic_biped/hook/cmake_prefix_path.ps1'
[1.879s] INFO:colcon.colcon_core.shell:Creating environment descriptor '/root/Synthetic_data_collection/isaac_lab_data_collection/install/dynamic_biped/share/dynamic_biped/hook/cmake_prefix_path.dsv'
[1.879s] INFO:colcon.colcon_core.shell:Creating environment hook '/root/Synthetic_data_collection/isaac_lab_data_collection/install/dynamic_biped/share/dynamic_biped/hook/cmake_prefix_path.sh'
[1.880s] Level 1:colcon.colcon_core.environment:checking '/root/Synthetic_data_collection/isaac_lab_data_collection/install/dynamic_biped/lib'
[1.881s] Level 1:colcon.colcon_core.shell:create_environment_hook('dynamic_biped', 'ld_library_path_lib')
[1.881s] INFO:colcon.colcon_core.shell:Creating environment hook '/root/Synthetic_data_collection/isaac_lab_data_collection/install/dynamic_biped/share/dynamic_biped/hook/ld_library_path_lib.ps1'
[1.882s] INFO:colcon.colcon_core.shell:Creating environment descriptor '/root/Synthetic_data_collection/isaac_lab_data_collection/install/dynamic_biped/share/dynamic_biped/hook/ld_library_path_lib.dsv'
[1.882s] INFO:colcon.colcon_core.shell:Creating environment hook '/root/Synthetic_data_collection/isaac_lab_data_collection/install/dynamic_biped/share/dynamic_biped/hook/ld_library_path_lib.sh'
[1.883s] Level 1:colcon.colcon_core.environment:checking '/root/Synthetic_data_collection/isaac_lab_data_collection/install/dynamic_biped/bin'
[1.883s] Level 1:colcon.colcon_core.environment:checking '/root/Synthetic_data_collection/isaac_lab_data_collection/install/dynamic_biped/lib/pkgconfig/dynamic_biped.pc'
[1.883s] Level 1:colcon.colcon_core.environment:checking '/root/Synthetic_data_collection/isaac_lab_data_collection/install/dynamic_biped/lib/python3.12/site-packages'
[1.883s] Level 1:colcon.colcon_core.shell:create_environment_hook('dynamic_biped', 'pythonpath')
[1.884s] INFO:colcon.colcon_core.shell:Creating environment hook '/root/Synthetic_data_collection/isaac_lab_data_collection/install/dynamic_biped/share/dynamic_biped/hook/pythonpath.ps1'
[1.884s] INFO:colcon.colcon_core.shell:Creating environment descriptor '/root/Synthetic_data_collection/isaac_lab_data_collection/install/dynamic_biped/share/dynamic_biped/hook/pythonpath.dsv'
[1.885s] INFO:colcon.colcon_core.shell:Creating environment hook '/root/Synthetic_data_collection/isaac_lab_data_collection/install/dynamic_biped/share/dynamic_biped/hook/pythonpath.sh'
[1.886s] Level 1:colcon.colcon_core.environment:checking '/root/Synthetic_data_collection/isaac_lab_data_collection/install/dynamic_biped/bin'
[1.886s] INFO:colcon.colcon_core.shell:Creating package script '/root/Synthetic_data_collection/isaac_lab_data_collection/install/dynamic_biped/share/dynamic_biped/package.ps1'
[1.887s] INFO:colcon.colcon_core.shell:Creating package descriptor '/root/Synthetic_data_collection/isaac_lab_data_collection/install/dynamic_biped/share/dynamic_biped/package.dsv'
[1.888s] INFO:colcon.colcon_core.shell:Creating package script '/root/Synthetic_data_collection/isaac_lab_data_collection/install/dynamic_biped/share/dynamic_biped/package.sh'
[1.888s] INFO:colcon.colcon_core.shell:Creating package script '/root/Synthetic_data_collection/isaac_lab_data_collection/install/dynamic_biped/share/dynamic_biped/package.bash'
[1.889s] INFO:colcon.colcon_core.shell:Creating package script '/root/Synthetic_data_collection/isaac_lab_data_collection/install/dynamic_biped/share/dynamic_biped/package.zsh'
[1.889s] Level 1:colcon.colcon_core.environment:create_file_with_runtime_dependencies(/root/Synthetic_data_collection/isaac_lab_data_collection/install/dynamic_biped/share/colcon-core/packages/dynamic_biped)
[1.890s] Level 1:colcon.colcon_core.environment:create_environment_scripts_only(dynamic_biped)
[1.891s] Level 1:colcon.colcon_core.environment:checking '/root/Synthetic_data_collection/isaac_lab_data_collection/install/dynamic_biped' for CMake module files
[1.892s] Level 1:colcon.colcon_core.environment:checking '/root/Synthetic_data_collection/isaac_lab_data_collection/install/dynamic_biped' for CMake config files
[1.898s] Level 1:colcon.colcon_core.shell:create_environment_hook('dynamic_biped', 'cmake_prefix_path')
[1.899s] INFO:colcon.colcon_core.shell:Creating environment hook '/root/Synthetic_data_collection/isaac_lab_data_collection/install/dynamic_biped/share/dynamic_biped/hook/cmake_prefix_path.ps1'
[1.900s] INFO:colcon.colcon_core.shell:Creating environment descriptor '/root/Synthetic_data_collection/isaac_lab_data_collection/install/dynamic_biped/share/dynamic_biped/hook/cmake_prefix_path.dsv'
[1.901s] INFO:colcon.colcon_core.shell:Creating environment hook '/root/Synthetic_data_collection/isaac_lab_data_collection/install/dynamic_biped/share/dynamic_biped/hook/cmake_prefix_path.sh'
[1.902s] Level 1:colcon.colcon_core.environment:checking '/root/Synthetic_data_collection/isaac_lab_data_collection/install/dynamic_biped/lib'
[1.902s] Level 1:colcon.colcon_core.shell:create_environment_hook('dynamic_biped', 'ld_library_path_lib')
[1.902s] INFO:colcon.colcon_core.shell:Creating environment hook '/root/Synthetic_data_collection/isaac_lab_data_collection/install/dynamic_biped/share/dynamic_biped/hook/ld_library_path_lib.ps1'
[1.903s] INFO:colcon.colcon_core.shell:Creating environment descriptor '/root/Synthetic_data_collection/isaac_lab_data_collection/install/dynamic_biped/share/dynamic_biped/hook/ld_library_path_lib.dsv'
[1.904s] INFO:colcon.colcon_core.shell:Creating environment hook '/root/Synthetic_data_collection/isaac_lab_data_collection/install/dynamic_biped/share/dynamic_biped/hook/ld_library_path_lib.sh'
[1.905s] Level 1:colcon.colcon_core.environment:checking '/root/Synthetic_data_collection/isaac_lab_data_collection/install/dynamic_biped/bin'
[1.905s] Level 1:colcon.colcon_core.environment:checking '/root/Synthetic_data_collection/isaac_lab_data_collection/install/dynamic_biped/lib/pkgconfig/dynamic_biped.pc'
[1.905s] Level 1:colcon.colcon_core.environment:checking '/root/Synthetic_data_collection/isaac_lab_data_collection/install/dynamic_biped/lib/python3.12/site-packages'
[1.905s] Level 1:colcon.colcon_core.shell:create_environment_hook('dynamic_biped', 'pythonpath')
[1.906s] INFO:colcon.colcon_core.shell:Creating environment hook '/root/Synthetic_data_collection/isaac_lab_data_collection/install/dynamic_biped/share/dynamic_biped/hook/pythonpath.ps1'
[1.906s] INFO:colcon.colcon_core.shell:Creating environment descriptor '/root/Synthetic_data_collection/isaac_lab_data_collection/install/dynamic_biped/share/dynamic_biped/hook/pythonpath.dsv'
[1.907s] INFO:colcon.colcon_core.shell:Creating environment hook '/root/Synthetic_data_collection/isaac_lab_data_collection/install/dynamic_biped/share/dynamic_biped/hook/pythonpath.sh'
[1.908s] Level 1:colcon.colcon_core.environment:checking '/root/Synthetic_data_collection/isaac_lab_data_collection/install/dynamic_biped/bin'
[1.909s] INFO:colcon.colcon_core.shell:Creating package script '/root/Synthetic_data_collection/isaac_lab_data_collection/install/dynamic_biped/share/dynamic_biped/package.ps1'
[1.910s] INFO:colcon.colcon_core.shell:Creating package descriptor '/root/Synthetic_data_collection/isaac_lab_data_collection/install/dynamic_biped/share/dynamic_biped/package.dsv'
[1.910s] INFO:colcon.colcon_core.shell:Creating package script '/root/Synthetic_data_collection/isaac_lab_data_collection/install/dynamic_biped/share/dynamic_biped/package.sh'
[1.911s] INFO:colcon.colcon_core.shell:Creating package script '/root/Synthetic_data_collection/isaac_lab_data_collection/install/dynamic_biped/share/dynamic_biped/package.bash'
[1.912s] INFO:colcon.colcon_core.shell:Creating package script '/root/Synthetic_data_collection/isaac_lab_data_collection/install/dynamic_biped/share/dynamic_biped/package.zsh'
[1.913s] Level 1:colcon.colcon_core.environment:create_file_with_runtime_dependencies(/root/Synthetic_data_collection/isaac_lab_data_collection/install/dynamic_biped/share/colcon-core/packages/dynamic_biped)
[1.982s] DEBUG:colcon.colcon_core.event_handler.log_command:Invoking command in '/root/Synthetic_data_collection/isaac_lab_data_collection/build/servo_angle_publisher': CONDA_PROMPT_MODIFIER=(exo_suit_jazzy_v2) PYTHONPATH=/root/Synthetic_data_collection/isaac_lab_data_collection/build/servo_angle_publisher/prefix_override:/usr/lib/python3/dist-packages/colcon_core/task/python/colcon_distutils_commands:/root/Synthetic_data_collection/isaac_lab_data_collection/install/servo_angle_publisher/lib/python3.12/site-packages:${PYTHONPATH} /usr/bin/python3 -W ignore:setup.py install is deprecated -W ignore:easy_install command is deprecated setup.py develop --editable --build-directory /root/Synthetic_data_collection/isaac_lab_data_collection/build/servo_angle_publisher/build --no-deps symlink_data
[2.938s] Level 1:colcon.colcon_core.shell:create_environment_hook('servo_angle_publisher', 'pythonpath_develop')
[2.938s] INFO:colcon.colcon_core.shell:Creating environment hook '/root/Synthetic_data_collection/isaac_lab_data_collection/build/servo_angle_publisher/share/servo_angle_publisher/hook/pythonpath_develop.ps1'
[2.939s] DEBUG:colcon.colcon_core.event_handler.log_command:Invoked command in '/root/Synthetic_data_collection/isaac_lab_data_collection/build/servo_angle_publisher' returned '0': CONDA_PROMPT_MODIFIER=(exo_suit_jazzy_v2) PYTHONPATH=/root/Synthetic_data_collection/isaac_lab_data_collection/build/servo_angle_publisher/prefix_override:/usr/lib/python3/dist-packages/colcon_core/task/python/colcon_distutils_commands:/root/Synthetic_data_collection/isaac_lab_data_collection/install/servo_angle_publisher/lib/python3.12/site-packages:${PYTHONPATH} /usr/bin/python3 -W ignore:setup.py install is deprecated -W ignore:easy_install command is deprecated setup.py develop --editable --build-directory /root/Synthetic_data_collection/isaac_lab_data_collection/build/servo_angle_publisher/build --no-deps symlink_data
[2.940s] INFO:colcon.colcon_core.shell:Creating environment descriptor '/root/Synthetic_data_collection/isaac_lab_data_collection/build/servo_angle_publisher/share/servo_angle_publisher/hook/pythonpath_develop.dsv'
[2.940s] INFO:colcon.colcon_core.shell:Creating environment hook '/root/Synthetic_data_collection/isaac_lab_data_collection/build/servo_angle_publisher/share/servo_angle_publisher/hook/pythonpath_develop.sh'
[2.941s] Level 1:colcon.colcon_core.environment:checking '/root/Synthetic_data_collection/isaac_lab_data_collection/install/servo_angle_publisher' for CMake module files
[2.942s] Level 1:colcon.colcon_core.environment:checking '/root/Synthetic_data_collection/isaac_lab_data_collection/install/servo_angle_publisher' for CMake config files
[2.943s] Level 1:colcon.colcon_core.environment:checking '/root/Synthetic_data_collection/isaac_lab_data_collection/install/servo_angle_publisher/lib'
[2.943s] Level 1:colcon.colcon_core.environment:checking '/root/Synthetic_data_collection/isaac_lab_data_collection/install/servo_angle_publisher/bin'
[2.943s] Level 1:colcon.colcon_core.environment:checking '/root/Synthetic_data_collection/isaac_lab_data_collection/install/servo_angle_publisher/lib/pkgconfig/servo_angle_publisher.pc'
[2.943s] Level 1:colcon.colcon_core.environment:checking '/root/Synthetic_data_collection/isaac_lab_data_collection/install/servo_angle_publisher/lib/python3.12/site-packages'
[2.944s] Level 1:colcon.colcon_core.shell:create_environment_hook('servo_angle_publisher', 'pythonpath')
[2.944s] INFO:colcon.colcon_core.shell:Creating environment hook '/root/Synthetic_data_collection/isaac_lab_data_collection/install/servo_angle_publisher/share/servo_angle_publisher/hook/pythonpath.ps1'
[2.944s] INFO:colcon.colcon_core.shell:Creating environment descriptor '/root/Synthetic_data_collection/isaac_lab_data_collection/install/servo_angle_publisher/share/servo_angle_publisher/hook/pythonpath.dsv'
[2.945s] INFO:colcon.colcon_core.shell:Creating environment hook '/root/Synthetic_data_collection/isaac_lab_data_collection/install/servo_angle_publisher/share/servo_angle_publisher/hook/pythonpath.sh'
[2.946s] Level 1:colcon.colcon_core.environment:checking '/root/Synthetic_data_collection/isaac_lab_data_collection/install/servo_angle_publisher/bin'
[2.946s] Level 1:colcon.colcon_core.environment:create_environment_scripts_only(servo_angle_publisher)
[2.946s] INFO:colcon.colcon_core.shell:Creating package script '/root/Synthetic_data_collection/isaac_lab_data_collection/install/servo_angle_publisher/share/servo_angle_publisher/package.ps1'
[2.947s] INFO:colcon.colcon_core.shell:Creating package descriptor '/root/Synthetic_data_collection/isaac_lab_data_collection/install/servo_angle_publisher/share/servo_angle_publisher/package.dsv'
[2.948s] INFO:colcon.colcon_core.shell:Creating package script '/root/Synthetic_data_collection/isaac_lab_data_collection/install/servo_angle_publisher/share/servo_angle_publisher/package.sh'
[2.948s] INFO:colcon.colcon_core.shell:Creating package script '/root/Synthetic_data_collection/isaac_lab_data_collection/install/servo_angle_publisher/share/servo_angle_publisher/package.bash'
[2.949s] INFO:colcon.colcon_core.shell:Creating package script '/root/Synthetic_data_collection/isaac_lab_data_collection/install/servo_angle_publisher/share/servo_angle_publisher/package.zsh'
[2.949s] Level 1:colcon.colcon_core.environment:create_file_with_runtime_dependencies(/root/Synthetic_data_collection/isaac_lab_data_collection/install/servo_angle_publisher/share/colcon-core/packages/servo_angle_publisher)
[2.950s] DEBUG:colcon.colcon_parallel_executor.executor.parallel:closing loop
[2.950s] DEBUG:colcon.colcon_parallel_executor.executor.parallel:loop closed
[2.950s] DEBUG:colcon.colcon_parallel_executor.executor.parallel:run_until_complete finished with '0'
[2.951s] DEBUG:colcon.colcon_core.event_reactor:joining thread
[2.961s] INFO:colcon.colcon_core.plugin_system:Skipping extension 'colcon_notification.desktop_notification.notify_send': Could not find 'notify-send'
[2.961s] INFO:colcon.colcon_core.plugin_system:Skipping extension 'colcon_notification.desktop_notification.terminal_notifier': Not used on non-Darwin systems
[2.961s] INFO:colcon.colcon_core.plugin_system:Skipping extension 'colcon_notification.desktop_notification.win32': Not used on non-Windows systems
[2.961s] INFO:colcon.colcon_notification.desktop_notification:Sending desktop notification using 'notify2'
[2.967s] DEBUG:colcon.colcon_notification.desktop_notification.notify2:Failed to initialize notify2: org.freedesktop.DBus.Error.Spawn.ExecFailed: /usr/bin/dbus-launch terminated abnormally without any error message
[2.968s] DEBUG:colcon.colcon_core.event_reactor:joined thread
[2.968s] INFO:colcon.colcon_core.shell:Creating prefix script '/root/Synthetic_data_collection/isaac_lab_data_collection/install/local_setup.ps1'
[2.970s] INFO:colcon.colcon_core.shell:Creating prefix util module '/root/Synthetic_data_collection/isaac_lab_data_collection/install/_local_setup_util_ps1.py'
[2.972s] INFO:colcon.colcon_core.shell:Creating prefix chain script '/root/Synthetic_data_collection/isaac_lab_data_collection/install/setup.ps1'
[2.973s] INFO:colcon.colcon_core.shell:Creating prefix script '/root/Synthetic_data_collection/isaac_lab_data_collection/install/local_setup.sh'
[2.974s] INFO:colcon.colcon_core.shell:Creating prefix util module '/root/Synthetic_data_collection/isaac_lab_data_collection/install/_local_setup_util_sh.py'
[2.975s] INFO:colcon.colcon_core.shell:Creating prefix chain script '/root/Synthetic_data_collection/isaac_lab_data_collection/install/setup.sh'
[2.977s] INFO:colcon.colcon_core.shell:Creating prefix script '/root/Synthetic_data_collection/isaac_lab_data_collection/install/local_setup.bash'
[2.977s] INFO:colcon.colcon_core.shell:Creating prefix chain script '/root/Synthetic_data_collection/isaac_lab_data_collection/install/setup.bash'
[2.978s] INFO:colcon.colcon_core.shell:Creating prefix script '/root/Synthetic_data_collection/isaac_lab_data_collection/install/local_setup.zsh'
[2.979s] INFO:colcon.colcon_core.shell:Creating prefix chain script '/root/Synthetic_data_collection/isaac_lab_data_collection/install/setup.zsh'
