[  0%] Built target std_msgs_generate_messages_py
[  0%] Built target _dynamic_biped_generate_messages_check_deps_srvChangeJoller
[  0%] Built target _dynamic_biped_generate_messages_check_deps_handRotationEular
[  0%] Built target _dynamic_biped_generate_messages_check_deps_srvClearPositionCMD
[  0%] Built target _dynamic_biped_generate_messages_check_deps_robotPhase
[  0%] Built target _dynamic_biped_generate_messages_check_deps_ECJointMotordata
[  0%] Built target _dynamic_biped_generate_messages_check_deps_recordArmHandPose
[  0%] Built target geometry_msgs_generate_messages_py
[  0%] Built target _dynamic_biped_generate_messages_check_deps_srvchangeCtlMode
[  0%] Built target _dynamic_biped_generate_messages_check_deps_robotArmInfo
[  0%] Built target _dynamic_biped_generate_messages_check_deps_srvManiInst
[  0%] Built target _dynamic_biped_generate_messages_check_deps_robotTorsoState
[  0%] Built target _dynamic_biped_generate_messages_check_deps_QuaternionArray
[  0%] Built target _dynamic_biped_generate_messages_check_deps_srvChangePhases
[  0%] Built target _dynamic_biped_generate_messages_check_deps_handRotation
[  0%] Built target _dynamic_biped_generate_messages_check_deps_robotArmQVVD
[  0%] Built target _dynamic_biped_generate_messages_check_deps_walkCommand
[  0%] Built target _dynamic_biped_generate_messages_check_deps_armHandPose
[  0%] Built target _dynamic_biped_generate_messages_check_deps_robotQVTau
[  0%] Built target _dynamic_biped_generate_messages_check_deps_robotHandPosition
[  0%] Built target std_msgs_generate_messages_lisp
[  0%] Built target _dynamic_biped_generate_messages_check_deps_robot_hand_eff
[  0%] Built target _dynamic_biped_generate_messages_check_deps_changeArmCtrlMode
[  0%] Built target _dynamic_biped_generate_messages_check_deps_controlEndHand
[  0%] Built target _dynamic_biped_generate_messages_check_deps_robotHeadMotionData
[  0%] Built target geometry_msgs_generate_messages_cpp
[  0%] Built target _dynamic_biped_generate_messages_check_deps_changeAMBACCtrlMode
[  0%] Built target geometry_msgs_generate_messages_eus
[  0%] Built target std_msgs_generate_messages_cpp
[  0%] Built target geometry_msgs_generate_messages_lisp
[  0%] Built target geometry_msgs_generate_messages_nodejs
[  0%] Built target std_msgs_generate_messages_nodejs
[  0%] Built target std_msgs_generate_messages_eus
[ 19%] Built target dynamic_biped_generate_messages_lisp
[ 38%] Built target dynamic_biped_generate_messages_cpp
[ 76%] Built target dynamic_biped_generate_messages_py
[ 79%] Built target dynamic_biped_generate_messages_nodejs
[100%] Built target dynamic_biped_generate_messages_eus
[100%] Built target dynamic_biped_generate_messages
