Linked: (/home/ExoSuit/exo_publisher/devel/.private/dynamic_biped/include/dynamic_biped/srvChangePhasesRequest.h, /home/ExoSuit/exo_publisher/devel/include/dynamic_biped/srvChangePhasesRequest.h)
Linked: (/home/ExoSuit/exo_publisher/devel/.private/dynamic_biped/include/dynamic_biped/srvClearPositionCMDResponse.h, /home/ExoSuit/exo_publisher/devel/include/dynamic_biped/srvClearPositionCMDResponse.h)
Linked: (/home/ExoSuit/exo_publisher/devel/.private/dynamic_biped/include/dynamic_biped/ECJointMotordata.h, /home/ExoSuit/exo_publisher/devel/include/dynamic_biped/ECJointMotordata.h)
Linked: (/home/ExoSuit/exo_publisher/devel/.private/dynamic_biped/include/dynamic_biped/srvClearPositionCMDRequest.h, /home/ExoSuit/exo_publisher/devel/include/dynamic_biped/srvClearPositionCMDRequest.h)
Linked: (/home/ExoSuit/exo_publisher/devel/.private/dynamic_biped/include/dynamic_biped/controlEndHand.h, /home/ExoSuit/exo_publisher/devel/include/dynamic_biped/controlEndHand.h)
Linked: (/home/ExoSuit/exo_publisher/devel/.private/dynamic_biped/include/dynamic_biped/controlEndHandResponse.h, /home/ExoSuit/exo_publisher/devel/include/dynamic_biped/controlEndHandResponse.h)
Linked: (/home/ExoSuit/exo_publisher/devel/.private/dynamic_biped/include/dynamic_biped/srvManiInstResponse.h, /home/ExoSuit/exo_publisher/devel/include/dynamic_biped/srvManiInstResponse.h)
Linked: (/home/ExoSuit/exo_publisher/devel/.private/dynamic_biped/include/dynamic_biped/robotTorsoState.h, /home/ExoSuit/exo_publisher/devel/include/dynamic_biped/robotTorsoState.h)
Linked: (/home/ExoSuit/exo_publisher/devel/.private/dynamic_biped/include/dynamic_biped/robotPhase.h, /home/ExoSuit/exo_publisher/devel/include/dynamic_biped/robotPhase.h)
Linked: (/home/ExoSuit/exo_publisher/devel/.private/dynamic_biped/include/dynamic_biped/changeArmCtrlMode.h, /home/ExoSuit/exo_publisher/devel/include/dynamic_biped/changeArmCtrlMode.h)
Linked: (/home/ExoSuit/exo_publisher/devel/.private/dynamic_biped/include/dynamic_biped/robotArmQVVD.h, /home/ExoSuit/exo_publisher/devel/include/dynamic_biped/robotArmQVVD.h)
Linked: (/home/ExoSuit/exo_publisher/devel/.private/dynamic_biped/include/dynamic_biped/srvChangeJoller.h, /home/ExoSuit/exo_publisher/devel/include/dynamic_biped/srvChangeJoller.h)
Linked: (/home/ExoSuit/exo_publisher/devel/.private/dynamic_biped/include/dynamic_biped/recordArmHandPose.h, /home/ExoSuit/exo_publisher/devel/include/dynamic_biped/recordArmHandPose.h)
Linked: (/home/ExoSuit/exo_publisher/devel/.private/dynamic_biped/include/dynamic_biped/robot_hand_eff.h, /home/ExoSuit/exo_publisher/devel/include/dynamic_biped/robot_hand_eff.h)
Linked: (/home/ExoSuit/exo_publisher/devel/.private/dynamic_biped/include/dynamic_biped/changeArmCtrlModeRequest.h, /home/ExoSuit/exo_publisher/devel/include/dynamic_biped/changeArmCtrlModeRequest.h)
Linked: (/home/ExoSuit/exo_publisher/devel/.private/dynamic_biped/include/dynamic_biped/handRotationEular.h, /home/ExoSuit/exo_publisher/devel/include/dynamic_biped/handRotationEular.h)
Linked: (/home/ExoSuit/exo_publisher/devel/.private/dynamic_biped/include/dynamic_biped/robotArmInfo.h, /home/ExoSuit/exo_publisher/devel/include/dynamic_biped/robotArmInfo.h)
Linked: (/home/ExoSuit/exo_publisher/devel/.private/dynamic_biped/include/dynamic_biped/walkCommand.h, /home/ExoSuit/exo_publisher/devel/include/dynamic_biped/walkCommand.h)
Linked: (/home/ExoSuit/exo_publisher/devel/.private/dynamic_biped/include/dynamic_biped/srvchangeCtlModeResponse.h, /home/ExoSuit/exo_publisher/devel/include/dynamic_biped/srvchangeCtlModeResponse.h)
Linked: (/home/ExoSuit/exo_publisher/devel/.private/dynamic_biped/include/dynamic_biped/armHandPose.h, /home/ExoSuit/exo_publisher/devel/include/dynamic_biped/armHandPose.h)
Linked: (/home/ExoSuit/exo_publisher/devel/.private/dynamic_biped/include/dynamic_biped/handRotation.h, /home/ExoSuit/exo_publisher/devel/include/dynamic_biped/handRotation.h)
Linked: (/home/ExoSuit/exo_publisher/devel/.private/dynamic_biped/include/dynamic_biped/changeAMBACCtrlMode.h, /home/ExoSuit/exo_publisher/devel/include/dynamic_biped/changeAMBACCtrlMode.h)
Linked: (/home/ExoSuit/exo_publisher/devel/.private/dynamic_biped/include/dynamic_biped/srvChangePhases.h, /home/ExoSuit/exo_publisher/devel/include/dynamic_biped/srvChangePhases.h)
Linked: (/home/ExoSuit/exo_publisher/devel/.private/dynamic_biped/include/dynamic_biped/changeArmCtrlModeResponse.h, /home/ExoSuit/exo_publisher/devel/include/dynamic_biped/changeArmCtrlModeResponse.h)
Linked: (/home/ExoSuit/exo_publisher/devel/.private/dynamic_biped/include/dynamic_biped/robotHandPosition.h, /home/ExoSuit/exo_publisher/devel/include/dynamic_biped/robotHandPosition.h)
Linked: (/home/ExoSuit/exo_publisher/devel/.private/dynamic_biped/include/dynamic_biped/srvClearPositionCMD.h, /home/ExoSuit/exo_publisher/devel/include/dynamic_biped/srvClearPositionCMD.h)
Linked: (/home/ExoSuit/exo_publisher/devel/.private/dynamic_biped/include/dynamic_biped/srvManiInst.h, /home/ExoSuit/exo_publisher/devel/include/dynamic_biped/srvManiInst.h)
Linked: (/home/ExoSuit/exo_publisher/devel/.private/dynamic_biped/include/dynamic_biped/changeAMBACCtrlModeResponse.h, /home/ExoSuit/exo_publisher/devel/include/dynamic_biped/changeAMBACCtrlModeResponse.h)
Linked: (/home/ExoSuit/exo_publisher/devel/.private/dynamic_biped/include/dynamic_biped/srvChangePhasesResponse.h, /home/ExoSuit/exo_publisher/devel/include/dynamic_biped/srvChangePhasesResponse.h)
Linked: (/home/ExoSuit/exo_publisher/devel/.private/dynamic_biped/include/dynamic_biped/srvchangeCtlModeRequest.h, /home/ExoSuit/exo_publisher/devel/include/dynamic_biped/srvchangeCtlModeRequest.h)
Linked: (/home/ExoSuit/exo_publisher/devel/.private/dynamic_biped/include/dynamic_biped/changeAMBACCtrlModeRequest.h, /home/ExoSuit/exo_publisher/devel/include/dynamic_biped/changeAMBACCtrlModeRequest.h)
Linked: (/home/ExoSuit/exo_publisher/devel/.private/dynamic_biped/include/dynamic_biped/srvChangeJollerResponse.h, /home/ExoSuit/exo_publisher/devel/include/dynamic_biped/srvChangeJollerResponse.h)
Linked: (/home/ExoSuit/exo_publisher/devel/.private/dynamic_biped/include/dynamic_biped/QuaternionArray.h, /home/ExoSuit/exo_publisher/devel/include/dynamic_biped/QuaternionArray.h)
Linked: (/home/ExoSuit/exo_publisher/devel/.private/dynamic_biped/include/dynamic_biped/robotQVTau.h, /home/ExoSuit/exo_publisher/devel/include/dynamic_biped/robotQVTau.h)
Linked: (/home/ExoSuit/exo_publisher/devel/.private/dynamic_biped/include/dynamic_biped/controlEndHandRequest.h, /home/ExoSuit/exo_publisher/devel/include/dynamic_biped/controlEndHandRequest.h)
Linked: (/home/ExoSuit/exo_publisher/devel/.private/dynamic_biped/include/dynamic_biped/srvManiInstRequest.h, /home/ExoSuit/exo_publisher/devel/include/dynamic_biped/srvManiInstRequest.h)
Linked: (/home/ExoSuit/exo_publisher/devel/.private/dynamic_biped/include/dynamic_biped/srvChangeJollerRequest.h, /home/ExoSuit/exo_publisher/devel/include/dynamic_biped/srvChangeJollerRequest.h)
Linked: (/home/ExoSuit/exo_publisher/devel/.private/dynamic_biped/include/dynamic_biped/robotHeadMotionData.h, /home/ExoSuit/exo_publisher/devel/include/dynamic_biped/robotHeadMotionData.h)
Linked: (/home/ExoSuit/exo_publisher/devel/.private/dynamic_biped/include/dynamic_biped/srvchangeCtlMode.h, /home/ExoSuit/exo_publisher/devel/include/dynamic_biped/srvchangeCtlMode.h)
Linked: (/home/ExoSuit/exo_publisher/devel/.private/dynamic_biped/share/dynamic_biped/cmake/dynamic_biped-msg-paths.cmake, /home/ExoSuit/exo_publisher/devel/share/dynamic_biped/cmake/dynamic_biped-msg-paths.cmake)
Linked: (/home/ExoSuit/exo_publisher/devel/.private/dynamic_biped/share/dynamic_biped/cmake/dynamic_bipedConfig.cmake, /home/ExoSuit/exo_publisher/devel/share/dynamic_biped/cmake/dynamic_bipedConfig.cmake)
Linked: (/home/ExoSuit/exo_publisher/devel/.private/dynamic_biped/share/dynamic_biped/cmake/dynamic_bipedConfig-version.cmake, /home/ExoSuit/exo_publisher/devel/share/dynamic_biped/cmake/dynamic_bipedConfig-version.cmake)
Linked: (/home/ExoSuit/exo_publisher/devel/.private/dynamic_biped/share/dynamic_biped/cmake/dynamic_biped-msg-extras.cmake, /home/ExoSuit/exo_publisher/devel/share/dynamic_biped/cmake/dynamic_biped-msg-extras.cmake)
Linked: (/home/ExoSuit/exo_publisher/devel/.private/dynamic_biped/share/common-lisp/ros/dynamic_biped/msg/robotPhase.lisp, /home/ExoSuit/exo_publisher/devel/share/common-lisp/ros/dynamic_biped/msg/robotPhase.lisp)
Linked: (/home/ExoSuit/exo_publisher/devel/.private/dynamic_biped/share/common-lisp/ros/dynamic_biped/msg/_package_robotHeadMotionData.lisp, /home/ExoSuit/exo_publisher/devel/share/common-lisp/ros/dynamic_biped/msg/_package_robotHeadMotionData.lisp)
Linked: (/home/ExoSuit/exo_publisher/devel/.private/dynamic_biped/share/common-lisp/ros/dynamic_biped/msg/ECJointMotordata.lisp, /home/ExoSuit/exo_publisher/devel/share/common-lisp/ros/dynamic_biped/msg/ECJointMotordata.lisp)
Linked: (/home/ExoSuit/exo_publisher/devel/.private/dynamic_biped/share/common-lisp/ros/dynamic_biped/msg/_package_robot_hand_eff.lisp, /home/ExoSuit/exo_publisher/devel/share/common-lisp/ros/dynamic_biped/msg/_package_robot_hand_eff.lisp)
Linked: (/home/ExoSuit/exo_publisher/devel/.private/dynamic_biped/share/common-lisp/ros/dynamic_biped/msg/recordArmHandPose.lisp, /home/ExoSuit/exo_publisher/devel/share/common-lisp/ros/dynamic_biped/msg/recordArmHandPose.lisp)
Linked: (/home/ExoSuit/exo_publisher/devel/.private/dynamic_biped/share/common-lisp/ros/dynamic_biped/msg/_package_recordArmHandPose.lisp, /home/ExoSuit/exo_publisher/devel/share/common-lisp/ros/dynamic_biped/msg/_package_recordArmHandPose.lisp)
Linked: (/home/ExoSuit/exo_publisher/devel/.private/dynamic_biped/share/common-lisp/ros/dynamic_biped/msg/_package_robotArmQVVD.lisp, /home/ExoSuit/exo_publisher/devel/share/common-lisp/ros/dynamic_biped/msg/_package_robotArmQVVD.lisp)
Linked: (/home/ExoSuit/exo_publisher/devel/.private/dynamic_biped/share/common-lisp/ros/dynamic_biped/msg/_package_robotQVTau.lisp, /home/ExoSuit/exo_publisher/devel/share/common-lisp/ros/dynamic_biped/msg/_package_robotQVTau.lisp)
Linked: (/home/ExoSuit/exo_publisher/devel/.private/dynamic_biped/share/common-lisp/ros/dynamic_biped/msg/handRotation.lisp, /home/ExoSuit/exo_publisher/devel/share/common-lisp/ros/dynamic_biped/msg/handRotation.lisp)
Linked: (/home/ExoSuit/exo_publisher/devel/.private/dynamic_biped/share/common-lisp/ros/dynamic_biped/msg/robotQVTau.lisp, /home/ExoSuit/exo_publisher/devel/share/common-lisp/ros/dynamic_biped/msg/robotQVTau.lisp)
Linked: (/home/ExoSuit/exo_publisher/devel/.private/dynamic_biped/share/common-lisp/ros/dynamic_biped/msg/_package_robotTorsoState.lisp, /home/ExoSuit/exo_publisher/devel/share/common-lisp/ros/dynamic_biped/msg/_package_robotTorsoState.lisp)
Linked: (/home/ExoSuit/exo_publisher/devel/.private/dynamic_biped/share/common-lisp/ros/dynamic_biped/msg/_package_handRotation.lisp, /home/ExoSuit/exo_publisher/devel/share/common-lisp/ros/dynamic_biped/msg/_package_handRotation.lisp)
Linked: (/home/ExoSuit/exo_publisher/devel/.private/dynamic_biped/share/common-lisp/ros/dynamic_biped/msg/robotHeadMotionData.lisp, /home/ExoSuit/exo_publisher/devel/share/common-lisp/ros/dynamic_biped/msg/robotHeadMotionData.lisp)
Linked: (/home/ExoSuit/exo_publisher/devel/.private/dynamic_biped/share/common-lisp/ros/dynamic_biped/msg/_package_robotHandPosition.lisp, /home/ExoSuit/exo_publisher/devel/share/common-lisp/ros/dynamic_biped/msg/_package_robotHandPosition.lisp)
Linked: (/home/ExoSuit/exo_publisher/devel/.private/dynamic_biped/share/common-lisp/ros/dynamic_biped/msg/_package.lisp, /home/ExoSuit/exo_publisher/devel/share/common-lisp/ros/dynamic_biped/msg/_package.lisp)
Linked: (/home/ExoSuit/exo_publisher/devel/.private/dynamic_biped/share/common-lisp/ros/dynamic_biped/msg/walkCommand.lisp, /home/ExoSuit/exo_publisher/devel/share/common-lisp/ros/dynamic_biped/msg/walkCommand.lisp)
Linked: (/home/ExoSuit/exo_publisher/devel/.private/dynamic_biped/share/common-lisp/ros/dynamic_biped/msg/handRotationEular.lisp, /home/ExoSuit/exo_publisher/devel/share/common-lisp/ros/dynamic_biped/msg/handRotationEular.lisp)
Linked: (/home/ExoSuit/exo_publisher/devel/.private/dynamic_biped/share/common-lisp/ros/dynamic_biped/msg/robotArmQVVD.lisp, /home/ExoSuit/exo_publisher/devel/share/common-lisp/ros/dynamic_biped/msg/robotArmQVVD.lisp)
Linked: (/home/ExoSuit/exo_publisher/devel/.private/dynamic_biped/share/common-lisp/ros/dynamic_biped/msg/_package_walkCommand.lisp, /home/ExoSuit/exo_publisher/devel/share/common-lisp/ros/dynamic_biped/msg/_package_walkCommand.lisp)
Linked: (/home/ExoSuit/exo_publisher/devel/.private/dynamic_biped/share/common-lisp/ros/dynamic_biped/msg/_package_robotArmInfo.lisp, /home/ExoSuit/exo_publisher/devel/share/common-lisp/ros/dynamic_biped/msg/_package_robotArmInfo.lisp)
Linked: (/home/ExoSuit/exo_publisher/devel/.private/dynamic_biped/share/common-lisp/ros/dynamic_biped/msg/dynamic_biped-msg.asd, /home/ExoSuit/exo_publisher/devel/share/common-lisp/ros/dynamic_biped/msg/dynamic_biped-msg.asd)
Linked: (/home/ExoSuit/exo_publisher/devel/.private/dynamic_biped/share/common-lisp/ros/dynamic_biped/msg/_package_handRotationEular.lisp, /home/ExoSuit/exo_publisher/devel/share/common-lisp/ros/dynamic_biped/msg/_package_handRotationEular.lisp)
Linked: (/home/ExoSuit/exo_publisher/devel/.private/dynamic_biped/share/common-lisp/ros/dynamic_biped/msg/QuaternionArray.lisp, /home/ExoSuit/exo_publisher/devel/share/common-lisp/ros/dynamic_biped/msg/QuaternionArray.lisp)
Linked: (/home/ExoSuit/exo_publisher/devel/.private/dynamic_biped/share/common-lisp/ros/dynamic_biped/msg/robotHandPosition.lisp, /home/ExoSuit/exo_publisher/devel/share/common-lisp/ros/dynamic_biped/msg/robotHandPosition.lisp)
Linked: (/home/ExoSuit/exo_publisher/devel/.private/dynamic_biped/share/common-lisp/ros/dynamic_biped/msg/_package_armHandPose.lisp, /home/ExoSuit/exo_publisher/devel/share/common-lisp/ros/dynamic_biped/msg/_package_armHandPose.lisp)
Linked: (/home/ExoSuit/exo_publisher/devel/.private/dynamic_biped/share/common-lisp/ros/dynamic_biped/msg/armHandPose.lisp, /home/ExoSuit/exo_publisher/devel/share/common-lisp/ros/dynamic_biped/msg/armHandPose.lisp)
Linked: (/home/ExoSuit/exo_publisher/devel/.private/dynamic_biped/share/common-lisp/ros/dynamic_biped/msg/robotTorsoState.lisp, /home/ExoSuit/exo_publisher/devel/share/common-lisp/ros/dynamic_biped/msg/robotTorsoState.lisp)
Linked: (/home/ExoSuit/exo_publisher/devel/.private/dynamic_biped/share/common-lisp/ros/dynamic_biped/msg/_package_QuaternionArray.lisp, /home/ExoSuit/exo_publisher/devel/share/common-lisp/ros/dynamic_biped/msg/_package_QuaternionArray.lisp)
Linked: (/home/ExoSuit/exo_publisher/devel/.private/dynamic_biped/share/common-lisp/ros/dynamic_biped/msg/robotArmInfo.lisp, /home/ExoSuit/exo_publisher/devel/share/common-lisp/ros/dynamic_biped/msg/robotArmInfo.lisp)
Linked: (/home/ExoSuit/exo_publisher/devel/.private/dynamic_biped/share/common-lisp/ros/dynamic_biped/msg/_package_ECJointMotordata.lisp, /home/ExoSuit/exo_publisher/devel/share/common-lisp/ros/dynamic_biped/msg/_package_ECJointMotordata.lisp)
Linked: (/home/ExoSuit/exo_publisher/devel/.private/dynamic_biped/share/common-lisp/ros/dynamic_biped/msg/robot_hand_eff.lisp, /home/ExoSuit/exo_publisher/devel/share/common-lisp/ros/dynamic_biped/msg/robot_hand_eff.lisp)
Linked: (/home/ExoSuit/exo_publisher/devel/.private/dynamic_biped/share/common-lisp/ros/dynamic_biped/msg/_package_robotPhase.lisp, /home/ExoSuit/exo_publisher/devel/share/common-lisp/ros/dynamic_biped/msg/_package_robotPhase.lisp)
Linked: (/home/ExoSuit/exo_publisher/devel/.private/dynamic_biped/share/common-lisp/ros/dynamic_biped/srv/_package_srvChangeJoller.lisp, /home/ExoSuit/exo_publisher/devel/share/common-lisp/ros/dynamic_biped/srv/_package_srvChangeJoller.lisp)
Linked: (/home/ExoSuit/exo_publisher/devel/.private/dynamic_biped/share/common-lisp/ros/dynamic_biped/srv/changeArmCtrlMode.lisp, /home/ExoSuit/exo_publisher/devel/share/common-lisp/ros/dynamic_biped/srv/changeArmCtrlMode.lisp)
Linked: (/home/ExoSuit/exo_publisher/devel/.private/dynamic_biped/share/common-lisp/ros/dynamic_biped/srv/dynamic_biped-srv.asd, /home/ExoSuit/exo_publisher/devel/share/common-lisp/ros/dynamic_biped/srv/dynamic_biped-srv.asd)
Linked: (/home/ExoSuit/exo_publisher/devel/.private/dynamic_biped/share/common-lisp/ros/dynamic_biped/srv/changeAMBACCtrlMode.lisp, /home/ExoSuit/exo_publisher/devel/share/common-lisp/ros/dynamic_biped/srv/changeAMBACCtrlMode.lisp)
Linked: (/home/ExoSuit/exo_publisher/devel/.private/dynamic_biped/share/common-lisp/ros/dynamic_biped/srv/controlEndHand.lisp, /home/ExoSuit/exo_publisher/devel/share/common-lisp/ros/dynamic_biped/srv/controlEndHand.lisp)
Linked: (/home/ExoSuit/exo_publisher/devel/.private/dynamic_biped/share/common-lisp/ros/dynamic_biped/srv/_package_srvchangeCtlMode.lisp, /home/ExoSuit/exo_publisher/devel/share/common-lisp/ros/dynamic_biped/srv/_package_srvchangeCtlMode.lisp)
Linked: (/home/ExoSuit/exo_publisher/devel/.private/dynamic_biped/share/common-lisp/ros/dynamic_biped/srv/srvManiInst.lisp, /home/ExoSuit/exo_publisher/devel/share/common-lisp/ros/dynamic_biped/srv/srvManiInst.lisp)
Linked: (/home/ExoSuit/exo_publisher/devel/.private/dynamic_biped/share/common-lisp/ros/dynamic_biped/srv/_package.lisp, /home/ExoSuit/exo_publisher/devel/share/common-lisp/ros/dynamic_biped/srv/_package.lisp)
Linked: (/home/ExoSuit/exo_publisher/devel/.private/dynamic_biped/share/common-lisp/ros/dynamic_biped/srv/srvClearPositionCMD.lisp, /home/ExoSuit/exo_publisher/devel/share/common-lisp/ros/dynamic_biped/srv/srvClearPositionCMD.lisp)
Linked: (/home/ExoSuit/exo_publisher/devel/.private/dynamic_biped/share/common-lisp/ros/dynamic_biped/srv/_package_changeAMBACCtrlMode.lisp, /home/ExoSuit/exo_publisher/devel/share/common-lisp/ros/dynamic_biped/srv/_package_changeAMBACCtrlMode.lisp)
Linked: (/home/ExoSuit/exo_publisher/devel/.private/dynamic_biped/share/common-lisp/ros/dynamic_biped/srv/_package_srvChangePhases.lisp, /home/ExoSuit/exo_publisher/devel/share/common-lisp/ros/dynamic_biped/srv/_package_srvChangePhases.lisp)
Linked: (/home/ExoSuit/exo_publisher/devel/.private/dynamic_biped/share/common-lisp/ros/dynamic_biped/srv/_package_srvClearPositionCMD.lisp, /home/ExoSuit/exo_publisher/devel/share/common-lisp/ros/dynamic_biped/srv/_package_srvClearPositionCMD.lisp)
Linked: (/home/ExoSuit/exo_publisher/devel/.private/dynamic_biped/share/common-lisp/ros/dynamic_biped/srv/srvChangeJoller.lisp, /home/ExoSuit/exo_publisher/devel/share/common-lisp/ros/dynamic_biped/srv/srvChangeJoller.lisp)
Linked: (/home/ExoSuit/exo_publisher/devel/.private/dynamic_biped/share/common-lisp/ros/dynamic_biped/srv/_package_changeArmCtrlMode.lisp, /home/ExoSuit/exo_publisher/devel/share/common-lisp/ros/dynamic_biped/srv/_package_changeArmCtrlMode.lisp)
Linked: (/home/ExoSuit/exo_publisher/devel/.private/dynamic_biped/share/common-lisp/ros/dynamic_biped/srv/_package_srvManiInst.lisp, /home/ExoSuit/exo_publisher/devel/share/common-lisp/ros/dynamic_biped/srv/_package_srvManiInst.lisp)
Linked: (/home/ExoSuit/exo_publisher/devel/.private/dynamic_biped/share/common-lisp/ros/dynamic_biped/srv/srvchangeCtlMode.lisp, /home/ExoSuit/exo_publisher/devel/share/common-lisp/ros/dynamic_biped/srv/srvchangeCtlMode.lisp)
Linked: (/home/ExoSuit/exo_publisher/devel/.private/dynamic_biped/share/common-lisp/ros/dynamic_biped/srv/srvChangePhases.lisp, /home/ExoSuit/exo_publisher/devel/share/common-lisp/ros/dynamic_biped/srv/srvChangePhases.lisp)
Linked: (/home/ExoSuit/exo_publisher/devel/.private/dynamic_biped/share/common-lisp/ros/dynamic_biped/srv/_package_controlEndHand.lisp, /home/ExoSuit/exo_publisher/devel/share/common-lisp/ros/dynamic_biped/srv/_package_controlEndHand.lisp)
Linked: (/home/ExoSuit/exo_publisher/devel/.private/dynamic_biped/share/gennodejs/ros/dynamic_biped/_index.js, /home/ExoSuit/exo_publisher/devel/share/gennodejs/ros/dynamic_biped/_index.js)
Linked: (/home/ExoSuit/exo_publisher/devel/.private/dynamic_biped/share/gennodejs/ros/dynamic_biped/msg/robotHeadMotionData.js, /home/ExoSuit/exo_publisher/devel/share/gennodejs/ros/dynamic_biped/msg/robotHeadMotionData.js)
Linked: (/home/ExoSuit/exo_publisher/devel/.private/dynamic_biped/share/gennodejs/ros/dynamic_biped/msg/robotPhase.js, /home/ExoSuit/exo_publisher/devel/share/gennodejs/ros/dynamic_biped/msg/robotPhase.js)
Linked: (/home/ExoSuit/exo_publisher/devel/.private/dynamic_biped/share/gennodejs/ros/dynamic_biped/msg/recordArmHandPose.js, /home/ExoSuit/exo_publisher/devel/share/gennodejs/ros/dynamic_biped/msg/recordArmHandPose.js)
Linked: (/home/ExoSuit/exo_publisher/devel/.private/dynamic_biped/share/gennodejs/ros/dynamic_biped/msg/QuaternionArray.js, /home/ExoSuit/exo_publisher/devel/share/gennodejs/ros/dynamic_biped/msg/QuaternionArray.js)
Linked: (/home/ExoSuit/exo_publisher/devel/.private/dynamic_biped/share/gennodejs/ros/dynamic_biped/msg/_index.js, /home/ExoSuit/exo_publisher/devel/share/gennodejs/ros/dynamic_biped/msg/_index.js)
Linked: (/home/ExoSuit/exo_publisher/devel/.private/dynamic_biped/share/gennodejs/ros/dynamic_biped/msg/handRotation.js, /home/ExoSuit/exo_publisher/devel/share/gennodejs/ros/dynamic_biped/msg/handRotation.js)
Linked: (/home/ExoSuit/exo_publisher/devel/.private/dynamic_biped/share/gennodejs/ros/dynamic_biped/msg/robotTorsoState.js, /home/ExoSuit/exo_publisher/devel/share/gennodejs/ros/dynamic_biped/msg/robotTorsoState.js)
Linked: (/home/ExoSuit/exo_publisher/devel/.private/dynamic_biped/share/gennodejs/ros/dynamic_biped/msg/robotHandPosition.js, /home/ExoSuit/exo_publisher/devel/share/gennodejs/ros/dynamic_biped/msg/robotHandPosition.js)
Linked: (/home/ExoSuit/exo_publisher/devel/.private/dynamic_biped/share/gennodejs/ros/dynamic_biped/msg/walkCommand.js, /home/ExoSuit/exo_publisher/devel/share/gennodejs/ros/dynamic_biped/msg/walkCommand.js)
Linked: (/home/ExoSuit/exo_publisher/devel/.private/dynamic_biped/share/gennodejs/ros/dynamic_biped/msg/robotArmQVVD.js, /home/ExoSuit/exo_publisher/devel/share/gennodejs/ros/dynamic_biped/msg/robotArmQVVD.js)
Linked: (/home/ExoSuit/exo_publisher/devel/.private/dynamic_biped/share/gennodejs/ros/dynamic_biped/msg/robotArmInfo.js, /home/ExoSuit/exo_publisher/devel/share/gennodejs/ros/dynamic_biped/msg/robotArmInfo.js)
Linked: (/home/ExoSuit/exo_publisher/devel/.private/dynamic_biped/share/gennodejs/ros/dynamic_biped/msg/ECJointMotordata.js, /home/ExoSuit/exo_publisher/devel/share/gennodejs/ros/dynamic_biped/msg/ECJointMotordata.js)
Linked: (/home/ExoSuit/exo_publisher/devel/.private/dynamic_biped/share/gennodejs/ros/dynamic_biped/msg/handRotationEular.js, /home/ExoSuit/exo_publisher/devel/share/gennodejs/ros/dynamic_biped/msg/handRotationEular.js)
Linked: (/home/ExoSuit/exo_publisher/devel/.private/dynamic_biped/share/gennodejs/ros/dynamic_biped/msg/armHandPose.js, /home/ExoSuit/exo_publisher/devel/share/gennodejs/ros/dynamic_biped/msg/armHandPose.js)
Linked: (/home/ExoSuit/exo_publisher/devel/.private/dynamic_biped/share/gennodejs/ros/dynamic_biped/msg/robot_hand_eff.js, /home/ExoSuit/exo_publisher/devel/share/gennodejs/ros/dynamic_biped/msg/robot_hand_eff.js)
Linked: (/home/ExoSuit/exo_publisher/devel/.private/dynamic_biped/share/gennodejs/ros/dynamic_biped/msg/robotQVTau.js, /home/ExoSuit/exo_publisher/devel/share/gennodejs/ros/dynamic_biped/msg/robotQVTau.js)
Linked: (/home/ExoSuit/exo_publisher/devel/.private/dynamic_biped/share/gennodejs/ros/dynamic_biped/srv/changeArmCtrlMode.js, /home/ExoSuit/exo_publisher/devel/share/gennodejs/ros/dynamic_biped/srv/changeArmCtrlMode.js)
Linked: (/home/ExoSuit/exo_publisher/devel/.private/dynamic_biped/share/gennodejs/ros/dynamic_biped/srv/_index.js, /home/ExoSuit/exo_publisher/devel/share/gennodejs/ros/dynamic_biped/srv/_index.js)
Linked: (/home/ExoSuit/exo_publisher/devel/.private/dynamic_biped/share/gennodejs/ros/dynamic_biped/srv/srvchangeCtlMode.js, /home/ExoSuit/exo_publisher/devel/share/gennodejs/ros/dynamic_biped/srv/srvchangeCtlMode.js)
Linked: (/home/ExoSuit/exo_publisher/devel/.private/dynamic_biped/share/gennodejs/ros/dynamic_biped/srv/srvManiInst.js, /home/ExoSuit/exo_publisher/devel/share/gennodejs/ros/dynamic_biped/srv/srvManiInst.js)
Linked: (/home/ExoSuit/exo_publisher/devel/.private/dynamic_biped/share/gennodejs/ros/dynamic_biped/srv/srvClearPositionCMD.js, /home/ExoSuit/exo_publisher/devel/share/gennodejs/ros/dynamic_biped/srv/srvClearPositionCMD.js)
Linked: (/home/ExoSuit/exo_publisher/devel/.private/dynamic_biped/share/gennodejs/ros/dynamic_biped/srv/srvChangePhases.js, /home/ExoSuit/exo_publisher/devel/share/gennodejs/ros/dynamic_biped/srv/srvChangePhases.js)
Linked: (/home/ExoSuit/exo_publisher/devel/.private/dynamic_biped/share/gennodejs/ros/dynamic_biped/srv/controlEndHand.js, /home/ExoSuit/exo_publisher/devel/share/gennodejs/ros/dynamic_biped/srv/controlEndHand.js)
Linked: (/home/ExoSuit/exo_publisher/devel/.private/dynamic_biped/share/gennodejs/ros/dynamic_biped/srv/srvChangeJoller.js, /home/ExoSuit/exo_publisher/devel/share/gennodejs/ros/dynamic_biped/srv/srvChangeJoller.js)
Linked: (/home/ExoSuit/exo_publisher/devel/.private/dynamic_biped/share/gennodejs/ros/dynamic_biped/srv/changeAMBACCtrlMode.js, /home/ExoSuit/exo_publisher/devel/share/gennodejs/ros/dynamic_biped/srv/changeAMBACCtrlMode.js)
Linked: (/home/ExoSuit/exo_publisher/devel/.private/dynamic_biped/share/roseus/ros/dynamic_biped/manifest.l, /home/ExoSuit/exo_publisher/devel/share/roseus/ros/dynamic_biped/manifest.l)
Linked: (/home/ExoSuit/exo_publisher/devel/.private/dynamic_biped/share/roseus/ros/dynamic_biped/msg/recordArmHandPose.l, /home/ExoSuit/exo_publisher/devel/share/roseus/ros/dynamic_biped/msg/recordArmHandPose.l)
Linked: (/home/ExoSuit/exo_publisher/devel/.private/dynamic_biped/share/roseus/ros/dynamic_biped/msg/robotHeadMotionData.l, /home/ExoSuit/exo_publisher/devel/share/roseus/ros/dynamic_biped/msg/robotHeadMotionData.l)
Linked: (/home/ExoSuit/exo_publisher/devel/.private/dynamic_biped/share/roseus/ros/dynamic_biped/msg/armHandPose.l, /home/ExoSuit/exo_publisher/devel/share/roseus/ros/dynamic_biped/msg/armHandPose.l)
Linked: (/home/ExoSuit/exo_publisher/devel/.private/dynamic_biped/share/roseus/ros/dynamic_biped/msg/ECJointMotordata.l, /home/ExoSuit/exo_publisher/devel/share/roseus/ros/dynamic_biped/msg/ECJointMotordata.l)
Linked: (/home/ExoSuit/exo_publisher/devel/.private/dynamic_biped/share/roseus/ros/dynamic_biped/msg/robotTorsoState.l, /home/ExoSuit/exo_publisher/devel/share/roseus/ros/dynamic_biped/msg/robotTorsoState.l)
Linked: (/home/ExoSuit/exo_publisher/devel/.private/dynamic_biped/share/roseus/ros/dynamic_biped/msg/QuaternionArray.l, /home/ExoSuit/exo_publisher/devel/share/roseus/ros/dynamic_biped/msg/QuaternionArray.l)
Linked: (/home/ExoSuit/exo_publisher/devel/.private/dynamic_biped/share/roseus/ros/dynamic_biped/msg/robotQVTau.l, /home/ExoSuit/exo_publisher/devel/share/roseus/ros/dynamic_biped/msg/robotQVTau.l)
Linked: (/home/ExoSuit/exo_publisher/devel/.private/dynamic_biped/share/roseus/ros/dynamic_biped/msg/robotArmQVVD.l, /home/ExoSuit/exo_publisher/devel/share/roseus/ros/dynamic_biped/msg/robotArmQVVD.l)
Linked: (/home/ExoSuit/exo_publisher/devel/.private/dynamic_biped/share/roseus/ros/dynamic_biped/msg/handRotationEular.l, /home/ExoSuit/exo_publisher/devel/share/roseus/ros/dynamic_biped/msg/handRotationEular.l)
Linked: (/home/ExoSuit/exo_publisher/devel/.private/dynamic_biped/share/roseus/ros/dynamic_biped/msg/handRotation.l, /home/ExoSuit/exo_publisher/devel/share/roseus/ros/dynamic_biped/msg/handRotation.l)
Linked: (/home/ExoSuit/exo_publisher/devel/.private/dynamic_biped/share/roseus/ros/dynamic_biped/msg/robotHandPosition.l, /home/ExoSuit/exo_publisher/devel/share/roseus/ros/dynamic_biped/msg/robotHandPosition.l)
Linked: (/home/ExoSuit/exo_publisher/devel/.private/dynamic_biped/share/roseus/ros/dynamic_biped/msg/walkCommand.l, /home/ExoSuit/exo_publisher/devel/share/roseus/ros/dynamic_biped/msg/walkCommand.l)
Linked: (/home/ExoSuit/exo_publisher/devel/.private/dynamic_biped/share/roseus/ros/dynamic_biped/msg/robot_hand_eff.l, /home/ExoSuit/exo_publisher/devel/share/roseus/ros/dynamic_biped/msg/robot_hand_eff.l)
Linked: (/home/ExoSuit/exo_publisher/devel/.private/dynamic_biped/share/roseus/ros/dynamic_biped/msg/robotPhase.l, /home/ExoSuit/exo_publisher/devel/share/roseus/ros/dynamic_biped/msg/robotPhase.l)
Linked: (/home/ExoSuit/exo_publisher/devel/.private/dynamic_biped/share/roseus/ros/dynamic_biped/msg/robotArmInfo.l, /home/ExoSuit/exo_publisher/devel/share/roseus/ros/dynamic_biped/msg/robotArmInfo.l)
Linked: (/home/ExoSuit/exo_publisher/devel/.private/dynamic_biped/share/roseus/ros/dynamic_biped/srv/changeArmCtrlMode.l, /home/ExoSuit/exo_publisher/devel/share/roseus/ros/dynamic_biped/srv/changeArmCtrlMode.l)
Linked: (/home/ExoSuit/exo_publisher/devel/.private/dynamic_biped/share/roseus/ros/dynamic_biped/srv/srvChangePhases.l, /home/ExoSuit/exo_publisher/devel/share/roseus/ros/dynamic_biped/srv/srvChangePhases.l)
Linked: (/home/ExoSuit/exo_publisher/devel/.private/dynamic_biped/share/roseus/ros/dynamic_biped/srv/srvClearPositionCMD.l, /home/ExoSuit/exo_publisher/devel/share/roseus/ros/dynamic_biped/srv/srvClearPositionCMD.l)
Linked: (/home/ExoSuit/exo_publisher/devel/.private/dynamic_biped/share/roseus/ros/dynamic_biped/srv/srvManiInst.l, /home/ExoSuit/exo_publisher/devel/share/roseus/ros/dynamic_biped/srv/srvManiInst.l)
Linked: (/home/ExoSuit/exo_publisher/devel/.private/dynamic_biped/share/roseus/ros/dynamic_biped/srv/srvChangeJoller.l, /home/ExoSuit/exo_publisher/devel/share/roseus/ros/dynamic_biped/srv/srvChangeJoller.l)
Linked: (/home/ExoSuit/exo_publisher/devel/.private/dynamic_biped/share/roseus/ros/dynamic_biped/srv/changeAMBACCtrlMode.l, /home/ExoSuit/exo_publisher/devel/share/roseus/ros/dynamic_biped/srv/changeAMBACCtrlMode.l)
Linked: (/home/ExoSuit/exo_publisher/devel/.private/dynamic_biped/share/roseus/ros/dynamic_biped/srv/controlEndHand.l, /home/ExoSuit/exo_publisher/devel/share/roseus/ros/dynamic_biped/srv/controlEndHand.l)
Linked: (/home/ExoSuit/exo_publisher/devel/.private/dynamic_biped/share/roseus/ros/dynamic_biped/srv/srvchangeCtlMode.l, /home/ExoSuit/exo_publisher/devel/share/roseus/ros/dynamic_biped/srv/srvchangeCtlMode.l)
Linked: (/home/ExoSuit/exo_publisher/devel/.private/dynamic_biped/lib/dynamic_biped/arm_move_X.py, /home/ExoSuit/exo_publisher/devel/lib/dynamic_biped/arm_move_X.py)
Linked: (/home/ExoSuit/exo_publisher/devel/.private/dynamic_biped/lib/pkgconfig/dynamic_biped.pc, /home/ExoSuit/exo_publisher/devel/lib/pkgconfig/dynamic_biped.pc)
Linked: (/home/ExoSuit/exo_publisher/devel/.private/dynamic_biped/lib/python3/dist-packages/dynamic_biped/__init__.py, /home/ExoSuit/exo_publisher/devel/lib/python3/dist-packages/dynamic_biped/__init__.py)
Linked: (/home/ExoSuit/exo_publisher/devel/.private/dynamic_biped/lib/python3/dist-packages/dynamic_biped/msg/_recordArmHandPose.py, /home/ExoSuit/exo_publisher/devel/lib/python3/dist-packages/dynamic_biped/msg/_recordArmHandPose.py)
Linked: (/home/ExoSuit/exo_publisher/devel/.private/dynamic_biped/lib/python3/dist-packages/dynamic_biped/msg/_robotArmQVVD.py, /home/ExoSuit/exo_publisher/devel/lib/python3/dist-packages/dynamic_biped/msg/_robotArmQVVD.py)
Linked: (/home/ExoSuit/exo_publisher/devel/.private/dynamic_biped/lib/python3/dist-packages/dynamic_biped/msg/_handRotation.py, /home/ExoSuit/exo_publisher/devel/lib/python3/dist-packages/dynamic_biped/msg/_handRotation.py)
Linked: (/home/ExoSuit/exo_publisher/devel/.private/dynamic_biped/lib/python3/dist-packages/dynamic_biped/msg/_robotArmInfo.py, /home/ExoSuit/exo_publisher/devel/lib/python3/dist-packages/dynamic_biped/msg/_robotArmInfo.py)
Linked: (/home/ExoSuit/exo_publisher/devel/.private/dynamic_biped/lib/python3/dist-packages/dynamic_biped/msg/_QuaternionArray.py, /home/ExoSuit/exo_publisher/devel/lib/python3/dist-packages/dynamic_biped/msg/_QuaternionArray.py)
Linked: (/home/ExoSuit/exo_publisher/devel/.private/dynamic_biped/lib/python3/dist-packages/dynamic_biped/msg/_robotQVTau.py, /home/ExoSuit/exo_publisher/devel/lib/python3/dist-packages/dynamic_biped/msg/_robotQVTau.py)
Linked: (/home/ExoSuit/exo_publisher/devel/.private/dynamic_biped/lib/python3/dist-packages/dynamic_biped/msg/_handRotationEular.py, /home/ExoSuit/exo_publisher/devel/lib/python3/dist-packages/dynamic_biped/msg/_handRotationEular.py)
Linked: (/home/ExoSuit/exo_publisher/devel/.private/dynamic_biped/lib/python3/dist-packages/dynamic_biped/msg/_ECJointMotordata.py, /home/ExoSuit/exo_publisher/devel/lib/python3/dist-packages/dynamic_biped/msg/_ECJointMotordata.py)
Linked: (/home/ExoSuit/exo_publisher/devel/.private/dynamic_biped/lib/python3/dist-packages/dynamic_biped/msg/_robotHeadMotionData.py, /home/ExoSuit/exo_publisher/devel/lib/python3/dist-packages/dynamic_biped/msg/_robotHeadMotionData.py)
Linked: (/home/ExoSuit/exo_publisher/devel/.private/dynamic_biped/lib/python3/dist-packages/dynamic_biped/msg/__init__.py, /home/ExoSuit/exo_publisher/devel/lib/python3/dist-packages/dynamic_biped/msg/__init__.py)
Linked: (/home/ExoSuit/exo_publisher/devel/.private/dynamic_biped/lib/python3/dist-packages/dynamic_biped/msg/_walkCommand.py, /home/ExoSuit/exo_publisher/devel/lib/python3/dist-packages/dynamic_biped/msg/_walkCommand.py)
Linked: (/home/ExoSuit/exo_publisher/devel/.private/dynamic_biped/lib/python3/dist-packages/dynamic_biped/msg/_robotHandPosition.py, /home/ExoSuit/exo_publisher/devel/lib/python3/dist-packages/dynamic_biped/msg/_robotHandPosition.py)
Linked: (/home/ExoSuit/exo_publisher/devel/.private/dynamic_biped/lib/python3/dist-packages/dynamic_biped/msg/_robot_hand_eff.py, /home/ExoSuit/exo_publisher/devel/lib/python3/dist-packages/dynamic_biped/msg/_robot_hand_eff.py)
Linked: (/home/ExoSuit/exo_publisher/devel/.private/dynamic_biped/lib/python3/dist-packages/dynamic_biped/msg/_armHandPose.py, /home/ExoSuit/exo_publisher/devel/lib/python3/dist-packages/dynamic_biped/msg/_armHandPose.py)
Linked: (/home/ExoSuit/exo_publisher/devel/.private/dynamic_biped/lib/python3/dist-packages/dynamic_biped/msg/_robotTorsoState.py, /home/ExoSuit/exo_publisher/devel/lib/python3/dist-packages/dynamic_biped/msg/_robotTorsoState.py)
Linked: (/home/ExoSuit/exo_publisher/devel/.private/dynamic_biped/lib/python3/dist-packages/dynamic_biped/msg/_robotPhase.py, /home/ExoSuit/exo_publisher/devel/lib/python3/dist-packages/dynamic_biped/msg/_robotPhase.py)
Linked: (/home/ExoSuit/exo_publisher/devel/.private/dynamic_biped/lib/python3/dist-packages/dynamic_biped/srv/_srvchangeCtlMode.py, /home/ExoSuit/exo_publisher/devel/lib/python3/dist-packages/dynamic_biped/srv/_srvchangeCtlMode.py)
Linked: (/home/ExoSuit/exo_publisher/devel/.private/dynamic_biped/lib/python3/dist-packages/dynamic_biped/srv/_srvManiInst.py, /home/ExoSuit/exo_publisher/devel/lib/python3/dist-packages/dynamic_biped/srv/_srvManiInst.py)
Linked: (/home/ExoSuit/exo_publisher/devel/.private/dynamic_biped/lib/python3/dist-packages/dynamic_biped/srv/_changeArmCtrlMode.py, /home/ExoSuit/exo_publisher/devel/lib/python3/dist-packages/dynamic_biped/srv/_changeArmCtrlMode.py)
Linked: (/home/ExoSuit/exo_publisher/devel/.private/dynamic_biped/lib/python3/dist-packages/dynamic_biped/srv/_srvChangeJoller.py, /home/ExoSuit/exo_publisher/devel/lib/python3/dist-packages/dynamic_biped/srv/_srvChangeJoller.py)
Linked: (/home/ExoSuit/exo_publisher/devel/.private/dynamic_biped/lib/python3/dist-packages/dynamic_biped/srv/_srvChangePhases.py, /home/ExoSuit/exo_publisher/devel/lib/python3/dist-packages/dynamic_biped/srv/_srvChangePhases.py)
Linked: (/home/ExoSuit/exo_publisher/devel/.private/dynamic_biped/lib/python3/dist-packages/dynamic_biped/srv/_srvClearPositionCMD.py, /home/ExoSuit/exo_publisher/devel/lib/python3/dist-packages/dynamic_biped/srv/_srvClearPositionCMD.py)
Linked: (/home/ExoSuit/exo_publisher/devel/.private/dynamic_biped/lib/python3/dist-packages/dynamic_biped/srv/__init__.py, /home/ExoSuit/exo_publisher/devel/lib/python3/dist-packages/dynamic_biped/srv/__init__.py)
Linked: (/home/ExoSuit/exo_publisher/devel/.private/dynamic_biped/lib/python3/dist-packages/dynamic_biped/srv/_changeAMBACCtrlMode.py, /home/ExoSuit/exo_publisher/devel/lib/python3/dist-packages/dynamic_biped/srv/_changeAMBACCtrlMode.py)
Linked: (/home/ExoSuit/exo_publisher/devel/.private/dynamic_biped/lib/python3/dist-packages/dynamic_biped/srv/_controlEndHand.py, /home/ExoSuit/exo_publisher/devel/lib/python3/dist-packages/dynamic_biped/srv/_controlEndHand.py)
