[35m[1mScanning dependencies of target _dynamic_biped_generate_messages_check_deps_handRotationEular[0m
[35m[1mScanning dependencies of target _dynamic_biped_generate_messages_check_deps_srvChangeJoller[0m
[35m[1mScanning dependencies of target _dynamic_biped_generate_messages_check_deps_robotPhase[0m
[35m[1mScanning dependencies of target std_msgs_generate_messages_py[0m
[35m[1mScanning dependencies of target _dynamic_biped_generate_messages_check_deps_ECJointMotordata[0m
[35m[1mScanning dependencies of target _dynamic_biped_generate_messages_check_deps_recordArmHandPose[0m
[35m[1mScanning dependencies of target _dynamic_biped_generate_messages_check_deps_srvchangeCtlMode[0m
[35m[1mScanning dependencies of target _dynamic_biped_generate_messages_check_deps_srvClearPositionCMD[0m
[  0%] Built target std_msgs_generate_messages_py
[  0%] Built target _dynamic_biped_generate_messages_check_deps_robotPhase
[  0%] Built target _dynamic_biped_generate_messages_check_deps_srvChangeJoller
[  0%] Built target _dynamic_biped_generate_messages_check_deps_ECJointMotordata
[35m[1mScanning dependencies of target _dynamic_biped_generate_messages_check_deps_srvChangePhases[0m
[  0%] Built target _dynamic_biped_generate_messages_check_deps_handRotationEular
[35m[1mScanning dependencies of target _dynamic_biped_generate_messages_check_deps_robotArmInfo[0m
[35m[1mScanning dependencies of target geometry_msgs_generate_messages_py[0m
[35m[1mScanning dependencies of target _dynamic_biped_generate_messages_check_deps_srvManiInst[0m
[  0%] Built target geometry_msgs_generate_messages_py
[  0%] Built target _dynamic_biped_generate_messages_check_deps_srvchangeCtlMode
[  0%] Built target _dynamic_biped_generate_messages_check_deps_srvClearPositionCMD
[35m[1mScanning dependencies of target _dynamic_biped_generate_messages_check_deps_handRotation[0m
[35m[1mScanning dependencies of target _dynamic_biped_generate_messages_check_deps_robotTorsoState[0m
[35m[1mScanning dependencies of target _dynamic_biped_generate_messages_check_deps_QuaternionArray[0m
[35m[1mScanning dependencies of target _dynamic_biped_generate_messages_check_deps_robotArmQVVD[0m
[  0%] Built target _dynamic_biped_generate_messages_check_deps_srvChangePhases
[  0%] Built target _dynamic_biped_generate_messages_check_deps_srvManiInst
[  0%] Built target _dynamic_biped_generate_messages_check_deps_recordArmHandPose
[  0%] Built target _dynamic_biped_generate_messages_check_deps_robotArmInfo
[35m[1mScanning dependencies of target _dynamic_biped_generate_messages_check_deps_robot_hand_eff[0m
[  0%] Built target _dynamic_biped_generate_messages_check_deps_QuaternionArray
[35m[1mScanning dependencies of target _dynamic_biped_generate_messages_check_deps_robotHandPosition[0m
[35m[1mScanning dependencies of target _dynamic_biped_generate_messages_check_deps_walkCommand[0m
[35m[1mScanning dependencies of target _dynamic_biped_generate_messages_check_deps_robotHeadMotionData[0m
[35m[1mScanning dependencies of target _dynamic_biped_generate_messages_check_deps_armHandPose[0m
[  0%] Built target _dynamic_biped_generate_messages_check_deps_handRotation
[  0%] Built target _dynamic_biped_generate_messages_check_deps_robotTorsoState
[  0%] Built target _dynamic_biped_generate_messages_check_deps_robotArmQVVD
[  0%] Built target _dynamic_biped_generate_messages_check_deps_robot_hand_eff
[35m[1mScanning dependencies of target _dynamic_biped_generate_messages_check_deps_changeArmCtrlMode[0m
[35m[1mScanning dependencies of target _dynamic_biped_generate_messages_check_deps_changeAMBACCtrlMode[0m
[35m[1mScanning dependencies of target _dynamic_biped_generate_messages_check_deps_robotQVTau[0m
[  0%] Built target _dynamic_biped_generate_messages_check_deps_robotHeadMotionData
[35m[1mScanning dependencies of target _dynamic_biped_generate_messages_check_deps_controlEndHand[0m
[  0%] Built target _dynamic_biped_generate_messages_check_deps_robotHandPosition
[35m[1mScanning dependencies of target std_msgs_generate_messages_lisp[0m
[  0%] Built target _dynamic_biped_generate_messages_check_deps_walkCommand
[  0%] Built target _dynamic_biped_generate_messages_check_deps_armHandPose
[35m[1mScanning dependencies of target std_msgs_generate_messages_cpp[0m
[  0%] Built target _dynamic_biped_generate_messages_check_deps_changeAMBACCtrlMode
[35m[1mScanning dependencies of target geometry_msgs_generate_messages_cpp[0m
[  0%] Built target _dynamic_biped_generate_messages_check_deps_robotQVTau
[  0%] Built target std_msgs_generate_messages_cpp
[35m[1mScanning dependencies of target geometry_msgs_generate_messages_lisp[0m
[  0%] Built target std_msgs_generate_messages_lisp
[35m[1mScanning dependencies of target geometry_msgs_generate_messages_eus[0m
[35m[1mScanning dependencies of target std_msgs_generate_messages_eus[0m
[35m[1mScanning dependencies of target std_msgs_generate_messages_nodejs[0m
[  0%] Built target std_msgs_generate_messages_eus
[  0%] Built target std_msgs_generate_messages_nodejs
[  0%] Built target geometry_msgs_generate_messages_cpp
[  0%] Built target geometry_msgs_generate_messages_eus
[  0%] Built target geometry_msgs_generate_messages_lisp
[35m[1mScanning dependencies of target geometry_msgs_generate_messages_nodejs[0m
[  0%] Built target _dynamic_biped_generate_messages_check_deps_controlEndHand
[  0%] Built target _dynamic_biped_generate_messages_check_deps_changeArmCtrlMode
[35m[1mScanning dependencies of target dynamic_biped_generate_messages_py[0m
[35m[1mScanning dependencies of target dynamic_biped_generate_messages_cpp[0m
[  0%] Built target geometry_msgs_generate_messages_nodejs
[35m[1mScanning dependencies of target dynamic_biped_generate_messages_lisp[0m
[  1%] [34m[1mGenerating C++ code from dynamic_biped/armHandPose.msg[0m
[  1%] [34m[1mGenerating C++ code from dynamic_biped/ECJointMotordata.msg[0m
[  2%] [34m[1mGenerating Python from MSG dynamic_biped/armHandPose[0m
[35m[1mScanning dependencies of target dynamic_biped_generate_messages_eus[0m
[  3%] [34m[1mGenerating Python from MSG dynamic_biped/ECJointMotordata[0m
[  4%] [34m[1mGenerating C++ code from dynamic_biped/handRotationEular.msg[0m
[  5%] [34m[1mGenerating C++ code from dynamic_biped/handRotation.msg[0m
[  6%] [34m[1mGenerating Lisp code from dynamic_biped/armHandPose.msg[0m
[  7%] [34m[1mGenerating EusLisp code from dynamic_biped/armHandPose.msg[0m
[  7%] [34m[1mGenerating Lisp code from dynamic_biped/ECJointMotordata.msg[0m
[  8%] [34m[1mGenerating Lisp code from dynamic_biped/handRotationEular.msg[0m
[  8%] [34m[1mGenerating C++ code from dynamic_biped/QuaternionArray.msg[0m
[  8%] [34m[1mGenerating EusLisp code from dynamic_biped/ECJointMotordata.msg[0m
[  9%] [34m[1mGenerating C++ code from dynamic_biped/recordArmHandPose.msg[0m
[ 10%] [34m[1mGenerating C++ code from dynamic_biped/robotArmInfo.msg[0m
[ 11%] [34m[1mGenerating Lisp code from dynamic_biped/handRotation.msg[0m
[ 12%] [34m[1mGenerating Python from MSG dynamic_biped/handRotationEular[0m
[ 12%] [34m[1mGenerating Python from MSG dynamic_biped/handRotation[0m
[ 13%] [34m[1mGenerating Lisp code from dynamic_biped/QuaternionArray.msg[0m
[ 16%] [34m[1mGenerating Python from MSG dynamic_biped/QuaternionArray[0m
[ 16%] [34m[1mGenerating C++ code from dynamic_biped/robotArmQVVD.msg[0m
[ 17%] [34m[1mGenerating EusLisp code from dynamic_biped/handRotationEular.msg[0m
[ 18%] [34m[1mGenerating Lisp code from dynamic_biped/recordArmHandPose.msg[0m
[ 18%] [34m[1mGenerating Lisp code from dynamic_biped/robotArmInfo.msg[0m
[ 19%] [34m[1mGenerating C++ code from dynamic_biped/robot_hand_eff.msg[0m
[ 19%] [34m[1mGenerating C++ code from dynamic_biped/robotHandPosition.msg[0m
[ 20%] [34m[1mGenerating C++ code from dynamic_biped/robotHeadMotionData.msg[0m
[ 21%] [34m[1mGenerating Python from MSG dynamic_biped/recordArmHandPose[0m
[ 22%] [34m[1mGenerating Python from MSG dynamic_biped/robotArmInfo[0m
[ 23%] [34m[1mGenerating Lisp code from dynamic_biped/robotArmQVVD.msg[0m
[ 24%] [34m[1mGenerating C++ code from dynamic_biped/robotPhase.msg[0m
[ 25%] [34m[1mGenerating C++ code from dynamic_biped/robotQVTau.msg[0m
[ 26%] [34m[1mGenerating C++ code from dynamic_biped/robotTorsoState.msg[0m
[ 27%] [34m[1mGenerating Python from MSG dynamic_biped/robot_hand_eff[0m
[ 27%] [34m[1mGenerating Python from MSG dynamic_biped/robotArmQVVD[0m
[ 29%] [34m[1mGenerating Lisp code from dynamic_biped/robot_hand_eff.msg[0m
[ 30%] [34m[1mGenerating EusLisp code from dynamic_biped/handRotation.msg[0m
[ 30%] [34m[1mGenerating C++ code from dynamic_biped/walkCommand.msg[0m
[ 31%] [34m[1mGenerating C++ code from dynamic_biped/changeAMBACCtrlMode.srv[0m
[ 32%] [34m[1mGenerating C++ code from dynamic_biped/changeArmCtrlMode.srv[0m
[ 33%] [34m[1mGenerating C++ code from dynamic_biped/controlEndHand.srv[0m
[ 34%] [34m[1mGenerating Lisp code from dynamic_biped/robotHandPosition.msg[0m
[ 35%] [34m[1mGenerating C++ code from dynamic_biped/srvchangeCtlMode.srv[0m
[ 36%] [34m[1mGenerating Lisp code from dynamic_biped/robotHeadMotionData.msg[0m
[ 36%] [34m[1mGenerating Lisp code from dynamic_biped/robotPhase.msg[0m
[ 36%] [34m[1mGenerating C++ code from dynamic_biped/srvChangeJoller.srv[0m
[ 37%] [34m[1mGenerating C++ code from dynamic_biped/srvChangePhases.srv[0m
[ 38%] [34m[1mGenerating EusLisp code from dynamic_biped/QuaternionArray.msg[0m
[ 39%] [34m[1mGenerating C++ code from dynamic_biped/srvClearPositionCMD.srv[0m
[ 40%] [34m[1mGenerating Lisp code from dynamic_biped/robotQVTau.msg[0m
[ 41%] [34m[1mGenerating Python from MSG dynamic_biped/robotHandPosition[0m
[ 43%] [34m[1mGenerating C++ code from dynamic_biped/srvManiInst.srv[0m
[ 44%] [34m[1mGenerating Python from MSG dynamic_biped/robotHeadMotionData[0m
[ 45%] [34m[1mGenerating Lisp code from dynamic_biped/robotTorsoState.msg[0m
[ 46%] [34m[1mGenerating Python from MSG dynamic_biped/robotPhase[0m
[ 47%] [34m[1mGenerating Python from MSG dynamic_biped/robotQVTau[0m
[35m[1mScanning dependencies of target dynamic_biped_generate_messages_nodejs[0m
[ 48%] [34m[1mGenerating Javascript code from dynamic_biped/armHandPose.msg[0m
[ 48%] [34m[1mGenerating Python from MSG dynamic_biped/robotTorsoState[0m
[ 49%] [34m[1mGenerating Lisp code from dynamic_biped/walkCommand.msg[0m
[ 50%] [34m[1mGenerating EusLisp code from dynamic_biped/recordArmHandPose.msg[0m
[ 51%] [34m[1mGenerating Python from MSG dynamic_biped/walkCommand[0m
[ 51%] [34m[1mGenerating EusLisp code from dynamic_biped/robotArmInfo.msg[0m
[ 52%] [34m[1mGenerating Lisp code from dynamic_biped/changeAMBACCtrlMode.srv[0m
[ 53%] [34m[1mGenerating Javascript code from dynamic_biped/ECJointMotordata.msg[0m
[ 54%] [34m[1mGenerating Python code from SRV dynamic_biped/changeAMBACCtrlMode[0m
[ 54%] Built target dynamic_biped_generate_messages_cpp
[ 54%] [34m[1mGenerating Javascript code from dynamic_biped/handRotationEular.msg[0m
[ 54%] [34m[1mGenerating Lisp code from dynamic_biped/changeArmCtrlMode.srv[0m
[ 55%] [34m[1mGenerating EusLisp code from dynamic_biped/robotArmQVVD.msg[0m
[ 56%] [34m[1mGenerating EusLisp code from dynamic_biped/robot_hand_eff.msg[0m
[ 58%] [34m[1mGenerating Javascript code from dynamic_biped/handRotation.msg[0m
[ 59%] [34m[1mGenerating Python code from SRV dynamic_biped/changeArmCtrlMode[0m
[ 60%] [34m[1mGenerating Javascript code from dynamic_biped/QuaternionArray.msg[0m
[ 61%] [34m[1mGenerating Lisp code from dynamic_biped/controlEndHand.srv[0m
[ 62%] [34m[1mGenerating Python code from SRV dynamic_biped/controlEndHand[0m
[ 63%] [34m[1mGenerating Javascript code from dynamic_biped/recordArmHandPose.msg[0m
[ 64%] [34m[1mGenerating Javascript code from dynamic_biped/robotArmInfo.msg[0m
[ 65%] [34m[1mGenerating EusLisp code from dynamic_biped/robotHandPosition.msg[0m
[ 65%] [34m[1mGenerating Javascript code from dynamic_biped/robotArmQVVD.msg[0m
[ 66%] [34m[1mGenerating Lisp code from dynamic_biped/srvchangeCtlMode.srv[0m
[ 66%] [34m[1mGenerating Python code from SRV dynamic_biped/srvchangeCtlMode[0m
[ 66%] [34m[1mGenerating EusLisp code from dynamic_biped/robotHeadMotionData.msg[0m
[ 67%] [34m[1mGenerating Javascript code from dynamic_biped/robot_hand_eff.msg[0m
[ 68%] [34m[1mGenerating Javascript code from dynamic_biped/robotHandPosition.msg[0m
[ 69%] [34m[1mGenerating Javascript code from dynamic_biped/robotHeadMotionData.msg[0m
[ 70%] [34m[1mGenerating Lisp code from dynamic_biped/srvChangeJoller.srv[0m
[ 72%] [34m[1mGenerating Python code from SRV dynamic_biped/srvChangeJoller[0m
[ 73%] [34m[1mGenerating Python code from SRV dynamic_biped/srvChangePhases[0m
[ 74%] [34m[1mGenerating EusLisp code from dynamic_biped/robotPhase.msg[0m
[ 74%] [34m[1mGenerating Lisp code from dynamic_biped/srvChangePhases.srv[0m
[ 75%] [34m[1mGenerating Lisp code from dynamic_biped/srvClearPositionCMD.srv[0m
[ 76%] [34m[1mGenerating EusLisp code from dynamic_biped/robotQVTau.msg[0m
[ 77%] [34m[1mGenerating Javascript code from dynamic_biped/robotPhase.msg[0m
[ 78%] [34m[1mGenerating EusLisp code from dynamic_biped/robotTorsoState.msg[0m
[ 79%] [34m[1mGenerating EusLisp code from dynamic_biped/walkCommand.msg[0m
[ 80%] [34m[1mGenerating Python code from SRV dynamic_biped/srvClearPositionCMD[0m
[ 81%] [34m[1mGenerating Lisp code from dynamic_biped/srvManiInst.srv[0m
[ 82%] [34m[1mGenerating Python code from SRV dynamic_biped/srvManiInst[0m
[ 82%] [34m[1mGenerating Javascript code from dynamic_biped/robotQVTau.msg[0m
[ 82%] Built target dynamic_biped_generate_messages_lisp
[ 82%] [34m[1mGenerating EusLisp code from dynamic_biped/changeAMBACCtrlMode.srv[0m
[ 83%] [34m[1mGenerating EusLisp code from dynamic_biped/changeArmCtrlMode.srv[0m
[ 84%] [34m[1mGenerating Javascript code from dynamic_biped/robotTorsoState.msg[0m
[ 86%] [34m[1mGenerating EusLisp code from dynamic_biped/controlEndHand.srv[0m
[ 87%] [34m[1mGenerating EusLisp code from dynamic_biped/srvchangeCtlMode.srv[0m
[ 88%] [34m[1mGenerating EusLisp code from dynamic_biped/srvChangeJoller.srv[0m
[ 89%] [34m[1mGenerating Javascript code from dynamic_biped/walkCommand.msg[0m
[ 89%] [34m[1mGenerating EusLisp code from dynamic_biped/srvChangePhases.srv[0m
[ 90%] [34m[1mGenerating EusLisp code from dynamic_biped/srvClearPositionCMD.srv[0m
[ 91%] [34m[1mGenerating EusLisp code from dynamic_biped/srvManiInst.srv[0m
[ 92%] [34m[1mGenerating Javascript code from dynamic_biped/changeAMBACCtrlMode.srv[0m
[ 93%] [34m[1mGenerating EusLisp manifest code for dynamic_biped[0m
[ 94%] [34m[1mGenerating Javascript code from dynamic_biped/changeArmCtrlMode.srv[0m
[ 94%] [34m[1mGenerating Javascript code from dynamic_biped/controlEndHand.srv[0m
[ 95%] [34m[1mGenerating Javascript code from dynamic_biped/srvchangeCtlMode.srv[0m
[ 96%] [34m[1mGenerating Javascript code from dynamic_biped/srvChangePhases.srv[0m
[ 97%] [34m[1mGenerating Javascript code from dynamic_biped/srvChangeJoller.srv[0m
[ 98%] [34m[1mGenerating Javascript code from dynamic_biped/srvClearPositionCMD.srv[0m
[ 98%] [34m[1mGenerating Javascript code from dynamic_biped/srvManiInst.srv[0m
[ 98%] [34m[1mGenerating Python msg __init__.py for dynamic_biped[0m
[100%] [34m[1mGenerating Python srv __init__.py for dynamic_biped[0m
[100%] Built target dynamic_biped_generate_messages_nodejs
[100%] Built target dynamic_biped_generate_messages_py
[100%] Built target dynamic_biped_generate_messages_eus
[35m[1mScanning dependencies of target dynamic_biped_generate_messages[0m
[100%] Built target dynamic_biped_generate_messages
