[1.269s] Invoking command in '/root/Synthetic_data_collection/isaac_lab_data_collection/src/servo_angle_publisher': CONDA_PROMPT_MODIFIER=(exo_suit_jazzy_v2_3) PYTHONPATH=/root/Synthetic_data_collection/isaac_lab_data_collection/build/servo_angle_publisher/prefix_override:/usr/lib/python3/dist-packages/colcon_core/task/python/colcon_distutils_commands:/root/Synthetic_data_collection/isaac_lab_data_collection/install/servo_angle_publisher/lib/python3.12/site-packages:${PYTHONPATH} /usr/bin/python3 -W ignore:setup.py install is deprecated -W ignore:easy_install command is deprecated setup.py egg_info --egg-base ../../build/servo_angle_publisher build --build-base /root/Synthetic_data_collection/isaac_lab_data_collection/build/servo_angle_publisher/build install --record /root/Synthetic_data_collection/isaac_lab_data_collection/build/servo_angle_publisher/install.log --single-version-externally-managed install_data
[1.625s] running egg_info
[1.625s] creating ../../build/servo_angle_publisher/servo_angle_publisher.egg-info
[1.648s] writing ../../build/servo_angle_publisher/servo_angle_publisher.egg-info/PKG-INFO
[1.649s] writing dependency_links to ../../build/servo_angle_publisher/servo_angle_publisher.egg-info/dependency_links.txt
[1.649s] writing entry points to ../../build/servo_angle_publisher/servo_angle_publisher.egg-info/entry_points.txt
[1.650s] writing requirements to ../../build/servo_angle_publisher/servo_angle_publisher.egg-info/requires.txt
[1.650s] writing top-level names to ../../build/servo_angle_publisher/servo_angle_publisher.egg-info/top_level.txt
[1.651s] writing manifest file '../../build/servo_angle_publisher/servo_angle_publisher.egg-info/SOURCES.txt'
[1.697s] reading manifest file '../../build/servo_angle_publisher/servo_angle_publisher.egg-info/SOURCES.txt'
[1.699s] writing manifest file '../../build/servo_angle_publisher/servo_angle_publisher.egg-info/SOURCES.txt'
[1.699s] running build
[1.700s] running build_py
[1.700s] creating /root/Synthetic_data_collection/isaac_lab_data_collection/build/servo_angle_publisher/build
[1.701s] creating /root/Synthetic_data_collection/isaac_lab_data_collection/build/servo_angle_publisher/build/lib
[1.701s] creating /root/Synthetic_data_collection/isaac_lab_data_collection/build/servo_angle_publisher/build/lib/servo_angle_publisher
[1.702s] copying servo_angle_publisher/__init__.py -> /root/Synthetic_data_collection/isaac_lab_data_collection/build/servo_angle_publisher/build/lib/servo_angle_publisher
[1.703s] copying servo_angle_publisher/node.py -> /root/Synthetic_data_collection/isaac_lab_data_collection/build/servo_angle_publisher/build/lib/servo_angle_publisher
[1.703s] copying servo_angle_publisher/node_rad.py -> /root/Synthetic_data_collection/isaac_lab_data_collection/build/servo_angle_publisher/build/lib/servo_angle_publisher
[1.704s] running install
[1.714s] running install_lib
[1.738s] creating /root/Synthetic_data_collection/isaac_lab_data_collection/install/servo_angle_publisher/lib/python3.12/site-packages/servo_angle_publisher
[1.739s] copying /root/Synthetic_data_collection/isaac_lab_data_collection/build/servo_angle_publisher/build/lib/servo_angle_publisher/__init__.py -> /root/Synthetic_data_collection/isaac_lab_data_collection/install/servo_angle_publisher/lib/python3.12/site-packages/servo_angle_publisher
[1.739s] copying /root/Synthetic_data_collection/isaac_lab_data_collection/build/servo_angle_publisher/build/lib/servo_angle_publisher/node.py -> /root/Synthetic_data_collection/isaac_lab_data_collection/install/servo_angle_publisher/lib/python3.12/site-packages/servo_angle_publisher
[1.740s] copying /root/Synthetic_data_collection/isaac_lab_data_collection/build/servo_angle_publisher/build/lib/servo_angle_publisher/node_rad.py -> /root/Synthetic_data_collection/isaac_lab_data_collection/install/servo_angle_publisher/lib/python3.12/site-packages/servo_angle_publisher
[1.740s] byte-compiling /root/Synthetic_data_collection/isaac_lab_data_collection/install/servo_angle_publisher/lib/python3.12/site-packages/servo_angle_publisher/__init__.py to __init__.cpython-312.pyc
[1.741s] byte-compiling /root/Synthetic_data_collection/isaac_lab_data_collection/install/servo_angle_publisher/lib/python3.12/site-packages/servo_angle_publisher/node.py to node.cpython-312.pyc
[1.744s] byte-compiling /root/Synthetic_data_collection/isaac_lab_data_collection/install/servo_angle_publisher/lib/python3.12/site-packages/servo_angle_publisher/node_rad.py to node_rad.cpython-312.pyc
[1.747s] running install_data
[1.747s] creating /root/Synthetic_data_collection/isaac_lab_data_collection/install/servo_angle_publisher/share/ament_index
[1.748s] creating /root/Synthetic_data_collection/isaac_lab_data_collection/install/servo_angle_publisher/share/ament_index/resource_index
[1.749s] creating /root/Synthetic_data_collection/isaac_lab_data_collection/install/servo_angle_publisher/share/ament_index/resource_index/packages
[1.749s] copying resource/servo_angle_publisher -> /root/Synthetic_data_collection/isaac_lab_data_collection/install/servo_angle_publisher/share/ament_index/resource_index/packages
[1.749s] copying package.xml -> /root/Synthetic_data_collection/isaac_lab_data_collection/install/servo_angle_publisher/share/servo_angle_publisher
[1.750s] creating /root/Synthetic_data_collection/isaac_lab_data_collection/install/servo_angle_publisher/share/servo_angle_publisher/launch
[1.750s] copying launch/rad_servo_angle.launch.py -> /root/Synthetic_data_collection/isaac_lab_data_collection/install/servo_angle_publisher/share/servo_angle_publisher/launch
[1.751s] copying launch/servo_angle.launch.py -> /root/Synthetic_data_collection/isaac_lab_data_collection/install/servo_angle_publisher/share/servo_angle_publisher/launch
[1.751s] running install_egg_info
[1.775s] Copying ../../build/servo_angle_publisher/servo_angle_publisher.egg-info to /root/Synthetic_data_collection/isaac_lab_data_collection/install/servo_angle_publisher/lib/python3.12/site-packages/servo_angle_publisher-0.0.1-py3.12.egg-info
[1.777s] running install_scripts
[1.956s] Installing servo_angle_node script to /root/Synthetic_data_collection/isaac_lab_data_collection/install/servo_angle_publisher/lib/servo_angle_publisher
[1.956s] Installing servo_angle_node_rad script to /root/Synthetic_data_collection/isaac_lab_data_collection/install/servo_angle_publisher/lib/servo_angle_publisher
[1.957s] writing list of installed files to '/root/Synthetic_data_collection/isaac_lab_data_collection/build/servo_angle_publisher/install.log'
[2.073s] Invoked command in '/root/Synthetic_data_collection/isaac_lab_data_collection/src/servo_angle_publisher' returned '0': CONDA_PROMPT_MODIFIER=(exo_suit_jazzy_v2_3) PYTHONPATH=/root/Synthetic_data_collection/isaac_lab_data_collection/build/servo_angle_publisher/prefix_override:/usr/lib/python3/dist-packages/colcon_core/task/python/colcon_distutils_commands:/root/Synthetic_data_collection/isaac_lab_data_collection/install/servo_angle_publisher/lib/python3.12/site-packages:${PYTHONPATH} /usr/bin/python3 -W ignore:setup.py install is deprecated -W ignore:easy_install command is deprecated setup.py egg_info --egg-base ../../build/servo_angle_publisher build --build-base /root/Synthetic_data_collection/isaac_lab_data_collection/build/servo_angle_publisher/build install --record /root/Synthetic_data_collection/isaac_lab_data_collection/build/servo_angle_publisher/install.log --single-version-externally-managed install_data
