[0.030s] Invoking command in '/root/Synthetic_data_collection/build/dynamic_biped': /usr/bin/cmake /root/Synthetic_data_collection/real_robot_data_collection/src/dynamic_biped -DCATKIN_INSTALL_INTO_PREFIX_ROOT=0 -DCMAKE_INSTALL_PREFIX=/root/Synthetic_data_collection/install/dynamic_biped
[0.138s] [0mCMake Deprecation Warning at CMakeLists.txt:1 (cmake_minimum_required):
[0.139s]   Compatibility with CMake < 3.5 will be removed from a future version of
[0.139s]   CMake.
[0.140s] 
[0.140s]   Update the VERSION argument <min> value or use a ...<max> suffix to tell
[0.140s]   CMake that the project does not need compatibility with older versions.
[0.141s] 
[0.141s] [0m
[1.954s] -- The C compiler identification is GNU 13.3.0
[3.110s] -- The CXX compiler identification is GNU 13.3.0
[3.172s] -- Detecting C compiler ABI info
[3.682s] -- Detecting C compiler ABI info - done
[3.730s] -- Check for working C compiler: /usr/bin/cc - skipped
[3.730s] -- Detecting C compile features
[3.731s] -- Detecting C compile features - done
[3.759s] -- Detecting CXX compiler ABI info
[4.068s] -- Detecting CXX compiler ABI info - done
[4.117s] -- Check for working CXX compiler: /usr/bin/c++ - skipped
[4.118s] -- Detecting CXX compile features
[4.118s] -- Detecting CXX compile features - done
[4.154s] [31mCMake Error at CMakeLists.txt:5 (find_package):
[4.154s]   By not providing "Findcatkin.cmake" in CMAKE_MODULE_PATH this project has
[4.155s]   asked CMake to find a package configuration file provided by "catkin", but
[4.155s]   CMake did not find one.
[4.156s] 
[4.156s]   Could not find a package configuration file provided by "catkin" with any
[4.157s]   of the following names:
[4.157s] 
[4.157s]     catkinConfig.cmake
[4.158s]     catkin-config.cmake
[4.159s] 
[4.160s]   Add the installation prefix of "catkin" to CMAKE_PREFIX_PATH or set
[4.160s]   "catkin_DIR" to a directory containing one of the above files.  If "catkin"
[4.161s]   provides a separate development package or SDK, be sure it has been
[4.161s]   installed.
[4.162s] 
[4.162s] [0m
[4.163s] -- Configuring incomplete, errors occurred!
