-- Install configuration: ""
-- Up-to-date: /root/Synthetic_data_collection/isaac_lab_data_collection/install/my_robot_description/share/my_robot_description/urdf
-- Up-to-date: /root/Synthetic_data_collection/isaac_lab_data_collection/install/my_robot_description/share/my_robot_description/urdf/biped_s40.urdf
-- Up-to-date: /root/Synthetic_data_collection/isaac_lab_data_collection/install/my_robot_description/share/my_robot_description/meshes
-- Up-to-date: /root/Synthetic_data_collection/isaac_lab_data_collection/install/my_robot_description/share/my_robot_description/meshes/biped_s40_meshes
-- Up-to-date: /root/Synthetic_data_collection/isaac_lab_data_collection/install/my_robot_description/share/my_robot_description/meshes/biped_s40_meshes/l_hand_yaw.STL
-- Up-to-date: /root/Synthetic_data_collection/isaac_lab_data_collection/install/my_robot_description/share/my_robot_description/meshes/biped_s40_meshes/r_leg_roll.STL
-- Up-to-date: /root/Synthetic_data_collection/isaac_lab_data_collection/install/my_robot_description/share/my_robot_description/meshes/biped_s40_meshes/head_yaw.STL
-- Up-to-date: /root/Synthetic_data_collection/isaac_lab_data_collection/install/my_robot_description/share/my_robot_description/meshes/biped_s40_meshes/r_knee.STL
-- Up-to-date: /root/Synthetic_data_collection/isaac_lab_data_collection/install/my_robot_description/share/my_robot_description/meshes/biped_s40_meshes/l_leg_yaw.STL
-- Up-to-date: /root/Synthetic_data_collection/isaac_lab_data_collection/install/my_robot_description/share/my_robot_description/meshes/biped_s40_meshes/r_leg_yaw.STL
-- Up-to-date: /root/Synthetic_data_collection/isaac_lab_data_collection/install/my_robot_description/share/my_robot_description/meshes/biped_s40_meshes/l_r_tendon.STL
-- Up-to-date: /root/Synthetic_data_collection/isaac_lab_data_collection/install/my_robot_description/share/my_robot_description/meshes/biped_s40_meshes/l_hand_pitch.STL
-- Up-to-date: /root/Synthetic_data_collection/isaac_lab_data_collection/install/my_robot_description/share/my_robot_description/meshes/biped_s40_meshes/head_pitch.STL
-- Up-to-date: /root/Synthetic_data_collection/isaac_lab_data_collection/install/my_robot_description/share/my_robot_description/meshes/biped_s40_meshes/r_l_bar.STL
-- Up-to-date: /root/Synthetic_data_collection/isaac_lab_data_collection/install/my_robot_description/share/my_robot_description/meshes/biped_s40_meshes/l_foot_pitch.STL
-- Up-to-date: /root/Synthetic_data_collection/isaac_lab_data_collection/install/my_robot_description/share/my_robot_description/meshes/biped_s40_meshes/r_hand_yaw.STL
-- Up-to-date: /root/Synthetic_data_collection/isaac_lab_data_collection/install/my_robot_description/share/my_robot_description/meshes/biped_s40_meshes/l_foot_roll.STL
-- Up-to-date: /root/Synthetic_data_collection/isaac_lab_data_collection/install/my_robot_description/share/my_robot_description/meshes/biped_s40_meshes/camera.STL
-- Up-to-date: /root/Synthetic_data_collection/isaac_lab_data_collection/install/my_robot_description/share/my_robot_description/meshes/biped_s40_meshes/camera_base.STL
-- Up-to-date: /root/Synthetic_data_collection/isaac_lab_data_collection/install/my_robot_description/share/my_robot_description/meshes/biped_s40_meshes/l_l_tendon.STL
-- Up-to-date: /root/Synthetic_data_collection/isaac_lab_data_collection/install/my_robot_description/share/my_robot_description/meshes/biped_s40_meshes/l_arm_pitch.STL
-- Up-to-date: /root/Synthetic_data_collection/isaac_lab_data_collection/install/my_robot_description/share/my_robot_description/meshes/biped_s40_meshes/r_leg_pitch.STL
-- Up-to-date: /root/Synthetic_data_collection/isaac_lab_data_collection/install/my_robot_description/share/my_robot_description/meshes/biped_s40_meshes/r_foot_roll.STL
-- Up-to-date: /root/Synthetic_data_collection/isaac_lab_data_collection/install/my_robot_description/share/my_robot_description/meshes/biped_s40_meshes/r_r_tendon.STL
-- Up-to-date: /root/Synthetic_data_collection/isaac_lab_data_collection/install/my_robot_description/share/my_robot_description/meshes/biped_s40_meshes/r_r_bar.STL
-- Up-to-date: /root/Synthetic_data_collection/isaac_lab_data_collection/install/my_robot_description/share/my_robot_description/meshes/biped_s40_meshes/l_leg_pitch.STL
-- Up-to-date: /root/Synthetic_data_collection/isaac_lab_data_collection/install/my_robot_description/share/my_robot_description/meshes/biped_s40_meshes/l_l_bar.STL
-- Up-to-date: /root/Synthetic_data_collection/isaac_lab_data_collection/install/my_robot_description/share/my_robot_description/meshes/biped_s40_meshes/r_hand_pitch.STL
-- Up-to-date: /root/Synthetic_data_collection/isaac_lab_data_collection/install/my_robot_description/share/my_robot_description/meshes/biped_s40_meshes/r_arm_roll.STL
-- Up-to-date: /root/Synthetic_data_collection/isaac_lab_data_collection/install/my_robot_description/share/my_robot_description/meshes/biped_s40_meshes/l_hand_roll.STL
-- Up-to-date: /root/Synthetic_data_collection/isaac_lab_data_collection/install/my_robot_description/share/my_robot_description/meshes/biped_s40_meshes/l_knee.STL
-- Up-to-date: /root/Synthetic_data_collection/isaac_lab_data_collection/install/my_robot_description/share/my_robot_description/meshes/biped_s40_meshes/r_foot_pitch.STL
-- Up-to-date: /root/Synthetic_data_collection/isaac_lab_data_collection/install/my_robot_description/share/my_robot_description/meshes/biped_s40_meshes/l_arm_roll.STL
-- Up-to-date: /root/Synthetic_data_collection/isaac_lab_data_collection/install/my_robot_description/share/my_robot_description/meshes/biped_s40_meshes/l_forearm.STL
-- Up-to-date: /root/Synthetic_data_collection/isaac_lab_data_collection/install/my_robot_description/share/my_robot_description/meshes/biped_s40_meshes/r_hand_roll.STL
-- Up-to-date: /root/Synthetic_data_collection/isaac_lab_data_collection/install/my_robot_description/share/my_robot_description/meshes/biped_s40_meshes/base_link.STL
-- Up-to-date: /root/Synthetic_data_collection/isaac_lab_data_collection/install/my_robot_description/share/my_robot_description/meshes/biped_s40_meshes/r_forearm.STL
-- Up-to-date: /root/Synthetic_data_collection/isaac_lab_data_collection/install/my_robot_description/share/my_robot_description/meshes/biped_s40_meshes/r_arm_pitch.STL
-- Up-to-date: /root/Synthetic_data_collection/isaac_lab_data_collection/install/my_robot_description/share/my_robot_description/meshes/biped_s40_meshes/r_arm_yaw.STL
-- Up-to-date: /root/Synthetic_data_collection/isaac_lab_data_collection/install/my_robot_description/share/my_robot_description/meshes/biped_s40_meshes/l_arm_yaw.STL
-- Up-to-date: /root/Synthetic_data_collection/isaac_lab_data_collection/install/my_robot_description/share/my_robot_description/meshes/biped_s40_meshes/l_leg_roll.STL
-- Up-to-date: /root/Synthetic_data_collection/isaac_lab_data_collection/install/my_robot_description/share/my_robot_description/meshes/biped_s40_meshes/l_r_bar.STL
-- Up-to-date: /root/Synthetic_data_collection/isaac_lab_data_collection/install/my_robot_description/share/my_robot_description/meshes/biped_s40_meshes/r_l_tendon.STL
-- Up-to-date: /root/Synthetic_data_collection/isaac_lab_data_collection/install/my_robot_description/share/my_robot_description/launch
-- Up-to-date: /root/Synthetic_data_collection/isaac_lab_data_collection/install/my_robot_description/share/my_robot_description/launch/display_launch.py
-- Installing: /root/Synthetic_data_collection/isaac_lab_data_collection/install/my_robot_description/share/my_robot_description/launch/s40_display_launch.py
-- Up-to-date: /root/Synthetic_data_collection/isaac_lab_data_collection/install/my_robot_description/share/my_robot_description/config
-- Up-to-date: /root/Synthetic_data_collection/isaac_lab_data_collection/install/my_robot_description/share/my_robot_description/config/joint_names_biped_s45.yaml
-- Up-to-date: /root/Synthetic_data_collection/isaac_lab_data_collection/install/my_robot_description/share/ament_index/resource_index/package_run_dependencies/my_robot_description
-- Up-to-date: /root/Synthetic_data_collection/isaac_lab_data_collection/install/my_robot_description/share/ament_index/resource_index/parent_prefix_path/my_robot_description
-- Up-to-date: /root/Synthetic_data_collection/isaac_lab_data_collection/install/my_robot_description/share/my_robot_description/environment/ament_prefix_path.sh
-- Up-to-date: /root/Synthetic_data_collection/isaac_lab_data_collection/install/my_robot_description/share/my_robot_description/environment/ament_prefix_path.dsv
-- Up-to-date: /root/Synthetic_data_collection/isaac_lab_data_collection/install/my_robot_description/share/my_robot_description/environment/path.sh
-- Up-to-date: /root/Synthetic_data_collection/isaac_lab_data_collection/install/my_robot_description/share/my_robot_description/environment/path.dsv
-- Up-to-date: /root/Synthetic_data_collection/isaac_lab_data_collection/install/my_robot_description/share/my_robot_description/local_setup.bash
-- Up-to-date: /root/Synthetic_data_collection/isaac_lab_data_collection/install/my_robot_description/share/my_robot_description/local_setup.sh
-- Up-to-date: /root/Synthetic_data_collection/isaac_lab_data_collection/install/my_robot_description/share/my_robot_description/local_setup.zsh
-- Up-to-date: /root/Synthetic_data_collection/isaac_lab_data_collection/install/my_robot_description/share/my_robot_description/local_setup.dsv
-- Installing: /root/Synthetic_data_collection/isaac_lab_data_collection/install/my_robot_description/share/my_robot_description/package.dsv
-- Up-to-date: /root/Synthetic_data_collection/isaac_lab_data_collection/install/my_robot_description/share/ament_index/resource_index/packages/my_robot_description
-- Up-to-date: /root/Synthetic_data_collection/isaac_lab_data_collection/install/my_robot_description/share/my_robot_description/cmake/my_robot_descriptionConfig.cmake
-- Up-to-date: /root/Synthetic_data_collection/isaac_lab_data_collection/install/my_robot_description/share/my_robot_description/cmake/my_robot_descriptionConfig-version.cmake
-- Up-to-date: /root/Synthetic_data_collection/isaac_lab_data_collection/install/my_robot_description/share/my_robot_description/package.xml
