[0.049s] Invoking command in '/root/Synthetic_data_collection/isaac_lab_data_collection/build/dynamic_biped': CMAKE_PREFIX_PATH=${CMAKE_PREFIX_PATH}:/opt/ros/jazzy CONDA_PROMPT_MODIFIER=(exo_suit_jazzy_v2_2) /usr/bin/cmake --build /root/Synthetic_data_collection/isaac_lab_data_collection/build/dynamic_biped -- -j8 -l8
[0.717s] [  0%] Built target dynamic_biped__rosidl_generator_type_description
[0.730s] [  0%] Built target ament_cmake_python_symlink_dynamic_biped
[0.800s] [  0%] Built target dynamic_biped__cpp
[0.936s] [ 28%] Built target dynamic_biped__rosidl_generator_c
[1.202s] [ 42%] Built target dynamic_biped__rosidl_typesupport_fastrtps_c
[1.202s] [ 48%] Built target dynamic_biped__rosidl_typesupport_c
[1.206s] [ 57%] Built target dynamic_biped__rosidl_typesupport_fastrtps_cpp
[1.208s] [ 74%] Built target dynamic_biped__rosidl_typesupport_introspection_c
[1.209s] [ 77%] Built target dynamic_biped__rosidl_typesupport_cpp
[1.210s] [ 87%] Built target dynamic_biped__rosidl_typesupport_introspection_cpp
[1.291s] [ 87%] Built target dynamic_biped
[1.383s] [ 87%] Built target dynamic_biped__py
[1.455s] running egg_info
[1.478s] writing dynamic_biped.egg-info/PKG-INFO
[1.479s] writing dependency_links to dynamic_biped.egg-info/dependency_links.txt
[1.479s] writing top-level names to dynamic_biped.egg-info/top_level.txt
[1.520s] [ 97%] Built target dynamic_biped__rosidl_generator_py
[1.549s] reading manifest file 'dynamic_biped.egg-info/SOURCES.txt'
[1.553s] writing manifest file 'dynamic_biped.egg-info/SOURCES.txt'
[1.621s] [ 98%] Built target dynamic_biped_s__rosidl_typesupport_introspection_c
[1.646s] [100%] Built target dynamic_biped_s__rosidl_typesupport_c
[1.647s] [100%] Built target dynamic_biped_s__rosidl_typesupport_fastrtps_c
[1.695s] [100%] Built target ament_cmake_python_build_dynamic_biped_egg
[1.738s] Invoked command in '/root/Synthetic_data_collection/isaac_lab_data_collection/build/dynamic_biped' returned '0': CMAKE_PREFIX_PATH=${CMAKE_PREFIX_PATH}:/opt/ros/jazzy CONDA_PROMPT_MODIFIER=(exo_suit_jazzy_v2_2) /usr/bin/cmake --build /root/Synthetic_data_collection/isaac_lab_data_collection/build/dynamic_biped -- -j8 -l8
[1.743s] Invoking command in '/root/Synthetic_data_collection/isaac_lab_data_collection/build/dynamic_biped': CMAKE_PREFIX_PATH=${CMAKE_PREFIX_PATH}:/opt/ros/jazzy CONDA_PROMPT_MODIFIER=(exo_suit_jazzy_v2_2) /usr/bin/cmake --install /root/Synthetic_data_collection/isaac_lab_data_collection/build/dynamic_biped
[1.774s] -- Install configuration: ""
[1.776s] -- Execute custom install script
[1.779s] -- Up-to-date symlink: /root/Synthetic_data_collection/isaac_lab_data_collection/install/dynamic_biped/share/ament_index/resource_index/rosidl_interfaces/dynamic_biped
[1.780s] -- Up-to-date symlink: /root/Synthetic_data_collection/isaac_lab_data_collection/install/dynamic_biped/share/dynamic_biped/msg/ArmHandPose.json
[1.781s] -- Up-to-date symlink: /root/Synthetic_data_collection/isaac_lab_data_collection/install/dynamic_biped/share/dynamic_biped/msg/ECJointMotordata.json
[1.782s] -- Up-to-date symlink: /root/Synthetic_data_collection/isaac_lab_data_collection/install/dynamic_biped/share/dynamic_biped/msg/HandRotationEular.json
[1.783s] -- Up-to-date symlink: /root/Synthetic_data_collection/isaac_lab_data_collection/install/dynamic_biped/share/dynamic_biped/msg/HandRotation.json
[1.783s] -- Up-to-date symlink: /root/Synthetic_data_collection/isaac_lab_data_collection/install/dynamic_biped/share/dynamic_biped/msg/QuaternionArray.json
[1.784s] -- Up-to-date symlink: /root/Synthetic_data_collection/isaac_lab_data_collection/install/dynamic_biped/share/dynamic_biped/msg/RecordArmHandPose.json
[1.785s] -- Up-to-date symlink: /root/Synthetic_data_collection/isaac_lab_data_collection/install/dynamic_biped/share/dynamic_biped/msg/RobotArmInfo.json
[1.786s] -- Up-to-date symlink: /root/Synthetic_data_collection/isaac_lab_data_collection/install/dynamic_biped/share/dynamic_biped/msg/RobotArmQVVD.json
[1.786s] -- Up-to-date symlink: /root/Synthetic_data_collection/isaac_lab_data_collection/install/dynamic_biped/share/dynamic_biped/msg/RobotHandEff.json
[1.787s] -- Up-to-date symlink: /root/Synthetic_data_collection/isaac_lab_data_collection/install/dynamic_biped/share/dynamic_biped/msg/RobotHandPosition.json
[1.787s] -- Up-to-date symlink: /root/Synthetic_data_collection/isaac_lab_data_collection/install/dynamic_biped/share/dynamic_biped/msg/RobotHeadMotionData.json
[1.788s] -- Up-to-date symlink: /root/Synthetic_data_collection/isaac_lab_data_collection/install/dynamic_biped/share/dynamic_biped/msg/RobotPhase.json
[1.789s] -- Up-to-date symlink: /root/Synthetic_data_collection/isaac_lab_data_collection/install/dynamic_biped/share/dynamic_biped/msg/RobotQVTau.json
[1.789s] -- Up-to-date symlink: /root/Synthetic_data_collection/isaac_lab_data_collection/install/dynamic_biped/share/dynamic_biped/msg/RobotTorsoState.json
[1.790s] -- Up-to-date symlink: /root/Synthetic_data_collection/isaac_lab_data_collection/install/dynamic_biped/share/dynamic_biped/msg/WalkCommand.json
[1.791s] -- Up-to-date symlink: /root/Synthetic_data_collection/isaac_lab_data_collection/install/dynamic_biped/share/dynamic_biped/srv/ChangeAMBACCtrlMode.json
[1.791s] -- Up-to-date symlink: /root/Synthetic_data_collection/isaac_lab_data_collection/install/dynamic_biped/share/dynamic_biped/srv/ChangeArmCtrlMode.json
[1.792s] -- Up-to-date symlink: /root/Synthetic_data_collection/isaac_lab_data_collection/install/dynamic_biped/share/dynamic_biped/srv/ControlEndHand.json
[1.793s] -- Up-to-date symlink: /root/Synthetic_data_collection/isaac_lab_data_collection/install/dynamic_biped/share/dynamic_biped/srv/SrvChangeCtlMode.json
[1.793s] -- Up-to-date symlink: /root/Synthetic_data_collection/isaac_lab_data_collection/install/dynamic_biped/share/dynamic_biped/srv/SrvChangeJoller.json
[1.794s] -- Up-to-date symlink: /root/Synthetic_data_collection/isaac_lab_data_collection/install/dynamic_biped/share/dynamic_biped/srv/SrvChangePhases.json
[1.795s] -- Up-to-date symlink: /root/Synthetic_data_collection/isaac_lab_data_collection/install/dynamic_biped/share/dynamic_biped/srv/SrvClearPositionCMD.json
[1.795s] -- Up-to-date symlink: /root/Synthetic_data_collection/isaac_lab_data_collection/install/dynamic_biped/share/dynamic_biped/srv/SrvManiInst.json
[1.801s] -- Up-to-date symlink: /root/Synthetic_data_collection/isaac_lab_data_collection/install/dynamic_biped/include/dynamic_biped/dynamic_biped/msg/arm_hand_pose.h
[1.802s] -- Up-to-date symlink: /root/Synthetic_data_collection/isaac_lab_data_collection/install/dynamic_biped/include/dynamic_biped/dynamic_biped/msg/detail/arm_hand_pose__functions.h
[1.803s] -- Up-to-date symlink: /root/Synthetic_data_collection/isaac_lab_data_collection/install/dynamic_biped/include/dynamic_biped/dynamic_biped/msg/detail/arm_hand_pose__struct.h
[1.804s] -- Up-to-date symlink: /root/Synthetic_data_collection/isaac_lab_data_collection/install/dynamic_biped/include/dynamic_biped/dynamic_biped/msg/detail/arm_hand_pose__type_support.h
[1.804s] -- Up-to-date symlink: /root/Synthetic_data_collection/isaac_lab_data_collection/install/dynamic_biped/include/dynamic_biped/dynamic_biped/msg/detail/ec_joint_motordata__functions.h
[1.805s] -- Up-to-date symlink: /root/Synthetic_data_collection/isaac_lab_data_collection/install/dynamic_biped/include/dynamic_biped/dynamic_biped/msg/detail/ec_joint_motordata__struct.h
[1.806s] -- Up-to-date symlink: /root/Synthetic_data_collection/isaac_lab_data_collection/install/dynamic_biped/include/dynamic_biped/dynamic_biped/msg/detail/ec_joint_motordata__type_support.h
[1.807s] -- Up-to-date symlink: /root/Synthetic_data_collection/isaac_lab_data_collection/install/dynamic_biped/include/dynamic_biped/dynamic_biped/msg/detail/hand_rotation__functions.h
[1.807s] -- Up-to-date symlink: /root/Synthetic_data_collection/isaac_lab_data_collection/install/dynamic_biped/include/dynamic_biped/dynamic_biped/msg/detail/hand_rotation__struct.h
[1.808s] -- Up-to-date symlink: /root/Synthetic_data_collection/isaac_lab_data_collection/install/dynamic_biped/include/dynamic_biped/dynamic_biped/msg/detail/hand_rotation__type_support.h
[1.808s] -- Up-to-date symlink: /root/Synthetic_data_collection/isaac_lab_data_collection/install/dynamic_biped/include/dynamic_biped/dynamic_biped/msg/detail/hand_rotation_eular__functions.h
[1.809s] -- Up-to-date symlink: /root/Synthetic_data_collection/isaac_lab_data_collection/install/dynamic_biped/include/dynamic_biped/dynamic_biped/msg/detail/hand_rotation_eular__struct.h
[1.809s] -- Up-to-date symlink: /root/Synthetic_data_collection/isaac_lab_data_collection/install/dynamic_biped/include/dynamic_biped/dynamic_biped/msg/detail/hand_rotation_eular__type_support.h
[1.810s] -- Up-to-date symlink: /root/Synthetic_data_collection/isaac_lab_data_collection/install/dynamic_biped/include/dynamic_biped/dynamic_biped/msg/detail/quaternion_array__functions.h
[1.810s] -- Up-to-date symlink: /root/Synthetic_data_collection/isaac_lab_data_collection/install/dynamic_biped/include/dynamic_biped/dynamic_biped/msg/detail/quaternion_array__struct.h
[1.811s] -- Up-to-date symlink: /root/Synthetic_data_collection/isaac_lab_data_collection/install/dynamic_biped/include/dynamic_biped/dynamic_biped/msg/detail/quaternion_array__type_support.h
[1.811s] -- Up-to-date symlink: /root/Synthetic_data_collection/isaac_lab_data_collection/install/dynamic_biped/include/dynamic_biped/dynamic_biped/msg/detail/record_arm_hand_pose__functions.h
[1.811s] -- Up-to-date symlink: /root/Synthetic_data_collection/isaac_lab_data_collection/install/dynamic_biped/include/dynamic_biped/dynamic_biped/msg/detail/record_arm_hand_pose__struct.h
[1.812s] -- Up-to-date symlink: /root/Synthetic_data_collection/isaac_lab_data_collection/install/dynamic_biped/include/dynamic_biped/dynamic_biped/msg/detail/record_arm_hand_pose__type_support.h
[1.813s] -- Up-to-date symlink: /root/Synthetic_data_collection/isaac_lab_data_collection/install/dynamic_biped/include/dynamic_biped/dynamic_biped/msg/detail/robot_arm_info__functions.h
[1.813s] -- Up-to-date symlink: /root/Synthetic_data_collection/isaac_lab_data_collection/install/dynamic_biped/include/dynamic_biped/dynamic_biped/msg/detail/robot_arm_info__struct.h
[1.814s] -- Up-to-date symlink: /root/Synthetic_data_collection/isaac_lab_data_collection/install/dynamic_biped/include/dynamic_biped/dynamic_biped/msg/detail/robot_arm_info__type_support.h
[1.815s] -- Up-to-date symlink: /root/Synthetic_data_collection/isaac_lab_data_collection/install/dynamic_biped/include/dynamic_biped/dynamic_biped/msg/detail/robot_arm_qvvd__functions.h
[1.815s] -- Up-to-date symlink: /root/Synthetic_data_collection/isaac_lab_data_collection/install/dynamic_biped/include/dynamic_biped/dynamic_biped/msg/detail/robot_arm_qvvd__struct.h
[1.816s] -- Up-to-date symlink: /root/Synthetic_data_collection/isaac_lab_data_collection/install/dynamic_biped/include/dynamic_biped/dynamic_biped/msg/detail/robot_arm_qvvd__type_support.h
[1.816s] -- Up-to-date symlink: /root/Synthetic_data_collection/isaac_lab_data_collection/install/dynamic_biped/include/dynamic_biped/dynamic_biped/msg/detail/robot_hand_eff__functions.h
[1.817s] -- Up-to-date symlink: /root/Synthetic_data_collection/isaac_lab_data_collection/install/dynamic_biped/include/dynamic_biped/dynamic_biped/msg/detail/robot_hand_eff__struct.h
[1.818s] -- Up-to-date symlink: /root/Synthetic_data_collection/isaac_lab_data_collection/install/dynamic_biped/include/dynamic_biped/dynamic_biped/msg/detail/robot_hand_eff__type_support.h
[1.818s] -- Up-to-date symlink: /root/Synthetic_data_collection/isaac_lab_data_collection/install/dynamic_biped/include/dynamic_biped/dynamic_biped/msg/detail/robot_hand_position__functions.h
[1.819s] -- Up-to-date symlink: /root/Synthetic_data_collection/isaac_lab_data_collection/install/dynamic_biped/include/dynamic_biped/dynamic_biped/msg/detail/robot_hand_position__struct.h
[1.819s] -- Up-to-date symlink: /root/Synthetic_data_collection/isaac_lab_data_collection/install/dynamic_biped/include/dynamic_biped/dynamic_biped/msg/detail/robot_hand_position__type_support.h
[1.820s] -- Up-to-date symlink: /root/Synthetic_data_collection/isaac_lab_data_collection/install/dynamic_biped/include/dynamic_biped/dynamic_biped/msg/detail/robot_head_motion_data__functions.h
[1.820s] -- Up-to-date symlink: /root/Synthetic_data_collection/isaac_lab_data_collection/install/dynamic_biped/include/dynamic_biped/dynamic_biped/msg/detail/robot_head_motion_data__struct.h
[1.821s] -- Up-to-date symlink: /root/Synthetic_data_collection/isaac_lab_data_collection/install/dynamic_biped/include/dynamic_biped/dynamic_biped/msg/detail/robot_head_motion_data__type_support.h
[1.822s] -- Up-to-date symlink: /root/Synthetic_data_collection/isaac_lab_data_collection/install/dynamic_biped/include/dynamic_biped/dynamic_biped/msg/detail/robot_phase__functions.h
[1.822s] -- Up-to-date symlink: /root/Synthetic_data_collection/isaac_lab_data_collection/install/dynamic_biped/include/dynamic_biped/dynamic_biped/msg/detail/robot_phase__struct.h
[1.823s] -- Up-to-date symlink: /root/Synthetic_data_collection/isaac_lab_data_collection/install/dynamic_biped/include/dynamic_biped/dynamic_biped/msg/detail/robot_phase__type_support.h
[1.823s] -- Up-to-date symlink: /root/Synthetic_data_collection/isaac_lab_data_collection/install/dynamic_biped/include/dynamic_biped/dynamic_biped/msg/detail/robot_qv_tau__functions.h
[1.824s] -- Up-to-date symlink: /root/Synthetic_data_collection/isaac_lab_data_collection/install/dynamic_biped/include/dynamic_biped/dynamic_biped/msg/detail/robot_qv_tau__struct.h
[1.824s] -- Up-to-date symlink: /root/Synthetic_data_collection/isaac_lab_data_collection/install/dynamic_biped/include/dynamic_biped/dynamic_biped/msg/detail/robot_qv_tau__type_support.h
[1.825s] -- Up-to-date symlink: /root/Synthetic_data_collection/isaac_lab_data_collection/install/dynamic_biped/include/dynamic_biped/dynamic_biped/msg/detail/robot_torso_state__functions.h
[1.826s] -- Up-to-date symlink: /root/Synthetic_data_collection/isaac_lab_data_collection/install/dynamic_biped/include/dynamic_biped/dynamic_biped/msg/detail/robot_torso_state__struct.h
[1.826s] -- Up-to-date symlink: /root/Synthetic_data_collection/isaac_lab_data_collection/install/dynamic_biped/include/dynamic_biped/dynamic_biped/msg/detail/robot_torso_state__type_support.h
[1.827s] -- Up-to-date symlink: /root/Synthetic_data_collection/isaac_lab_data_collection/install/dynamic_biped/include/dynamic_biped/dynamic_biped/msg/detail/walk_command__functions.h
[1.827s] -- Up-to-date symlink: /root/Synthetic_data_collection/isaac_lab_data_collection/install/dynamic_biped/include/dynamic_biped/dynamic_biped/msg/detail/walk_command__struct.h
[1.828s] -- Up-to-date symlink: /root/Synthetic_data_collection/isaac_lab_data_collection/install/dynamic_biped/include/dynamic_biped/dynamic_biped/msg/detail/walk_command__type_support.h
[1.828s] -- Up-to-date symlink: /root/Synthetic_data_collection/isaac_lab_data_collection/install/dynamic_biped/include/dynamic_biped/dynamic_biped/msg/ec_joint_motordata.h
[1.829s] -- Up-to-date symlink: /root/Synthetic_data_collection/isaac_lab_data_collection/install/dynamic_biped/include/dynamic_biped/dynamic_biped/msg/hand_rotation.h
[1.829s] -- Up-to-date symlink: /root/Synthetic_data_collection/isaac_lab_data_collection/install/dynamic_biped/include/dynamic_biped/dynamic_biped/msg/hand_rotation_eular.h
[1.830s] -- Up-to-date symlink: /root/Synthetic_data_collection/isaac_lab_data_collection/install/dynamic_biped/include/dynamic_biped/dynamic_biped/msg/quaternion_array.h
[1.831s] -- Up-to-date symlink: /root/Synthetic_data_collection/isaac_lab_data_collection/install/dynamic_biped/include/dynamic_biped/dynamic_biped/msg/record_arm_hand_pose.h
[1.831s] -- Up-to-date symlink: /root/Synthetic_data_collection/isaac_lab_data_collection/install/dynamic_biped/include/dynamic_biped/dynamic_biped/msg/robot_arm_info.h
[1.832s] -- Up-to-date symlink: /root/Synthetic_data_collection/isaac_lab_data_collection/install/dynamic_biped/include/dynamic_biped/dynamic_biped/msg/robot_arm_qvvd.h
[1.832s] -- Up-to-date symlink: /root/Synthetic_data_collection/isaac_lab_data_collection/install/dynamic_biped/include/dynamic_biped/dynamic_biped/msg/robot_hand_eff.h
[1.833s] -- Up-to-date symlink: /root/Synthetic_data_collection/isaac_lab_data_collection/install/dynamic_biped/include/dynamic_biped/dynamic_biped/msg/robot_hand_position.h
[1.833s] -- Up-to-date symlink: /root/Synthetic_data_collection/isaac_lab_data_collection/install/dynamic_biped/include/dynamic_biped/dynamic_biped/msg/robot_head_motion_data.h
[1.834s] -- Up-to-date symlink: /root/Synthetic_data_collection/isaac_lab_data_collection/install/dynamic_biped/include/dynamic_biped/dynamic_biped/msg/robot_phase.h
[1.835s] -- Up-to-date symlink: /root/Synthetic_data_collection/isaac_lab_data_collection/install/dynamic_biped/include/dynamic_biped/dynamic_biped/msg/robot_qv_tau.h
[1.835s] -- Up-to-date symlink: /root/Synthetic_data_collection/isaac_lab_data_collection/install/dynamic_biped/include/dynamic_biped/dynamic_biped/msg/robot_torso_state.h
[1.836s] -- Up-to-date symlink: /root/Synthetic_data_collection/isaac_lab_data_collection/install/dynamic_biped/include/dynamic_biped/dynamic_biped/msg/rosidl_generator_c__visibility_control.h
[1.836s] -- Up-to-date symlink: /root/Synthetic_data_collection/isaac_lab_data_collection/install/dynamic_biped/include/dynamic_biped/dynamic_biped/msg/walk_command.h
[1.837s] -- Up-to-date symlink: /root/Synthetic_data_collection/isaac_lab_data_collection/install/dynamic_biped/include/dynamic_biped/dynamic_biped/srv/change_ambac_ctrl_mode.h
[1.838s] -- Up-to-date symlink: /root/Synthetic_data_collection/isaac_lab_data_collection/install/dynamic_biped/include/dynamic_biped/dynamic_biped/srv/change_arm_ctrl_mode.h
[1.838s] -- Up-to-date symlink: /root/Synthetic_data_collection/isaac_lab_data_collection/install/dynamic_biped/include/dynamic_biped/dynamic_biped/srv/control_end_hand.h
[1.840s] -- Up-to-date symlink: /root/Synthetic_data_collection/isaac_lab_data_collection/install/dynamic_biped/include/dynamic_biped/dynamic_biped/srv/detail/change_ambac_ctrl_mode__functions.h
[1.841s] -- Up-to-date symlink: /root/Synthetic_data_collection/isaac_lab_data_collection/install/dynamic_biped/include/dynamic_biped/dynamic_biped/srv/detail/change_ambac_ctrl_mode__struct.h
[1.842s] -- Up-to-date symlink: /root/Synthetic_data_collection/isaac_lab_data_collection/install/dynamic_biped/include/dynamic_biped/dynamic_biped/srv/detail/change_ambac_ctrl_mode__type_support.h
[1.842s] -- Up-to-date symlink: /root/Synthetic_data_collection/isaac_lab_data_collection/install/dynamic_biped/include/dynamic_biped/dynamic_biped/srv/detail/change_arm_ctrl_mode__functions.h
[1.843s] -- Up-to-date symlink: /root/Synthetic_data_collection/isaac_lab_data_collection/install/dynamic_biped/include/dynamic_biped/dynamic_biped/srv/detail/change_arm_ctrl_mode__struct.h
[1.843s] -- Up-to-date symlink: /root/Synthetic_data_collection/isaac_lab_data_collection/install/dynamic_biped/include/dynamic_biped/dynamic_biped/srv/detail/change_arm_ctrl_mode__type_support.h
[1.844s] -- Up-to-date symlink: /root/Synthetic_data_collection/isaac_lab_data_collection/install/dynamic_biped/include/dynamic_biped/dynamic_biped/srv/detail/control_end_hand__functions.h
[1.845s] -- Up-to-date symlink: /root/Synthetic_data_collection/isaac_lab_data_collection/install/dynamic_biped/include/dynamic_biped/dynamic_biped/srv/detail/control_end_hand__struct.h
[1.845s] -- Up-to-date symlink: /root/Synthetic_data_collection/isaac_lab_data_collection/install/dynamic_biped/include/dynamic_biped/dynamic_biped/srv/detail/control_end_hand__type_support.h
[1.846s] -- Up-to-date symlink: /root/Synthetic_data_collection/isaac_lab_data_collection/install/dynamic_biped/include/dynamic_biped/dynamic_biped/srv/detail/srv_change_ctl_mode__functions.h
[1.847s] -- Up-to-date symlink: /root/Synthetic_data_collection/isaac_lab_data_collection/install/dynamic_biped/include/dynamic_biped/dynamic_biped/srv/detail/srv_change_ctl_mode__struct.h
[1.847s] -- Up-to-date symlink: /root/Synthetic_data_collection/isaac_lab_data_collection/install/dynamic_biped/include/dynamic_biped/dynamic_biped/srv/detail/srv_change_ctl_mode__type_support.h
[1.848s] -- Up-to-date symlink: /root/Synthetic_data_collection/isaac_lab_data_collection/install/dynamic_biped/include/dynamic_biped/dynamic_biped/srv/detail/srv_change_joller__functions.h
[1.849s] -- Up-to-date symlink: /root/Synthetic_data_collection/isaac_lab_data_collection/install/dynamic_biped/include/dynamic_biped/dynamic_biped/srv/detail/srv_change_joller__struct.h
[1.849s] -- Up-to-date symlink: /root/Synthetic_data_collection/isaac_lab_data_collection/install/dynamic_biped/include/dynamic_biped/dynamic_biped/srv/detail/srv_change_joller__type_support.h
[1.850s] -- Up-to-date symlink: /root/Synthetic_data_collection/isaac_lab_data_collection/install/dynamic_biped/include/dynamic_biped/dynamic_biped/srv/detail/srv_change_phases__functions.h
[1.851s] -- Up-to-date symlink: /root/Synthetic_data_collection/isaac_lab_data_collection/install/dynamic_biped/include/dynamic_biped/dynamic_biped/srv/detail/srv_change_phases__struct.h
[1.853s] -- Up-to-date symlink: /root/Synthetic_data_collection/isaac_lab_data_collection/install/dynamic_biped/include/dynamic_biped/dynamic_biped/srv/detail/srv_change_phases__type_support.h
[1.855s] -- Up-to-date symlink: /root/Synthetic_data_collection/isaac_lab_data_collection/install/dynamic_biped/include/dynamic_biped/dynamic_biped/srv/detail/srv_clear_position_cmd__functions.h
[1.859s] -- Up-to-date symlink: /root/Synthetic_data_collection/isaac_lab_data_collection/install/dynamic_biped/include/dynamic_biped/dynamic_biped/srv/detail/srv_clear_position_cmd__struct.h
[1.860s] -- Up-to-date symlink: /root/Synthetic_data_collection/isaac_lab_data_collection/install/dynamic_biped/include/dynamic_biped/dynamic_biped/srv/detail/srv_clear_position_cmd__type_support.h
[1.860s] -- Up-to-date symlink: /root/Synthetic_data_collection/isaac_lab_data_collection/install/dynamic_biped/include/dynamic_biped/dynamic_biped/srv/detail/srv_mani_inst__functions.h
[1.861s] -- Up-to-date symlink: /root/Synthetic_data_collection/isaac_lab_data_collection/install/dynamic_biped/include/dynamic_biped/dynamic_biped/srv/detail/srv_mani_inst__struct.h
[1.861s] -- Up-to-date symlink: /root/Synthetic_data_collection/isaac_lab_data_collection/install/dynamic_biped/include/dynamic_biped/dynamic_biped/srv/detail/srv_mani_inst__type_support.h
[1.862s] -- Up-to-date symlink: /root/Synthetic_data_collection/isaac_lab_data_collection/install/dynamic_biped/include/dynamic_biped/dynamic_biped/srv/srv_change_ctl_mode.h
[1.862s] -- Up-to-date symlink: /root/Synthetic_data_collection/isaac_lab_data_collection/install/dynamic_biped/include/dynamic_biped/dynamic_biped/srv/srv_change_joller.h
[1.862s] -- Up-to-date symlink: /root/Synthetic_data_collection/isaac_lab_data_collection/install/dynamic_biped/include/dynamic_biped/dynamic_biped/srv/srv_change_phases.h
[1.863s] -- Up-to-date symlink: /root/Synthetic_data_collection/isaac_lab_data_collection/install/dynamic_biped/include/dynamic_biped/dynamic_biped/srv/srv_clear_position_cmd.h
[1.863s] -- Up-to-date symlink: /root/Synthetic_data_collection/isaac_lab_data_collection/install/dynamic_biped/include/dynamic_biped/dynamic_biped/srv/srv_mani_inst.h
[1.864s] -- Up-to-date symlink: /root/Synthetic_data_collection/isaac_lab_data_collection/install/dynamic_biped/share/dynamic_biped/environment/library_path.sh
[1.864s] -- Up-to-date symlink: /root/Synthetic_data_collection/isaac_lab_data_collection/install/dynamic_biped/share/dynamic_biped/environment/library_path.dsv
[1.865s] -- Up-to-date symlink: /root/Synthetic_data_collection/isaac_lab_data_collection/install/dynamic_biped/include/dynamic_biped/dynamic_biped/msg/detail/arm_hand_pose__rosidl_typesupport_fastrtps_c.h
[1.865s] -- Up-to-date symlink: /root/Synthetic_data_collection/isaac_lab_data_collection/install/dynamic_biped/include/dynamic_biped/dynamic_biped/msg/detail/ec_joint_motordata__rosidl_typesupport_fastrtps_c.h
[1.866s] -- Up-to-date symlink: /root/Synthetic_data_collection/isaac_lab_data_collection/install/dynamic_biped/include/dynamic_biped/dynamic_biped/msg/detail/hand_rotation__rosidl_typesupport_fastrtps_c.h
[1.866s] -- Up-to-date symlink: /root/Synthetic_data_collection/isaac_lab_data_collection/install/dynamic_biped/include/dynamic_biped/dynamic_biped/msg/detail/hand_rotation_eular__rosidl_typesupport_fastrtps_c.h
[1.867s] -- Up-to-date symlink: /root/Synthetic_data_collection/isaac_lab_data_collection/install/dynamic_biped/include/dynamic_biped/dynamic_biped/msg/detail/quaternion_array__rosidl_typesupport_fastrtps_c.h
[1.867s] -- Up-to-date symlink: /root/Synthetic_data_collection/isaac_lab_data_collection/install/dynamic_biped/include/dynamic_biped/dynamic_biped/msg/detail/record_arm_hand_pose__rosidl_typesupport_fastrtps_c.h
[1.868s] -- Up-to-date symlink: /root/Synthetic_data_collection/isaac_lab_data_collection/install/dynamic_biped/include/dynamic_biped/dynamic_biped/msg/detail/robot_arm_info__rosidl_typesupport_fastrtps_c.h
[1.868s] -- Up-to-date symlink: /root/Synthetic_data_collection/isaac_lab_data_collection/install/dynamic_biped/include/dynamic_biped/dynamic_biped/msg/detail/robot_arm_qvvd__rosidl_typesupport_fastrtps_c.h
[1.868s] -- Up-to-date symlink: /root/Synthetic_data_collection/isaac_lab_data_collection/install/dynamic_biped/include/dynamic_biped/dynamic_biped/msg/detail/robot_hand_eff__rosidl_typesupport_fastrtps_c.h
[1.869s] -- Up-to-date symlink: /root/Synthetic_data_collection/isaac_lab_data_collection/install/dynamic_biped/include/dynamic_biped/dynamic_biped/msg/detail/robot_hand_position__rosidl_typesupport_fastrtps_c.h
[1.869s] -- Up-to-date symlink: /root/Synthetic_data_collection/isaac_lab_data_collection/install/dynamic_biped/include/dynamic_biped/dynamic_biped/msg/detail/robot_head_motion_data__rosidl_typesupport_fastrtps_c.h
[1.870s] -- Up-to-date symlink: /root/Synthetic_data_collection/isaac_lab_data_collection/install/dynamic_biped/include/dynamic_biped/dynamic_biped/msg/detail/robot_phase__rosidl_typesupport_fastrtps_c.h
[1.870s] -- Up-to-date symlink: /root/Synthetic_data_collection/isaac_lab_data_collection/install/dynamic_biped/include/dynamic_biped/dynamic_biped/msg/detail/robot_qv_tau__rosidl_typesupport_fastrtps_c.h
[1.871s] -- Up-to-date symlink: /root/Synthetic_data_collection/isaac_lab_data_collection/install/dynamic_biped/include/dynamic_biped/dynamic_biped/msg/detail/robot_torso_state__rosidl_typesupport_fastrtps_c.h
[1.871s] -- Up-to-date symlink: /root/Synthetic_data_collection/isaac_lab_data_collection/install/dynamic_biped/include/dynamic_biped/dynamic_biped/msg/detail/walk_command__rosidl_typesupport_fastrtps_c.h
[1.872s] -- Up-to-date symlink: /root/Synthetic_data_collection/isaac_lab_data_collection/install/dynamic_biped/include/dynamic_biped/dynamic_biped/msg/rosidl_typesupport_fastrtps_c__visibility_control.h
[1.872s] -- Up-to-date symlink: /root/Synthetic_data_collection/isaac_lab_data_collection/install/dynamic_biped/include/dynamic_biped/dynamic_biped/srv/detail/change_ambac_ctrl_mode__rosidl_typesupport_fastrtps_c.h
[1.873s] -- Up-to-date symlink: /root/Synthetic_data_collection/isaac_lab_data_collection/install/dynamic_biped/include/dynamic_biped/dynamic_biped/srv/detail/change_arm_ctrl_mode__rosidl_typesupport_fastrtps_c.h
[1.873s] -- Up-to-date symlink: /root/Synthetic_data_collection/isaac_lab_data_collection/install/dynamic_biped/include/dynamic_biped/dynamic_biped/srv/detail/control_end_hand__rosidl_typesupport_fastrtps_c.h
[1.874s] -- Up-to-date symlink: /root/Synthetic_data_collection/isaac_lab_data_collection/install/dynamic_biped/include/dynamic_biped/dynamic_biped/srv/detail/srv_change_ctl_mode__rosidl_typesupport_fastrtps_c.h
[1.874s] -- Up-to-date symlink: /root/Synthetic_data_collection/isaac_lab_data_collection/install/dynamic_biped/include/dynamic_biped/dynamic_biped/srv/detail/srv_change_joller__rosidl_typesupport_fastrtps_c.h
[1.875s] -- Up-to-date symlink: /root/Synthetic_data_collection/isaac_lab_data_collection/install/dynamic_biped/include/dynamic_biped/dynamic_biped/srv/detail/srv_change_phases__rosidl_typesupport_fastrtps_c.h
[1.875s] -- Up-to-date symlink: /root/Synthetic_data_collection/isaac_lab_data_collection/install/dynamic_biped/include/dynamic_biped/dynamic_biped/srv/detail/srv_clear_position_cmd__rosidl_typesupport_fastrtps_c.h
[1.876s] -- Up-to-date symlink: /root/Synthetic_data_collection/isaac_lab_data_collection/install/dynamic_biped/include/dynamic_biped/dynamic_biped/srv/detail/srv_mani_inst__rosidl_typesupport_fastrtps_c.h
[1.877s] -- Up-to-date symlink: /root/Synthetic_data_collection/isaac_lab_data_collection/install/dynamic_biped/include/dynamic_biped/dynamic_biped/msg/detail/arm_hand_pose__rosidl_typesupport_introspection_c.h
[1.877s] -- Up-to-date symlink: /root/Synthetic_data_collection/isaac_lab_data_collection/install/dynamic_biped/include/dynamic_biped/dynamic_biped/msg/detail/ec_joint_motordata__rosidl_typesupport_introspection_c.h
[1.878s] -- Up-to-date symlink: /root/Synthetic_data_collection/isaac_lab_data_collection/install/dynamic_biped/include/dynamic_biped/dynamic_biped/msg/detail/hand_rotation__rosidl_typesupport_introspection_c.h
[1.879s] -- Up-to-date symlink: /root/Synthetic_data_collection/isaac_lab_data_collection/install/dynamic_biped/include/dynamic_biped/dynamic_biped/msg/detail/hand_rotation_eular__rosidl_typesupport_introspection_c.h
[1.879s] -- Up-to-date symlink: /root/Synthetic_data_collection/isaac_lab_data_collection/install/dynamic_biped/include/dynamic_biped/dynamic_biped/msg/detail/quaternion_array__rosidl_typesupport_introspection_c.h
[1.880s] -- Up-to-date symlink: /root/Synthetic_data_collection/isaac_lab_data_collection/install/dynamic_biped/include/dynamic_biped/dynamic_biped/msg/detail/record_arm_hand_pose__rosidl_typesupport_introspection_c.h
[1.880s] -- Up-to-date symlink: /root/Synthetic_data_collection/isaac_lab_data_collection/install/dynamic_biped/include/dynamic_biped/dynamic_biped/msg/detail/robot_arm_info__rosidl_typesupport_introspection_c.h
[1.881s] -- Up-to-date symlink: /root/Synthetic_data_collection/isaac_lab_data_collection/install/dynamic_biped/include/dynamic_biped/dynamic_biped/msg/detail/robot_arm_qvvd__rosidl_typesupport_introspection_c.h
[1.882s] -- Up-to-date symlink: /root/Synthetic_data_collection/isaac_lab_data_collection/install/dynamic_biped/include/dynamic_biped/dynamic_biped/msg/detail/robot_hand_eff__rosidl_typesupport_introspection_c.h
[1.882s] -- Up-to-date symlink: /root/Synthetic_data_collection/isaac_lab_data_collection/install/dynamic_biped/include/dynamic_biped/dynamic_biped/msg/detail/robot_hand_position__rosidl_typesupport_introspection_c.h
[1.883s] -- Up-to-date symlink: /root/Synthetic_data_collection/isaac_lab_data_collection/install/dynamic_biped/include/dynamic_biped/dynamic_biped/msg/detail/robot_head_motion_data__rosidl_typesupport_introspection_c.h
[1.883s] -- Up-to-date symlink: /root/Synthetic_data_collection/isaac_lab_data_collection/install/dynamic_biped/include/dynamic_biped/dynamic_biped/msg/detail/robot_phase__rosidl_typesupport_introspection_c.h
[1.884s] -- Up-to-date symlink: /root/Synthetic_data_collection/isaac_lab_data_collection/install/dynamic_biped/include/dynamic_biped/dynamic_biped/msg/detail/robot_qv_tau__rosidl_typesupport_introspection_c.h
[1.884s] -- Up-to-date symlink: /root/Synthetic_data_collection/isaac_lab_data_collection/install/dynamic_biped/include/dynamic_biped/dynamic_biped/msg/detail/robot_torso_state__rosidl_typesupport_introspection_c.h
[1.885s] -- Up-to-date symlink: /root/Synthetic_data_collection/isaac_lab_data_collection/install/dynamic_biped/include/dynamic_biped/dynamic_biped/msg/detail/walk_command__rosidl_typesupport_introspection_c.h
[1.886s] -- Up-to-date symlink: /root/Synthetic_data_collection/isaac_lab_data_collection/install/dynamic_biped/include/dynamic_biped/dynamic_biped/msg/rosidl_typesupport_introspection_c__visibility_control.h
[1.886s] -- Up-to-date symlink: /root/Synthetic_data_collection/isaac_lab_data_collection/install/dynamic_biped/include/dynamic_biped/dynamic_biped/srv/detail/change_ambac_ctrl_mode__rosidl_typesupport_introspection_c.h
[1.887s] -- Up-to-date symlink: /root/Synthetic_data_collection/isaac_lab_data_collection/install/dynamic_biped/include/dynamic_biped/dynamic_biped/srv/detail/change_arm_ctrl_mode__rosidl_typesupport_introspection_c.h
[1.887s] -- Up-to-date symlink: /root/Synthetic_data_collection/isaac_lab_data_collection/install/dynamic_biped/include/dynamic_biped/dynamic_biped/srv/detail/control_end_hand__rosidl_typesupport_introspection_c.h
[1.888s] -- Up-to-date symlink: /root/Synthetic_data_collection/isaac_lab_data_collection/install/dynamic_biped/include/dynamic_biped/dynamic_biped/srv/detail/srv_change_ctl_mode__rosidl_typesupport_introspection_c.h
[1.888s] -- Up-to-date symlink: /root/Synthetic_data_collection/isaac_lab_data_collection/install/dynamic_biped/include/dynamic_biped/dynamic_biped/srv/detail/srv_change_joller__rosidl_typesupport_introspection_c.h
[1.889s] -- Up-to-date symlink: /root/Synthetic_data_collection/isaac_lab_data_collection/install/dynamic_biped/include/dynamic_biped/dynamic_biped/srv/detail/srv_change_phases__rosidl_typesupport_introspection_c.h
[1.889s] -- Up-to-date symlink: /root/Synthetic_data_collection/isaac_lab_data_collection/install/dynamic_biped/include/dynamic_biped/dynamic_biped/srv/detail/srv_clear_position_cmd__rosidl_typesupport_introspection_c.h
[1.890s] -- Up-to-date symlink: /root/Synthetic_data_collection/isaac_lab_data_collection/install/dynamic_biped/include/dynamic_biped/dynamic_biped/srv/detail/srv_mani_inst__rosidl_typesupport_introspection_c.h
[1.893s] -- Up-to-date symlink: /root/Synthetic_data_collection/isaac_lab_data_collection/install/dynamic_biped/include/dynamic_biped/dynamic_biped/msg/arm_hand_pose.hpp
[1.894s] -- Up-to-date symlink: /root/Synthetic_data_collection/isaac_lab_data_collection/install/dynamic_biped/include/dynamic_biped/dynamic_biped/msg/detail/arm_hand_pose__builder.hpp
[1.895s] -- Up-to-date symlink: /root/Synthetic_data_collection/isaac_lab_data_collection/install/dynamic_biped/include/dynamic_biped/dynamic_biped/msg/detail/arm_hand_pose__struct.hpp
[1.895s] -- Up-to-date symlink: /root/Synthetic_data_collection/isaac_lab_data_collection/install/dynamic_biped/include/dynamic_biped/dynamic_biped/msg/detail/arm_hand_pose__traits.hpp
[1.896s] -- Up-to-date symlink: /root/Synthetic_data_collection/isaac_lab_data_collection/install/dynamic_biped/include/dynamic_biped/dynamic_biped/msg/detail/arm_hand_pose__type_support.hpp
[1.896s] -- Up-to-date symlink: /root/Synthetic_data_collection/isaac_lab_data_collection/install/dynamic_biped/include/dynamic_biped/dynamic_biped/msg/detail/ec_joint_motordata__builder.hpp
[1.897s] -- Up-to-date symlink: /root/Synthetic_data_collection/isaac_lab_data_collection/install/dynamic_biped/include/dynamic_biped/dynamic_biped/msg/detail/ec_joint_motordata__struct.hpp
[1.897s] -- Up-to-date symlink: /root/Synthetic_data_collection/isaac_lab_data_collection/install/dynamic_biped/include/dynamic_biped/dynamic_biped/msg/detail/ec_joint_motordata__traits.hpp
[1.898s] -- Up-to-date symlink: /root/Synthetic_data_collection/isaac_lab_data_collection/install/dynamic_biped/include/dynamic_biped/dynamic_biped/msg/detail/ec_joint_motordata__type_support.hpp
[1.898s] -- Up-to-date symlink: /root/Synthetic_data_collection/isaac_lab_data_collection/install/dynamic_biped/include/dynamic_biped/dynamic_biped/msg/detail/hand_rotation__builder.hpp
[1.899s] -- Up-to-date symlink: /root/Synthetic_data_collection/isaac_lab_data_collection/install/dynamic_biped/include/dynamic_biped/dynamic_biped/msg/detail/hand_rotation__struct.hpp
[1.900s] -- Up-to-date symlink: /root/Synthetic_data_collection/isaac_lab_data_collection/install/dynamic_biped/include/dynamic_biped/dynamic_biped/msg/detail/hand_rotation__traits.hpp
[1.900s] -- Up-to-date symlink: /root/Synthetic_data_collection/isaac_lab_data_collection/install/dynamic_biped/include/dynamic_biped/dynamic_biped/msg/detail/hand_rotation__type_support.hpp
[1.901s] -- Up-to-date symlink: /root/Synthetic_data_collection/isaac_lab_data_collection/install/dynamic_biped/include/dynamic_biped/dynamic_biped/msg/detail/hand_rotation_eular__builder.hpp
[1.901s] -- Up-to-date symlink: /root/Synthetic_data_collection/isaac_lab_data_collection/install/dynamic_biped/include/dynamic_biped/dynamic_biped/msg/detail/hand_rotation_eular__struct.hpp
[1.902s] -- Up-to-date symlink: /root/Synthetic_data_collection/isaac_lab_data_collection/install/dynamic_biped/include/dynamic_biped/dynamic_biped/msg/detail/hand_rotation_eular__traits.hpp
[1.902s] -- Up-to-date symlink: /root/Synthetic_data_collection/isaac_lab_data_collection/install/dynamic_biped/include/dynamic_biped/dynamic_biped/msg/detail/hand_rotation_eular__type_support.hpp
[1.903s] -- Up-to-date symlink: /root/Synthetic_data_collection/isaac_lab_data_collection/install/dynamic_biped/include/dynamic_biped/dynamic_biped/msg/detail/quaternion_array__builder.hpp
[1.903s] -- Up-to-date symlink: /root/Synthetic_data_collection/isaac_lab_data_collection/install/dynamic_biped/include/dynamic_biped/dynamic_biped/msg/detail/quaternion_array__struct.hpp
[1.904s] -- Up-to-date symlink: /root/Synthetic_data_collection/isaac_lab_data_collection/install/dynamic_biped/include/dynamic_biped/dynamic_biped/msg/detail/quaternion_array__traits.hpp
[1.905s] -- Up-to-date symlink: /root/Synthetic_data_collection/isaac_lab_data_collection/install/dynamic_biped/include/dynamic_biped/dynamic_biped/msg/detail/quaternion_array__type_support.hpp
[1.905s] -- Up-to-date symlink: /root/Synthetic_data_collection/isaac_lab_data_collection/install/dynamic_biped/include/dynamic_biped/dynamic_biped/msg/detail/record_arm_hand_pose__builder.hpp
[1.906s] -- Up-to-date symlink: /root/Synthetic_data_collection/isaac_lab_data_collection/install/dynamic_biped/include/dynamic_biped/dynamic_biped/msg/detail/record_arm_hand_pose__struct.hpp
[1.907s] -- Up-to-date symlink: /root/Synthetic_data_collection/isaac_lab_data_collection/install/dynamic_biped/include/dynamic_biped/dynamic_biped/msg/detail/record_arm_hand_pose__traits.hpp
[1.907s] -- Up-to-date symlink: /root/Synthetic_data_collection/isaac_lab_data_collection/install/dynamic_biped/include/dynamic_biped/dynamic_biped/msg/detail/record_arm_hand_pose__type_support.hpp
[1.908s] -- Up-to-date symlink: /root/Synthetic_data_collection/isaac_lab_data_collection/install/dynamic_biped/include/dynamic_biped/dynamic_biped/msg/detail/robot_arm_info__builder.hpp
[1.908s] -- Up-to-date symlink: /root/Synthetic_data_collection/isaac_lab_data_collection/install/dynamic_biped/include/dynamic_biped/dynamic_biped/msg/detail/robot_arm_info__struct.hpp
[1.909s] -- Up-to-date symlink: /root/Synthetic_data_collection/isaac_lab_data_collection/install/dynamic_biped/include/dynamic_biped/dynamic_biped/msg/detail/robot_arm_info__traits.hpp
[1.909s] -- Up-to-date symlink: /root/Synthetic_data_collection/isaac_lab_data_collection/install/dynamic_biped/include/dynamic_biped/dynamic_biped/msg/detail/robot_arm_info__type_support.hpp
[1.910s] -- Up-to-date symlink: /root/Synthetic_data_collection/isaac_lab_data_collection/install/dynamic_biped/include/dynamic_biped/dynamic_biped/msg/detail/robot_arm_qvvd__builder.hpp
[1.910s] -- Up-to-date symlink: /root/Synthetic_data_collection/isaac_lab_data_collection/install/dynamic_biped/include/dynamic_biped/dynamic_biped/msg/detail/robot_arm_qvvd__struct.hpp
[1.911s] -- Up-to-date symlink: /root/Synthetic_data_collection/isaac_lab_data_collection/install/dynamic_biped/include/dynamic_biped/dynamic_biped/msg/detail/robot_arm_qvvd__traits.hpp
[1.911s] -- Up-to-date symlink: /root/Synthetic_data_collection/isaac_lab_data_collection/install/dynamic_biped/include/dynamic_biped/dynamic_biped/msg/detail/robot_arm_qvvd__type_support.hpp
[1.912s] -- Up-to-date symlink: /root/Synthetic_data_collection/isaac_lab_data_collection/install/dynamic_biped/include/dynamic_biped/dynamic_biped/msg/detail/robot_hand_eff__builder.hpp
[1.913s] -- Up-to-date symlink: /root/Synthetic_data_collection/isaac_lab_data_collection/install/dynamic_biped/include/dynamic_biped/dynamic_biped/msg/detail/robot_hand_eff__struct.hpp
[1.913s] -- Up-to-date symlink: /root/Synthetic_data_collection/isaac_lab_data_collection/install/dynamic_biped/include/dynamic_biped/dynamic_biped/msg/detail/robot_hand_eff__traits.hpp
[1.914s] -- Up-to-date symlink: /root/Synthetic_data_collection/isaac_lab_data_collection/install/dynamic_biped/include/dynamic_biped/dynamic_biped/msg/detail/robot_hand_eff__type_support.hpp
[1.915s] -- Up-to-date symlink: /root/Synthetic_data_collection/isaac_lab_data_collection/install/dynamic_biped/include/dynamic_biped/dynamic_biped/msg/detail/robot_hand_position__builder.hpp
[1.916s] -- Up-to-date symlink: /root/Synthetic_data_collection/isaac_lab_data_collection/install/dynamic_biped/include/dynamic_biped/dynamic_biped/msg/detail/robot_hand_position__struct.hpp
[1.916s] -- Up-to-date symlink: /root/Synthetic_data_collection/isaac_lab_data_collection/install/dynamic_biped/include/dynamic_biped/dynamic_biped/msg/detail/robot_hand_position__traits.hpp
[1.917s] -- Up-to-date symlink: /root/Synthetic_data_collection/isaac_lab_data_collection/install/dynamic_biped/include/dynamic_biped/dynamic_biped/msg/detail/robot_hand_position__type_support.hpp
[1.917s] -- Up-to-date symlink: /root/Synthetic_data_collection/isaac_lab_data_collection/install/dynamic_biped/include/dynamic_biped/dynamic_biped/msg/detail/robot_head_motion_data__builder.hpp
[1.918s] -- Up-to-date symlink: /root/Synthetic_data_collection/isaac_lab_data_collection/install/dynamic_biped/include/dynamic_biped/dynamic_biped/msg/detail/robot_head_motion_data__struct.hpp
[1.919s] -- Up-to-date symlink: /root/Synthetic_data_collection/isaac_lab_data_collection/install/dynamic_biped/include/dynamic_biped/dynamic_biped/msg/detail/robot_head_motion_data__traits.hpp
[1.919s] -- Up-to-date symlink: /root/Synthetic_data_collection/isaac_lab_data_collection/install/dynamic_biped/include/dynamic_biped/dynamic_biped/msg/detail/robot_head_motion_data__type_support.hpp
[1.920s] -- Up-to-date symlink: /root/Synthetic_data_collection/isaac_lab_data_collection/install/dynamic_biped/include/dynamic_biped/dynamic_biped/msg/detail/robot_phase__builder.hpp
[1.920s] -- Up-to-date symlink: /root/Synthetic_data_collection/isaac_lab_data_collection/install/dynamic_biped/include/dynamic_biped/dynamic_biped/msg/detail/robot_phase__struct.hpp
[1.921s] -- Up-to-date symlink: /root/Synthetic_data_collection/isaac_lab_data_collection/install/dynamic_biped/include/dynamic_biped/dynamic_biped/msg/detail/robot_phase__traits.hpp
[1.921s] -- Up-to-date symlink: /root/Synthetic_data_collection/isaac_lab_data_collection/install/dynamic_biped/include/dynamic_biped/dynamic_biped/msg/detail/robot_phase__type_support.hpp
[1.922s] -- Up-to-date symlink: /root/Synthetic_data_collection/isaac_lab_data_collection/install/dynamic_biped/include/dynamic_biped/dynamic_biped/msg/detail/robot_qv_tau__builder.hpp
[1.922s] -- Up-to-date symlink: /root/Synthetic_data_collection/isaac_lab_data_collection/install/dynamic_biped/include/dynamic_biped/dynamic_biped/msg/detail/robot_qv_tau__struct.hpp
[1.923s] -- Up-to-date symlink: /root/Synthetic_data_collection/isaac_lab_data_collection/install/dynamic_biped/include/dynamic_biped/dynamic_biped/msg/detail/robot_qv_tau__traits.hpp
[1.924s] -- Up-to-date symlink: /root/Synthetic_data_collection/isaac_lab_data_collection/install/dynamic_biped/include/dynamic_biped/dynamic_biped/msg/detail/robot_qv_tau__type_support.hpp
[1.924s] -- Up-to-date symlink: /root/Synthetic_data_collection/isaac_lab_data_collection/install/dynamic_biped/include/dynamic_biped/dynamic_biped/msg/detail/robot_torso_state__builder.hpp
[1.925s] -- Up-to-date symlink: /root/Synthetic_data_collection/isaac_lab_data_collection/install/dynamic_biped/include/dynamic_biped/dynamic_biped/msg/detail/robot_torso_state__struct.hpp
[1.925s] -- Up-to-date symlink: /root/Synthetic_data_collection/isaac_lab_data_collection/install/dynamic_biped/include/dynamic_biped/dynamic_biped/msg/detail/robot_torso_state__traits.hpp
[1.926s] -- Up-to-date symlink: /root/Synthetic_data_collection/isaac_lab_data_collection/install/dynamic_biped/include/dynamic_biped/dynamic_biped/msg/detail/robot_torso_state__type_support.hpp
[1.927s] -- Up-to-date symlink: /root/Synthetic_data_collection/isaac_lab_data_collection/install/dynamic_biped/include/dynamic_biped/dynamic_biped/msg/detail/walk_command__builder.hpp
[1.927s] -- Up-to-date symlink: /root/Synthetic_data_collection/isaac_lab_data_collection/install/dynamic_biped/include/dynamic_biped/dynamic_biped/msg/detail/walk_command__struct.hpp
[1.928s] -- Up-to-date symlink: /root/Synthetic_data_collection/isaac_lab_data_collection/install/dynamic_biped/include/dynamic_biped/dynamic_biped/msg/detail/walk_command__traits.hpp
[1.928s] -- Up-to-date symlink: /root/Synthetic_data_collection/isaac_lab_data_collection/install/dynamic_biped/include/dynamic_biped/dynamic_biped/msg/detail/walk_command__type_support.hpp
[1.929s] -- Up-to-date symlink: /root/Synthetic_data_collection/isaac_lab_data_collection/install/dynamic_biped/include/dynamic_biped/dynamic_biped/msg/ec_joint_motordata.hpp
[1.930s] -- Up-to-date symlink: /root/Synthetic_data_collection/isaac_lab_data_collection/install/dynamic_biped/include/dynamic_biped/dynamic_biped/msg/hand_rotation.hpp
[1.930s] -- Up-to-date symlink: /root/Synthetic_data_collection/isaac_lab_data_collection/install/dynamic_biped/include/dynamic_biped/dynamic_biped/msg/hand_rotation_eular.hpp
[1.931s] -- Up-to-date symlink: /root/Synthetic_data_collection/isaac_lab_data_collection/install/dynamic_biped/include/dynamic_biped/dynamic_biped/msg/quaternion_array.hpp
[1.931s] -- Up-to-date symlink: /root/Synthetic_data_collection/isaac_lab_data_collection/install/dynamic_biped/include/dynamic_biped/dynamic_biped/msg/record_arm_hand_pose.hpp
[1.932s] -- Up-to-date symlink: /root/Synthetic_data_collection/isaac_lab_data_collection/install/dynamic_biped/include/dynamic_biped/dynamic_biped/msg/robot_arm_info.hpp
[1.932s] -- Up-to-date symlink: /root/Synthetic_data_collection/isaac_lab_data_collection/install/dynamic_biped/include/dynamic_biped/dynamic_biped/msg/robot_arm_qvvd.hpp
[1.933s] -- Up-to-date symlink: /root/Synthetic_data_collection/isaac_lab_data_collection/install/dynamic_biped/include/dynamic_biped/dynamic_biped/msg/robot_hand_eff.hpp
[1.933s] -- Up-to-date symlink: /root/Synthetic_data_collection/isaac_lab_data_collection/install/dynamic_biped/include/dynamic_biped/dynamic_biped/msg/robot_hand_position.hpp
[1.934s] -- Up-to-date symlink: /root/Synthetic_data_collection/isaac_lab_data_collection/install/dynamic_biped/include/dynamic_biped/dynamic_biped/msg/robot_head_motion_data.hpp
[1.934s] -- Up-to-date symlink: /root/Synthetic_data_collection/isaac_lab_data_collection/install/dynamic_biped/include/dynamic_biped/dynamic_biped/msg/robot_phase.hpp
[1.935s] -- Up-to-date symlink: /root/Synthetic_data_collection/isaac_lab_data_collection/install/dynamic_biped/include/dynamic_biped/dynamic_biped/msg/robot_qv_tau.hpp
[1.936s] -- Up-to-date symlink: /root/Synthetic_data_collection/isaac_lab_data_collection/install/dynamic_biped/include/dynamic_biped/dynamic_biped/msg/robot_torso_state.hpp
[1.936s] -- Up-to-date symlink: /root/Synthetic_data_collection/isaac_lab_data_collection/install/dynamic_biped/include/dynamic_biped/dynamic_biped/msg/rosidl_generator_cpp__visibility_control.hpp
[1.937s] -- Up-to-date symlink: /root/Synthetic_data_collection/isaac_lab_data_collection/install/dynamic_biped/include/dynamic_biped/dynamic_biped/msg/walk_command.hpp
[1.937s] -- Up-to-date symlink: /root/Synthetic_data_collection/isaac_lab_data_collection/install/dynamic_biped/include/dynamic_biped/dynamic_biped/srv/change_ambac_ctrl_mode.hpp
[1.938s] -- Up-to-date symlink: /root/Synthetic_data_collection/isaac_lab_data_collection/install/dynamic_biped/include/dynamic_biped/dynamic_biped/srv/change_arm_ctrl_mode.hpp
[1.938s] -- Up-to-date symlink: /root/Synthetic_data_collection/isaac_lab_data_collection/install/dynamic_biped/include/dynamic_biped/dynamic_biped/srv/control_end_hand.hpp
[1.939s] -- Up-to-date symlink: /root/Synthetic_data_collection/isaac_lab_data_collection/install/dynamic_biped/include/dynamic_biped/dynamic_biped/srv/detail/change_ambac_ctrl_mode__builder.hpp
[1.939s] -- Up-to-date symlink: /root/Synthetic_data_collection/isaac_lab_data_collection/install/dynamic_biped/include/dynamic_biped/dynamic_biped/srv/detail/change_ambac_ctrl_mode__struct.hpp
[1.940s] -- Up-to-date symlink: /root/Synthetic_data_collection/isaac_lab_data_collection/install/dynamic_biped/include/dynamic_biped/dynamic_biped/srv/detail/change_ambac_ctrl_mode__traits.hpp
[1.941s] -- Up-to-date symlink: /root/Synthetic_data_collection/isaac_lab_data_collection/install/dynamic_biped/include/dynamic_biped/dynamic_biped/srv/detail/change_ambac_ctrl_mode__type_support.hpp
[1.941s] -- Up-to-date symlink: /root/Synthetic_data_collection/isaac_lab_data_collection/install/dynamic_biped/include/dynamic_biped/dynamic_biped/srv/detail/change_arm_ctrl_mode__builder.hpp
[1.942s] -- Up-to-date symlink: /root/Synthetic_data_collection/isaac_lab_data_collection/install/dynamic_biped/include/dynamic_biped/dynamic_biped/srv/detail/change_arm_ctrl_mode__struct.hpp
[1.942s] -- Up-to-date symlink: /root/Synthetic_data_collection/isaac_lab_data_collection/install/dynamic_biped/include/dynamic_biped/dynamic_biped/srv/detail/change_arm_ctrl_mode__traits.hpp
[1.943s] -- Up-to-date symlink: /root/Synthetic_data_collection/isaac_lab_data_collection/install/dynamic_biped/include/dynamic_biped/dynamic_biped/srv/detail/change_arm_ctrl_mode__type_support.hpp
[1.943s] -- Up-to-date symlink: /root/Synthetic_data_collection/isaac_lab_data_collection/install/dynamic_biped/include/dynamic_biped/dynamic_biped/srv/detail/control_end_hand__builder.hpp
[1.944s] -- Up-to-date symlink: /root/Synthetic_data_collection/isaac_lab_data_collection/install/dynamic_biped/include/dynamic_biped/dynamic_biped/srv/detail/control_end_hand__struct.hpp
[1.944s] -- Up-to-date symlink: /root/Synthetic_data_collection/isaac_lab_data_collection/install/dynamic_biped/include/dynamic_biped/dynamic_biped/srv/detail/control_end_hand__traits.hpp
[1.945s] -- Up-to-date symlink: /root/Synthetic_data_collection/isaac_lab_data_collection/install/dynamic_biped/include/dynamic_biped/dynamic_biped/srv/detail/control_end_hand__type_support.hpp
[1.946s] -- Up-to-date symlink: /root/Synthetic_data_collection/isaac_lab_data_collection/install/dynamic_biped/include/dynamic_biped/dynamic_biped/srv/detail/srv_change_ctl_mode__builder.hpp
[1.946s] -- Up-to-date symlink: /root/Synthetic_data_collection/isaac_lab_data_collection/install/dynamic_biped/include/dynamic_biped/dynamic_biped/srv/detail/srv_change_ctl_mode__struct.hpp
[1.947s] -- Up-to-date symlink: /root/Synthetic_data_collection/isaac_lab_data_collection/install/dynamic_biped/include/dynamic_biped/dynamic_biped/srv/detail/srv_change_ctl_mode__traits.hpp
[1.947s] -- Up-to-date symlink: /root/Synthetic_data_collection/isaac_lab_data_collection/install/dynamic_biped/include/dynamic_biped/dynamic_biped/srv/detail/srv_change_ctl_mode__type_support.hpp
[1.948s] -- Up-to-date symlink: /root/Synthetic_data_collection/isaac_lab_data_collection/install/dynamic_biped/include/dynamic_biped/dynamic_biped/srv/detail/srv_change_joller__builder.hpp
[1.948s] -- Up-to-date symlink: /root/Synthetic_data_collection/isaac_lab_data_collection/install/dynamic_biped/include/dynamic_biped/dynamic_biped/srv/detail/srv_change_joller__struct.hpp
[1.949s] -- Up-to-date symlink: /root/Synthetic_data_collection/isaac_lab_data_collection/install/dynamic_biped/include/dynamic_biped/dynamic_biped/srv/detail/srv_change_joller__traits.hpp
[1.950s] -- Up-to-date symlink: /root/Synthetic_data_collection/isaac_lab_data_collection/install/dynamic_biped/include/dynamic_biped/dynamic_biped/srv/detail/srv_change_joller__type_support.hpp
[1.950s] -- Up-to-date symlink: /root/Synthetic_data_collection/isaac_lab_data_collection/install/dynamic_biped/include/dynamic_biped/dynamic_biped/srv/detail/srv_change_phases__builder.hpp
[1.951s] -- Up-to-date symlink: /root/Synthetic_data_collection/isaac_lab_data_collection/install/dynamic_biped/include/dynamic_biped/dynamic_biped/srv/detail/srv_change_phases__struct.hpp
[1.951s] -- Up-to-date symlink: /root/Synthetic_data_collection/isaac_lab_data_collection/install/dynamic_biped/include/dynamic_biped/dynamic_biped/srv/detail/srv_change_phases__traits.hpp
[1.952s] -- Up-to-date symlink: /root/Synthetic_data_collection/isaac_lab_data_collection/install/dynamic_biped/include/dynamic_biped/dynamic_biped/srv/detail/srv_change_phases__type_support.hpp
[1.952s] -- Up-to-date symlink: /root/Synthetic_data_collection/isaac_lab_data_collection/install/dynamic_biped/include/dynamic_biped/dynamic_biped/srv/detail/srv_clear_position_cmd__builder.hpp
[1.953s] -- Up-to-date symlink: /root/Synthetic_data_collection/isaac_lab_data_collection/install/dynamic_biped/include/dynamic_biped/dynamic_biped/srv/detail/srv_clear_position_cmd__struct.hpp
[1.954s] -- Up-to-date symlink: /root/Synthetic_data_collection/isaac_lab_data_collection/install/dynamic_biped/include/dynamic_biped/dynamic_biped/srv/detail/srv_clear_position_cmd__traits.hpp
[1.954s] -- Up-to-date symlink: /root/Synthetic_data_collection/isaac_lab_data_collection/install/dynamic_biped/include/dynamic_biped/dynamic_biped/srv/detail/srv_clear_position_cmd__type_support.hpp
[1.955s] -- Up-to-date symlink: /root/Synthetic_data_collection/isaac_lab_data_collection/install/dynamic_biped/include/dynamic_biped/dynamic_biped/srv/detail/srv_mani_inst__builder.hpp
[1.955s] -- Up-to-date symlink: /root/Synthetic_data_collection/isaac_lab_data_collection/install/dynamic_biped/include/dynamic_biped/dynamic_biped/srv/detail/srv_mani_inst__struct.hpp
[1.956s] -- Up-to-date symlink: /root/Synthetic_data_collection/isaac_lab_data_collection/install/dynamic_biped/include/dynamic_biped/dynamic_biped/srv/detail/srv_mani_inst__traits.hpp
[1.957s] -- Up-to-date symlink: /root/Synthetic_data_collection/isaac_lab_data_collection/install/dynamic_biped/include/dynamic_biped/dynamic_biped/srv/detail/srv_mani_inst__type_support.hpp
[1.957s] -- Up-to-date symlink: /root/Synthetic_data_collection/isaac_lab_data_collection/install/dynamic_biped/include/dynamic_biped/dynamic_biped/srv/srv_change_ctl_mode.hpp
[1.958s] -- Up-to-date symlink: /root/Synthetic_data_collection/isaac_lab_data_collection/install/dynamic_biped/include/dynamic_biped/dynamic_biped/srv/srv_change_joller.hpp
[1.958s] -- Up-to-date symlink: /root/Synthetic_data_collection/isaac_lab_data_collection/install/dynamic_biped/include/dynamic_biped/dynamic_biped/srv/srv_change_phases.hpp
[1.959s] -- Up-to-date symlink: /root/Synthetic_data_collection/isaac_lab_data_collection/install/dynamic_biped/include/dynamic_biped/dynamic_biped/srv/srv_clear_position_cmd.hpp
[1.960s] -- Up-to-date symlink: /root/Synthetic_data_collection/isaac_lab_data_collection/install/dynamic_biped/include/dynamic_biped/dynamic_biped/srv/srv_mani_inst.hpp
[1.962s] -- Up-to-date symlink: /root/Synthetic_data_collection/isaac_lab_data_collection/install/dynamic_biped/include/dynamic_biped/dynamic_biped/msg/detail/arm_hand_pose__rosidl_typesupport_fastrtps_cpp.hpp
[1.963s] -- Up-to-date symlink: /root/Synthetic_data_collection/isaac_lab_data_collection/install/dynamic_biped/include/dynamic_biped/dynamic_biped/msg/detail/ec_joint_motordata__rosidl_typesupport_fastrtps_cpp.hpp
[1.963s] -- Up-to-date symlink: /root/Synthetic_data_collection/isaac_lab_data_collection/install/dynamic_biped/include/dynamic_biped/dynamic_biped/msg/detail/hand_rotation__rosidl_typesupport_fastrtps_cpp.hpp
[1.964s] -- Up-to-date symlink: /root/Synthetic_data_collection/isaac_lab_data_collection/install/dynamic_biped/include/dynamic_biped/dynamic_biped/msg/detail/hand_rotation_eular__rosidl_typesupport_fastrtps_cpp.hpp
[1.965s] -- Up-to-date symlink: /root/Synthetic_data_collection/isaac_lab_data_collection/install/dynamic_biped/include/dynamic_biped/dynamic_biped/msg/detail/quaternion_array__rosidl_typesupport_fastrtps_cpp.hpp
[1.965s] -- Up-to-date symlink: /root/Synthetic_data_collection/isaac_lab_data_collection/install/dynamic_biped/include/dynamic_biped/dynamic_biped/msg/detail/record_arm_hand_pose__rosidl_typesupport_fastrtps_cpp.hpp
[1.966s] -- Up-to-date symlink: /root/Synthetic_data_collection/isaac_lab_data_collection/install/dynamic_biped/include/dynamic_biped/dynamic_biped/msg/detail/robot_arm_info__rosidl_typesupport_fastrtps_cpp.hpp
[1.966s] -- Up-to-date symlink: /root/Synthetic_data_collection/isaac_lab_data_collection/install/dynamic_biped/include/dynamic_biped/dynamic_biped/msg/detail/robot_arm_qvvd__rosidl_typesupport_fastrtps_cpp.hpp
[1.967s] -- Up-to-date symlink: /root/Synthetic_data_collection/isaac_lab_data_collection/install/dynamic_biped/include/dynamic_biped/dynamic_biped/msg/detail/robot_hand_eff__rosidl_typesupport_fastrtps_cpp.hpp
[1.968s] -- Up-to-date symlink: /root/Synthetic_data_collection/isaac_lab_data_collection/install/dynamic_biped/include/dynamic_biped/dynamic_biped/msg/detail/robot_hand_position__rosidl_typesupport_fastrtps_cpp.hpp
[1.968s] -- Up-to-date symlink: /root/Synthetic_data_collection/isaac_lab_data_collection/install/dynamic_biped/include/dynamic_biped/dynamic_biped/msg/detail/robot_head_motion_data__rosidl_typesupport_fastrtps_cpp.hpp
[1.969s] -- Up-to-date symlink: /root/Synthetic_data_collection/isaac_lab_data_collection/install/dynamic_biped/include/dynamic_biped/dynamic_biped/msg/detail/robot_phase__rosidl_typesupport_fastrtps_cpp.hpp
[1.969s] -- Up-to-date symlink: /root/Synthetic_data_collection/isaac_lab_data_collection/install/dynamic_biped/include/dynamic_biped/dynamic_biped/msg/detail/robot_qv_tau__rosidl_typesupport_fastrtps_cpp.hpp
[1.970s] -- Up-to-date symlink: /root/Synthetic_data_collection/isaac_lab_data_collection/install/dynamic_biped/include/dynamic_biped/dynamic_biped/msg/detail/robot_torso_state__rosidl_typesupport_fastrtps_cpp.hpp
[1.970s] -- Up-to-date symlink: /root/Synthetic_data_collection/isaac_lab_data_collection/install/dynamic_biped/include/dynamic_biped/dynamic_biped/msg/detail/walk_command__rosidl_typesupport_fastrtps_cpp.hpp
[1.971s] -- Up-to-date symlink: /root/Synthetic_data_collection/isaac_lab_data_collection/install/dynamic_biped/include/dynamic_biped/dynamic_biped/msg/rosidl_typesupport_fastrtps_cpp__visibility_control.h
[1.972s] -- Up-to-date symlink: /root/Synthetic_data_collection/isaac_lab_data_collection/install/dynamic_biped/include/dynamic_biped/dynamic_biped/srv/detail/change_ambac_ctrl_mode__rosidl_typesupport_fastrtps_cpp.hpp
[1.972s] -- Up-to-date symlink: /root/Synthetic_data_collection/isaac_lab_data_collection/install/dynamic_biped/include/dynamic_biped/dynamic_biped/srv/detail/change_arm_ctrl_mode__rosidl_typesupport_fastrtps_cpp.hpp
[1.973s] -- Up-to-date symlink: /root/Synthetic_data_collection/isaac_lab_data_collection/install/dynamic_biped/include/dynamic_biped/dynamic_biped/srv/detail/control_end_hand__rosidl_typesupport_fastrtps_cpp.hpp
[1.973s] -- Up-to-date symlink: /root/Synthetic_data_collection/isaac_lab_data_collection/install/dynamic_biped/include/dynamic_biped/dynamic_biped/srv/detail/srv_change_ctl_mode__rosidl_typesupport_fastrtps_cpp.hpp
[1.974s] -- Up-to-date symlink: /root/Synthetic_data_collection/isaac_lab_data_collection/install/dynamic_biped/include/dynamic_biped/dynamic_biped/srv/detail/srv_change_joller__rosidl_typesupport_fastrtps_cpp.hpp
[1.974s] -- Up-to-date symlink: /root/Synthetic_data_collection/isaac_lab_data_collection/install/dynamic_biped/include/dynamic_biped/dynamic_biped/srv/detail/srv_change_phases__rosidl_typesupport_fastrtps_cpp.hpp
[1.975s] -- Up-to-date symlink: /root/Synthetic_data_collection/isaac_lab_data_collection/install/dynamic_biped/include/dynamic_biped/dynamic_biped/srv/detail/srv_clear_position_cmd__rosidl_typesupport_fastrtps_cpp.hpp
[1.975s] -- Up-to-date symlink: /root/Synthetic_data_collection/isaac_lab_data_collection/install/dynamic_biped/include/dynamic_biped/dynamic_biped/srv/detail/srv_mani_inst__rosidl_typesupport_fastrtps_cpp.hpp
[1.977s] -- Up-to-date symlink: /root/Synthetic_data_collection/isaac_lab_data_collection/install/dynamic_biped/include/dynamic_biped/dynamic_biped/msg/detail/arm_hand_pose__rosidl_typesupport_introspection_cpp.hpp
[1.978s] -- Up-to-date symlink: /root/Synthetic_data_collection/isaac_lab_data_collection/install/dynamic_biped/include/dynamic_biped/dynamic_biped/msg/detail/ec_joint_motordata__rosidl_typesupport_introspection_cpp.hpp
[1.978s] -- Up-to-date symlink: /root/Synthetic_data_collection/isaac_lab_data_collection/install/dynamic_biped/include/dynamic_biped/dynamic_biped/msg/detail/hand_rotation__rosidl_typesupport_introspection_cpp.hpp
[1.979s] -- Up-to-date symlink: /root/Synthetic_data_collection/isaac_lab_data_collection/install/dynamic_biped/include/dynamic_biped/dynamic_biped/msg/detail/hand_rotation_eular__rosidl_typesupport_introspection_cpp.hpp
[1.979s] -- Up-to-date symlink: /root/Synthetic_data_collection/isaac_lab_data_collection/install/dynamic_biped/include/dynamic_biped/dynamic_biped/msg/detail/quaternion_array__rosidl_typesupport_introspection_cpp.hpp
[1.980s] -- Up-to-date symlink: /root/Synthetic_data_collection/isaac_lab_data_collection/install/dynamic_biped/include/dynamic_biped/dynamic_biped/msg/detail/record_arm_hand_pose__rosidl_typesupport_introspection_cpp.hpp
[1.980s] -- Up-to-date symlink: /root/Synthetic_data_collection/isaac_lab_data_collection/install/dynamic_biped/include/dynamic_biped/dynamic_biped/msg/detail/robot_arm_info__rosidl_typesupport_introspection_cpp.hpp
[1.981s] -- Up-to-date symlink: /root/Synthetic_data_collection/isaac_lab_data_collection/install/dynamic_biped/include/dynamic_biped/dynamic_biped/msg/detail/robot_arm_qvvd__rosidl_typesupport_introspection_cpp.hpp
[1.981s] -- Up-to-date symlink: /root/Synthetic_data_collection/isaac_lab_data_collection/install/dynamic_biped/include/dynamic_biped/dynamic_biped/msg/detail/robot_hand_eff__rosidl_typesupport_introspection_cpp.hpp
[1.982s] -- Up-to-date symlink: /root/Synthetic_data_collection/isaac_lab_data_collection/install/dynamic_biped/include/dynamic_biped/dynamic_biped/msg/detail/robot_hand_position__rosidl_typesupport_introspection_cpp.hpp
[1.983s] -- Up-to-date symlink: /root/Synthetic_data_collection/isaac_lab_data_collection/install/dynamic_biped/include/dynamic_biped/dynamic_biped/msg/detail/robot_head_motion_data__rosidl_typesupport_introspection_cpp.hpp
[1.983s] -- Up-to-date symlink: /root/Synthetic_data_collection/isaac_lab_data_collection/install/dynamic_biped/include/dynamic_biped/dynamic_biped/msg/detail/robot_phase__rosidl_typesupport_introspection_cpp.hpp
[1.984s] -- Up-to-date symlink: /root/Synthetic_data_collection/isaac_lab_data_collection/install/dynamic_biped/include/dynamic_biped/dynamic_biped/msg/detail/robot_qv_tau__rosidl_typesupport_introspection_cpp.hpp
[1.984s] -- Up-to-date symlink: /root/Synthetic_data_collection/isaac_lab_data_collection/install/dynamic_biped/include/dynamic_biped/dynamic_biped/msg/detail/robot_torso_state__rosidl_typesupport_introspection_cpp.hpp
[1.985s] -- Up-to-date symlink: /root/Synthetic_data_collection/isaac_lab_data_collection/install/dynamic_biped/include/dynamic_biped/dynamic_biped/msg/detail/walk_command__rosidl_typesupport_introspection_cpp.hpp
[1.985s] -- Up-to-date symlink: /root/Synthetic_data_collection/isaac_lab_data_collection/install/dynamic_biped/include/dynamic_biped/dynamic_biped/srv/detail/change_ambac_ctrl_mode__rosidl_typesupport_introspection_cpp.hpp
[1.986s] -- Up-to-date symlink: /root/Synthetic_data_collection/isaac_lab_data_collection/install/dynamic_biped/include/dynamic_biped/dynamic_biped/srv/detail/change_arm_ctrl_mode__rosidl_typesupport_introspection_cpp.hpp
[1.987s] -- Up-to-date symlink: /root/Synthetic_data_collection/isaac_lab_data_collection/install/dynamic_biped/include/dynamic_biped/dynamic_biped/srv/detail/control_end_hand__rosidl_typesupport_introspection_cpp.hpp
[1.987s] -- Up-to-date symlink: /root/Synthetic_data_collection/isaac_lab_data_collection/install/dynamic_biped/include/dynamic_biped/dynamic_biped/srv/detail/srv_change_ctl_mode__rosidl_typesupport_introspection_cpp.hpp
[1.988s] -- Up-to-date symlink: /root/Synthetic_data_collection/isaac_lab_data_collection/install/dynamic_biped/include/dynamic_biped/dynamic_biped/srv/detail/srv_change_joller__rosidl_typesupport_introspection_cpp.hpp
[1.988s] -- Up-to-date symlink: /root/Synthetic_data_collection/isaac_lab_data_collection/install/dynamic_biped/include/dynamic_biped/dynamic_biped/srv/detail/srv_change_phases__rosidl_typesupport_introspection_cpp.hpp
[1.989s] -- Up-to-date symlink: /root/Synthetic_data_collection/isaac_lab_data_collection/install/dynamic_biped/include/dynamic_biped/dynamic_biped/srv/detail/srv_clear_position_cmd__rosidl_typesupport_introspection_cpp.hpp
[1.990s] -- Up-to-date symlink: /root/Synthetic_data_collection/isaac_lab_data_collection/install/dynamic_biped/include/dynamic_biped/dynamic_biped/srv/detail/srv_mani_inst__rosidl_typesupport_introspection_cpp.hpp
[1.990s] -- Up-to-date symlink: /root/Synthetic_data_collection/isaac_lab_data_collection/install/dynamic_biped/share/dynamic_biped/environment/pythonpath.sh
[1.991s] -- Up-to-date symlink: /root/Synthetic_data_collection/isaac_lab_data_collection/install/dynamic_biped/share/dynamic_biped/environment/pythonpath.dsv
[1.994s] -- Up-to-date symlink: /root/Synthetic_data_collection/isaac_lab_data_collection/install/dynamic_biped/lib/python3.12/site-packages/dynamic_biped-0.0.1-py3.12.egg-info/PKG-INFO
[1.994s] -- Up-to-date symlink: /root/Synthetic_data_collection/isaac_lab_data_collection/install/dynamic_biped/lib/python3.12/site-packages/dynamic_biped-0.0.1-py3.12.egg-info/SOURCES.txt
[1.995s] -- Up-to-date symlink: /root/Synthetic_data_collection/isaac_lab_data_collection/install/dynamic_biped/lib/python3.12/site-packages/dynamic_biped-0.0.1-py3.12.egg-info/dependency_links.txt
[1.995s] -- Up-to-date symlink: /root/Synthetic_data_collection/isaac_lab_data_collection/install/dynamic_biped/lib/python3.12/site-packages/dynamic_biped-0.0.1-py3.12.egg-info/top_level.txt
[1.998s] -- Up-to-date symlink: /root/Synthetic_data_collection/isaac_lab_data_collection/install/dynamic_biped/lib/python3.12/site-packages/dynamic_biped/__init__.py
[1.999s] -- Up-to-date symlink: /root/Synthetic_data_collection/isaac_lab_data_collection/install/dynamic_biped/lib/python3.12/site-packages/dynamic_biped/_dynamic_biped_s.ep.rosidl_typesupport_c.c
[1.999s] -- Up-to-date symlink: /root/Synthetic_data_collection/isaac_lab_data_collection/install/dynamic_biped/lib/python3.12/site-packages/dynamic_biped/_dynamic_biped_s.ep.rosidl_typesupport_fastrtps_c.c
[2.000s] -- Up-to-date symlink: /root/Synthetic_data_collection/isaac_lab_data_collection/install/dynamic_biped/lib/python3.12/site-packages/dynamic_biped/_dynamic_biped_s.ep.rosidl_typesupport_introspection_c.c
[2.000s] -- Up-to-date symlink: /root/Synthetic_data_collection/isaac_lab_data_collection/install/dynamic_biped/lib/python3.12/site-packages/dynamic_biped/dynamic_biped_s__rosidl_typesupport_c.so
[2.001s] -- Up-to-date symlink: /root/Synthetic_data_collection/isaac_lab_data_collection/install/dynamic_biped/lib/python3.12/site-packages/dynamic_biped/dynamic_biped_s__rosidl_typesupport_fastrtps_c.so
[2.002s] -- Up-to-date symlink: /root/Synthetic_data_collection/isaac_lab_data_collection/install/dynamic_biped/lib/python3.12/site-packages/dynamic_biped/dynamic_biped_s__rosidl_typesupport_introspection_c.so
[2.002s] -- Up-to-date symlink: /root/Synthetic_data_collection/isaac_lab_data_collection/install/dynamic_biped/lib/python3.12/site-packages/dynamic_biped/msg/__init__.py
[2.003s] -- Up-to-date symlink: /root/Synthetic_data_collection/isaac_lab_data_collection/install/dynamic_biped/lib/python3.12/site-packages/dynamic_biped/msg/_arm_hand_pose.py
[2.003s] -- Up-to-date symlink: /root/Synthetic_data_collection/isaac_lab_data_collection/install/dynamic_biped/lib/python3.12/site-packages/dynamic_biped/msg/_arm_hand_pose_s.c
[2.004s] -- Up-to-date symlink: /root/Synthetic_data_collection/isaac_lab_data_collection/install/dynamic_biped/lib/python3.12/site-packages/dynamic_biped/msg/_ec_joint_motordata.py
[2.005s] -- Up-to-date symlink: /root/Synthetic_data_collection/isaac_lab_data_collection/install/dynamic_biped/lib/python3.12/site-packages/dynamic_biped/msg/_ec_joint_motordata_s.c
[2.005s] -- Up-to-date symlink: /root/Synthetic_data_collection/isaac_lab_data_collection/install/dynamic_biped/lib/python3.12/site-packages/dynamic_biped/msg/_hand_rotation.py
[2.006s] -- Up-to-date symlink: /root/Synthetic_data_collection/isaac_lab_data_collection/install/dynamic_biped/lib/python3.12/site-packages/dynamic_biped/msg/_hand_rotation_eular.py
[2.006s] -- Up-to-date symlink: /root/Synthetic_data_collection/isaac_lab_data_collection/install/dynamic_biped/lib/python3.12/site-packages/dynamic_biped/msg/_hand_rotation_eular_s.c
[2.007s] -- Up-to-date symlink: /root/Synthetic_data_collection/isaac_lab_data_collection/install/dynamic_biped/lib/python3.12/site-packages/dynamic_biped/msg/_hand_rotation_s.c
[2.008s] -- Up-to-date symlink: /root/Synthetic_data_collection/isaac_lab_data_collection/install/dynamic_biped/lib/python3.12/site-packages/dynamic_biped/msg/_quaternion_array.py
[2.008s] -- Up-to-date symlink: /root/Synthetic_data_collection/isaac_lab_data_collection/install/dynamic_biped/lib/python3.12/site-packages/dynamic_biped/msg/_quaternion_array_s.c
[2.009s] -- Up-to-date symlink: /root/Synthetic_data_collection/isaac_lab_data_collection/install/dynamic_biped/lib/python3.12/site-packages/dynamic_biped/msg/_record_arm_hand_pose.py
[2.009s] -- Up-to-date symlink: /root/Synthetic_data_collection/isaac_lab_data_collection/install/dynamic_biped/lib/python3.12/site-packages/dynamic_biped/msg/_record_arm_hand_pose_s.c
[2.010s] -- Up-to-date symlink: /root/Synthetic_data_collection/isaac_lab_data_collection/install/dynamic_biped/lib/python3.12/site-packages/dynamic_biped/msg/_robot_arm_info.py
[2.010s] -- Up-to-date symlink: /root/Synthetic_data_collection/isaac_lab_data_collection/install/dynamic_biped/lib/python3.12/site-packages/dynamic_biped/msg/_robot_arm_info_s.c
[2.011s] -- Up-to-date symlink: /root/Synthetic_data_collection/isaac_lab_data_collection/install/dynamic_biped/lib/python3.12/site-packages/dynamic_biped/msg/_robot_arm_qvvd.py
[2.011s] -- Up-to-date symlink: /root/Synthetic_data_collection/isaac_lab_data_collection/install/dynamic_biped/lib/python3.12/site-packages/dynamic_biped/msg/_robot_arm_qvvd_s.c
[2.012s] -- Up-to-date symlink: /root/Synthetic_data_collection/isaac_lab_data_collection/install/dynamic_biped/lib/python3.12/site-packages/dynamic_biped/msg/_robot_hand_eff.py
[2.013s] -- Up-to-date symlink: /root/Synthetic_data_collection/isaac_lab_data_collection/install/dynamic_biped/lib/python3.12/site-packages/dynamic_biped/msg/_robot_hand_eff_s.c
[2.013s] -- Up-to-date symlink: /root/Synthetic_data_collection/isaac_lab_data_collection/install/dynamic_biped/lib/python3.12/site-packages/dynamic_biped/msg/_robot_hand_position.py
[2.014s] -- Up-to-date symlink: /root/Synthetic_data_collection/isaac_lab_data_collection/install/dynamic_biped/lib/python3.12/site-packages/dynamic_biped/msg/_robot_hand_position_s.c
[2.014s] -- Up-to-date symlink: /root/Synthetic_data_collection/isaac_lab_data_collection/install/dynamic_biped/lib/python3.12/site-packages/dynamic_biped/msg/_robot_head_motion_data.py
[2.015s] -- Up-to-date symlink: /root/Synthetic_data_collection/isaac_lab_data_collection/install/dynamic_biped/lib/python3.12/site-packages/dynamic_biped/msg/_robot_head_motion_data_s.c
[2.015s] -- Up-to-date symlink: /root/Synthetic_data_collection/isaac_lab_data_collection/install/dynamic_biped/lib/python3.12/site-packages/dynamic_biped/msg/_robot_phase.py
[2.016s] -- Up-to-date symlink: /root/Synthetic_data_collection/isaac_lab_data_collection/install/dynamic_biped/lib/python3.12/site-packages/dynamic_biped/msg/_robot_phase_s.c
[2.017s] -- Up-to-date symlink: /root/Synthetic_data_collection/isaac_lab_data_collection/install/dynamic_biped/lib/python3.12/site-packages/dynamic_biped/msg/_robot_qv_tau.py
[2.017s] -- Up-to-date symlink: /root/Synthetic_data_collection/isaac_lab_data_collection/install/dynamic_biped/lib/python3.12/site-packages/dynamic_biped/msg/_robot_qv_tau_s.c
[2.018s] -- Up-to-date symlink: /root/Synthetic_data_collection/isaac_lab_data_collection/install/dynamic_biped/lib/python3.12/site-packages/dynamic_biped/msg/_robot_torso_state.py
[2.019s] -- Up-to-date symlink: /root/Synthetic_data_collection/isaac_lab_data_collection/install/dynamic_biped/lib/python3.12/site-packages/dynamic_biped/msg/_robot_torso_state_s.c
[2.019s] -- Up-to-date symlink: /root/Synthetic_data_collection/isaac_lab_data_collection/install/dynamic_biped/lib/python3.12/site-packages/dynamic_biped/msg/_walk_command.py
[2.020s] -- Up-to-date symlink: /root/Synthetic_data_collection/isaac_lab_data_collection/install/dynamic_biped/lib/python3.12/site-packages/dynamic_biped/msg/_walk_command_s.c
[2.021s] -- Up-to-date symlink: /root/Synthetic_data_collection/isaac_lab_data_collection/install/dynamic_biped/lib/python3.12/site-packages/dynamic_biped/srv/__init__.py
[2.021s] -- Up-to-date symlink: /root/Synthetic_data_collection/isaac_lab_data_collection/install/dynamic_biped/lib/python3.12/site-packages/dynamic_biped/srv/_change_ambac_ctrl_mode.py
[2.022s] -- Up-to-date symlink: /root/Synthetic_data_collection/isaac_lab_data_collection/install/dynamic_biped/lib/python3.12/site-packages/dynamic_biped/srv/_change_ambac_ctrl_mode_s.c
[2.022s] -- Up-to-date symlink: /root/Synthetic_data_collection/isaac_lab_data_collection/install/dynamic_biped/lib/python3.12/site-packages/dynamic_biped/srv/_change_arm_ctrl_mode.py
[2.023s] -- Up-to-date symlink: /root/Synthetic_data_collection/isaac_lab_data_collection/install/dynamic_biped/lib/python3.12/site-packages/dynamic_biped/srv/_change_arm_ctrl_mode_s.c
[2.023s] -- Up-to-date symlink: /root/Synthetic_data_collection/isaac_lab_data_collection/install/dynamic_biped/lib/python3.12/site-packages/dynamic_biped/srv/_control_end_hand.py
[2.024s] -- Up-to-date symlink: /root/Synthetic_data_collection/isaac_lab_data_collection/install/dynamic_biped/lib/python3.12/site-packages/dynamic_biped/srv/_control_end_hand_s.c
[2.025s] -- Up-to-date symlink: /root/Synthetic_data_collection/isaac_lab_data_collection/install/dynamic_biped/lib/python3.12/site-packages/dynamic_biped/srv/_srv_change_ctl_mode.py
[2.026s] -- Up-to-date symlink: /root/Synthetic_data_collection/isaac_lab_data_collection/install/dynamic_biped/lib/python3.12/site-packages/dynamic_biped/srv/_srv_change_ctl_mode_s.c
[2.026s] -- Up-to-date symlink: /root/Synthetic_data_collection/isaac_lab_data_collection/install/dynamic_biped/lib/python3.12/site-packages/dynamic_biped/srv/_srv_change_joller.py
[2.027s] -- Up-to-date symlink: /root/Synthetic_data_collection/isaac_lab_data_collection/install/dynamic_biped/lib/python3.12/site-packages/dynamic_biped/srv/_srv_change_joller_s.c
[2.028s] -- Up-to-date symlink: /root/Synthetic_data_collection/isaac_lab_data_collection/install/dynamic_biped/lib/python3.12/site-packages/dynamic_biped/srv/_srv_change_phases.py
[2.028s] -- Up-to-date symlink: /root/Synthetic_data_collection/isaac_lab_data_collection/install/dynamic_biped/lib/python3.12/site-packages/dynamic_biped/srv/_srv_change_phases_s.c
[2.029s] -- Up-to-date symlink: /root/Synthetic_data_collection/isaac_lab_data_collection/install/dynamic_biped/lib/python3.12/site-packages/dynamic_biped/srv/_srv_clear_position_cmd.py
[2.029s] -- Up-to-date symlink: /root/Synthetic_data_collection/isaac_lab_data_collection/install/dynamic_biped/lib/python3.12/site-packages/dynamic_biped/srv/_srv_clear_position_cmd_s.c
[2.030s] -- Up-to-date symlink: /root/Synthetic_data_collection/isaac_lab_data_collection/install/dynamic_biped/lib/python3.12/site-packages/dynamic_biped/srv/_srv_mani_inst.py
[2.031s] -- Up-to-date symlink: /root/Synthetic_data_collection/isaac_lab_data_collection/install/dynamic_biped/lib/python3.12/site-packages/dynamic_biped/srv/_srv_mani_inst_s.c
[2.032s] -- Up-to-date symlink: /root/Synthetic_data_collection/isaac_lab_data_collection/install/dynamic_biped/lib/python3.12/site-packages/dynamic_biped/dynamic_biped_s__rosidl_typesupport_fastrtps_c.so
[2.032s] -- Up-to-date symlink: /root/Synthetic_data_collection/isaac_lab_data_collection/install/dynamic_biped/lib/python3.12/site-packages/dynamic_biped/dynamic_biped_s__rosidl_typesupport_introspection_c.so
[2.033s] -- Up-to-date symlink: /root/Synthetic_data_collection/isaac_lab_data_collection/install/dynamic_biped/lib/python3.12/site-packages/dynamic_biped/dynamic_biped_s__rosidl_typesupport_c.so
[2.034s] -- Up-to-date symlink: /root/Synthetic_data_collection/isaac_lab_data_collection/install/dynamic_biped/share/dynamic_biped/msg/ArmHandPose.idl
[2.034s] -- Up-to-date symlink: /root/Synthetic_data_collection/isaac_lab_data_collection/install/dynamic_biped/share/dynamic_biped/msg/ECJointMotordata.idl
[2.035s] -- Up-to-date symlink: /root/Synthetic_data_collection/isaac_lab_data_collection/install/dynamic_biped/share/dynamic_biped/msg/HandRotationEular.idl
[2.036s] -- Up-to-date symlink: /root/Synthetic_data_collection/isaac_lab_data_collection/install/dynamic_biped/share/dynamic_biped/msg/HandRotation.idl
[2.036s] -- Up-to-date symlink: /root/Synthetic_data_collection/isaac_lab_data_collection/install/dynamic_biped/share/dynamic_biped/msg/QuaternionArray.idl
[2.037s] -- Up-to-date symlink: /root/Synthetic_data_collection/isaac_lab_data_collection/install/dynamic_biped/share/dynamic_biped/msg/RecordArmHandPose.idl
[2.038s] -- Up-to-date symlink: /root/Synthetic_data_collection/isaac_lab_data_collection/install/dynamic_biped/share/dynamic_biped/msg/RobotArmInfo.idl
[2.038s] -- Up-to-date symlink: /root/Synthetic_data_collection/isaac_lab_data_collection/install/dynamic_biped/share/dynamic_biped/msg/RobotArmQVVD.idl
[2.039s] -- Up-to-date symlink: /root/Synthetic_data_collection/isaac_lab_data_collection/install/dynamic_biped/share/dynamic_biped/msg/RobotHandEff.idl
[2.040s] -- Up-to-date symlink: /root/Synthetic_data_collection/isaac_lab_data_collection/install/dynamic_biped/share/dynamic_biped/msg/RobotHandPosition.idl
[2.040s] -- Up-to-date symlink: /root/Synthetic_data_collection/isaac_lab_data_collection/install/dynamic_biped/share/dynamic_biped/msg/RobotHeadMotionData.idl
[2.041s] -- Up-to-date symlink: /root/Synthetic_data_collection/isaac_lab_data_collection/install/dynamic_biped/share/dynamic_biped/msg/RobotPhase.idl
[2.042s] -- Up-to-date symlink: /root/Synthetic_data_collection/isaac_lab_data_collection/install/dynamic_biped/share/dynamic_biped/msg/RobotQVTau.idl
[2.042s] -- Up-to-date symlink: /root/Synthetic_data_collection/isaac_lab_data_collection/install/dynamic_biped/share/dynamic_biped/msg/RobotTorsoState.idl
[2.043s] -- Up-to-date symlink: /root/Synthetic_data_collection/isaac_lab_data_collection/install/dynamic_biped/share/dynamic_biped/msg/WalkCommand.idl
[2.044s] -- Up-to-date symlink: /root/Synthetic_data_collection/isaac_lab_data_collection/install/dynamic_biped/share/dynamic_biped/srv/ChangeAMBACCtrlMode.idl
[2.044s] -- Up-to-date symlink: /root/Synthetic_data_collection/isaac_lab_data_collection/install/dynamic_biped/share/dynamic_biped/srv/ChangeArmCtrlMode.idl
[2.045s] -- Up-to-date symlink: /root/Synthetic_data_collection/isaac_lab_data_collection/install/dynamic_biped/share/dynamic_biped/srv/ControlEndHand.idl
[2.046s] -- Up-to-date symlink: /root/Synthetic_data_collection/isaac_lab_data_collection/install/dynamic_biped/share/dynamic_biped/srv/SrvChangeCtlMode.idl
[2.046s] -- Up-to-date symlink: /root/Synthetic_data_collection/isaac_lab_data_collection/install/dynamic_biped/share/dynamic_biped/srv/SrvChangeJoller.idl
[2.047s] -- Up-to-date symlink: /root/Synthetic_data_collection/isaac_lab_data_collection/install/dynamic_biped/share/dynamic_biped/srv/SrvChangePhases.idl
[2.047s] -- Up-to-date symlink: /root/Synthetic_data_collection/isaac_lab_data_collection/install/dynamic_biped/share/dynamic_biped/srv/SrvClearPositionCMD.idl
[2.048s] -- Up-to-date symlink: /root/Synthetic_data_collection/isaac_lab_data_collection/install/dynamic_biped/share/dynamic_biped/srv/SrvManiInst.idl
[2.049s] -- Up-to-date symlink: /root/Synthetic_data_collection/isaac_lab_data_collection/install/dynamic_biped/share/dynamic_biped/msg/ArmHandPose.msg
[2.049s] -- Up-to-date symlink: /root/Synthetic_data_collection/isaac_lab_data_collection/install/dynamic_biped/share/dynamic_biped/msg/ECJointMotordata.msg
[2.050s] -- Up-to-date symlink: /root/Synthetic_data_collection/isaac_lab_data_collection/install/dynamic_biped/share/dynamic_biped/msg/HandRotationEular.msg
[2.050s] -- Up-to-date symlink: /root/Synthetic_data_collection/isaac_lab_data_collection/install/dynamic_biped/share/dynamic_biped/msg/HandRotation.msg
[2.051s] -- Up-to-date symlink: /root/Synthetic_data_collection/isaac_lab_data_collection/install/dynamic_biped/share/dynamic_biped/msg/QuaternionArray.msg
[2.052s] -- Up-to-date symlink: /root/Synthetic_data_collection/isaac_lab_data_collection/install/dynamic_biped/share/dynamic_biped/msg/RecordArmHandPose.msg
[2.052s] -- Up-to-date symlink: /root/Synthetic_data_collection/isaac_lab_data_collection/install/dynamic_biped/share/dynamic_biped/msg/RobotArmInfo.msg
[2.053s] -- Up-to-date symlink: /root/Synthetic_data_collection/isaac_lab_data_collection/install/dynamic_biped/share/dynamic_biped/msg/RobotArmQVVD.msg
[2.053s] -- Up-to-date symlink: /root/Synthetic_data_collection/isaac_lab_data_collection/install/dynamic_biped/share/dynamic_biped/msg/RobotHandEff.msg
[2.054s] -- Up-to-date symlink: /root/Synthetic_data_collection/isaac_lab_data_collection/install/dynamic_biped/share/dynamic_biped/msg/RobotHandPosition.msg
[2.055s] -- Up-to-date symlink: /root/Synthetic_data_collection/isaac_lab_data_collection/install/dynamic_biped/share/dynamic_biped/msg/RobotHeadMotionData.msg
[2.055s] -- Up-to-date symlink: /root/Synthetic_data_collection/isaac_lab_data_collection/install/dynamic_biped/share/dynamic_biped/msg/RobotPhase.msg
[2.056s] -- Up-to-date symlink: /root/Synthetic_data_collection/isaac_lab_data_collection/install/dynamic_biped/share/dynamic_biped/msg/RobotQVTau.msg
[2.056s] -- Up-to-date symlink: /root/Synthetic_data_collection/isaac_lab_data_collection/install/dynamic_biped/share/dynamic_biped/msg/RobotTorsoState.msg
[2.057s] -- Up-to-date symlink: /root/Synthetic_data_collection/isaac_lab_data_collection/install/dynamic_biped/share/dynamic_biped/msg/WalkCommand.msg
[2.058s] -- Up-to-date symlink: /root/Synthetic_data_collection/isaac_lab_data_collection/install/dynamic_biped/share/dynamic_biped/srv/ChangeAMBACCtrlMode.srv
[2.058s] -- Up-to-date symlink: /root/Synthetic_data_collection/isaac_lab_data_collection/install/dynamic_biped/share/dynamic_biped/srv/ChangeArmCtrlMode.srv
[2.059s] -- Up-to-date symlink: /root/Synthetic_data_collection/isaac_lab_data_collection/install/dynamic_biped/share/dynamic_biped/srv/ControlEndHand.srv
[2.059s] -- Up-to-date symlink: /root/Synthetic_data_collection/isaac_lab_data_collection/install/dynamic_biped/share/dynamic_biped/srv/SrvChangeCtlMode.srv
[2.060s] -- Up-to-date symlink: /root/Synthetic_data_collection/isaac_lab_data_collection/install/dynamic_biped/share/dynamic_biped/srv/SrvChangeJoller.srv
[2.061s] -- Up-to-date symlink: /root/Synthetic_data_collection/isaac_lab_data_collection/install/dynamic_biped/share/dynamic_biped/srv/SrvChangePhases.srv
[2.061s] -- Up-to-date symlink: /root/Synthetic_data_collection/isaac_lab_data_collection/install/dynamic_biped/share/dynamic_biped/srv/SrvClearPositionCMD.srv
[2.062s] -- Up-to-date symlink: /root/Synthetic_data_collection/isaac_lab_data_collection/install/dynamic_biped/share/dynamic_biped/srv/SrvManiInst.srv
[2.063s] -- Up-to-date symlink: /root/Synthetic_data_collection/isaac_lab_data_collection/install/dynamic_biped/share/ament_index/resource_index/package_run_dependencies/dynamic_biped
[2.064s] -- Up-to-date symlink: /root/Synthetic_data_collection/isaac_lab_data_collection/install/dynamic_biped/share/ament_index/resource_index/parent_prefix_path/dynamic_biped
[2.064s] -- Up-to-date symlink: /root/Synthetic_data_collection/isaac_lab_data_collection/install/dynamic_biped/share/dynamic_biped/environment/ament_prefix_path.sh
[2.065s] -- Up-to-date symlink: /root/Synthetic_data_collection/isaac_lab_data_collection/install/dynamic_biped/share/dynamic_biped/environment/ament_prefix_path.dsv
[2.066s] -- Up-to-date symlink: /root/Synthetic_data_collection/isaac_lab_data_collection/install/dynamic_biped/share/dynamic_biped/environment/path.sh
[2.066s] -- Up-to-date symlink: /root/Synthetic_data_collection/isaac_lab_data_collection/install/dynamic_biped/share/dynamic_biped/environment/path.dsv
[2.067s] -- Up-to-date symlink: /root/Synthetic_data_collection/isaac_lab_data_collection/install/dynamic_biped/share/dynamic_biped/local_setup.bash
[2.068s] -- Up-to-date symlink: /root/Synthetic_data_collection/isaac_lab_data_collection/install/dynamic_biped/share/dynamic_biped/local_setup.sh
[2.068s] -- Up-to-date symlink: /root/Synthetic_data_collection/isaac_lab_data_collection/install/dynamic_biped/share/dynamic_biped/local_setup.zsh
[2.069s] -- Up-to-date symlink: /root/Synthetic_data_collection/isaac_lab_data_collection/install/dynamic_biped/share/dynamic_biped/local_setup.dsv
[2.069s] -- Symlinking: /root/Synthetic_data_collection/isaac_lab_data_collection/install/dynamic_biped/share/dynamic_biped/package.dsv
[2.100s] -- Up-to-date symlink: /root/Synthetic_data_collection/isaac_lab_data_collection/install/dynamic_biped/share/ament_index/resource_index/packages/dynamic_biped
[2.101s] -- Up-to-date symlink: /root/Synthetic_data_collection/isaac_lab_data_collection/install/dynamic_biped/share/dynamic_biped/cmake/rosidl_cmake-extras.cmake
[2.102s] -- Up-to-date symlink: /root/Synthetic_data_collection/isaac_lab_data_collection/install/dynamic_biped/share/dynamic_biped/cmake/ament_cmake_export_dependencies-extras.cmake
[2.102s] -- Up-to-date symlink: /root/Synthetic_data_collection/isaac_lab_data_collection/install/dynamic_biped/share/dynamic_biped/cmake/ament_cmake_export_include_directories-extras.cmake
[2.103s] -- Up-to-date symlink: /root/Synthetic_data_collection/isaac_lab_data_collection/install/dynamic_biped/share/dynamic_biped/cmake/ament_cmake_export_libraries-extras.cmake
[2.103s] -- Up-to-date symlink: /root/Synthetic_data_collection/isaac_lab_data_collection/install/dynamic_biped/share/dynamic_biped/cmake/ament_cmake_export_targets-extras.cmake
[2.104s] -- Up-to-date symlink: /root/Synthetic_data_collection/isaac_lab_data_collection/install/dynamic_biped/share/dynamic_biped/cmake/rosidl_cmake_export_typesupport_targets-extras.cmake
[2.105s] -- Up-to-date symlink: /root/Synthetic_data_collection/isaac_lab_data_collection/install/dynamic_biped/share/dynamic_biped/cmake/rosidl_cmake_export_typesupport_libraries-extras.cmake
[2.105s] -- Up-to-date symlink: /root/Synthetic_data_collection/isaac_lab_data_collection/install/dynamic_biped/share/dynamic_biped/cmake/dynamic_bipedConfig.cmake
[2.106s] -- Up-to-date symlink: /root/Synthetic_data_collection/isaac_lab_data_collection/install/dynamic_biped/share/dynamic_biped/cmake/dynamic_bipedConfig-version.cmake
[2.107s] -- Up-to-date symlink: /root/Synthetic_data_collection/isaac_lab_data_collection/install/dynamic_biped/share/dynamic_biped/package.xml
[2.109s] -- Up-to-date: /root/Synthetic_data_collection/isaac_lab_data_collection/install/dynamic_biped/lib/libdynamic_biped__rosidl_generator_c.so
[2.111s] -- Up-to-date: /root/Synthetic_data_collection/isaac_lab_data_collection/install/dynamic_biped/lib/libdynamic_biped__rosidl_typesupport_fastrtps_c.so
[2.112s] -- Up-to-date: /root/Synthetic_data_collection/isaac_lab_data_collection/install/dynamic_biped/lib/libdynamic_biped__rosidl_typesupport_introspection_c.so
[2.114s] -- Up-to-date: /root/Synthetic_data_collection/isaac_lab_data_collection/install/dynamic_biped/lib/libdynamic_biped__rosidl_typesupport_c.so
[2.116s] -- Up-to-date: /root/Synthetic_data_collection/isaac_lab_data_collection/install/dynamic_biped/lib/libdynamic_biped__rosidl_typesupport_fastrtps_cpp.so
[2.119s] -- Up-to-date: /root/Synthetic_data_collection/isaac_lab_data_collection/install/dynamic_biped/lib/libdynamic_biped__rosidl_typesupport_introspection_cpp.so
[2.121s] -- Up-to-date: /root/Synthetic_data_collection/isaac_lab_data_collection/install/dynamic_biped/lib/libdynamic_biped__rosidl_typesupport_cpp.so
[2.217s] Listing '/root/Synthetic_data_collection/isaac_lab_data_collection/install/dynamic_biped/lib/python3.12/site-packages/dynamic_biped'...
[2.218s] Listing '/root/Synthetic_data_collection/isaac_lab_data_collection/install/dynamic_biped/lib/python3.12/site-packages/dynamic_biped/msg'...
[2.218s] Listing '/root/Synthetic_data_collection/isaac_lab_data_collection/install/dynamic_biped/lib/python3.12/site-packages/dynamic_biped/srv'...
[2.233s] -- Up-to-date: /root/Synthetic_data_collection/isaac_lab_data_collection/install/dynamic_biped/lib/libdynamic_biped__rosidl_generator_py.so
[2.236s] -- Up-to-date: /root/Synthetic_data_collection/isaac_lab_data_collection/install/dynamic_biped/share/dynamic_biped/cmake/export_dynamic_biped__rosidl_generator_cExport.cmake
[2.236s] -- Up-to-date: /root/Synthetic_data_collection/isaac_lab_data_collection/install/dynamic_biped/share/dynamic_biped/cmake/export_dynamic_biped__rosidl_generator_cExport-noconfig.cmake
[2.237s] -- Up-to-date: /root/Synthetic_data_collection/isaac_lab_data_collection/install/dynamic_biped/share/dynamic_biped/cmake/export_dynamic_biped__rosidl_typesupport_fastrtps_cExport.cmake
[2.237s] -- Up-to-date: /root/Synthetic_data_collection/isaac_lab_data_collection/install/dynamic_biped/share/dynamic_biped/cmake/export_dynamic_biped__rosidl_typesupport_fastrtps_cExport-noconfig.cmake
[2.238s] -- Up-to-date: /root/Synthetic_data_collection/isaac_lab_data_collection/install/dynamic_biped/share/dynamic_biped/cmake/dynamic_biped__rosidl_typesupport_introspection_cExport.cmake
[2.239s] -- Up-to-date: /root/Synthetic_data_collection/isaac_lab_data_collection/install/dynamic_biped/share/dynamic_biped/cmake/dynamic_biped__rosidl_typesupport_introspection_cExport-noconfig.cmake
[2.239s] -- Up-to-date: /root/Synthetic_data_collection/isaac_lab_data_collection/install/dynamic_biped/share/dynamic_biped/cmake/dynamic_biped__rosidl_typesupport_cExport.cmake
[2.240s] -- Up-to-date: /root/Synthetic_data_collection/isaac_lab_data_collection/install/dynamic_biped/share/dynamic_biped/cmake/dynamic_biped__rosidl_typesupport_cExport-noconfig.cmake
[2.240s] -- Up-to-date: /root/Synthetic_data_collection/isaac_lab_data_collection/install/dynamic_biped/share/dynamic_biped/cmake/export_dynamic_biped__rosidl_generator_cppExport.cmake
[2.241s] -- Up-to-date: /root/Synthetic_data_collection/isaac_lab_data_collection/install/dynamic_biped/share/dynamic_biped/cmake/export_dynamic_biped__rosidl_typesupport_fastrtps_cppExport.cmake
[2.241s] -- Up-to-date: /root/Synthetic_data_collection/isaac_lab_data_collection/install/dynamic_biped/share/dynamic_biped/cmake/export_dynamic_biped__rosidl_typesupport_fastrtps_cppExport-noconfig.cmake
[2.242s] -- Up-to-date: /root/Synthetic_data_collection/isaac_lab_data_collection/install/dynamic_biped/share/dynamic_biped/cmake/dynamic_biped__rosidl_typesupport_introspection_cppExport.cmake
[2.242s] -- Up-to-date: /root/Synthetic_data_collection/isaac_lab_data_collection/install/dynamic_biped/share/dynamic_biped/cmake/dynamic_biped__rosidl_typesupport_introspection_cppExport-noconfig.cmake
[2.243s] -- Up-to-date: /root/Synthetic_data_collection/isaac_lab_data_collection/install/dynamic_biped/share/dynamic_biped/cmake/dynamic_biped__rosidl_typesupport_cppExport.cmake
[2.243s] -- Up-to-date: /root/Synthetic_data_collection/isaac_lab_data_collection/install/dynamic_biped/share/dynamic_biped/cmake/dynamic_biped__rosidl_typesupport_cppExport-noconfig.cmake
[2.244s] -- Up-to-date: /root/Synthetic_data_collection/isaac_lab_data_collection/install/dynamic_biped/share/dynamic_biped/cmake/export_dynamic_biped__rosidl_generator_pyExport.cmake
[2.245s] -- Up-to-date: /root/Synthetic_data_collection/isaac_lab_data_collection/install/dynamic_biped/share/dynamic_biped/cmake/export_dynamic_biped__rosidl_generator_pyExport-noconfig.cmake
[2.251s] Invoked command in '/root/Synthetic_data_collection/isaac_lab_data_collection/build/dynamic_biped' returned '0': CMAKE_PREFIX_PATH=${CMAKE_PREFIX_PATH}:/opt/ros/jazzy CONDA_PROMPT_MODIFIER=(exo_suit_jazzy_v2_2) /usr/bin/cmake --install /root/Synthetic_data_collection/isaac_lab_data_collection/build/dynamic_biped
